pyenv-virtualenv: prompt changing will be removed from future release. configure `export PYENV_VIRTUALENV_DISABLE_PROMPT=1' to simulate the behavior.
Traceback (most recent call last):
  File "cuda_binary3layers.py", line 13, in <module>
    from FilteredMNIST import FilteredMNIST
  File "/fast/users/a1195560/pytorch_scripts/NNcorrelations/FilteredMNIST.py", line 11, in <module>
    import matplotlib.pyplot as plt
  File "/fast/users/a1195560/.pyenv/versions/pytorch/lib/python2.7/site-packages/matplotlib/pyplot.py", line 116, in <module>
    _backend_mod, new_figure_manager, draw_if_interactive, _show = pylab_setup()
  File "/fast/users/a1195560/.pyenv/versions/pytorch/lib/python2.7/site-packages/matplotlib/backends/__init__.py", line 60, in pylab_setup
    [backend_name], 0)
  File "/fast/users/a1195560/.pyenv/versions/pytorch/lib/python2.7/site-packages/matplotlib/backends/backend_tkagg.py", line 6, in <module>
    from six.moves import tkinter as Tk
  File "/fast/users/a1195560/.pyenv/versions/pytorch/lib/python2.7/site-packages/six.py", line 203, in load_module
    mod = mod._resolve()
  File "/fast/users/a1195560/.pyenv/versions/pytorch/lib/python2.7/site-packages/six.py", line 115, in _resolve
    return _import_module(self.mod)
  File "/fast/users/a1195560/.pyenv/versions/pytorch/lib/python2.7/site-packages/six.py", line 82, in _import_module
    __import__(name)
  File "/fast/users/a1195560/.pyenv/versions/2.7.11/lib/python2.7/lib-tk/Tkinter.py", line 39, in <module>
    import _tkinter # If this fails your Python may not be configured for Tk
ImportError: No module named _tkinter
/tmp/slurmd/job6187733/slurm_script: line 21: -num_views=2: command not found
