pyenv-virtualenv: prompt changing will be removed from future release. configure `export PYENV_VIRTUALENV_DISABLE_PROMPT=1' to simulate the behavior.
Train Epoch: 1 [0/12089 (0%)]	Loss: 0.010830 0.515625
Train Epoch: 1 [2560/12089 (21%)]	Loss: 0.010831 0.46875
Train Epoch: 1 [5120/12089 (42%)]	Loss: 0.010830 0.5
Train Epoch: 1 [7680/12089 (63%)]	Loss: 0.010831 0.484375
Train Epoch: 1 [10240/12089 (85%)]	Loss: 0.010831 0.484375
====> Epoch: 1 Average loss: 0.0108

Test set: Average loss: 0.6932, Accuracy: (49%)

Train Epoch: 2 [0/12089 (0%)]	Loss: 0.010830 0.515625
Train Epoch: 2 [2560/12089 (21%)]	Loss: 0.010831 0.46875
Train Epoch: 2 [5120/12089 (42%)]	Loss: 0.010830 0.5625
Train Epoch: 2 [7680/12089 (63%)]	Loss: 0.010830 0.515625
Train Epoch: 2 [10240/12089 (85%)]	Loss: 0.010830 0.546875
====> Epoch: 2 Average loss: 0.0108

Test set: Average loss: 0.6932, Accuracy: (49%)

Train Epoch: 3 [0/12089 (0%)]	Loss: 0.010831 0.484375
Train Epoch: 3 [2560/12089 (21%)]	Loss: 0.010832 0.40625
Train Epoch: 3 [5120/12089 (42%)]	Loss: 0.010831 0.453125
Train Epoch: 3 [7680/12089 (63%)]	Loss: 0.010831 0.453125
Train Epoch: 3 [10240/12089 (85%)]	Loss: 0.010832 0.4375
====> Epoch: 3 Average loss: 0.0108

Test set: Average loss: 0.6932, Accuracy: (49%)

Train Epoch: 4 [0/12089 (0%)]	Loss: 0.010833 0.390625
Train Epoch: 4 [2560/12089 (21%)]	Loss: 0.010830 0.53125
Train Epoch: 4 [5120/12089 (42%)]	Loss: 0.010829 0.5625
Train Epoch: 4 [7680/12089 (63%)]	Loss: 0.010831 0.46875
Train Epoch: 4 [10240/12089 (85%)]	Loss: 0.010833 0.40625
====> Epoch: 4 Average loss: 0.0108

Test set: Average loss: 0.6932, Accuracy: (49%)

Train Epoch: 5 [0/12089 (0%)]	Loss: 0.010830 0.53125
Train Epoch: 5 [2560/12089 (21%)]	Loss: 0.010827 0.640625
Train Epoch: 5 [5120/12089 (42%)]	Loss: 0.010826 0.65625
Train Epoch: 5 [7680/12089 (63%)]	Loss: 0.010832 0.421875
Train Epoch: 5 [10240/12089 (85%)]	Loss: 0.010832 0.453125
====> Epoch: 5 Average loss: 0.0108

Test set: Average loss: 0.6931, Accuracy: (49%)

Train Epoch: 6 [0/12089 (0%)]	Loss: 0.010829 0.546875
Train Epoch: 6 [2560/12089 (21%)]	Loss: 0.010830 0.515625
Train Epoch: 6 [5120/12089 (42%)]	Loss: 0.010828 0.578125
Train Epoch: 6 [7680/12089 (63%)]	Loss: 0.010831 0.46875
Train Epoch: 6 [10240/12089 (85%)]	Loss: 0.010832 0.4375
====> Epoch: 6 Average loss: 0.0108

Test set: Average loss: 0.6931, Accuracy: (49%)

Train Epoch: 7 [0/12089 (0%)]	Loss: 0.010833 0.40625
Train Epoch: 7 [2560/12089 (21%)]	Loss: 0.010832 0.453125
Train Epoch: 7 [5120/12089 (42%)]	Loss: 0.010830 0.5
Train Epoch: 7 [7680/12089 (63%)]	Loss: 0.010830 0.5
Train Epoch: 7 [10240/12089 (85%)]	Loss: 0.010832 0.4375
====> Epoch: 7 Average loss: 0.0108

Test set: Average loss: 0.6931, Accuracy: (49%)

Train Epoch: 8 [0/12089 (0%)]	Loss: 0.010825 0.640625
Train Epoch: 8 [2560/12089 (21%)]	Loss: 0.010831 0.484375
Train Epoch: 8 [5120/12089 (42%)]	Loss: 0.010826 0.625
Train Epoch: 8 [7680/12089 (63%)]	Loss: 0.010828 0.546875
Train Epoch: 8 [10240/12089 (85%)]	Loss: 0.010829 0.53125
====> Epoch: 8 Average loss: 0.0108

Test set: Average loss: 0.6931, Accuracy: (49%)

Train Epoch: 9 [0/12089 (0%)]	Loss: 0.010828 0.546875
Train Epoch: 9 [2560/12089 (21%)]	Loss: 0.010830 0.5
Train Epoch: 9 [5120/12089 (42%)]	Loss: 0.010830 0.5
Train Epoch: 9 [7680/12089 (63%)]	Loss: 0.010828 0.546875
Train Epoch: 9 [10240/12089 (85%)]	Loss: 0.010830 0.5
====> Epoch: 9 Average loss: 0.0108

Test set: Average loss: 0.6931, Accuracy: (49%)

Train Epoch: 10 [0/12089 (0%)]	Loss: 0.010828 0.53125
Train Epoch: 10 [2560/12089 (21%)]	Loss: 0.010830 0.5
Train Epoch: 10 [5120/12089 (42%)]	Loss: 0.010823 0.65625
Train Epoch: 10 [7680/12089 (63%)]	Loss: 0.010826 0.578125
Train Epoch: 10 [10240/12089 (85%)]	Loss: 0.010833 0.40625
====> Epoch: 10 Average loss: 0.0108

Test set: Average loss: 0.6931, Accuracy: (49%)

Train Epoch: 11 [0/12089 (0%)]	Loss: 0.010833 0.421875
Train Epoch: 11 [2560/12089 (21%)]	Loss: 0.010826 0.578125
Train Epoch: 11 [5120/12089 (42%)]	Loss: 0.010822 0.65625
Train Epoch: 11 [7680/12089 (63%)]	Loss: 0.010825 0.59375
Train Epoch: 11 [10240/12089 (85%)]	Loss: 0.010824 0.609375
====> Epoch: 11 Average loss: 0.0108

Test set: Average loss: 0.6931, Accuracy: (49%)

Train Epoch: 12 [0/12089 (0%)]	Loss: 0.010832 0.4375
Train Epoch: 12 [2560/12089 (21%)]	Loss: 0.010828 0.53125
Train Epoch: 12 [5120/12089 (42%)]	Loss: 0.010825 0.578125
Train Epoch: 12 [7680/12089 (63%)]	Loss: 0.010830 0.484375
Train Epoch: 12 [10240/12089 (85%)]	Loss: 0.010825 0.578125
====> Epoch: 12 Average loss: 0.0108

Test set: Average loss: 0.6930, Accuracy: (49%)

Train Epoch: 13 [0/12089 (0%)]	Loss: 0.010822 0.640625
Train Epoch: 13 [2560/12089 (21%)]	Loss: 0.010827 0.53125
Train Epoch: 13 [5120/12089 (42%)]	Loss: 0.010830 0.46875
Train Epoch: 13 [7680/12089 (63%)]	Loss: 0.010834 0.390625
Train Epoch: 13 [10240/12089 (85%)]	Loss: 0.010830 0.453125
====> Epoch: 13 Average loss: 0.0108

Test set: Average loss: 0.6930, Accuracy: (49%)

Train Epoch: 14 [0/12089 (0%)]	Loss: 0.010826 0.53125
Train Epoch: 14 [2560/12089 (21%)]	Loss: 0.010829 0.46875
Train Epoch: 14 [5120/12089 (42%)]	Loss: 0.010825 0.546875
Train Epoch: 14 [7680/12089 (63%)]	Loss: 0.010832 0.421875
Train Epoch: 14 [10240/12089 (85%)]	Loss: 0.010825 0.546875
====> Epoch: 14 Average loss: 0.0108

Test set: Average loss: 0.6930, Accuracy: (49%)

Train Epoch: 15 [0/12089 (0%)]	Loss: 0.010833 0.40625
Train Epoch: 15 [2560/12089 (21%)]	Loss: 0.010826 0.515625
Train Epoch: 15 [5120/12089 (42%)]	Loss: 0.010819 0.65625
Train Epoch: 15 [7680/12089 (63%)]	Loss: 0.010820 0.609375
Train Epoch: 15 [10240/12089 (85%)]	Loss: 0.010821 0.609375
====> Epoch: 15 Average loss: 0.0108

Test set: Average loss: 0.6929, Accuracy: (49%)

Train Epoch: 16 [0/12089 (0%)]	Loss: 0.010824 0.5625
Train Epoch: 16 [2560/12089 (21%)]	Loss: 0.010823 0.5625
Train Epoch: 16 [5120/12089 (42%)]	Loss: 0.010821 0.578125
Train Epoch: 16 [7680/12089 (63%)]	Loss: 0.010830 0.4375
Train Epoch: 16 [10240/12089 (85%)]	Loss: 0.010823 0.546875
====> Epoch: 16 Average loss: 0.0108

Test set: Average loss: 0.6929, Accuracy: (49%)

Train Epoch: 17 [0/12089 (0%)]	Loss: 0.010824 0.53125
Train Epoch: 17 [2560/12089 (21%)]	Loss: 0.010827 0.46875
Train Epoch: 17 [5120/12089 (42%)]	Loss: 0.010824 0.515625
Train Epoch: 17 [7680/12089 (63%)]	Loss: 0.010828 0.453125
Train Epoch: 17 [10240/12089 (85%)]	Loss: 0.010823 0.515625
====> Epoch: 17 Average loss: 0.0108

Test set: Average loss: 0.6928, Accuracy: (49%)

Train Epoch: 18 [0/12089 (0%)]	Loss: 0.010819 0.59375
Train Epoch: 18 [2560/12089 (21%)]	Loss: 0.010826 0.484375
Train Epoch: 18 [5120/12089 (42%)]	Loss: 0.010821 0.546875
Train Epoch: 18 [7680/12089 (63%)]	Loss: 0.010822 0.53125
Train Epoch: 18 [10240/12089 (85%)]	Loss: 0.010820 0.5625
====> Epoch: 18 Average loss: 0.0108

Test set: Average loss: 0.6928, Accuracy: (49%)

Train Epoch: 19 [0/12089 (0%)]	Loss: 0.010818 0.59375
Train Epoch: 19 [2560/12089 (21%)]	Loss: 0.010821 0.546875
Train Epoch: 19 [5120/12089 (42%)]	Loss: 0.010828 0.4375
Train Epoch: 19 [7680/12089 (63%)]	Loss: 0.010825 0.484375
Train Epoch: 19 [10240/12089 (85%)]	Loss: 0.010816 0.59375
====> Epoch: 19 Average loss: 0.0108

Test set: Average loss: 0.6927, Accuracy: (49%)

Train Epoch: 20 [0/12089 (0%)]	Loss: 0.010823 0.484375
Train Epoch: 20 [2560/12089 (21%)]	Loss: 0.010831 0.390625
Train Epoch: 20 [5120/12089 (42%)]	Loss: 0.010818 0.5625
Train Epoch: 20 [7680/12089 (63%)]	Loss: 0.010821 0.53125
Train Epoch: 20 [10240/12089 (85%)]	Loss: 0.010825 0.453125
====> Epoch: 20 Average loss: 0.0108

Test set: Average loss: 0.6926, Accuracy: (49%)

Train Epoch: 21 [0/12089 (0%)]	Loss: 0.010819 0.546875
Train Epoch: 21 [2560/12089 (21%)]	Loss: 0.010819 0.515625
Train Epoch: 21 [5120/12089 (42%)]	Loss: 0.010822 0.5
Train Epoch: 21 [7680/12089 (63%)]	Loss: 0.010818 0.546875
Train Epoch: 21 [10240/12089 (85%)]	Loss: 0.010819 0.515625
====> Epoch: 21 Average loss: 0.0108

Test set: Average loss: 0.6925, Accuracy: (49%)

Train Epoch: 22 [0/12089 (0%)]	Loss: 0.010821 0.484375
Train Epoch: 22 [2560/12089 (21%)]	Loss: 0.010822 0.484375
Train Epoch: 22 [5120/12089 (42%)]	Loss: 0.010823 0.46875
Train Epoch: 22 [7680/12089 (63%)]	Loss: 0.010805 0.671875
Train Epoch: 22 [10240/12089 (85%)]	Loss: 0.010821 0.484375
====> Epoch: 22 Average loss: 0.0108

Test set: Average loss: 0.6924, Accuracy: (49%)

Train Epoch: 23 [0/12089 (0%)]	Loss: 0.010823 0.46875
Train Epoch: 23 [2560/12089 (21%)]	Loss: 0.010817 0.546875
Train Epoch: 23 [5120/12089 (42%)]	Loss: 0.010821 0.46875
Train Epoch: 23 [7680/12089 (63%)]	Loss: 0.010827 0.375
Train Epoch: 23 [10240/12089 (85%)]	Loss: 0.010821 0.46875
====> Epoch: 23 Average loss: 0.0108

Test set: Average loss: 0.6923, Accuracy: (49%)

Train Epoch: 24 [0/12089 (0%)]	Loss: 0.010810 0.59375
Train Epoch: 24 [2560/12089 (21%)]	Loss: 0.010817 0.484375
Train Epoch: 24 [5120/12089 (42%)]	Loss: 0.010812 0.5625
Train Epoch: 24 [7680/12089 (63%)]	Loss: 0.010816 0.484375
Train Epoch: 24 [10240/12089 (85%)]	Loss: 0.010812 0.53125
====> Epoch: 24 Average loss: 0.0108

Test set: Average loss: 0.6922, Accuracy: (49%)

Train Epoch: 25 [0/12089 (0%)]	Loss: 0.010816 0.5
Train Epoch: 25 [2560/12089 (21%)]	Loss: 0.010808 0.578125
Train Epoch: 25 [5120/12089 (42%)]	Loss: 0.010813 0.515625
Train Epoch: 25 [7680/12089 (63%)]	Loss: 0.010822 0.40625
Train Epoch: 25 [10240/12089 (85%)]	Loss: 0.010812 0.515625
====> Epoch: 25 Average loss: 0.0108

Test set: Average loss: 0.6921, Accuracy: (50%)

Train Epoch: 26 [0/12089 (0%)]	Loss: 0.010812 0.5
Train Epoch: 26 [2560/12089 (21%)]	Loss: 0.010812 0.53125
Train Epoch: 26 [5120/12089 (42%)]	Loss: 0.010807 0.5625
Train Epoch: 26 [7680/12089 (63%)]	Loss: 0.010816 0.5
Train Epoch: 26 [10240/12089 (85%)]	Loss: 0.010821 0.40625
====> Epoch: 26 Average loss: 0.0108

Test set: Average loss: 0.6920, Accuracy: (50%)

Train Epoch: 27 [0/12089 (0%)]	Loss: 0.010811 0.515625
Train Epoch: 27 [2560/12089 (21%)]	Loss: 0.010810 0.515625
Train Epoch: 27 [5120/12089 (42%)]	Loss: 0.010816 0.46875
Train Epoch: 27 [7680/12089 (63%)]	Loss: 0.010819 0.421875
Train Epoch: 27 [10240/12089 (85%)]	Loss: 0.010801 0.625
====> Epoch: 27 Average loss: 0.0108

Test set: Average loss: 0.6919, Accuracy: (51%)

Train Epoch: 28 [0/12089 (0%)]	Loss: 0.010815 0.46875
Train Epoch: 28 [2560/12089 (21%)]	Loss: 0.010803 0.546875
Train Epoch: 28 [5120/12089 (42%)]	Loss: 0.010798 0.59375
Train Epoch: 28 [7680/12089 (63%)]	Loss: 0.010820 0.4375
Train Epoch: 28 [10240/12089 (85%)]	Loss: 0.010809 0.515625
====> Epoch: 28 Average loss: 0.0108

Test set: Average loss: 0.6917, Accuracy: (51%)

Train Epoch: 29 [0/12089 (0%)]	Loss: 0.010802 0.578125
Train Epoch: 29 [2560/12089 (21%)]	Loss: 0.010791 0.671875
Train Epoch: 29 [5120/12089 (42%)]	Loss: 0.010806 0.546875
Train Epoch: 29 [7680/12089 (63%)]	Loss: 0.010803 0.5625
Train Epoch: 29 [10240/12089 (85%)]	Loss: 0.010811 0.515625
====> Epoch: 29 Average loss: 0.0108

Test set: Average loss: 0.6916, Accuracy: (52%)

Train Epoch: 30 [0/12089 (0%)]	Loss: 0.010810 0.5
Train Epoch: 30 [2560/12089 (21%)]	Loss: 0.010812 0.453125
Train Epoch: 30 [5120/12089 (42%)]	Loss: 0.010813 0.4375
Train Epoch: 30 [7680/12089 (63%)]	Loss: 0.010807 0.53125
Train Epoch: 30 [10240/12089 (85%)]	Loss: 0.010808 0.515625
====> Epoch: 30 Average loss: 0.0108

Test set: Average loss: 0.6915, Accuracy: (53%)

Train Epoch: 31 [0/12089 (0%)]	Loss: 0.010804 0.515625
Train Epoch: 31 [2560/12089 (21%)]	Loss: 0.010799 0.5625
Train Epoch: 31 [5120/12089 (42%)]	Loss: 0.010796 0.609375
Train Epoch: 31 [7680/12089 (63%)]	Loss: 0.010802 0.59375
Train Epoch: 31 [10240/12089 (85%)]	Loss: 0.010804 0.515625
====> Epoch: 31 Average loss: 0.0108

Test set: Average loss: 0.6913, Accuracy: (54%)

Train Epoch: 32 [0/12089 (0%)]	Loss: 0.010801 0.5625
Train Epoch: 32 [2560/12089 (21%)]	Loss: 0.010800 0.578125
Train Epoch: 32 [5120/12089 (42%)]	Loss: 0.010805 0.53125
Train Epoch: 32 [7680/12089 (63%)]	Loss: 0.010806 0.53125
Train Epoch: 32 [10240/12089 (85%)]	Loss: 0.010797 0.59375
====> Epoch: 32 Average loss: 0.0108

Test set: Average loss: 0.6911, Accuracy: (55%)

Train Epoch: 33 [0/12089 (0%)]	Loss: 0.010804 0.53125
Train Epoch: 33 [2560/12089 (21%)]	Loss: 0.010795 0.640625
Train Epoch: 33 [5120/12089 (42%)]	Loss: 0.010786 0.65625
Train Epoch: 33 [7680/12089 (63%)]	Loss: 0.010796 0.59375
Train Epoch: 33 [10240/12089 (85%)]	Loss: 0.010792 0.625
====> Epoch: 33 Average loss: 0.0108

Test set: Average loss: 0.6910, Accuracy: (57%)

Train Epoch: 34 [0/12089 (0%)]	Loss: 0.010791 0.578125
Train Epoch: 34 [2560/12089 (21%)]	Loss: 0.010812 0.484375
Train Epoch: 34 [5120/12089 (42%)]	Loss: 0.010802 0.5
Train Epoch: 34 [7680/12089 (63%)]	Loss: 0.010798 0.5625
Train Epoch: 34 [10240/12089 (85%)]	Loss: 0.010787 0.65625
====> Epoch: 34 Average loss: 0.0108

Test set: Average loss: 0.6908, Accuracy: (58%)

Train Epoch: 35 [0/12089 (0%)]	Loss: 0.010811 0.484375
Train Epoch: 35 [2560/12089 (21%)]	Loss: 0.010794 0.65625
Train Epoch: 35 [5120/12089 (42%)]	Loss: 0.010794 0.578125
Train Epoch: 35 [7680/12089 (63%)]	Loss: 0.010790 0.625
Train Epoch: 35 [10240/12089 (85%)]	Loss: 0.010782 0.65625
====> Epoch: 35 Average loss: 0.0108

Test set: Average loss: 0.6906, Accuracy: (60%)

Train Epoch: 36 [0/12089 (0%)]	Loss: 0.010801 0.53125
Train Epoch: 36 [2560/12089 (21%)]	Loss: 0.010788 0.625
Train Epoch: 36 [5120/12089 (42%)]	Loss: 0.010790 0.65625
Train Epoch: 36 [7680/12089 (63%)]	Loss: 0.010778 0.6875
Train Epoch: 36 [10240/12089 (85%)]	Loss: 0.010786 0.625
====> Epoch: 36 Average loss: 0.0108

Test set: Average loss: 0.6904, Accuracy: (61%)

Train Epoch: 37 [0/12089 (0%)]	Loss: 0.010787 0.703125
Train Epoch: 37 [2560/12089 (21%)]	Loss: 0.010782 0.65625
Train Epoch: 37 [5120/12089 (42%)]	Loss: 0.010781 0.625
Train Epoch: 37 [7680/12089 (63%)]	Loss: 0.010785 0.5625
Train Epoch: 37 [10240/12089 (85%)]	Loss: 0.010783 0.65625
====> Epoch: 37 Average loss: 0.0108

Test set: Average loss: 0.6902, Accuracy: (63%)

Train Epoch: 38 [0/12089 (0%)]	Loss: 0.010776 0.734375
Train Epoch: 38 [2560/12089 (21%)]	Loss: 0.010779 0.703125
Train Epoch: 38 [5120/12089 (42%)]	Loss: 0.010800 0.5625
Train Epoch: 38 [7680/12089 (63%)]	Loss: 0.010778 0.640625
Train Epoch: 38 [10240/12089 (85%)]	Loss: 0.010773 0.703125
====> Epoch: 38 Average loss: 0.0108

Test set: Average loss: 0.6900, Accuracy: (64%)

Train Epoch: 39 [0/12089 (0%)]	Loss: 0.010775 0.65625
Train Epoch: 39 [2560/12089 (21%)]	Loss: 0.010773 0.640625
Train Epoch: 39 [5120/12089 (42%)]	Loss: 0.010785 0.640625
Train Epoch: 39 [7680/12089 (63%)]	Loss: 0.010790 0.5625
Train Epoch: 39 [10240/12089 (85%)]	Loss: 0.010796 0.53125
====> Epoch: 39 Average loss: 0.0108

Test set: Average loss: 0.6898, Accuracy: (65%)

Train Epoch: 40 [0/12089 (0%)]	Loss: 0.010778 0.6875
Train Epoch: 40 [2560/12089 (21%)]	Loss: 0.010776 0.65625
Train Epoch: 40 [5120/12089 (42%)]	Loss: 0.010759 0.703125
Train Epoch: 40 [7680/12089 (63%)]	Loss: 0.010780 0.6875
Train Epoch: 40 [10240/12089 (85%)]	Loss: 0.010769 0.71875
====> Epoch: 40 Average loss: 0.0108

Test set: Average loss: 0.6896, Accuracy: (66%)

Train Epoch: 41 [0/12089 (0%)]	Loss: 0.010780 0.59375
Train Epoch: 41 [2560/12089 (21%)]	Loss: 0.010763 0.734375
Train Epoch: 41 [5120/12089 (42%)]	Loss: 0.010766 0.703125
Train Epoch: 41 [7680/12089 (63%)]	Loss: 0.010761 0.75
Train Epoch: 41 [10240/12089 (85%)]	Loss: 0.010761 0.71875
====> Epoch: 41 Average loss: 0.0108

Test set: Average loss: 0.6894, Accuracy: (67%)

Train Epoch: 42 [0/12089 (0%)]	Loss: 0.010769 0.71875
Train Epoch: 42 [2560/12089 (21%)]	Loss: 0.010777 0.671875
Train Epoch: 42 [5120/12089 (42%)]	Loss: 0.010763 0.765625
Train Epoch: 42 [7680/12089 (63%)]	Loss: 0.010768 0.734375
Train Epoch: 42 [10240/12089 (85%)]	Loss: 0.010747 0.734375
====> Epoch: 42 Average loss: 0.0108

Test set: Average loss: 0.6891, Accuracy: (68%)

Train Epoch: 43 [0/12089 (0%)]	Loss: 0.010780 0.578125
Train Epoch: 43 [2560/12089 (21%)]	Loss: 0.010784 0.65625
Train Epoch: 43 [5120/12089 (42%)]	Loss: 0.010784 0.609375
Train Epoch: 43 [7680/12089 (63%)]	Loss: 0.010793 0.578125
Train Epoch: 43 [10240/12089 (85%)]	Loss: 0.010758 0.71875
====> Epoch: 43 Average loss: 0.0108

Test set: Average loss: 0.6889, Accuracy: (69%)

Train Epoch: 44 [0/12089 (0%)]	Loss: 0.010767 0.6875
Train Epoch: 44 [2560/12089 (21%)]	Loss: 0.010783 0.640625
Train Epoch: 44 [5120/12089 (42%)]	Loss: 0.010771 0.6875
Train Epoch: 44 [7680/12089 (63%)]	Loss: 0.010783 0.671875
Train Epoch: 44 [10240/12089 (85%)]	Loss: 0.010772 0.71875
====> Epoch: 44 Average loss: 0.0108

Test set: Average loss: 0.6887, Accuracy: (70%)

Train Epoch: 45 [0/12089 (0%)]	Loss: 0.010765 0.6875
Train Epoch: 45 [2560/12089 (21%)]	Loss: 0.010738 0.796875
Train Epoch: 45 [5120/12089 (42%)]	Loss: 0.010749 0.734375
Train Epoch: 45 [7680/12089 (63%)]	Loss: 0.010776 0.65625
Train Epoch: 45 [10240/12089 (85%)]	Loss: 0.010729 0.84375
====> Epoch: 45 Average loss: 0.0108

Test set: Average loss: 0.6884, Accuracy: (71%)

Train Epoch: 46 [0/12089 (0%)]	Loss: 0.010737 0.75
Train Epoch: 46 [2560/12089 (21%)]	Loss: 0.010740 0.75
Train Epoch: 46 [5120/12089 (42%)]	Loss: 0.010738 0.734375
Train Epoch: 46 [7680/12089 (63%)]	Loss: 0.010770 0.703125
Train Epoch: 46 [10240/12089 (85%)]	Loss: 0.010733 0.78125
====> Epoch: 46 Average loss: 0.0108

Test set: Average loss: 0.6881, Accuracy: (72%)

Train Epoch: 47 [0/12089 (0%)]	Loss: 0.010745 0.75
Train Epoch: 47 [2560/12089 (21%)]	Loss: 0.010742 0.765625
Train Epoch: 47 [5120/12089 (42%)]	Loss: 0.010712 0.78125
Train Epoch: 47 [7680/12089 (63%)]	Loss: 0.010743 0.8125
Train Epoch: 47 [10240/12089 (85%)]	Loss: 0.010755 0.71875
====> Epoch: 47 Average loss: 0.0108

Test set: Average loss: 0.6879, Accuracy: (73%)

Train Epoch: 48 [0/12089 (0%)]	Loss: 0.010752 0.734375
Train Epoch: 48 [2560/12089 (21%)]	Loss: 0.010761 0.625
Train Epoch: 48 [5120/12089 (42%)]	Loss: 0.010715 0.890625
Train Epoch: 48 [7680/12089 (63%)]	Loss: 0.010767 0.671875
Train Epoch: 48 [10240/12089 (85%)]	Loss: 0.010752 0.703125
====> Epoch: 48 Average loss: 0.0108

Test set: Average loss: 0.6876, Accuracy: (74%)

Train Epoch: 49 [0/12089 (0%)]	Loss: 0.010755 0.734375
Train Epoch: 49 [2560/12089 (21%)]	Loss: 0.010731 0.828125
Train Epoch: 49 [5120/12089 (42%)]	Loss: 0.010742 0.71875
Train Epoch: 49 [7680/12089 (63%)]	Loss: 0.010715 0.8125
Train Epoch: 49 [10240/12089 (85%)]	Loss: 0.010732 0.734375
====> Epoch: 49 Average loss: 0.0107

Test set: Average loss: 0.6873, Accuracy: (74%)

Train Epoch: 50 [0/12089 (0%)]	Loss: 0.010725 0.828125
Train Epoch: 50 [2560/12089 (21%)]	Loss: 0.010766 0.609375
Train Epoch: 50 [5120/12089 (42%)]	Loss: 0.010741 0.703125
Train Epoch: 50 [7680/12089 (63%)]	Loss: 0.010742 0.71875
Train Epoch: 50 [10240/12089 (85%)]	Loss: 0.010735 0.765625
====> Epoch: 50 Average loss: 0.0107

Test set: Average loss: 0.6870, Accuracy: (75%)

Train Epoch: 51 [0/12089 (0%)]	Loss: 0.010722 0.75
Train Epoch: 51 [2560/12089 (21%)]	Loss: 0.010724 0.796875
Train Epoch: 51 [5120/12089 (42%)]	Loss: 0.010752 0.734375
Train Epoch: 51 [7680/12089 (63%)]	Loss: 0.010730 0.765625
Train Epoch: 51 [10240/12089 (85%)]	Loss: 0.010736 0.78125
====> Epoch: 51 Average loss: 0.0107

Test set: Average loss: 0.6867, Accuracy: (76%)

Train Epoch: 52 [0/12089 (0%)]	Loss: 0.010747 0.734375
Train Epoch: 52 [2560/12089 (21%)]	Loss: 0.010758 0.734375
Train Epoch: 52 [5120/12089 (42%)]	Loss: 0.010738 0.765625
Train Epoch: 52 [7680/12089 (63%)]	Loss: 0.010710 0.828125
Train Epoch: 52 [10240/12089 (85%)]	Loss: 0.010720 0.765625
====> Epoch: 52 Average loss: 0.0107

Test set: Average loss: 0.6864, Accuracy: (76%)

Train Epoch: 53 [0/12089 (0%)]	Loss: 0.010733 0.75
Train Epoch: 53 [2560/12089 (21%)]	Loss: 0.010730 0.75
Train Epoch: 53 [5120/12089 (42%)]	Loss: 0.010730 0.78125
Train Epoch: 53 [7680/12089 (63%)]	Loss: 0.010725 0.71875
Train Epoch: 53 [10240/12089 (85%)]	Loss: 0.010706 0.8125
====> Epoch: 53 Average loss: 0.0107

Test set: Average loss: 0.6861, Accuracy: (77%)

Train Epoch: 54 [0/12089 (0%)]	Loss: 0.010755 0.6875
Train Epoch: 54 [2560/12089 (21%)]	Loss: 0.010709 0.796875
Train Epoch: 54 [5120/12089 (42%)]	Loss: 0.010716 0.8125
Train Epoch: 54 [7680/12089 (63%)]	Loss: 0.010738 0.75
Train Epoch: 54 [10240/12089 (85%)]	Loss: 0.010722 0.765625
====> Epoch: 54 Average loss: 0.0107

Test set: Average loss: 0.6858, Accuracy: (77%)

Train Epoch: 55 [0/12089 (0%)]	Loss: 0.010708 0.875
Train Epoch: 55 [2560/12089 (21%)]	Loss: 0.010720 0.8125
Train Epoch: 55 [5120/12089 (42%)]	Loss: 0.010705 0.84375
Train Epoch: 55 [7680/12089 (63%)]	Loss: 0.010717 0.6875
Train Epoch: 55 [10240/12089 (85%)]	Loss: 0.010692 0.8125
====> Epoch: 55 Average loss: 0.0107

Test set: Average loss: 0.6855, Accuracy: (77%)

Train Epoch: 56 [0/12089 (0%)]	Loss: 0.010719 0.796875
Train Epoch: 56 [2560/12089 (21%)]	Loss: 0.010718 0.796875
Train Epoch: 56 [5120/12089 (42%)]	Loss: 0.010697 0.84375
Train Epoch: 56 [7680/12089 (63%)]	Loss: 0.010694 0.859375
Train Epoch: 56 [10240/12089 (85%)]	Loss: 0.010686 0.84375
====> Epoch: 56 Average loss: 0.0107

Test set: Average loss: 0.6852, Accuracy: (78%)

Train Epoch: 57 [0/12089 (0%)]	Loss: 0.010715 0.78125
Train Epoch: 57 [2560/12089 (21%)]	Loss: 0.010712 0.765625
Train Epoch: 57 [5120/12089 (42%)]	Loss: 0.010713 0.84375
Train Epoch: 57 [7680/12089 (63%)]	Loss: 0.010672 0.84375
Train Epoch: 57 [10240/12089 (85%)]	Loss: 0.010700 0.734375
====> Epoch: 57 Average loss: 0.0107

Test set: Average loss: 0.6848, Accuracy: (79%)

Train Epoch: 58 [0/12089 (0%)]	Loss: 0.010682 0.859375
Train Epoch: 58 [2560/12089 (21%)]	Loss: 0.010706 0.796875
Train Epoch: 58 [5120/12089 (42%)]	Loss: 0.010690 0.828125
Train Epoch: 58 [7680/12089 (63%)]	Loss: 0.010682 0.890625
Train Epoch: 58 [10240/12089 (85%)]	Loss: 0.010677 0.875
====> Epoch: 58 Average loss: 0.0107

Test set: Average loss: 0.6845, Accuracy: (79%)

Train Epoch: 59 [0/12089 (0%)]	Loss: 0.010693 0.796875
Train Epoch: 59 [2560/12089 (21%)]	Loss: 0.010697 0.796875
Train Epoch: 59 [5120/12089 (42%)]	Loss: 0.010690 0.828125
Train Epoch: 59 [7680/12089 (63%)]	Loss: 0.010671 0.828125
Train Epoch: 59 [10240/12089 (85%)]	Loss: 0.010710 0.78125
====> Epoch: 59 Average loss: 0.0107

Test set: Average loss: 0.6841, Accuracy: (80%)

Train Epoch: 60 [0/12089 (0%)]	Loss: 0.010670 0.796875
Train Epoch: 60 [2560/12089 (21%)]	Loss: 0.010690 0.828125
Train Epoch: 60 [5120/12089 (42%)]	Loss: 0.010682 0.796875
Train Epoch: 60 [7680/12089 (63%)]	Loss: 0.010656 0.890625
Train Epoch: 60 [10240/12089 (85%)]	Loss: 0.010720 0.703125
====> Epoch: 60 Average loss: 0.0107

Test set: Average loss: 0.6838, Accuracy: (80%)

Train Epoch: 61 [0/12089 (0%)]	Loss: 0.010692 0.796875
Train Epoch: 61 [2560/12089 (21%)]	Loss: 0.010680 0.859375
Train Epoch: 61 [5120/12089 (42%)]	Loss: 0.010682 0.8125
Train Epoch: 61 [7680/12089 (63%)]	Loss: 0.010672 0.875
Train Epoch: 61 [10240/12089 (85%)]	Loss: 0.010696 0.75
====> Epoch: 61 Average loss: 0.0107

Test set: Average loss: 0.6834, Accuracy: (81%)

Train Epoch: 62 [0/12089 (0%)]	Loss: 0.010683 0.84375
Train Epoch: 62 [2560/12089 (21%)]	Loss: 0.010684 0.859375
Train Epoch: 62 [5120/12089 (42%)]	Loss: 0.010669 0.828125
Train Epoch: 62 [7680/12089 (63%)]	Loss: 0.010659 0.8125
Train Epoch: 62 [10240/12089 (85%)]	Loss: 0.010672 0.84375
====> Epoch: 62 Average loss: 0.0107

Test set: Average loss: 0.6830, Accuracy: (81%)

Train Epoch: 63 [0/12089 (0%)]	Loss: 0.010641 0.90625
Train Epoch: 63 [2560/12089 (21%)]	Loss: 0.010685 0.765625
Train Epoch: 63 [5120/12089 (42%)]	Loss: 0.010684 0.796875
Train Epoch: 63 [7680/12089 (63%)]	Loss: 0.010710 0.71875
Train Epoch: 63 [10240/12089 (85%)]	Loss: 0.010678 0.78125
====> Epoch: 63 Average loss: 0.0107

Test set: Average loss: 0.6827, Accuracy: (81%)

Train Epoch: 64 [0/12089 (0%)]	Loss: 0.010663 0.859375
Train Epoch: 64 [2560/12089 (21%)]	Loss: 0.010692 0.75
Train Epoch: 64 [5120/12089 (42%)]	Loss: 0.010672 0.8125
Train Epoch: 64 [7680/12089 (63%)]	Loss: 0.010663 0.765625
Train Epoch: 64 [10240/12089 (85%)]	Loss: 0.010675 0.859375
====> Epoch: 64 Average loss: 0.0107

Test set: Average loss: 0.6823, Accuracy: (82%)

Train Epoch: 65 [0/12089 (0%)]	Loss: 0.010660 0.875
Train Epoch: 65 [2560/12089 (21%)]	Loss: 0.010660 0.796875
Train Epoch: 65 [5120/12089 (42%)]	Loss: 0.010632 0.9375
Train Epoch: 65 [7680/12089 (63%)]	Loss: 0.010668 0.796875
Train Epoch: 65 [10240/12089 (85%)]	Loss: 0.010648 0.828125
====> Epoch: 65 Average loss: 0.0107

Test set: Average loss: 0.6819, Accuracy: (82%)

Train Epoch: 66 [0/12089 (0%)]	Loss: 0.010671 0.84375
Train Epoch: 66 [2560/12089 (21%)]	Loss: 0.010673 0.765625
Train Epoch: 66 [5120/12089 (42%)]	Loss: 0.010690 0.8125
Train Epoch: 66 [7680/12089 (63%)]	Loss: 0.010682 0.765625
Train Epoch: 66 [10240/12089 (85%)]	Loss: 0.010655 0.875
====> Epoch: 66 Average loss: 0.0107

Test set: Average loss: 0.6815, Accuracy: (82%)

Train Epoch: 67 [0/12089 (0%)]	Loss: 0.010629 0.828125
Train Epoch: 67 [2560/12089 (21%)]	Loss: 0.010660 0.8125
Train Epoch: 67 [5120/12089 (42%)]	Loss: 0.010643 0.8125
Train Epoch: 67 [7680/12089 (63%)]	Loss: 0.010625 0.84375
Train Epoch: 67 [10240/12089 (85%)]	Loss: 0.010663 0.828125
====> Epoch: 67 Average loss: 0.0107

Test set: Average loss: 0.6811, Accuracy: (82%)

Train Epoch: 68 [0/12089 (0%)]	Loss: 0.010651 0.78125
Train Epoch: 68 [2560/12089 (21%)]	Loss: 0.010658 0.8125
Train Epoch: 68 [5120/12089 (42%)]	Loss: 0.010657 0.828125
Train Epoch: 68 [7680/12089 (63%)]	Loss: 0.010639 0.859375
Train Epoch: 68 [10240/12089 (85%)]	Loss: 0.010628 0.84375
====> Epoch: 68 Average loss: 0.0106

Test set: Average loss: 0.6807, Accuracy: (83%)

Train Epoch: 69 [0/12089 (0%)]	Loss: 0.010636 0.859375
Train Epoch: 69 [2560/12089 (21%)]	Loss: 0.010630 0.859375
Train Epoch: 69 [5120/12089 (42%)]	Loss: 0.010637 0.875
Train Epoch: 69 [7680/12089 (63%)]	Loss: 0.010625 0.78125
Train Epoch: 69 [10240/12089 (85%)]	Loss: 0.010633 0.890625
====> Epoch: 69 Average loss: 0.0106

Test set: Average loss: 0.6803, Accuracy: (83%)

Train Epoch: 70 [0/12089 (0%)]	Loss: 0.010628 0.828125
Train Epoch: 70 [2560/12089 (21%)]	Loss: 0.010596 0.921875
Train Epoch: 70 [5120/12089 (42%)]	Loss: 0.010606 0.859375
Train Epoch: 70 [7680/12089 (63%)]	Loss: 0.010610 0.859375
Train Epoch: 70 [10240/12089 (85%)]	Loss: 0.010632 0.84375
====> Epoch: 70 Average loss: 0.0106

Test set: Average loss: 0.6799, Accuracy: (83%)

Train Epoch: 71 [0/12089 (0%)]	Loss: 0.010590 0.875
Train Epoch: 71 [2560/12089 (21%)]	Loss: 0.010601 0.859375
Train Epoch: 71 [5120/12089 (42%)]	Loss: 0.010612 0.859375
Train Epoch: 71 [7680/12089 (63%)]	Loss: 0.010646 0.765625
Train Epoch: 71 [10240/12089 (85%)]	Loss: 0.010604 0.859375
====> Epoch: 71 Average loss: 0.0106

Test set: Average loss: 0.6795, Accuracy: (83%)

Train Epoch: 72 [0/12089 (0%)]	Loss: 0.010627 0.765625
Train Epoch: 72 [2560/12089 (21%)]	Loss: 0.010624 0.84375
Train Epoch: 72 [5120/12089 (42%)]	Loss: 0.010610 0.921875
Train Epoch: 72 [7680/12089 (63%)]	Loss: 0.010614 0.796875
Train Epoch: 72 [10240/12089 (85%)]	Loss: 0.010608 0.859375
====> Epoch: 72 Average loss: 0.0106

Test set: Average loss: 0.6791, Accuracy: (84%)

Train Epoch: 73 [0/12089 (0%)]	Loss: 0.010602 0.828125
Train Epoch: 73 [2560/12089 (21%)]	Loss: 0.010621 0.828125
Train Epoch: 73 [5120/12089 (42%)]	Loss: 0.010598 0.84375
Train Epoch: 73 [7680/12089 (63%)]	Loss: 0.010651 0.796875
Train Epoch: 73 [10240/12089 (85%)]	Loss: 0.010640 0.765625
====> Epoch: 73 Average loss: 0.0106

Test set: Average loss: 0.6787, Accuracy: (84%)

Train Epoch: 74 [0/12089 (0%)]	Loss: 0.010676 0.671875
Train Epoch: 74 [2560/12089 (21%)]	Loss: 0.010626 0.8125
Train Epoch: 74 [5120/12089 (42%)]	Loss: 0.010591 0.84375
Train Epoch: 74 [7680/12089 (63%)]	Loss: 0.010647 0.8125
Train Epoch: 74 [10240/12089 (85%)]	Loss: 0.010571 0.9375
====> Epoch: 74 Average loss: 0.0106

Test set: Average loss: 0.6782, Accuracy: (84%)

Train Epoch: 75 [0/12089 (0%)]	Loss: 0.010586 0.828125
Train Epoch: 75 [2560/12089 (21%)]	Loss: 0.010590 0.84375
Train Epoch: 75 [5120/12089 (42%)]	Loss: 0.010592 0.875
Train Epoch: 75 [7680/12089 (63%)]	Loss: 0.010613 0.78125
Train Epoch: 75 [10240/12089 (85%)]	Loss: 0.010611 0.75
====> Epoch: 75 Average loss: 0.0106

Test set: Average loss: 0.6778, Accuracy: (84%)

Train Epoch: 76 [0/12089 (0%)]	Loss: 0.010556 0.90625
Train Epoch: 76 [2560/12089 (21%)]	Loss: 0.010635 0.828125
Train Epoch: 76 [5120/12089 (42%)]	Loss: 0.010580 0.921875
Train Epoch: 76 [7680/12089 (63%)]	Loss: 0.010579 0.875
Train Epoch: 76 [10240/12089 (85%)]	Loss: 0.010616 0.859375
====> Epoch: 76 Average loss: 0.0106

Test set: Average loss: 0.6773, Accuracy: (84%)

Train Epoch: 77 [0/12089 (0%)]	Loss: 0.010548 0.921875
Train Epoch: 77 [2560/12089 (21%)]	Loss: 0.010606 0.84375
Train Epoch: 77 [5120/12089 (42%)]	Loss: 0.010589 0.859375
Train Epoch: 77 [7680/12089 (63%)]	Loss: 0.010547 0.90625
Train Epoch: 77 [10240/12089 (85%)]	Loss: 0.010586 0.796875
====> Epoch: 77 Average loss: 0.0106

Test set: Average loss: 0.6769, Accuracy: (84%)

Train Epoch: 78 [0/12089 (0%)]	Loss: 0.010559 0.890625
Train Epoch: 78 [2560/12089 (21%)]	Loss: 0.010599 0.796875
Train Epoch: 78 [5120/12089 (42%)]	Loss: 0.010557 0.90625
Train Epoch: 78 [7680/12089 (63%)]	Loss: 0.010569 0.8125
Train Epoch: 78 [10240/12089 (85%)]	Loss: 0.010533 0.90625
====> Epoch: 78 Average loss: 0.0106

Test set: Average loss: 0.6764, Accuracy: (85%)

Train Epoch: 79 [0/12089 (0%)]	Loss: 0.010560 0.921875
Train Epoch: 79 [2560/12089 (21%)]	Loss: 0.010593 0.8125
Train Epoch: 79 [5120/12089 (42%)]	Loss: 0.010578 0.859375
Train Epoch: 79 [7680/12089 (63%)]	Loss: 0.010567 0.84375
Train Epoch: 79 [10240/12089 (85%)]	Loss: 0.010604 0.796875
====> Epoch: 79 Average loss: 0.0106

Test set: Average loss: 0.6760, Accuracy: (85%)

Train Epoch: 80 [0/12089 (0%)]	Loss: 0.010623 0.78125
Train Epoch: 80 [2560/12089 (21%)]	Loss: 0.010544 0.90625
Train Epoch: 80 [5120/12089 (42%)]	Loss: 0.010597 0.84375
Train Epoch: 80 [7680/12089 (63%)]	Loss: 0.010536 0.875
Train Epoch: 80 [10240/12089 (85%)]	Loss: 0.010552 0.828125
====> Epoch: 80 Average loss: 0.0106

Test set: Average loss: 0.6755, Accuracy: (85%)

Train Epoch: 81 [0/12089 (0%)]	Loss: 0.010559 0.828125
Train Epoch: 81 [2560/12089 (21%)]	Loss: 0.010559 0.875
Train Epoch: 81 [5120/12089 (42%)]	Loss: 0.010560 0.90625
Train Epoch: 81 [7680/12089 (63%)]	Loss: 0.010550 0.859375
Train Epoch: 81 [10240/12089 (85%)]	Loss: 0.010513 0.796875
====> Epoch: 81 Average loss: 0.0106

Test set: Average loss: 0.6751, Accuracy: (85%)

Train Epoch: 82 [0/12089 (0%)]	Loss: 0.010519 0.875
Train Epoch: 82 [2560/12089 (21%)]	Loss: 0.010521 0.921875
Train Epoch: 82 [5120/12089 (42%)]	Loss: 0.010574 0.875
Train Epoch: 82 [7680/12089 (63%)]	Loss: 0.010528 0.875
Train Epoch: 82 [10240/12089 (85%)]	Loss: 0.010500 0.9375
====> Epoch: 82 Average loss: 0.0106

Test set: Average loss: 0.6746, Accuracy: (85%)

Train Epoch: 83 [0/12089 (0%)]	Loss: 0.010559 0.859375
Train Epoch: 83 [2560/12089 (21%)]	Loss: 0.010530 0.859375
Train Epoch: 83 [5120/12089 (42%)]	Loss: 0.010507 0.875
Train Epoch: 83 [7680/12089 (63%)]	Loss: 0.010572 0.8125
Train Epoch: 83 [10240/12089 (85%)]	Loss: 0.010515 0.9375
====> Epoch: 83 Average loss: 0.0105

Test set: Average loss: 0.6741, Accuracy: (85%)

Train Epoch: 84 [0/12089 (0%)]	Loss: 0.010543 0.8125
Train Epoch: 84 [2560/12089 (21%)]	Loss: 0.010512 0.921875
Train Epoch: 84 [5120/12089 (42%)]	Loss: 0.010584 0.75
Train Epoch: 84 [7680/12089 (63%)]	Loss: 0.010534 0.890625
Train Epoch: 84 [10240/12089 (85%)]	Loss: 0.010477 0.90625
====> Epoch: 84 Average loss: 0.0105

Test set: Average loss: 0.6737, Accuracy: (85%)

Train Epoch: 85 [0/12089 (0%)]	Loss: 0.010577 0.78125
Train Epoch: 85 [2560/12089 (21%)]	Loss: 0.010531 0.828125
Train Epoch: 85 [5120/12089 (42%)]	Loss: 0.010509 0.921875
Train Epoch: 85 [7680/12089 (63%)]	Loss: 0.010485 0.90625
Train Epoch: 85 [10240/12089 (85%)]	Loss: 0.010483 0.921875
====> Epoch: 85 Average loss: 0.0105

Test set: Average loss: 0.6732, Accuracy: (86%)

Train Epoch: 86 [0/12089 (0%)]	Loss: 0.010525 0.84375
Train Epoch: 86 [2560/12089 (21%)]	Loss: 0.010505 0.875
Train Epoch: 86 [5120/12089 (42%)]	Loss: 0.010528 0.8125
Train Epoch: 86 [7680/12089 (63%)]	Loss: 0.010523 0.828125
Train Epoch: 86 [10240/12089 (85%)]	Loss: 0.010494 0.859375
====> Epoch: 86 Average loss: 0.0105

Test set: Average loss: 0.6727, Accuracy: (86%)

Train Epoch: 87 [0/12089 (0%)]	Loss: 0.010535 0.859375
Train Epoch: 87 [2560/12089 (21%)]	Loss: 0.010477 0.921875
Train Epoch: 87 [5120/12089 (42%)]	Loss: 0.010519 0.90625
Train Epoch: 87 [7680/12089 (63%)]	Loss: 0.010505 0.90625
Train Epoch: 87 [10240/12089 (85%)]	Loss: 0.010520 0.8125
====> Epoch: 87 Average loss: 0.0105

Test set: Average loss: 0.6722, Accuracy: (86%)

Train Epoch: 88 [0/12089 (0%)]	Loss: 0.010515 0.875
Train Epoch: 88 [2560/12089 (21%)]	Loss: 0.010525 0.84375
Train Epoch: 88 [5120/12089 (42%)]	Loss: 0.010485 0.875
Train Epoch: 88 [7680/12089 (63%)]	Loss: 0.010439 0.953125
Train Epoch: 88 [10240/12089 (85%)]	Loss: 0.010510 0.8125
====> Epoch: 88 Average loss: 0.0105

Test set: Average loss: 0.6717, Accuracy: (86%)

Train Epoch: 89 [0/12089 (0%)]	Loss: 0.010435 0.90625
Train Epoch: 89 [2560/12089 (21%)]	Loss: 0.010499 0.890625
Train Epoch: 89 [5120/12089 (42%)]	Loss: 0.010502 0.8125
Train Epoch: 89 [7680/12089 (63%)]	Loss: 0.010476 0.921875
Train Epoch: 89 [10240/12089 (85%)]	Loss: 0.010535 0.796875
====> Epoch: 89 Average loss: 0.0105

Test set: Average loss: 0.6712, Accuracy: (86%)

Train Epoch: 90 [0/12089 (0%)]	Loss: 0.010519 0.890625
Train Epoch: 90 [2560/12089 (21%)]	Loss: 0.010501 0.8125
Train Epoch: 90 [5120/12089 (42%)]	Loss: 0.010463 0.875
Train Epoch: 90 [7680/12089 (63%)]	Loss: 0.010436 0.9375
Train Epoch: 90 [10240/12089 (85%)]	Loss: 0.010535 0.765625
====> Epoch: 90 Average loss: 0.0105

Test set: Average loss: 0.6707, Accuracy: (86%)

Train Epoch: 91 [0/12089 (0%)]	Loss: 0.010519 0.828125
Train Epoch: 91 [2560/12089 (21%)]	Loss: 0.010481 0.890625
Train Epoch: 91 [5120/12089 (42%)]	Loss: 0.010471 0.78125
Train Epoch: 91 [7680/12089 (63%)]	Loss: 0.010405 0.875
Train Epoch: 91 [10240/12089 (85%)]	Loss: 0.010501 0.84375
====> Epoch: 91 Average loss: 0.0105

Test set: Average loss: 0.6702, Accuracy: (87%)

Train Epoch: 92 [0/12089 (0%)]	Loss: 0.010482 0.875
Train Epoch: 92 [2560/12089 (21%)]	Loss: 0.010423 0.90625
Train Epoch: 92 [5120/12089 (42%)]	Loss: 0.010479 0.84375
Train Epoch: 92 [7680/12089 (63%)]	Loss: 0.010464 0.84375
Train Epoch: 92 [10240/12089 (85%)]	Loss: 0.010514 0.90625
====> Epoch: 92 Average loss: 0.0105

Test set: Average loss: 0.6697, Accuracy: (87%)

Train Epoch: 93 [0/12089 (0%)]	Loss: 0.010470 0.90625
Train Epoch: 93 [2560/12089 (21%)]	Loss: 0.010411 0.921875
Train Epoch: 93 [5120/12089 (42%)]	Loss: 0.010452 0.921875
Train Epoch: 93 [7680/12089 (63%)]	Loss: 0.010454 0.875
Train Epoch: 93 [10240/12089 (85%)]	Loss: 0.010512 0.828125
====> Epoch: 93 Average loss: 0.0105

Test set: Average loss: 0.6692, Accuracy: (87%)

Train Epoch: 94 [0/12089 (0%)]	Loss: 0.010388 0.953125
Train Epoch: 94 [2560/12089 (21%)]	Loss: 0.010518 0.8125
Train Epoch: 94 [5120/12089 (42%)]	Loss: 0.010489 0.875
Train Epoch: 94 [7680/12089 (63%)]	Loss: 0.010462 0.796875
Train Epoch: 94 [10240/12089 (85%)]	Loss: 0.010398 0.921875
====> Epoch: 94 Average loss: 0.0105

Test set: Average loss: 0.6686, Accuracy: (87%)

Train Epoch: 95 [0/12089 (0%)]	Loss: 0.010368 0.9375
Train Epoch: 95 [2560/12089 (21%)]	Loss: 0.010429 0.875
Train Epoch: 95 [5120/12089 (42%)]	Loss: 0.010417 0.921875
Train Epoch: 95 [7680/12089 (63%)]	Loss: 0.010442 0.875
Train Epoch: 95 [10240/12089 (85%)]	Loss: 0.010496 0.859375
====> Epoch: 95 Average loss: 0.0105

Test set: Average loss: 0.6681, Accuracy: (87%)

Train Epoch: 96 [0/12089 (0%)]	Loss: 0.010431 0.859375
Train Epoch: 96 [2560/12089 (21%)]	Loss: 0.010438 0.921875
Train Epoch: 96 [5120/12089 (42%)]	Loss: 0.010476 0.8125
Train Epoch: 96 [7680/12089 (63%)]	Loss: 0.010410 0.90625
Train Epoch: 96 [10240/12089 (85%)]	Loss: 0.010361 0.9375
====> Epoch: 96 Average loss: 0.0104

Test set: Average loss: 0.6676, Accuracy: (87%)

Train Epoch: 97 [0/12089 (0%)]	Loss: 0.010443 0.84375
Train Epoch: 97 [2560/12089 (21%)]	Loss: 0.010433 0.921875
Train Epoch: 97 [5120/12089 (42%)]	Loss: 0.010432 0.859375
Train Epoch: 97 [7680/12089 (63%)]	Loss: 0.010473 0.828125
Train Epoch: 97 [10240/12089 (85%)]	Loss: 0.010506 0.8125
====> Epoch: 97 Average loss: 0.0104

Test set: Average loss: 0.6670, Accuracy: (87%)

Train Epoch: 98 [0/12089 (0%)]	Loss: 0.010469 0.84375
Train Epoch: 98 [2560/12089 (21%)]	Loss: 0.010431 0.84375
Train Epoch: 98 [5120/12089 (42%)]	Loss: 0.010375 0.921875
Train Epoch: 98 [7680/12089 (63%)]	Loss: 0.010425 0.890625
Train Epoch: 98 [10240/12089 (85%)]	Loss: 0.010478 0.859375
====> Epoch: 98 Average loss: 0.0104

Test set: Average loss: 0.6665, Accuracy: (87%)

Train Epoch: 99 [0/12089 (0%)]	Loss: 0.010417 0.890625
Train Epoch: 99 [2560/12089 (21%)]	Loss: 0.010394 0.90625
Train Epoch: 99 [5120/12089 (42%)]	Loss: 0.010422 0.90625
Train Epoch: 99 [7680/12089 (63%)]	Loss: 0.010432 0.875
Train Epoch: 99 [10240/12089 (85%)]	Loss: 0.010388 0.859375
====> Epoch: 99 Average loss: 0.0104

Test set: Average loss: 0.6660, Accuracy: (87%)

Train Epoch: 100 [0/12089 (0%)]	Loss: 0.010389 0.875
Train Epoch: 100 [2560/12089 (21%)]	Loss: 0.010359 0.921875
Train Epoch: 100 [5120/12089 (42%)]	Loss: 0.010397 0.90625
Train Epoch: 100 [7680/12089 (63%)]	Loss: 0.010445 0.859375
Train Epoch: 100 [10240/12089 (85%)]	Loss: 0.010386 0.8125
====> Epoch: 100 Average loss: 0.0104

Test set: Average loss: 0.6654, Accuracy: (88%)

Train Epoch: 101 [0/12089 (0%)]	Loss: 0.010413 0.84375
Train Epoch: 101 [2560/12089 (21%)]	Loss: 0.010384 0.921875
Train Epoch: 101 [5120/12089 (42%)]	Loss: 0.010440 0.875
Train Epoch: 101 [7680/12089 (63%)]	Loss: 0.010386 0.84375
Train Epoch: 101 [10240/12089 (85%)]	Loss: 0.010396 0.890625
====> Epoch: 101 Average loss: 0.0104

Test set: Average loss: 0.6649, Accuracy: (88%)

Train Epoch: 102 [0/12089 (0%)]	Loss: 0.010515 0.828125
Train Epoch: 102 [2560/12089 (21%)]	Loss: 0.010462 0.84375
Train Epoch: 102 [5120/12089 (42%)]	Loss: 0.010387 0.875
Train Epoch: 102 [7680/12089 (63%)]	Loss: 0.010438 0.875
Train Epoch: 102 [10240/12089 (85%)]	Loss: 0.010320 0.921875
====> Epoch: 102 Average loss: 0.0104

Test set: Average loss: 0.6644, Accuracy: (88%)

Train Epoch: 103 [0/12089 (0%)]	Loss: 0.010326 0.9375
Train Epoch: 103 [2560/12089 (21%)]	Loss: 0.010371 0.921875
Train Epoch: 103 [5120/12089 (42%)]	Loss: 0.010299 0.921875
Train Epoch: 103 [7680/12089 (63%)]	Loss: 0.010371 0.921875
Train Epoch: 103 [10240/12089 (85%)]	Loss: 0.010375 0.875
====> Epoch: 103 Average loss: 0.0104

Test set: Average loss: 0.6638, Accuracy: (88%)

Train Epoch: 104 [0/12089 (0%)]	Loss: 0.010421 0.84375
Train Epoch: 104 [2560/12089 (21%)]	Loss: 0.010378 0.875
Train Epoch: 104 [5120/12089 (42%)]	Loss: 0.010436 0.78125
Train Epoch: 104 [7680/12089 (63%)]	Loss: 0.010346 0.890625
Train Epoch: 104 [10240/12089 (85%)]	Loss: 0.010285 0.890625
====> Epoch: 104 Average loss: 0.0104

Test set: Average loss: 0.6633, Accuracy: (88%)

Train Epoch: 105 [0/12089 (0%)]	Loss: 0.010381 0.859375
Train Epoch: 105 [2560/12089 (21%)]	Loss: 0.010362 0.875
Train Epoch: 105 [5120/12089 (42%)]	Loss: 0.010321 0.90625
Train Epoch: 105 [7680/12089 (63%)]	Loss: 0.010395 0.9375
Train Epoch: 105 [10240/12089 (85%)]	Loss: 0.010332 0.921875
====> Epoch: 105 Average loss: 0.0104

Test set: Average loss: 0.6627, Accuracy: (88%)

Train Epoch: 106 [0/12089 (0%)]	Loss: 0.010330 0.875
Train Epoch: 106 [2560/12089 (21%)]	Loss: 0.010338 0.953125
Train Epoch: 106 [5120/12089 (42%)]	Loss: 0.010351 0.921875
Train Epoch: 106 [7680/12089 (63%)]	Loss: 0.010384 0.859375
Train Epoch: 106 [10240/12089 (85%)]	Loss: 0.010395 0.90625
====> Epoch: 106 Average loss: 0.0104

Test set: Average loss: 0.6622, Accuracy: (88%)

Train Epoch: 107 [0/12089 (0%)]	Loss: 0.010343 0.90625
Train Epoch: 107 [2560/12089 (21%)]	Loss: 0.010362 0.859375
Train Epoch: 107 [5120/12089 (42%)]	Loss: 0.010372 0.921875
Train Epoch: 107 [7680/12089 (63%)]	Loss: 0.010297 0.890625
Train Epoch: 107 [10240/12089 (85%)]	Loss: 0.010395 0.84375
====> Epoch: 107 Average loss: 0.0104

Test set: Average loss: 0.6616, Accuracy: (88%)

Train Epoch: 108 [0/12089 (0%)]	Loss: 0.010324 0.890625
Train Epoch: 108 [2560/12089 (21%)]	Loss: 0.010351 0.890625
Train Epoch: 108 [5120/12089 (42%)]	Loss: 0.010316 0.890625
Train Epoch: 108 [7680/12089 (63%)]	Loss: 0.010297 0.90625
Train Epoch: 108 [10240/12089 (85%)]	Loss: 0.010319 0.890625
====> Epoch: 108 Average loss: 0.0103

Test set: Average loss: 0.6610, Accuracy: (88%)

Train Epoch: 109 [0/12089 (0%)]	Loss: 0.010322 0.90625
Train Epoch: 109 [2560/12089 (21%)]	Loss: 0.010332 0.890625
Train Epoch: 109 [5120/12089 (42%)]	Loss: 0.010275 0.9375
Train Epoch: 109 [7680/12089 (63%)]	Loss: 0.010381 0.875
Train Epoch: 109 [10240/12089 (85%)]	Loss: 0.010319 0.890625
====> Epoch: 109 Average loss: 0.0103

Test set: Average loss: 0.6605, Accuracy: (88%)

Train Epoch: 110 [0/12089 (0%)]	Loss: 0.010384 0.859375
Train Epoch: 110 [2560/12089 (21%)]	Loss: 0.010351 0.859375
Train Epoch: 110 [5120/12089 (42%)]	Loss: 0.010253 0.9375
Train Epoch: 110 [7680/12089 (63%)]	Loss: 0.010298 0.875
Train Epoch: 110 [10240/12089 (85%)]	Loss: 0.010304 0.84375
====> Epoch: 110 Average loss: 0.0103

Test set: Average loss: 0.6599, Accuracy: (88%)

Train Epoch: 111 [0/12089 (0%)]	Loss: 0.010310 0.828125
Train Epoch: 111 [2560/12089 (21%)]	Loss: 0.010275 0.875
Train Epoch: 111 [5120/12089 (42%)]	Loss: 0.010204 0.9375
Train Epoch: 111 [7680/12089 (63%)]	Loss: 0.010270 0.859375
Train Epoch: 111 [10240/12089 (85%)]	Loss: 0.010336 0.84375
====> Epoch: 111 Average loss: 0.0103

Test set: Average loss: 0.6593, Accuracy: (88%)

Train Epoch: 112 [0/12089 (0%)]	Loss: 0.010238 0.921875
Train Epoch: 112 [2560/12089 (21%)]	Loss: 0.010443 0.875
Train Epoch: 112 [5120/12089 (42%)]	Loss: 0.010340 0.859375
Train Epoch: 112 [7680/12089 (63%)]	Loss: 0.010253 0.9375
Train Epoch: 112 [10240/12089 (85%)]	Loss: 0.010375 0.84375
====> Epoch: 112 Average loss: 0.0103

Test set: Average loss: 0.6587, Accuracy: (89%)

Train Epoch: 113 [0/12089 (0%)]	Loss: 0.010327 0.859375
Train Epoch: 113 [2560/12089 (21%)]	Loss: 0.010346 0.859375
Train Epoch: 113 [5120/12089 (42%)]	Loss: 0.010318 0.859375
Train Epoch: 113 [7680/12089 (63%)]	Loss: 0.010277 0.890625
Train Epoch: 113 [10240/12089 (85%)]	Loss: 0.010371 0.859375
====> Epoch: 113 Average loss: 0.0103

Test set: Average loss: 0.6582, Accuracy: (88%)

Train Epoch: 114 [0/12089 (0%)]	Loss: 0.010276 0.921875
Train Epoch: 114 [2560/12089 (21%)]	Loss: 0.010307 0.890625
Train Epoch: 114 [5120/12089 (42%)]	Loss: 0.010187 0.9375
Train Epoch: 114 [7680/12089 (63%)]	Loss: 0.010366 0.875
Train Epoch: 114 [10240/12089 (85%)]	Loss: 0.010212 0.921875
====> Epoch: 114 Average loss: 0.0103

Test set: Average loss: 0.6576, Accuracy: (89%)

Train Epoch: 115 [0/12089 (0%)]	Loss: 0.010350 0.9375
Train Epoch: 115 [2560/12089 (21%)]	Loss: 0.010293 0.921875
Train Epoch: 115 [5120/12089 (42%)]	Loss: 0.010310 0.875
Train Epoch: 115 [7680/12089 (63%)]	Loss: 0.010281 0.90625
Train Epoch: 115 [10240/12089 (85%)]	Loss: 0.010272 0.90625
====> Epoch: 115 Average loss: 0.0103

Test set: Average loss: 0.6570, Accuracy: (89%)

Train Epoch: 116 [0/12089 (0%)]	Loss: 0.010349 0.859375
Train Epoch: 116 [2560/12089 (21%)]	Loss: 0.010285 0.84375
Train Epoch: 116 [5120/12089 (42%)]	Loss: 0.010319 0.828125
Train Epoch: 116 [7680/12089 (63%)]	Loss: 0.010260 0.90625
Train Epoch: 116 [10240/12089 (85%)]	Loss: 0.010253 0.875
====> Epoch: 116 Average loss: 0.0103

Test set: Average loss: 0.6565, Accuracy: (89%)

Train Epoch: 117 [0/12089 (0%)]	Loss: 0.010248 0.90625
Train Epoch: 117 [2560/12089 (21%)]	Loss: 0.010314 0.921875
Train Epoch: 117 [5120/12089 (42%)]	Loss: 0.010232 0.890625
Train Epoch: 117 [7680/12089 (63%)]	Loss: 0.010199 0.90625
Train Epoch: 117 [10240/12089 (85%)]	Loss: 0.010252 0.875
====> Epoch: 117 Average loss: 0.0103

Test set: Average loss: 0.6559, Accuracy: (89%)

Train Epoch: 118 [0/12089 (0%)]	Loss: 0.010194 0.9375
Train Epoch: 118 [2560/12089 (21%)]	Loss: 0.010135 0.921875
Train Epoch: 118 [5120/12089 (42%)]	Loss: 0.010250 0.875
Train Epoch: 118 [7680/12089 (63%)]	Loss: 0.010336 0.828125
Train Epoch: 118 [10240/12089 (85%)]	Loss: 0.010127 0.953125
====> Epoch: 118 Average loss: 0.0103

Test set: Average loss: 0.6553, Accuracy: (89%)

Train Epoch: 119 [0/12089 (0%)]	Loss: 0.010219 0.9375
Train Epoch: 119 [2560/12089 (21%)]	Loss: 0.010243 0.90625
Train Epoch: 119 [5120/12089 (42%)]	Loss: 0.010261 0.84375
Train Epoch: 119 [7680/12089 (63%)]	Loss: 0.010318 0.875
Train Epoch: 119 [10240/12089 (85%)]	Loss: 0.010189 0.921875
====> Epoch: 119 Average loss: 0.0102

Test set: Average loss: 0.6547, Accuracy: (89%)

Train Epoch: 120 [0/12089 (0%)]	Loss: 0.010234 0.859375
Train Epoch: 120 [2560/12089 (21%)]	Loss: 0.010198 0.90625
Train Epoch: 120 [5120/12089 (42%)]	Loss: 0.010253 0.921875
Train Epoch: 120 [7680/12089 (63%)]	Loss: 0.010197 0.9375
Train Epoch: 120 [10240/12089 (85%)]	Loss: 0.010148 0.9375
====> Epoch: 120 Average loss: 0.0102

Test set: Average loss: 0.6541, Accuracy: (89%)

Train Epoch: 121 [0/12089 (0%)]	Loss: 0.010337 0.875
Train Epoch: 121 [2560/12089 (21%)]	Loss: 0.010264 0.8125
Train Epoch: 121 [5120/12089 (42%)]	Loss: 0.010133 0.90625
Train Epoch: 121 [7680/12089 (63%)]	Loss: 0.010165 0.90625
Train Epoch: 121 [10240/12089 (85%)]	Loss: 0.010246 0.90625
====> Epoch: 121 Average loss: 0.0102

Test set: Average loss: 0.6535, Accuracy: (89%)

Train Epoch: 122 [0/12089 (0%)]	Loss: 0.010136 0.9375
Train Epoch: 122 [2560/12089 (21%)]	Loss: 0.010161 0.953125
Train Epoch: 122 [5120/12089 (42%)]	Loss: 0.010200 0.859375
Train Epoch: 122 [7680/12089 (63%)]	Loss: 0.010209 0.9375
Train Epoch: 122 [10240/12089 (85%)]	Loss: 0.010199 0.90625
====> Epoch: 122 Average loss: 0.0102

Test set: Average loss: 0.6529, Accuracy: (89%)

Train Epoch: 123 [0/12089 (0%)]	Loss: 0.010200 0.875
Train Epoch: 123 [2560/12089 (21%)]	Loss: 0.010144 0.921875
Train Epoch: 123 [5120/12089 (42%)]	Loss: 0.010173 0.921875
Train Epoch: 123 [7680/12089 (63%)]	Loss: 0.010226 0.9375
Train Epoch: 123 [10240/12089 (85%)]	Loss: 0.010270 0.796875
====> Epoch: 123 Average loss: 0.0102

Test set: Average loss: 0.6523, Accuracy: (89%)

Train Epoch: 124 [0/12089 (0%)]	Loss: 0.010298 0.921875
Train Epoch: 124 [2560/12089 (21%)]	Loss: 0.010225 0.890625
Train Epoch: 124 [5120/12089 (42%)]	Loss: 0.010225 0.921875
Train Epoch: 124 [7680/12089 (63%)]	Loss: 0.010203 0.875
Train Epoch: 124 [10240/12089 (85%)]	Loss: 0.010207 0.890625
====> Epoch: 124 Average loss: 0.0102

Test set: Average loss: 0.6517, Accuracy: (89%)

Train Epoch: 125 [0/12089 (0%)]	Loss: 0.010155 0.90625
Train Epoch: 125 [2560/12089 (21%)]	Loss: 0.010110 0.96875
Train Epoch: 125 [5120/12089 (42%)]	Loss: 0.010157 0.921875
Train Epoch: 125 [7680/12089 (63%)]	Loss: 0.010145 0.875
Train Epoch: 125 [10240/12089 (85%)]	Loss: 0.010158 0.9375
====> Epoch: 125 Average loss: 0.0102

Test set: Average loss: 0.6511, Accuracy: (89%)

Train Epoch: 126 [0/12089 (0%)]	Loss: 0.010228 0.875
Train Epoch: 126 [2560/12089 (21%)]	Loss: 0.010256 0.828125
Train Epoch: 126 [5120/12089 (42%)]	Loss: 0.010191 0.90625
Train Epoch: 126 [7680/12089 (63%)]	Loss: 0.010063 0.90625
Train Epoch: 126 [10240/12089 (85%)]	Loss: 0.010104 0.953125
====> Epoch: 126 Average loss: 0.0102

Test set: Average loss: 0.6505, Accuracy: (89%)

Train Epoch: 127 [0/12089 (0%)]	Loss: 0.010191 0.90625
Train Epoch: 127 [2560/12089 (21%)]	Loss: 0.010162 0.921875
Train Epoch: 127 [5120/12089 (42%)]	Loss: 0.010176 0.890625
Train Epoch: 127 [7680/12089 (63%)]	Loss: 0.010277 0.8125
Train Epoch: 127 [10240/12089 (85%)]	Loss: 0.010211 0.90625
====> Epoch: 127 Average loss: 0.0102

Test set: Average loss: 0.6499, Accuracy: (89%)

Train Epoch: 128 [0/12089 (0%)]	Loss: 0.010169 0.921875
Train Epoch: 128 [2560/12089 (21%)]	Loss: 0.010174 0.875
Train Epoch: 128 [5120/12089 (42%)]	Loss: 0.010174 0.90625
Train Epoch: 128 [7680/12089 (63%)]	Loss: 0.010123 0.890625
Train Epoch: 128 [10240/12089 (85%)]	Loss: 0.010173 0.875
====> Epoch: 128 Average loss: 0.0102

Test set: Average loss: 0.6493, Accuracy: (89%)

Train Epoch: 129 [0/12089 (0%)]	Loss: 0.010141 0.875
Train Epoch: 129 [2560/12089 (21%)]	Loss: 0.010135 0.90625
Train Epoch: 129 [5120/12089 (42%)]	Loss: 0.010117 0.953125
Train Epoch: 129 [7680/12089 (63%)]	Loss: 0.010174 0.953125
Train Epoch: 129 [10240/12089 (85%)]	Loss: 0.010108 0.9375
====> Epoch: 129 Average loss: 0.0102

Test set: Average loss: 0.6487, Accuracy: (89%)

Train Epoch: 130 [0/12089 (0%)]	Loss: 0.010069 0.9375
Train Epoch: 130 [2560/12089 (21%)]	Loss: 0.010079 0.875
Train Epoch: 130 [5120/12089 (42%)]	Loss: 0.010116 0.921875
Train Epoch: 130 [7680/12089 (63%)]	Loss: 0.010116 0.90625
Train Epoch: 130 [10240/12089 (85%)]	Loss: 0.010003 0.96875
====> Epoch: 130 Average loss: 0.0101

Test set: Average loss: 0.6481, Accuracy: (89%)

Train Epoch: 131 [0/12089 (0%)]	Loss: 0.010080 0.921875
Train Epoch: 131 [2560/12089 (21%)]	Loss: 0.010164 0.875
Train Epoch: 131 [5120/12089 (42%)]	Loss: 0.010140 0.859375
Train Epoch: 131 [7680/12089 (63%)]	Loss: 0.010078 0.953125
Train Epoch: 131 [10240/12089 (85%)]	Loss: 0.010172 0.875
====> Epoch: 131 Average loss: 0.0101

Test set: Average loss: 0.6475, Accuracy: (89%)

Train Epoch: 132 [0/12089 (0%)]	Loss: 0.010113 0.921875
Train Epoch: 132 [2560/12089 (21%)]	Loss: 0.010142 0.875
Train Epoch: 132 [5120/12089 (42%)]	Loss: 0.010224 0.84375
Train Epoch: 132 [7680/12089 (63%)]	Loss: 0.010174 0.828125
Train Epoch: 132 [10240/12089 (85%)]	Loss: 0.010074 0.859375
====> Epoch: 132 Average loss: 0.0101

Test set: Average loss: 0.6469, Accuracy: (89%)

Train Epoch: 133 [0/12089 (0%)]	Loss: 0.010163 0.921875
Train Epoch: 133 [2560/12089 (21%)]	Loss: 0.010151 0.875
Train Epoch: 133 [5120/12089 (42%)]	Loss: 0.010043 0.890625
Train Epoch: 133 [7680/12089 (63%)]	Loss: 0.010048 0.90625
Train Epoch: 133 [10240/12089 (85%)]	Loss: 0.010107 0.890625
====> Epoch: 133 Average loss: 0.0101

Test set: Average loss: 0.6463, Accuracy: (89%)

Train Epoch: 134 [0/12089 (0%)]	Loss: 0.010111 0.921875
Train Epoch: 134 [2560/12089 (21%)]	Loss: 0.010098 0.890625
Train Epoch: 134 [5120/12089 (42%)]	Loss: 0.010073 0.90625
Train Epoch: 134 [7680/12089 (63%)]	Loss: 0.010094 0.90625
Train Epoch: 134 [10240/12089 (85%)]	Loss: 0.010185 0.828125
====> Epoch: 134 Average loss: 0.0101

Test set: Average loss: 0.6457, Accuracy: (89%)

Train Epoch: 135 [0/12089 (0%)]	Loss: 0.010243 0.859375
Train Epoch: 135 [2560/12089 (21%)]	Loss: 0.010271 0.796875
Train Epoch: 135 [5120/12089 (42%)]	Loss: 0.010086 0.859375
Train Epoch: 135 [7680/12089 (63%)]	Loss: 0.010210 0.859375
Train Epoch: 135 [10240/12089 (85%)]	Loss: 0.010129 0.90625
====> Epoch: 135 Average loss: 0.0101

Test set: Average loss: 0.6450, Accuracy: (89%)

Train Epoch: 136 [0/12089 (0%)]	Loss: 0.010089 0.921875
Train Epoch: 136 [2560/12089 (21%)]	Loss: 0.010017 0.890625
Train Epoch: 136 [5120/12089 (42%)]	Loss: 0.010002 0.953125
Train Epoch: 136 [7680/12089 (63%)]	Loss: 0.010130 0.859375
Train Epoch: 136 [10240/12089 (85%)]	Loss: 0.010148 0.890625
====> Epoch: 136 Average loss: 0.0101

Test set: Average loss: 0.6444, Accuracy: (89%)

Train Epoch: 137 [0/12089 (0%)]	Loss: 0.010043 0.875
Train Epoch: 137 [2560/12089 (21%)]	Loss: 0.010108 0.84375
Train Epoch: 137 [5120/12089 (42%)]	Loss: 0.009990 0.9375
Train Epoch: 137 [7680/12089 (63%)]	Loss: 0.010099 0.90625
Train Epoch: 137 [10240/12089 (85%)]	Loss: 0.010048 0.90625
====> Epoch: 137 Average loss: 0.0101

Test set: Average loss: 0.6438, Accuracy: (89%)

Train Epoch: 138 [0/12089 (0%)]	Loss: 0.010068 0.921875
Train Epoch: 138 [2560/12089 (21%)]	Loss: 0.010005 0.90625
Train Epoch: 138 [5120/12089 (42%)]	Loss: 0.009989 0.921875
Train Epoch: 138 [7680/12089 (63%)]	Loss: 0.010029 0.96875
Train Epoch: 138 [10240/12089 (85%)]	Loss: 0.010065 0.875
====> Epoch: 138 Average loss: 0.0101

Test set: Average loss: 0.6432, Accuracy: (89%)

Train Epoch: 139 [0/12089 (0%)]	Loss: 0.010058 0.890625
Train Epoch: 139 [2560/12089 (21%)]	Loss: 0.010122 0.796875
Train Epoch: 139 [5120/12089 (42%)]	Loss: 0.010074 0.828125
Train Epoch: 139 [7680/12089 (63%)]	Loss: 0.010181 0.828125
Train Epoch: 139 [10240/12089 (85%)]	Loss: 0.009964 0.84375
====> Epoch: 139 Average loss: 0.0101

Test set: Average loss: 0.6426, Accuracy: (89%)

Train Epoch: 140 [0/12089 (0%)]	Loss: 0.010178 0.921875
Train Epoch: 140 [2560/12089 (21%)]	Loss: 0.010044 0.96875
Train Epoch: 140 [5120/12089 (42%)]	Loss: 0.010036 0.90625
Train Epoch: 140 [7680/12089 (63%)]	Loss: 0.009985 0.9375
Train Epoch: 140 [10240/12089 (85%)]	Loss: 0.010100 0.875
====> Epoch: 140 Average loss: 0.0100

Test set: Average loss: 0.6419, Accuracy: (89%)

Train Epoch: 141 [0/12089 (0%)]	Loss: 0.010052 0.875
Train Epoch: 141 [2560/12089 (21%)]	Loss: 0.010087 0.859375
Train Epoch: 141 [5120/12089 (42%)]	Loss: 0.010064 0.921875
Train Epoch: 141 [7680/12089 (63%)]	Loss: 0.010092 0.84375
Train Epoch: 141 [10240/12089 (85%)]	Loss: 0.009964 0.96875
====> Epoch: 141 Average loss: 0.0100

Test set: Average loss: 0.6413, Accuracy: (89%)

Train Epoch: 142 [0/12089 (0%)]	Loss: 0.009990 0.96875
Train Epoch: 142 [2560/12089 (21%)]	Loss: 0.010058 0.90625
Train Epoch: 142 [5120/12089 (42%)]	Loss: 0.009934 0.96875
Train Epoch: 142 [7680/12089 (63%)]	Loss: 0.009971 0.953125
Train Epoch: 142 [10240/12089 (85%)]	Loss: 0.009998 0.9375
====> Epoch: 142 Average loss: 0.0100

Test set: Average loss: 0.6407, Accuracy: (90%)

Train Epoch: 143 [0/12089 (0%)]	Loss: 0.009986 0.953125
Train Epoch: 143 [2560/12089 (21%)]	Loss: 0.010130 0.859375
Train Epoch: 143 [5120/12089 (42%)]	Loss: 0.009948 0.890625
Train Epoch: 143 [7680/12089 (63%)]	Loss: 0.010039 0.921875
Train Epoch: 143 [10240/12089 (85%)]	Loss: 0.010043 0.890625
====> Epoch: 143 Average loss: 0.0100

Test set: Average loss: 0.6401, Accuracy: (90%)

Train Epoch: 144 [0/12089 (0%)]	Loss: 0.009990 0.875
Train Epoch: 144 [2560/12089 (21%)]	Loss: 0.010149 0.90625
Train Epoch: 144 [5120/12089 (42%)]	Loss: 0.009977 0.921875
Train Epoch: 144 [7680/12089 (63%)]	Loss: 0.010087 0.90625
Train Epoch: 144 [10240/12089 (85%)]	Loss: 0.009951 0.890625
====> Epoch: 144 Average loss: 0.0100

Test set: Average loss: 0.6394, Accuracy: (90%)

Train Epoch: 145 [0/12089 (0%)]	Loss: 0.009908 0.9375
Train Epoch: 145 [2560/12089 (21%)]	Loss: 0.009963 0.953125
Train Epoch: 145 [5120/12089 (42%)]	Loss: 0.010008 0.859375
Train Epoch: 145 [7680/12089 (63%)]	Loss: 0.010080 0.890625
Train Epoch: 145 [10240/12089 (85%)]	Loss: 0.009908 0.953125
====> Epoch: 145 Average loss: 0.0100

Test set: Average loss: 0.6388, Accuracy: (90%)

Train Epoch: 146 [0/12089 (0%)]	Loss: 0.010091 0.859375
Train Epoch: 146 [2560/12089 (21%)]	Loss: 0.010032 0.921875
Train Epoch: 146 [5120/12089 (42%)]	Loss: 0.009899 0.921875
Train Epoch: 146 [7680/12089 (63%)]	Loss: 0.009943 0.859375
Train Epoch: 146 [10240/12089 (85%)]	Loss: 0.009898 0.90625
====> Epoch: 146 Average loss: 0.0100

Test set: Average loss: 0.6382, Accuracy: (90%)

Train Epoch: 147 [0/12089 (0%)]	Loss: 0.010192 0.796875
Train Epoch: 147 [2560/12089 (21%)]	Loss: 0.009987 0.828125
Train Epoch: 147 [5120/12089 (42%)]	Loss: 0.010053 0.875
Train Epoch: 147 [7680/12089 (63%)]	Loss: 0.009943 0.875
Train Epoch: 147 [10240/12089 (85%)]	Loss: 0.009852 0.96875
====> Epoch: 147 Average loss: 0.0100

Test set: Average loss: 0.6375, Accuracy: (90%)

Train Epoch: 148 [0/12089 (0%)]	Loss: 0.010037 0.90625
Train Epoch: 148 [2560/12089 (21%)]	Loss: 0.009995 0.890625
Train Epoch: 148 [5120/12089 (42%)]	Loss: 0.010031 0.859375
Train Epoch: 148 [7680/12089 (63%)]	Loss: 0.010040 0.859375
Train Epoch: 148 [10240/12089 (85%)]	Loss: 0.009981 0.890625
====> Epoch: 148 Average loss: 0.0100

Test set: Average loss: 0.6369, Accuracy: (90%)

Train Epoch: 149 [0/12089 (0%)]	Loss: 0.009878 0.9375
Train Epoch: 149 [2560/12089 (21%)]	Loss: 0.010024 0.90625
Train Epoch: 149 [5120/12089 (42%)]	Loss: 0.009953 0.9375
Train Epoch: 149 [7680/12089 (63%)]	Loss: 0.009975 0.875
Train Epoch: 149 [10240/12089 (85%)]	Loss: 0.009971 0.90625
====> Epoch: 149 Average loss: 0.0100

Test set: Average loss: 0.6363, Accuracy: (90%)

Train Epoch: 150 [0/12089 (0%)]	Loss: 0.009891 0.921875
Train Epoch: 150 [2560/12089 (21%)]	Loss: 0.009976 0.890625
Train Epoch: 150 [5120/12089 (42%)]	Loss: 0.010119 0.84375
Train Epoch: 150 [7680/12089 (63%)]	Loss: 0.009977 0.90625
Train Epoch: 150 [10240/12089 (85%)]	Loss: 0.009982 0.859375
====> Epoch: 150 Average loss: 0.0099

Test set: Average loss: 0.6357, Accuracy: (90%)

Train Epoch: 1 [0/12089 (0%)]	Loss: 0.010830 0.5
Train Epoch: 1 [2560/12089 (21%)]	Loss: 0.010831 0.46875
Train Epoch: 1 [5120/12089 (42%)]	Loss: 0.010830 0.5
Train Epoch: 1 [7680/12089 (63%)]	Loss: 0.010831 0.453125
Train Epoch: 1 [10240/12089 (85%)]	Loss: 0.010831 0.46875
====> Epoch: 1 Average loss: 0.0108

Test set: Average loss: 0.6932, Accuracy: (49%)

Train Epoch: 2 [0/12089 (0%)]	Loss: 0.010830 0.546875
Train Epoch: 2 [2560/12089 (21%)]	Loss: 0.010831 0.46875
Train Epoch: 2 [5120/12089 (42%)]	Loss: 0.010831 0.4375
Train Epoch: 2 [7680/12089 (63%)]	Loss: 0.010829 0.59375
Train Epoch: 2 [10240/12089 (85%)]	Loss: 0.010831 0.46875
====> Epoch: 2 Average loss: 0.0108

Test set: Average loss: 0.6932, Accuracy: (49%)

Train Epoch: 3 [0/12089 (0%)]	Loss: 0.010831 0.46875
Train Epoch: 3 [2560/12089 (21%)]	Loss: 0.010831 0.484375
Train Epoch: 3 [5120/12089 (42%)]	Loss: 0.010830 0.515625
Train Epoch: 3 [7680/12089 (63%)]	Loss: 0.010830 0.515625
Train Epoch: 3 [10240/12089 (85%)]	Loss: 0.010829 0.5625
====> Epoch: 3 Average loss: 0.0108

Test set: Average loss: 0.6932, Accuracy: (49%)

Train Epoch: 4 [0/12089 (0%)]	Loss: 0.010831 0.453125
Train Epoch: 4 [2560/12089 (21%)]	Loss: 0.010831 0.453125
Train Epoch: 4 [5120/12089 (42%)]	Loss: 0.010828 0.59375
Train Epoch: 4 [7680/12089 (63%)]	Loss: 0.010832 0.4375
Train Epoch: 4 [10240/12089 (85%)]	Loss: 0.010829 0.5625
====> Epoch: 4 Average loss: 0.0108

Test set: Average loss: 0.6932, Accuracy: (49%)

Train Epoch: 5 [0/12089 (0%)]	Loss: 0.010829 0.546875
Train Epoch: 5 [2560/12089 (21%)]	Loss: 0.010832 0.421875
Train Epoch: 5 [5120/12089 (42%)]	Loss: 0.010833 0.375
Train Epoch: 5 [7680/12089 (63%)]	Loss: 0.010830 0.5
Train Epoch: 5 [10240/12089 (85%)]	Loss: 0.010830 0.515625
====> Epoch: 5 Average loss: 0.0108

Test set: Average loss: 0.6931, Accuracy: (49%)

Train Epoch: 6 [0/12089 (0%)]	Loss: 0.010832 0.421875
Train Epoch: 6 [2560/12089 (21%)]	Loss: 0.010831 0.46875
Train Epoch: 6 [5120/12089 (42%)]	Loss: 0.010827 0.609375
Train Epoch: 6 [7680/12089 (63%)]	Loss: 0.010832 0.453125
Train Epoch: 6 [10240/12089 (85%)]	Loss: 0.010831 0.484375
====> Epoch: 6 Average loss: 0.0108

Test set: Average loss: 0.6931, Accuracy: (49%)

Train Epoch: 7 [0/12089 (0%)]	Loss: 0.010830 0.5
Train Epoch: 7 [2560/12089 (21%)]	Loss: 0.010832 0.453125
Train Epoch: 7 [5120/12089 (42%)]	Loss: 0.010831 0.484375
Train Epoch: 7 [7680/12089 (63%)]	Loss: 0.010830 0.5
Train Epoch: 7 [10240/12089 (85%)]	Loss: 0.010828 0.5625
====> Epoch: 7 Average loss: 0.0108

Test set: Average loss: 0.6931, Accuracy: (49%)

Train Epoch: 8 [0/12089 (0%)]	Loss: 0.010828 0.5625
Train Epoch: 8 [2560/12089 (21%)]	Loss: 0.010829 0.515625
Train Epoch: 8 [5120/12089 (42%)]	Loss: 0.010829 0.53125
Train Epoch: 8 [7680/12089 (63%)]	Loss: 0.010829 0.515625
Train Epoch: 8 [10240/12089 (85%)]	Loss: 0.010820 0.765625
====> Epoch: 8 Average loss: 0.0108

Test set: Average loss: 0.6931, Accuracy: (49%)

Train Epoch: 9 [0/12089 (0%)]	Loss: 0.010828 0.546875
Train Epoch: 9 [2560/12089 (21%)]	Loss: 0.010831 0.46875
Train Epoch: 9 [5120/12089 (42%)]	Loss: 0.010830 0.5
Train Epoch: 9 [7680/12089 (63%)]	Loss: 0.010834 0.390625
Train Epoch: 9 [10240/12089 (85%)]	Loss: 0.010829 0.515625
====> Epoch: 9 Average loss: 0.0108

Test set: Average loss: 0.6931, Accuracy: (49%)

Train Epoch: 10 [0/12089 (0%)]	Loss: 0.010829 0.515625
Train Epoch: 10 [2560/12089 (21%)]	Loss: 0.010822 0.671875
Train Epoch: 10 [5120/12089 (42%)]	Loss: 0.010828 0.53125
Train Epoch: 10 [7680/12089 (63%)]	Loss: 0.010830 0.484375
Train Epoch: 10 [10240/12089 (85%)]	Loss: 0.010832 0.453125
====> Epoch: 10 Average loss: 0.0108

Test set: Average loss: 0.6931, Accuracy: (49%)

Train Epoch: 11 [0/12089 (0%)]	Loss: 0.010832 0.4375
Train Epoch: 11 [2560/12089 (21%)]	Loss: 0.010829 0.5
Train Epoch: 11 [5120/12089 (42%)]	Loss: 0.010828 0.53125
Train Epoch: 11 [7680/12089 (63%)]	Loss: 0.010828 0.515625
Train Epoch: 11 [10240/12089 (85%)]	Loss: 0.010828 0.53125
====> Epoch: 11 Average loss: 0.0108

Test set: Average loss: 0.6931, Accuracy: (49%)

Train Epoch: 12 [0/12089 (0%)]	Loss: 0.010832 0.421875
Train Epoch: 12 [2560/12089 (21%)]	Loss: 0.010828 0.515625
Train Epoch: 12 [5120/12089 (42%)]	Loss: 0.010829 0.5
Train Epoch: 12 [7680/12089 (63%)]	Loss: 0.010831 0.453125
Train Epoch: 12 [10240/12089 (85%)]	Loss: 0.010828 0.5
====> Epoch: 12 Average loss: 0.0108

Test set: Average loss: 0.6930, Accuracy: (49%)

Train Epoch: 13 [0/12089 (0%)]	Loss: 0.010827 0.53125
Train Epoch: 13 [2560/12089 (21%)]	Loss: 0.010828 0.5
Train Epoch: 13 [5120/12089 (42%)]	Loss: 0.010826 0.546875
Train Epoch: 13 [7680/12089 (63%)]	Loss: 0.010826 0.53125
Train Epoch: 13 [10240/12089 (85%)]	Loss: 0.010831 0.453125
====> Epoch: 13 Average loss: 0.0108

Test set: Average loss: 0.6930, Accuracy: (49%)

Train Epoch: 14 [0/12089 (0%)]	Loss: 0.010830 0.46875
Train Epoch: 14 [2560/12089 (21%)]	Loss: 0.010824 0.578125
Train Epoch: 14 [5120/12089 (42%)]	Loss: 0.010824 0.578125
Train Epoch: 14 [7680/12089 (63%)]	Loss: 0.010820 0.625
Train Epoch: 14 [10240/12089 (85%)]	Loss: 0.010822 0.59375
====> Epoch: 14 Average loss: 0.0108

Test set: Average loss: 0.6930, Accuracy: (49%)

Train Epoch: 15 [0/12089 (0%)]	Loss: 0.010825 0.546875
Train Epoch: 15 [2560/12089 (21%)]	Loss: 0.010823 0.5625
Train Epoch: 15 [5120/12089 (42%)]	Loss: 0.010824 0.546875
Train Epoch: 15 [7680/12089 (63%)]	Loss: 0.010825 0.53125
Train Epoch: 15 [10240/12089 (85%)]	Loss: 0.010824 0.546875
====> Epoch: 15 Average loss: 0.0108

Test set: Average loss: 0.6929, Accuracy: (49%)

Train Epoch: 16 [0/12089 (0%)]	Loss: 0.010832 0.40625
Train Epoch: 16 [2560/12089 (21%)]	Loss: 0.010827 0.5
Train Epoch: 16 [5120/12089 (42%)]	Loss: 0.010821 0.59375
Train Epoch: 16 [7680/12089 (63%)]	Loss: 0.010822 0.578125
Train Epoch: 16 [10240/12089 (85%)]	Loss: 0.010832 0.390625
====> Epoch: 16 Average loss: 0.0108

Test set: Average loss: 0.6929, Accuracy: (49%)

Train Epoch: 17 [0/12089 (0%)]	Loss: 0.010825 0.515625
Train Epoch: 17 [2560/12089 (21%)]	Loss: 0.010830 0.4375
Train Epoch: 17 [5120/12089 (42%)]	Loss: 0.010826 0.46875
Train Epoch: 17 [7680/12089 (63%)]	Loss: 0.010820 0.578125
Train Epoch: 17 [10240/12089 (85%)]	Loss: 0.010818 0.609375
====> Epoch: 17 Average loss: 0.0108

Test set: Average loss: 0.6928, Accuracy: (49%)

Train Epoch: 18 [0/12089 (0%)]	Loss: 0.010831 0.40625
Train Epoch: 18 [2560/12089 (21%)]	Loss: 0.010829 0.4375
Train Epoch: 18 [5120/12089 (42%)]	Loss: 0.010827 0.453125
Train Epoch: 18 [7680/12089 (63%)]	Loss: 0.010825 0.5
Train Epoch: 18 [10240/12089 (85%)]	Loss: 0.010817 0.59375
====> Epoch: 18 Average loss: 0.0108

Test set: Average loss: 0.6928, Accuracy: (49%)

Train Epoch: 19 [0/12089 (0%)]	Loss: 0.010821 0.546875
Train Epoch: 19 [2560/12089 (21%)]	Loss: 0.010822 0.515625
Train Epoch: 19 [5120/12089 (42%)]	Loss: 0.010826 0.46875
Train Epoch: 19 [7680/12089 (63%)]	Loss: 0.010820 0.546875
Train Epoch: 19 [10240/12089 (85%)]	Loss: 0.010821 0.515625
====> Epoch: 19 Average loss: 0.0108

Test set: Average loss: 0.6927, Accuracy: (49%)

Train Epoch: 20 [0/12089 (0%)]	Loss: 0.010829 0.421875
Train Epoch: 20 [2560/12089 (21%)]	Loss: 0.010827 0.4375
Train Epoch: 20 [5120/12089 (42%)]	Loss: 0.010830 0.40625
Train Epoch: 20 [7680/12089 (63%)]	Loss: 0.010811 0.65625
Train Epoch: 20 [10240/12089 (85%)]	Loss: 0.010823 0.46875
====> Epoch: 20 Average loss: 0.0108

Test set: Average loss: 0.6926, Accuracy: (49%)

Train Epoch: 21 [0/12089 (0%)]	Loss: 0.010830 0.390625
Train Epoch: 21 [2560/12089 (21%)]	Loss: 0.010823 0.46875
Train Epoch: 21 [5120/12089 (42%)]	Loss: 0.010823 0.484375
Train Epoch: 21 [7680/12089 (63%)]	Loss: 0.010823 0.46875
Train Epoch: 21 [10240/12089 (85%)]	Loss: 0.010822 0.46875
====> Epoch: 21 Average loss: 0.0108

Test set: Average loss: 0.6925, Accuracy: (49%)

Train Epoch: 22 [0/12089 (0%)]	Loss: 0.010823 0.484375
Train Epoch: 22 [2560/12089 (21%)]	Loss: 0.010817 0.53125
Train Epoch: 22 [5120/12089 (42%)]	Loss: 0.010818 0.53125
Train Epoch: 22 [7680/12089 (63%)]	Loss: 0.010819 0.515625
Train Epoch: 22 [10240/12089 (85%)]	Loss: 0.010818 0.515625
====> Epoch: 22 Average loss: 0.0108

Test set: Average loss: 0.6924, Accuracy: (49%)

Train Epoch: 23 [0/12089 (0%)]	Loss: 0.010826 0.421875
Train Epoch: 23 [2560/12089 (21%)]	Loss: 0.010823 0.4375
Train Epoch: 23 [5120/12089 (42%)]	Loss: 0.010822 0.46875
Train Epoch: 23 [7680/12089 (63%)]	Loss: 0.010818 0.484375
Train Epoch: 23 [10240/12089 (85%)]	Loss: 0.010809 0.609375
====> Epoch: 23 Average loss: 0.0108

Test set: Average loss: 0.6923, Accuracy: (49%)

Train Epoch: 24 [0/12089 (0%)]	Loss: 0.010820 0.453125
Train Epoch: 24 [2560/12089 (21%)]	Loss: 0.010822 0.421875
Train Epoch: 24 [5120/12089 (42%)]	Loss: 0.010811 0.578125
Train Epoch: 24 [7680/12089 (63%)]	Loss: 0.010815 0.515625
Train Epoch: 24 [10240/12089 (85%)]	Loss: 0.010826 0.390625
====> Epoch: 24 Average loss: 0.0108

Test set: Average loss: 0.6922, Accuracy: (49%)

Train Epoch: 25 [0/12089 (0%)]	Loss: 0.010814 0.53125
Train Epoch: 25 [2560/12089 (21%)]	Loss: 0.010819 0.453125
Train Epoch: 25 [5120/12089 (42%)]	Loss: 0.010815 0.5
Train Epoch: 25 [7680/12089 (63%)]	Loss: 0.010807 0.59375
Train Epoch: 25 [10240/12089 (85%)]	Loss: 0.010809 0.578125
====> Epoch: 25 Average loss: 0.0108

Test set: Average loss: 0.6921, Accuracy: (49%)

Train Epoch: 26 [0/12089 (0%)]	Loss: 0.010817 0.484375
Train Epoch: 26 [2560/12089 (21%)]	Loss: 0.010821 0.421875
Train Epoch: 26 [5120/12089 (42%)]	Loss: 0.010826 0.390625
Train Epoch: 26 [7680/12089 (63%)]	Loss: 0.010801 0.609375
Train Epoch: 26 [10240/12089 (85%)]	Loss: 0.010815 0.484375
====> Epoch: 26 Average loss: 0.0108

Test set: Average loss: 0.6920, Accuracy: (50%)

Train Epoch: 27 [0/12089 (0%)]	Loss: 0.010826 0.375
Train Epoch: 27 [2560/12089 (21%)]	Loss: 0.010814 0.484375
Train Epoch: 27 [5120/12089 (42%)]	Loss: 0.010822 0.390625
Train Epoch: 27 [7680/12089 (63%)]	Loss: 0.010809 0.53125
Train Epoch: 27 [10240/12089 (85%)]	Loss: 0.010809 0.53125
====> Epoch: 27 Average loss: 0.0108

Test set: Average loss: 0.6919, Accuracy: (50%)

Train Epoch: 28 [0/12089 (0%)]	Loss: 0.010818 0.4375
Train Epoch: 28 [2560/12089 (21%)]	Loss: 0.010801 0.578125
Train Epoch: 28 [5120/12089 (42%)]	Loss: 0.010813 0.46875
Train Epoch: 28 [7680/12089 (63%)]	Loss: 0.010806 0.515625
Train Epoch: 28 [10240/12089 (85%)]	Loss: 0.010809 0.5
====> Epoch: 28 Average loss: 0.0108

Test set: Average loss: 0.6917, Accuracy: (51%)

Train Epoch: 29 [0/12089 (0%)]	Loss: 0.010810 0.484375
Train Epoch: 29 [2560/12089 (21%)]	Loss: 0.010804 0.578125
Train Epoch: 29 [5120/12089 (42%)]	Loss: 0.010814 0.453125
Train Epoch: 29 [7680/12089 (63%)]	Loss: 0.010812 0.484375
Train Epoch: 29 [10240/12089 (85%)]	Loss: 0.010810 0.484375
====> Epoch: 29 Average loss: 0.0108

Test set: Average loss: 0.6916, Accuracy: (52%)

Train Epoch: 30 [0/12089 (0%)]	Loss: 0.010793 0.625
Train Epoch: 30 [2560/12089 (21%)]	Loss: 0.010798 0.671875
Train Epoch: 30 [5120/12089 (42%)]	Loss: 0.010802 0.53125
Train Epoch: 30 [7680/12089 (63%)]	Loss: 0.010798 0.5625
Train Epoch: 30 [10240/12089 (85%)]	Loss: 0.010795 0.609375
====> Epoch: 30 Average loss: 0.0108

Test set: Average loss: 0.6914, Accuracy: (52%)

Train Epoch: 31 [0/12089 (0%)]	Loss: 0.010806 0.5
Train Epoch: 31 [2560/12089 (21%)]	Loss: 0.010795 0.625
Train Epoch: 31 [5120/12089 (42%)]	Loss: 0.010804 0.5
Train Epoch: 31 [7680/12089 (63%)]	Loss: 0.010806 0.5
Train Epoch: 31 [10240/12089 (85%)]	Loss: 0.010807 0.53125
====> Epoch: 31 Average loss: 0.0108

Test set: Average loss: 0.6913, Accuracy: (54%)

Train Epoch: 32 [0/12089 (0%)]	Loss: 0.010802 0.5
Train Epoch: 32 [2560/12089 (21%)]	Loss: 0.010799 0.5625
Train Epoch: 32 [5120/12089 (42%)]	Loss: 0.010800 0.578125
Train Epoch: 32 [7680/12089 (63%)]	Loss: 0.010804 0.53125
Train Epoch: 32 [10240/12089 (85%)]	Loss: 0.010800 0.609375
====> Epoch: 32 Average loss: 0.0108

Test set: Average loss: 0.6911, Accuracy: (55%)

Train Epoch: 33 [0/12089 (0%)]	Loss: 0.010800 0.53125
Train Epoch: 33 [2560/12089 (21%)]	Loss: 0.010800 0.53125
Train Epoch: 33 [5120/12089 (42%)]	Loss: 0.010796 0.546875
Train Epoch: 33 [7680/12089 (63%)]	Loss: 0.010797 0.53125
Train Epoch: 33 [10240/12089 (85%)]	Loss: 0.010782 0.609375
====> Epoch: 33 Average loss: 0.0108

Test set: Average loss: 0.6909, Accuracy: (56%)

Train Epoch: 34 [0/12089 (0%)]	Loss: 0.010790 0.640625
Train Epoch: 34 [2560/12089 (21%)]	Loss: 0.010790 0.609375
Train Epoch: 34 [5120/12089 (42%)]	Loss: 0.010787 0.640625
Train Epoch: 34 [7680/12089 (63%)]	Loss: 0.010784 0.671875
Train Epoch: 34 [10240/12089 (85%)]	Loss: 0.010780 0.671875
====> Epoch: 34 Average loss: 0.0108

Test set: Average loss: 0.6908, Accuracy: (58%)

Train Epoch: 35 [0/12089 (0%)]	Loss: 0.010785 0.671875
Train Epoch: 35 [2560/12089 (21%)]	Loss: 0.010783 0.65625
Train Epoch: 35 [5120/12089 (42%)]	Loss: 0.010797 0.5625
Train Epoch: 35 [7680/12089 (63%)]	Loss: 0.010791 0.59375
Train Epoch: 35 [10240/12089 (85%)]	Loss: 0.010791 0.59375
====> Epoch: 35 Average loss: 0.0108

Test set: Average loss: 0.6906, Accuracy: (60%)

Train Epoch: 36 [0/12089 (0%)]	Loss: 0.010792 0.59375
Train Epoch: 36 [2560/12089 (21%)]	Loss: 0.010793 0.609375
Train Epoch: 36 [5120/12089 (42%)]	Loss: 0.010780 0.671875
Train Epoch: 36 [7680/12089 (63%)]	Loss: 0.010805 0.484375
Train Epoch: 36 [10240/12089 (85%)]	Loss: 0.010794 0.578125
====> Epoch: 36 Average loss: 0.0108

Test set: Average loss: 0.6904, Accuracy: (61%)

Train Epoch: 37 [0/12089 (0%)]	Loss: 0.010790 0.640625
Train Epoch: 37 [2560/12089 (21%)]	Loss: 0.010789 0.546875
Train Epoch: 37 [5120/12089 (42%)]	Loss: 0.010792 0.578125
Train Epoch: 37 [7680/12089 (63%)]	Loss: 0.010778 0.65625
Train Epoch: 37 [10240/12089 (85%)]	Loss: 0.010781 0.609375
====> Epoch: 37 Average loss: 0.0108

Test set: Average loss: 0.6901, Accuracy: (62%)

Train Epoch: 38 [0/12089 (0%)]	Loss: 0.010775 0.703125
Train Epoch: 38 [2560/12089 (21%)]	Loss: 0.010789 0.578125
Train Epoch: 38 [5120/12089 (42%)]	Loss: 0.010789 0.59375
Train Epoch: 38 [7680/12089 (63%)]	Loss: 0.010786 0.5625
Train Epoch: 38 [10240/12089 (85%)]	Loss: 0.010781 0.640625
====> Epoch: 38 Average loss: 0.0108

Test set: Average loss: 0.6899, Accuracy: (64%)

Train Epoch: 39 [0/12089 (0%)]	Loss: 0.010782 0.59375
Train Epoch: 39 [2560/12089 (21%)]	Loss: 0.010776 0.640625
Train Epoch: 39 [5120/12089 (42%)]	Loss: 0.010798 0.546875
Train Epoch: 39 [7680/12089 (63%)]	Loss: 0.010775 0.640625
Train Epoch: 39 [10240/12089 (85%)]	Loss: 0.010779 0.671875
====> Epoch: 39 Average loss: 0.0108

Test set: Average loss: 0.6897, Accuracy: (65%)

Train Epoch: 40 [0/12089 (0%)]	Loss: 0.010802 0.578125
Train Epoch: 40 [2560/12089 (21%)]	Loss: 0.010781 0.640625
Train Epoch: 40 [5120/12089 (42%)]	Loss: 0.010775 0.65625
Train Epoch: 40 [7680/12089 (63%)]	Loss: 0.010766 0.75
Train Epoch: 40 [10240/12089 (85%)]	Loss: 0.010764 0.6875
====> Epoch: 40 Average loss: 0.0108

Test set: Average loss: 0.6895, Accuracy: (66%)

Train Epoch: 41 [0/12089 (0%)]	Loss: 0.010752 0.734375
Train Epoch: 41 [2560/12089 (21%)]	Loss: 0.010766 0.71875
Train Epoch: 41 [5120/12089 (42%)]	Loss: 0.010771 0.6875
Train Epoch: 41 [7680/12089 (63%)]	Loss: 0.010777 0.65625
Train Epoch: 41 [10240/12089 (85%)]	Loss: 0.010773 0.640625
====> Epoch: 41 Average loss: 0.0108

Test set: Average loss: 0.6892, Accuracy: (67%)

Train Epoch: 42 [0/12089 (0%)]	Loss: 0.010777 0.6875
Train Epoch: 42 [2560/12089 (21%)]	Loss: 0.010777 0.671875
Train Epoch: 42 [5120/12089 (42%)]	Loss: 0.010756 0.71875
Train Epoch: 42 [7680/12089 (63%)]	Loss: 0.010768 0.6875
Train Epoch: 42 [10240/12089 (85%)]	Loss: 0.010775 0.671875
====> Epoch: 42 Average loss: 0.0108

Test set: Average loss: 0.6890, Accuracy: (68%)

Train Epoch: 43 [0/12089 (0%)]	Loss: 0.010763 0.703125
Train Epoch: 43 [2560/12089 (21%)]	Loss: 0.010750 0.734375
Train Epoch: 43 [5120/12089 (42%)]	Loss: 0.010759 0.75
Train Epoch: 43 [7680/12089 (63%)]	Loss: 0.010766 0.6875
Train Epoch: 43 [10240/12089 (85%)]	Loss: 0.010761 0.734375
====> Epoch: 43 Average loss: 0.0108

Test set: Average loss: 0.6887, Accuracy: (69%)

Train Epoch: 44 [0/12089 (0%)]	Loss: 0.010769 0.71875
Train Epoch: 44 [2560/12089 (21%)]	Loss: 0.010786 0.671875
Train Epoch: 44 [5120/12089 (42%)]	Loss: 0.010777 0.640625
Train Epoch: 44 [7680/12089 (63%)]	Loss: 0.010755 0.71875
Train Epoch: 44 [10240/12089 (85%)]	Loss: 0.010765 0.703125
====> Epoch: 44 Average loss: 0.0108

Test set: Average loss: 0.6884, Accuracy: (70%)

Train Epoch: 45 [0/12089 (0%)]	Loss: 0.010768 0.71875
Train Epoch: 45 [2560/12089 (21%)]	Loss: 0.010732 0.78125
Train Epoch: 45 [5120/12089 (42%)]	Loss: 0.010750 0.796875
Train Epoch: 45 [7680/12089 (63%)]	Loss: 0.010750 0.75
Train Epoch: 45 [10240/12089 (85%)]	Loss: 0.010747 0.71875
====> Epoch: 45 Average loss: 0.0108

Test set: Average loss: 0.6882, Accuracy: (71%)

Train Epoch: 46 [0/12089 (0%)]	Loss: 0.010763 0.6875
Train Epoch: 46 [2560/12089 (21%)]	Loss: 0.010759 0.6875
Train Epoch: 46 [5120/12089 (42%)]	Loss: 0.010735 0.78125
Train Epoch: 46 [7680/12089 (63%)]	Loss: 0.010752 0.65625
Train Epoch: 46 [10240/12089 (85%)]	Loss: 0.010743 0.78125
====> Epoch: 46 Average loss: 0.0108

Test set: Average loss: 0.6879, Accuracy: (72%)

Train Epoch: 47 [0/12089 (0%)]	Loss: 0.010726 0.796875
Train Epoch: 47 [2560/12089 (21%)]	Loss: 0.010736 0.75
Train Epoch: 47 [5120/12089 (42%)]	Loss: 0.010726 0.8125
Train Epoch: 47 [7680/12089 (63%)]	Loss: 0.010735 0.78125
Train Epoch: 47 [10240/12089 (85%)]	Loss: 0.010742 0.765625
====> Epoch: 47 Average loss: 0.0108

Test set: Average loss: 0.6876, Accuracy: (73%)

Train Epoch: 48 [0/12089 (0%)]	Loss: 0.010740 0.75
Train Epoch: 48 [2560/12089 (21%)]	Loss: 0.010738 0.71875
Train Epoch: 48 [5120/12089 (42%)]	Loss: 0.010747 0.71875
Train Epoch: 48 [7680/12089 (63%)]	Loss: 0.010733 0.796875
Train Epoch: 48 [10240/12089 (85%)]	Loss: 0.010746 0.734375
====> Epoch: 48 Average loss: 0.0107

Test set: Average loss: 0.6873, Accuracy: (74%)

Train Epoch: 49 [0/12089 (0%)]	Loss: 0.010741 0.671875
Train Epoch: 49 [2560/12089 (21%)]	Loss: 0.010735 0.75
Train Epoch: 49 [5120/12089 (42%)]	Loss: 0.010731 0.71875
Train Epoch: 49 [7680/12089 (63%)]	Loss: 0.010746 0.765625
Train Epoch: 49 [10240/12089 (85%)]	Loss: 0.010742 0.796875
====> Epoch: 49 Average loss: 0.0107

Test set: Average loss: 0.6869, Accuracy: (75%)

Train Epoch: 50 [0/12089 (0%)]	Loss: 0.010759 0.71875
Train Epoch: 50 [2560/12089 (21%)]	Loss: 0.010724 0.828125
Train Epoch: 50 [5120/12089 (42%)]	Loss: 0.010727 0.8125
Train Epoch: 50 [7680/12089 (63%)]	Loss: 0.010767 0.625
Train Epoch: 50 [10240/12089 (85%)]	Loss: 0.010743 0.78125
====> Epoch: 50 Average loss: 0.0107

Test set: Average loss: 0.6866, Accuracy: (76%)

Train Epoch: 51 [0/12089 (0%)]	Loss: 0.010729 0.796875
Train Epoch: 51 [2560/12089 (21%)]	Loss: 0.010726 0.734375
Train Epoch: 51 [5120/12089 (42%)]	Loss: 0.010721 0.765625
Train Epoch: 51 [7680/12089 (63%)]	Loss: 0.010697 0.859375
Train Epoch: 51 [10240/12089 (85%)]	Loss: 0.010702 0.8125
====> Epoch: 51 Average loss: 0.0107

Test set: Average loss: 0.6863, Accuracy: (76%)

Train Epoch: 52 [0/12089 (0%)]	Loss: 0.010694 0.8125
Train Epoch: 52 [2560/12089 (21%)]	Loss: 0.010719 0.75
Train Epoch: 52 [5120/12089 (42%)]	Loss: 0.010708 0.765625
Train Epoch: 52 [7680/12089 (63%)]	Loss: 0.010748 0.71875
Train Epoch: 52 [10240/12089 (85%)]	Loss: 0.010740 0.734375
====> Epoch: 52 Average loss: 0.0107

Test set: Average loss: 0.6859, Accuracy: (77%)

Train Epoch: 53 [0/12089 (0%)]	Loss: 0.010692 0.828125
Train Epoch: 53 [2560/12089 (21%)]	Loss: 0.010707 0.828125
Train Epoch: 53 [5120/12089 (42%)]	Loss: 0.010725 0.8125
Train Epoch: 53 [7680/12089 (63%)]	Loss: 0.010735 0.75
Train Epoch: 53 [10240/12089 (85%)]	Loss: 0.010708 0.796875
====> Epoch: 53 Average loss: 0.0107

Test set: Average loss: 0.6856, Accuracy: (77%)

Train Epoch: 54 [0/12089 (0%)]	Loss: 0.010707 0.78125
Train Epoch: 54 [2560/12089 (21%)]	Loss: 0.010723 0.6875
Train Epoch: 54 [5120/12089 (42%)]	Loss: 0.010727 0.734375
Train Epoch: 54 [7680/12089 (63%)]	Loss: 0.010683 0.796875
Train Epoch: 54 [10240/12089 (85%)]	Loss: 0.010724 0.765625
====> Epoch: 54 Average loss: 0.0107

Test set: Average loss: 0.6852, Accuracy: (77%)

Train Epoch: 55 [0/12089 (0%)]	Loss: 0.010702 0.84375
Train Epoch: 55 [2560/12089 (21%)]	Loss: 0.010712 0.75
Train Epoch: 55 [5120/12089 (42%)]	Loss: 0.010708 0.765625
Train Epoch: 55 [7680/12089 (63%)]	Loss: 0.010694 0.859375
Train Epoch: 55 [10240/12089 (85%)]	Loss: 0.010691 0.765625
====> Epoch: 55 Average loss: 0.0107

Test set: Average loss: 0.6849, Accuracy: (78%)

Train Epoch: 56 [0/12089 (0%)]	Loss: 0.010712 0.8125
Train Epoch: 56 [2560/12089 (21%)]	Loss: 0.010733 0.71875
Train Epoch: 56 [5120/12089 (42%)]	Loss: 0.010721 0.765625
Train Epoch: 56 [7680/12089 (63%)]	Loss: 0.010708 0.71875
Train Epoch: 56 [10240/12089 (85%)]	Loss: 0.010668 0.875
====> Epoch: 56 Average loss: 0.0107

Test set: Average loss: 0.6845, Accuracy: (78%)

Train Epoch: 57 [0/12089 (0%)]	Loss: 0.010690 0.796875
Train Epoch: 57 [2560/12089 (21%)]	Loss: 0.010698 0.78125
Train Epoch: 57 [5120/12089 (42%)]	Loss: 0.010707 0.765625
Train Epoch: 57 [7680/12089 (63%)]	Loss: 0.010712 0.78125
Train Epoch: 57 [10240/12089 (85%)]	Loss: 0.010667 0.890625
====> Epoch: 57 Average loss: 0.0107

Test set: Average loss: 0.6841, Accuracy: (79%)

Train Epoch: 58 [0/12089 (0%)]	Loss: 0.010669 0.859375
Train Epoch: 58 [2560/12089 (21%)]	Loss: 0.010666 0.84375
Train Epoch: 58 [5120/12089 (42%)]	Loss: 0.010672 0.84375
Train Epoch: 58 [7680/12089 (63%)]	Loss: 0.010699 0.765625
Train Epoch: 58 [10240/12089 (85%)]	Loss: 0.010657 0.8125
====> Epoch: 58 Average loss: 0.0107

Test set: Average loss: 0.6837, Accuracy: (80%)

Train Epoch: 59 [0/12089 (0%)]	Loss: 0.010669 0.828125
Train Epoch: 59 [2560/12089 (21%)]	Loss: 0.010670 0.84375
Train Epoch: 59 [5120/12089 (42%)]	Loss: 0.010682 0.859375
Train Epoch: 59 [7680/12089 (63%)]	Loss: 0.010678 0.828125
Train Epoch: 59 [10240/12089 (85%)]	Loss: 0.010670 0.796875
====> Epoch: 59 Average loss: 0.0107

Test set: Average loss: 0.6833, Accuracy: (80%)

Train Epoch: 60 [0/12089 (0%)]	Loss: 0.010701 0.8125
Train Epoch: 60 [2560/12089 (21%)]	Loss: 0.010669 0.796875
Train Epoch: 60 [5120/12089 (42%)]	Loss: 0.010643 0.828125
Train Epoch: 60 [7680/12089 (63%)]	Loss: 0.010689 0.765625
Train Epoch: 60 [10240/12089 (85%)]	Loss: 0.010632 0.84375
====> Epoch: 60 Average loss: 0.0107

Test set: Average loss: 0.6829, Accuracy: (81%)

Train Epoch: 61 [0/12089 (0%)]	Loss: 0.010636 0.859375
Train Epoch: 61 [2560/12089 (21%)]	Loss: 0.010664 0.828125
Train Epoch: 61 [5120/12089 (42%)]	Loss: 0.010698 0.796875
Train Epoch: 61 [7680/12089 (63%)]	Loss: 0.010699 0.75
Train Epoch: 61 [10240/12089 (85%)]	Loss: 0.010688 0.765625
====> Epoch: 61 Average loss: 0.0107

Test set: Average loss: 0.6825, Accuracy: (81%)

Train Epoch: 62 [0/12089 (0%)]	Loss: 0.010665 0.8125
Train Epoch: 62 [2560/12089 (21%)]	Loss: 0.010655 0.796875
Train Epoch: 62 [5120/12089 (42%)]	Loss: 0.010655 0.796875
Train Epoch: 62 [7680/12089 (63%)]	Loss: 0.010667 0.796875
Train Epoch: 62 [10240/12089 (85%)]	Loss: 0.010660 0.828125
====> Epoch: 62 Average loss: 0.0107

Test set: Average loss: 0.6820, Accuracy: (82%)

Train Epoch: 63 [0/12089 (0%)]	Loss: 0.010636 0.90625
Train Epoch: 63 [2560/12089 (21%)]	Loss: 0.010669 0.8125
Train Epoch: 63 [5120/12089 (42%)]	Loss: 0.010644 0.8125
Train Epoch: 63 [7680/12089 (63%)]	Loss: 0.010626 0.890625
Train Epoch: 63 [10240/12089 (85%)]	Loss: 0.010650 0.78125
====> Epoch: 63 Average loss: 0.0107

Test set: Average loss: 0.6816, Accuracy: (82%)

Train Epoch: 64 [0/12089 (0%)]	Loss: 0.010661 0.828125
Train Epoch: 64 [2560/12089 (21%)]	Loss: 0.010634 0.828125
Train Epoch: 64 [5120/12089 (42%)]	Loss: 0.010630 0.90625
Train Epoch: 64 [7680/12089 (63%)]	Loss: 0.010631 0.84375
Train Epoch: 64 [10240/12089 (85%)]	Loss: 0.010636 0.90625
====> Epoch: 64 Average loss: 0.0107

Test set: Average loss: 0.6812, Accuracy: (82%)

Train Epoch: 65 [0/12089 (0%)]	Loss: 0.010640 0.8125
Train Epoch: 65 [2560/12089 (21%)]	Loss: 0.010611 0.90625
Train Epoch: 65 [5120/12089 (42%)]	Loss: 0.010580 0.9375
Train Epoch: 65 [7680/12089 (63%)]	Loss: 0.010595 0.90625
Train Epoch: 65 [10240/12089 (85%)]	Loss: 0.010641 0.875
====> Epoch: 65 Average loss: 0.0106

Test set: Average loss: 0.6807, Accuracy: (82%)

Train Epoch: 66 [0/12089 (0%)]	Loss: 0.010656 0.8125
Train Epoch: 66 [2560/12089 (21%)]	Loss: 0.010612 0.859375
Train Epoch: 66 [5120/12089 (42%)]	Loss: 0.010674 0.765625
Train Epoch: 66 [7680/12089 (63%)]	Loss: 0.010642 0.765625
Train Epoch: 66 [10240/12089 (85%)]	Loss: 0.010601 0.90625
====> Epoch: 66 Average loss: 0.0106

Test set: Average loss: 0.6803, Accuracy: (83%)

Train Epoch: 67 [0/12089 (0%)]	Loss: 0.010597 0.859375
Train Epoch: 67 [2560/12089 (21%)]	Loss: 0.010605 0.859375
Train Epoch: 67 [5120/12089 (42%)]	Loss: 0.010583 0.890625
Train Epoch: 67 [7680/12089 (63%)]	Loss: 0.010591 0.84375
Train Epoch: 67 [10240/12089 (85%)]	Loss: 0.010621 0.8125
====> Epoch: 67 Average loss: 0.0106

Test set: Average loss: 0.6798, Accuracy: (83%)

Train Epoch: 68 [0/12089 (0%)]	Loss: 0.010590 0.875
Train Epoch: 68 [2560/12089 (21%)]	Loss: 0.010613 0.875
Train Epoch: 68 [5120/12089 (42%)]	Loss: 0.010599 0.859375
Train Epoch: 68 [7680/12089 (63%)]	Loss: 0.010600 0.84375
Train Epoch: 68 [10240/12089 (85%)]	Loss: 0.010600 0.84375
====> Epoch: 68 Average loss: 0.0106

Test set: Average loss: 0.6793, Accuracy: (83%)

Train Epoch: 69 [0/12089 (0%)]	Loss: 0.010650 0.859375
Train Epoch: 69 [2560/12089 (21%)]	Loss: 0.010609 0.828125
Train Epoch: 69 [5120/12089 (42%)]	Loss: 0.010617 0.875
Train Epoch: 69 [7680/12089 (63%)]	Loss: 0.010604 0.84375
Train Epoch: 69 [10240/12089 (85%)]	Loss: 0.010612 0.828125
====> Epoch: 69 Average loss: 0.0106

Test set: Average loss: 0.6788, Accuracy: (84%)

Train Epoch: 70 [0/12089 (0%)]	Loss: 0.010575 0.9375
Train Epoch: 70 [2560/12089 (21%)]	Loss: 0.010641 0.796875
Train Epoch: 70 [5120/12089 (42%)]	Loss: 0.010605 0.859375
Train Epoch: 70 [7680/12089 (63%)]	Loss: 0.010591 0.8125
Train Epoch: 70 [10240/12089 (85%)]	Loss: 0.010609 0.859375
====> Epoch: 70 Average loss: 0.0106

Test set: Average loss: 0.6783, Accuracy: (84%)

Train Epoch: 71 [0/12089 (0%)]	Loss: 0.010573 0.859375
Train Epoch: 71 [2560/12089 (21%)]	Loss: 0.010603 0.890625
Train Epoch: 71 [5120/12089 (42%)]	Loss: 0.010577 0.875
Train Epoch: 71 [7680/12089 (63%)]	Loss: 0.010563 0.84375
Train Epoch: 71 [10240/12089 (85%)]	Loss: 0.010630 0.8125
====> Epoch: 71 Average loss: 0.0106

Test set: Average loss: 0.6778, Accuracy: (84%)

Train Epoch: 72 [0/12089 (0%)]	Loss: 0.010591 0.890625
Train Epoch: 72 [2560/12089 (21%)]	Loss: 0.010550 0.90625
Train Epoch: 72 [5120/12089 (42%)]	Loss: 0.010609 0.796875
Train Epoch: 72 [7680/12089 (63%)]	Loss: 0.010579 0.84375
Train Epoch: 72 [10240/12089 (85%)]	Loss: 0.010583 0.828125
====> Epoch: 72 Average loss: 0.0106

Test set: Average loss: 0.6773, Accuracy: (84%)

Train Epoch: 73 [0/12089 (0%)]	Loss: 0.010531 0.921875
Train Epoch: 73 [2560/12089 (21%)]	Loss: 0.010546 0.859375
Train Epoch: 73 [5120/12089 (42%)]	Loss: 0.010555 0.84375
Train Epoch: 73 [7680/12089 (63%)]	Loss: 0.010572 0.796875
Train Epoch: 73 [10240/12089 (85%)]	Loss: 0.010565 0.875
====> Epoch: 73 Average loss: 0.0106

Test set: Average loss: 0.6768, Accuracy: (84%)

Train Epoch: 74 [0/12089 (0%)]	Loss: 0.010621 0.828125
Train Epoch: 74 [2560/12089 (21%)]	Loss: 0.010580 0.828125
Train Epoch: 74 [5120/12089 (42%)]	Loss: 0.010638 0.765625
Train Epoch: 74 [7680/12089 (63%)]	Loss: 0.010526 0.890625
Train Epoch: 74 [10240/12089 (85%)]	Loss: 0.010510 0.921875
====> Epoch: 74 Average loss: 0.0106

Test set: Average loss: 0.6763, Accuracy: (84%)

Train Epoch: 75 [0/12089 (0%)]	Loss: 0.010609 0.8125
Train Epoch: 75 [2560/12089 (21%)]	Loss: 0.010501 0.90625
Train Epoch: 75 [5120/12089 (42%)]	Loss: 0.010527 0.90625
Train Epoch: 75 [7680/12089 (63%)]	Loss: 0.010506 0.890625
Train Epoch: 75 [10240/12089 (85%)]	Loss: 0.010549 0.890625
====> Epoch: 75 Average loss: 0.0106

Test set: Average loss: 0.6757, Accuracy: (85%)

Train Epoch: 76 [0/12089 (0%)]	Loss: 0.010514 0.859375
Train Epoch: 76 [2560/12089 (21%)]	Loss: 0.010535 0.84375
Train Epoch: 76 [5120/12089 (42%)]	Loss: 0.010595 0.890625
Train Epoch: 76 [7680/12089 (63%)]	Loss: 0.010543 0.90625
Train Epoch: 76 [10240/12089 (85%)]	Loss: 0.010554 0.84375
====> Epoch: 76 Average loss: 0.0106

Test set: Average loss: 0.6752, Accuracy: (85%)

Train Epoch: 77 [0/12089 (0%)]	Loss: 0.010558 0.875
Train Epoch: 77 [2560/12089 (21%)]	Loss: 0.010585 0.84375
Train Epoch: 77 [5120/12089 (42%)]	Loss: 0.010499 0.890625
Train Epoch: 77 [7680/12089 (63%)]	Loss: 0.010458 0.9375
Train Epoch: 77 [10240/12089 (85%)]	Loss: 0.010594 0.75
====> Epoch: 77 Average loss: 0.0106

Test set: Average loss: 0.6746, Accuracy: (85%)

Train Epoch: 78 [0/12089 (0%)]	Loss: 0.010514 0.859375
Train Epoch: 78 [2560/12089 (21%)]	Loss: 0.010566 0.859375
Train Epoch: 78 [5120/12089 (42%)]	Loss: 0.010557 0.84375
Train Epoch: 78 [7680/12089 (63%)]	Loss: 0.010492 0.859375
Train Epoch: 78 [10240/12089 (85%)]	Loss: 0.010447 0.90625
====> Epoch: 78 Average loss: 0.0105

Test set: Average loss: 0.6741, Accuracy: (85%)

Train Epoch: 79 [0/12089 (0%)]	Loss: 0.010538 0.875
Train Epoch: 79 [2560/12089 (21%)]	Loss: 0.010535 0.84375
Train Epoch: 79 [5120/12089 (42%)]	Loss: 0.010514 0.890625
Train Epoch: 79 [7680/12089 (63%)]	Loss: 0.010503 0.90625
Train Epoch: 79 [10240/12089 (85%)]	Loss: 0.010525 0.875
====> Epoch: 79 Average loss: 0.0105

Test set: Average loss: 0.6735, Accuracy: (86%)

Train Epoch: 80 [0/12089 (0%)]	Loss: 0.010527 0.859375
Train Epoch: 80 [2560/12089 (21%)]	Loss: 0.010509 0.859375
Train Epoch: 80 [5120/12089 (42%)]	Loss: 0.010548 0.90625
Train Epoch: 80 [7680/12089 (63%)]	Loss: 0.010496 0.890625
Train Epoch: 80 [10240/12089 (85%)]	Loss: 0.010551 0.859375
====> Epoch: 80 Average loss: 0.0105

Test set: Average loss: 0.6729, Accuracy: (86%)

Train Epoch: 81 [0/12089 (0%)]	Loss: 0.010518 0.859375
Train Epoch: 81 [2560/12089 (21%)]	Loss: 0.010517 0.796875
Train Epoch: 81 [5120/12089 (42%)]	Loss: 0.010495 0.890625
Train Epoch: 81 [7680/12089 (63%)]	Loss: 0.010502 0.890625
Train Epoch: 81 [10240/12089 (85%)]	Loss: 0.010539 0.78125
====> Epoch: 81 Average loss: 0.0105

Test set: Average loss: 0.6723, Accuracy: (86%)

Train Epoch: 82 [0/12089 (0%)]	Loss: 0.010480 0.875
Train Epoch: 82 [2560/12089 (21%)]	Loss: 0.010491 0.859375
Train Epoch: 82 [5120/12089 (42%)]	Loss: 0.010526 0.8125
Train Epoch: 82 [7680/12089 (63%)]	Loss: 0.010495 0.90625
Train Epoch: 82 [10240/12089 (85%)]	Loss: 0.010457 0.921875
====> Epoch: 82 Average loss: 0.0105

Test set: Average loss: 0.6718, Accuracy: (86%)

Train Epoch: 83 [0/12089 (0%)]	Loss: 0.010517 0.84375
Train Epoch: 83 [2560/12089 (21%)]	Loss: 0.010514 0.828125
Train Epoch: 83 [5120/12089 (42%)]	Loss: 0.010475 0.921875
Train Epoch: 83 [7680/12089 (63%)]	Loss: 0.010471 0.875
Train Epoch: 83 [10240/12089 (85%)]	Loss: 0.010475 0.875
====> Epoch: 83 Average loss: 0.0105

Test set: Average loss: 0.6712, Accuracy: (86%)

Train Epoch: 84 [0/12089 (0%)]	Loss: 0.010459 0.90625
Train Epoch: 84 [2560/12089 (21%)]	Loss: 0.010438 0.921875
Train Epoch: 84 [5120/12089 (42%)]	Loss: 0.010485 0.875
Train Epoch: 84 [7680/12089 (63%)]	Loss: 0.010470 0.890625
Train Epoch: 84 [10240/12089 (85%)]	Loss: 0.010497 0.875
====> Epoch: 84 Average loss: 0.0105

Test set: Average loss: 0.6706, Accuracy: (86%)

Train Epoch: 85 [0/12089 (0%)]	Loss: 0.010500 0.84375
Train Epoch: 85 [2560/12089 (21%)]	Loss: 0.010445 0.890625
Train Epoch: 85 [5120/12089 (42%)]	Loss: 0.010466 0.90625
Train Epoch: 85 [7680/12089 (63%)]	Loss: 0.010475 0.875
Train Epoch: 85 [10240/12089 (85%)]	Loss: 0.010481 0.875
====> Epoch: 85 Average loss: 0.0105

Test set: Average loss: 0.6699, Accuracy: (87%)

Train Epoch: 86 [0/12089 (0%)]	Loss: 0.010488 0.875
Train Epoch: 86 [2560/12089 (21%)]	Loss: 0.010497 0.828125
Train Epoch: 86 [5120/12089 (42%)]	Loss: 0.010417 0.90625
Train Epoch: 86 [7680/12089 (63%)]	Loss: 0.010393 0.953125
Train Epoch: 86 [10240/12089 (85%)]	Loss: 0.010487 0.8125
====> Epoch: 86 Average loss: 0.0105

Test set: Average loss: 0.6693, Accuracy: (87%)

Train Epoch: 87 [0/12089 (0%)]	Loss: 0.010407 0.875
Train Epoch: 87 [2560/12089 (21%)]	Loss: 0.010505 0.84375
Train Epoch: 87 [5120/12089 (42%)]	Loss: 0.010458 0.875
Train Epoch: 87 [7680/12089 (63%)]	Loss: 0.010461 0.8125
Train Epoch: 87 [10240/12089 (85%)]	Loss: 0.010512 0.84375
====> Epoch: 87 Average loss: 0.0105

Test set: Average loss: 0.6687, Accuracy: (87%)

Train Epoch: 88 [0/12089 (0%)]	Loss: 0.010478 0.84375
Train Epoch: 88 [2560/12089 (21%)]	Loss: 0.010473 0.921875
Train Epoch: 88 [5120/12089 (42%)]	Loss: 0.010433 0.984375
Train Epoch: 88 [7680/12089 (63%)]	Loss: 0.010427 0.875
Train Epoch: 88 [10240/12089 (85%)]	Loss: 0.010486 0.84375
====> Epoch: 88 Average loss: 0.0105

Test set: Average loss: 0.6681, Accuracy: (87%)

Train Epoch: 89 [0/12089 (0%)]	Loss: 0.010437 0.90625
Train Epoch: 89 [2560/12089 (21%)]	Loss: 0.010408 0.9375
Train Epoch: 89 [5120/12089 (42%)]	Loss: 0.010442 0.859375
Train Epoch: 89 [7680/12089 (63%)]	Loss: 0.010474 0.84375
Train Epoch: 89 [10240/12089 (85%)]	Loss: 0.010441 0.875
====> Epoch: 89 Average loss: 0.0104

Test set: Average loss: 0.6674, Accuracy: (87%)

Train Epoch: 90 [0/12089 (0%)]	Loss: 0.010439 0.859375
Train Epoch: 90 [2560/12089 (21%)]	Loss: 0.010489 0.84375
Train Epoch: 90 [5120/12089 (42%)]	Loss: 0.010455 0.875
Train Epoch: 90 [7680/12089 (63%)]	Loss: 0.010426 0.859375
Train Epoch: 90 [10240/12089 (85%)]	Loss: 0.010368 0.921875
====> Epoch: 90 Average loss: 0.0104

Test set: Average loss: 0.6668, Accuracy: (87%)

Train Epoch: 91 [0/12089 (0%)]	Loss: 0.010351 0.90625
