pyenv-virtualenv: prompt changing will be removed from future release. configure `export PYENV_VIRTUALENV_DISABLE_PROMPT=1' to simulate the behavior.
Train Epoch: 1 [0/60000 (0%)]	Loss: 1.969376 0.90625
Train Epoch: 1 [2560/60000 (4%)]	Loss: 1.965721 0.90625
Train Epoch: 1 [5120/60000 (9%)]	Loss: 1.930101 0.875
Train Epoch: 1 [7680/60000 (13%)]	Loss: 0.925779 0.90625
Train Epoch: 1 [10240/60000 (17%)]	Loss: 0.384697 0.921875
Train Epoch: 1 [12800/60000 (21%)]	Loss: 0.410341 0.90625
Train Epoch: 1 [15360/60000 (26%)]	Loss: 0.585515 0.859375
Train Epoch: 1 [17920/60000 (30%)]	Loss: 0.454104 0.890625
Train Epoch: 1 [20480/60000 (34%)]	Loss: 0.639884 0.84375
Train Epoch: 1 [23040/60000 (38%)]	Loss: 0.635264 0.84375
Train Epoch: 1 [25600/60000 (43%)]	Loss: 0.199708 0.953125
Train Epoch: 1 [28160/60000 (47%)]	Loss: 0.322096 0.921875
Train Epoch: 1 [30720/60000 (51%)]	Loss: 0.134160 0.96875
Train Epoch: 1 [33280/60000 (55%)]	Loss: 0.257309 0.9375
Train Epoch: 1 [35840/60000 (60%)]	Loss: 0.318673 0.921875
Train Epoch: 1 [38400/60000 (64%)]	Loss: 0.505055 0.875
Train Epoch: 1 [40960/60000 (68%)]	Loss: 0.442481 0.890625
Train Epoch: 1 [43520/60000 (72%)]	Loss: 0.504223 0.875
Train Epoch: 1 [46080/60000 (77%)]	Loss: 0.254642 0.9375
Train Epoch: 1 [48640/60000 (81%)]	Loss: 0.378767 0.90625
Train Epoch: 1 [51200/60000 (85%)]	Loss: 0.253967 0.9375
Train Epoch: 1 [53760/60000 (90%)]	Loss: 0.315763 0.921875
Train Epoch: 1 [56320/60000 (94%)]	Loss: 0.315561 0.921875
Train Epoch: 1 [58880/60000 (98%)]	Loss: 0.627502 0.84375
====> Epoch: 1 Average loss: 0.5984

Test set: Average loss: 25.8784, Accuracy: (90%)

Train Epoch: 2 [0/60000 (0%)]	Loss: 0.502670 0.875
Train Epoch: 2 [2560/60000 (4%)]	Loss: 0.564704 0.859375
Train Epoch: 2 [5120/60000 (9%)]	Loss: 0.502247 0.875
Train Epoch: 2 [7680/60000 (13%)]	Loss: 0.814151 0.796875
Train Epoch: 2 [10240/60000 (17%)]	Loss: 0.439542 0.890625
Train Epoch: 2 [12800/60000 (21%)]	Loss: 0.439448 0.890625
Train Epoch: 2 [15360/60000 (26%)]	Loss: 0.501720 0.875
Train Epoch: 2 [17920/60000 (30%)]	Loss: 0.439197 0.890625
Train Epoch: 2 [20480/60000 (34%)]	Loss: 0.251883 0.9375
Train Epoch: 2 [23040/60000 (38%)]	Loss: 0.251657 0.9375
Train Epoch: 2 [25600/60000 (43%)]	Loss: 0.626326 0.84375
Train Epoch: 2 [28160/60000 (47%)]	Loss: 0.438798 0.890625
Train Epoch: 2 [30720/60000 (51%)]	Loss: 0.501234 0.875
Train Epoch: 2 [33280/60000 (55%)]	Loss: 0.438837 0.890625
Train Epoch: 2 [35840/60000 (60%)]	Loss: 0.501123 0.875
Train Epoch: 2 [38400/60000 (64%)]	Loss: 0.251323 0.9375
Train Epoch: 2 [40960/60000 (68%)]	Loss: 0.376037 0.90625
Train Epoch: 2 [43520/60000 (72%)]	Loss: 0.625844 0.84375
Train Epoch: 2 [46080/60000 (77%)]	Loss: 0.438525 0.890625
Train Epoch: 2 [48640/60000 (81%)]	Loss: 0.500972 0.875
Train Epoch: 2 [51200/60000 (85%)]	Loss: 0.313522 0.921875
Train Epoch: 2 [53760/60000 (90%)]	Loss: 0.188502 0.953125
Train Epoch: 2 [56320/60000 (94%)]	Loss: 0.500771 0.875
Train Epoch: 2 [58880/60000 (98%)]	Loss: 0.688197 0.828125
====> Epoch: 2 Average loss: 0.3982

Test set: Average loss: 25.9114, Accuracy: (90%)

Train Epoch: 3 [0/60000 (0%)]	Loss: 0.625697 0.84375
Train Epoch: 3 [2560/60000 (4%)]	Loss: 0.438207 0.890625
Train Epoch: 3 [5120/60000 (9%)]	Loss: 0.188350 0.953125
Train Epoch: 3 [7680/60000 (13%)]	Loss: 0.125859 0.96875
Train Epoch: 3 [10240/60000 (17%)]	Loss: 0.375718 0.90625
Train Epoch: 3 [12800/60000 (21%)]	Loss: 0.812975 0.796875
Train Epoch: 3 [15360/60000 (26%)]	Loss: 0.250690 0.9375
Train Epoch: 3 [17920/60000 (30%)]	Loss: 0.375660 0.90625
Train Epoch: 3 [20480/60000 (34%)]	Loss: 0.188161 0.953125
Train Epoch: 3 [23040/60000 (38%)]	Loss: 0.188141 0.953125
Train Epoch: 3 [25600/60000 (43%)]	Loss: 0.313082 0.921875
Train Epoch: 3 [28160/60000 (47%)]	Loss: 0.625481 0.84375
Train Epoch: 3 [30720/60000 (51%)]	Loss: 0.625444 0.84375
Train Epoch: 3 [33280/60000 (55%)]	Loss: 0.250557 0.9375
Train Epoch: 3 [35840/60000 (60%)]	Loss: 0.562942 0.859375
Train Epoch: 3 [38400/60000 (64%)]	Loss: 0.375470 0.90625
Train Epoch: 3 [40960/60000 (68%)]	Loss: 0.125579 0.96875
Train Epoch: 3 [43520/60000 (72%)]	Loss: 0.687884 0.828125
Train Epoch: 3 [46080/60000 (77%)]	Loss: 0.437915 0.890625
Train Epoch: 3 [48640/60000 (81%)]	Loss: 0.312948 0.921875
Train Epoch: 3 [51200/60000 (85%)]	Loss: 0.437892 0.890625
Train Epoch: 3 [53760/60000 (90%)]	Loss: 0.375399 0.90625
Train Epoch: 3 [56320/60000 (94%)]	Loss: 0.062955 0.984375
Train Epoch: 3 [58880/60000 (98%)]	Loss: 0.687801 0.828125
====> Epoch: 3 Average loss: 0.3972

Test set: Average loss: 25.7302, Accuracy: (90%)

Train Epoch: 4 [0/60000 (0%)]	Loss: 0.562825 0.859375
Train Epoch: 4 [2560/60000 (4%)]	Loss: 0.312867 0.921875
Train Epoch: 4 [5120/60000 (9%)]	Loss: 0.250356 0.9375
Train Epoch: 4 [7680/60000 (13%)]	Loss: 0.250359 0.9375
Train Epoch: 4 [10240/60000 (17%)]	Loss: 0.625274 0.84375
Train Epoch: 4 [12800/60000 (21%)]	Loss: 0.562783 0.859375
Train Epoch: 4 [15360/60000 (26%)]	Loss: 0.437808 0.890625
Train Epoch: 4 [17920/60000 (30%)]	Loss: 0.312810 0.921875
Train Epoch: 4 [20480/60000 (34%)]	Loss: 0.250313 0.9375
Train Epoch: 4 [23040/60000 (38%)]	Loss: 0.312789 0.921875
Train Epoch: 4 [25600/60000 (43%)]	Loss: 0.625229 0.84375
Train Epoch: 4 [28160/60000 (47%)]	Loss: 0.625215 0.84375
Train Epoch: 4 [30720/60000 (51%)]	Loss: 0.375269 0.90625
Train Epoch: 4 [33280/60000 (55%)]	Loss: 0.187776 0.953125
Train Epoch: 4 [35840/60000 (60%)]	Loss: 0.437757 0.890625
Train Epoch: 4 [38400/60000 (64%)]	Loss: 0.312746 0.921875
Train Epoch: 4 [40960/60000 (68%)]	Loss: 0.625208 0.84375
Train Epoch: 4 [43520/60000 (72%)]	Loss: 0.500208 0.875
Train Epoch: 4 [46080/60000 (77%)]	Loss: 0.562700 0.859375
Train Epoch: 4 [48640/60000 (81%)]	Loss: 0.250228 0.9375
Train Epoch: 4 [51200/60000 (85%)]	Loss: 0.437706 0.890625
Train Epoch: 4 [53760/60000 (90%)]	Loss: 0.437703 0.890625
Train Epoch: 4 [56320/60000 (94%)]	Loss: 0.500185 0.875
Train Epoch: 4 [58880/60000 (98%)]	Loss: 0.187716 0.953125
====> Epoch: 4 Average loss: 0.3969

Test set: Average loss: 25.7192, Accuracy: (90%)

Train Epoch: 5 [0/60000 (0%)]	Loss: 0.437682 0.890625
Train Epoch: 5 [2560/60000 (4%)]	Loss: 0.500174 0.875
Train Epoch: 5 [5120/60000 (9%)]	Loss: 0.250198 0.9375
Train Epoch: 5 [7680/60000 (13%)]	Loss: 0.375176 0.90625
Train Epoch: 5 [10240/60000 (17%)]	Loss: 0.562654 0.859375
Train Epoch: 5 [12800/60000 (21%)]	Loss: 0.312677 0.921875
Train Epoch: 5 [15360/60000 (26%)]	Loss: 0.375163 0.90625
Train Epoch: 5 [17920/60000 (30%)]	Loss: 0.250178 0.9375
Train Epoch: 5 [20480/60000 (34%)]	Loss: 0.375161 0.90625
Train Epoch: 5 [23040/60000 (38%)]	Loss: 0.375153 0.90625
Train Epoch: 5 [25600/60000 (43%)]	Loss: 0.500137 0.875
Train Epoch: 5 [28160/60000 (47%)]	Loss: 0.687620 0.828125
Train Epoch: 5 [30720/60000 (51%)]	Loss: 0.375147 0.90625
Train Epoch: 5 [33280/60000 (55%)]	Loss: 0.187664 0.953125
Train Epoch: 5 [35840/60000 (60%)]	Loss: 0.187659 0.953125
Train Epoch: 5 [38400/60000 (64%)]	Loss: 0.312636 0.921875
Train Epoch: 5 [40960/60000 (68%)]	Loss: 0.312638 0.921875
Train Epoch: 5 [43520/60000 (72%)]	Loss: 0.250133 0.9375
Train Epoch: 5 [46080/60000 (77%)]	Loss: 0.125140 0.96875
Train Epoch: 5 [48640/60000 (81%)]	Loss: 0.437619 0.890625
Train Epoch: 5 [51200/60000 (85%)]	Loss: 0.312620 0.921875
Train Epoch: 5 [53760/60000 (90%)]	Loss: 0.562603 0.859375
Train Epoch: 5 [56320/60000 (94%)]	Loss: 0.437607 0.890625
Train Epoch: 5 [58880/60000 (98%)]	Loss: 0.250116 0.9375
====> Epoch: 5 Average loss: 0.3972

Test set: Average loss: 25.7393, Accuracy: (90%)

Train Epoch: 6 [0/60000 (0%)]	Loss: 0.375112 0.90625
Train Epoch: 6 [2560/60000 (4%)]	Loss: 0.250111 0.9375
Train Epoch: 6 [5120/60000 (9%)]	Loss: 0.812576 0.796875
Train Epoch: 6 [7680/60000 (13%)]	Loss: 0.437601 0.890625
Train Epoch: 6 [10240/60000 (17%)]	Loss: 0.312605 0.921875
Train Epoch: 6 [12800/60000 (21%)]	Loss: 0.375096 0.90625
Train Epoch: 6 [15360/60000 (26%)]	Loss: 0.437595 0.890625
Train Epoch: 6 [17920/60000 (30%)]	Loss: 0.437592 0.890625
Train Epoch: 6 [20480/60000 (34%)]	Loss: 0.312597 0.921875
Train Epoch: 6 [23040/60000 (38%)]	Loss: 0.375089 0.90625
Train Epoch: 6 [25600/60000 (43%)]	Loss: 0.312589 0.921875
Train Epoch: 6 [28160/60000 (47%)]	Loss: 0.375086 0.90625
Train Epoch: 6 [30720/60000 (51%)]	Loss: 0.625069 0.84375
Train Epoch: 6 [33280/60000 (55%)]	Loss: 0.125093 0.96875
Train Epoch: 6 [35840/60000 (60%)]	Loss: 0.625067 0.84375
Train Epoch: 6 [38400/60000 (64%)]	Loss: 0.187585 0.953125
Train Epoch: 6 [40960/60000 (68%)]	Loss: 0.562567 0.859375
Train Epoch: 6 [43520/60000 (72%)]	Loss: 0.437571 0.890625
Train Epoch: 6 [46080/60000 (77%)]	Loss: 0.375071 0.90625
Train Epoch: 6 [48640/60000 (81%)]	Loss: 0.500064 0.875
Train Epoch: 6 [51200/60000 (85%)]	Loss: 0.812548 0.796875
Train Epoch: 6 [53760/60000 (90%)]	Loss: 0.187576 0.953125
Train Epoch: 6 [56320/60000 (94%)]	Loss: 0.875043 0.78125
Train Epoch: 6 [58880/60000 (98%)]	Loss: 0.312565 0.921875
====> Epoch: 6 Average loss: 0.3970

Test set: Average loss: 25.7110, Accuracy: (90%)

Train Epoch: 7 [0/60000 (0%)]	Loss: 0.562559 0.859375
Train Epoch: 7 [2560/60000 (4%)]	Loss: 0.500059 0.875
Train Epoch: 7 [5120/60000 (9%)]	Loss: 0.187567 0.953125
Train Epoch: 7 [7680/60000 (13%)]	Loss: 0.250063 0.9375
Train Epoch: 7 [10240/60000 (17%)]	Loss: 0.937538 0.765625
Train Epoch: 7 [12800/60000 (21%)]	Loss: 0.250061 0.9375
Train Epoch: 7 [15360/60000 (26%)]	Loss: 0.250061 0.9375
Train Epoch: 7 [17920/60000 (30%)]	Loss: 0.437552 0.890625
Train Epoch: 7 [20480/60000 (34%)]	Loss: 0.437551 0.890625
Train Epoch: 7 [23040/60000 (38%)]	Loss: 0.625044 0.84375
Train Epoch: 7 [25600/60000 (43%)]	Loss: 0.437549 0.890625
Train Epoch: 7 [28160/60000 (47%)]	Loss: 0.500046 0.875
Train Epoch: 7 [30720/60000 (51%)]	Loss: 0.562542 0.859375
Train Epoch: 7 [33280/60000 (55%)]	Loss: 0.312549 0.921875
Train Epoch: 7 [35840/60000 (60%)]	Loss: 0.437547 0.890625
Train Epoch: 7 [38400/60000 (64%)]	Loss: 0.375046 0.90625
Train Epoch: 7 [40960/60000 (68%)]	Loss: 0.250049 0.9375
Train Epoch: 7 [43520/60000 (72%)]	Loss: 0.250047 0.9375
Train Epoch: 7 [46080/60000 (77%)]	Loss: 0.750033 0.8125
Train Epoch: 7 [48640/60000 (81%)]	Loss: 0.187546 0.953125
Train Epoch: 7 [51200/60000 (85%)]	Loss: 0.437540 0.890625
Train Epoch: 7 [53760/60000 (90%)]	Loss: 0.250043 0.9375
Train Epoch: 7 [56320/60000 (94%)]	Loss: 0.375038 0.90625
Train Epoch: 7 [58880/60000 (98%)]	Loss: 0.312541 0.921875
====> Epoch: 7 Average loss: 0.3970

Test set: Average loss: 25.7094, Accuracy: (90%)

Train Epoch: 8 [0/60000 (0%)]	Loss: 0.437538 0.890625
Train Epoch: 8 [2560/60000 (4%)]	Loss: 0.562532 0.859375
Train Epoch: 8 [5120/60000 (9%)]	Loss: 0.250039 0.9375
Train Epoch: 8 [7680/60000 (13%)]	Loss: 0.500033 0.875
Train Epoch: 8 [10240/60000 (17%)]	Loss: 0.375036 0.90625
Train Epoch: 8 [12800/60000 (21%)]	Loss: 0.375034 0.90625
Train Epoch: 8 [15360/60000 (26%)]	Loss: 0.250035 0.9375
Train Epoch: 8 [17920/60000 (30%)]	Loss: 0.437531 0.890625
Train Epoch: 8 [20480/60000 (34%)]	Loss: 0.437531 0.890625
Train Epoch: 8 [23040/60000 (38%)]	Loss: 0.562530 0.859375
Train Epoch: 8 [25600/60000 (43%)]	Loss: 0.250033 0.9375
Train Epoch: 8 [28160/60000 (47%)]	Loss: 0.250033 0.9375
Train Epoch: 8 [30720/60000 (51%)]	Loss: 0.375030 0.90625
Train Epoch: 8 [33280/60000 (55%)]	Loss: 0.250031 0.9375
Train Epoch: 8 [35840/60000 (60%)]	Loss: 0.500026 0.875
Train Epoch: 8 [38400/60000 (64%)]	Loss: 0.500025 0.875
Train Epoch: 8 [40960/60000 (68%)]	Loss: 0.312529 0.921875
Train Epoch: 8 [43520/60000 (72%)]	Loss: 0.437526 0.890625
Train Epoch: 8 [46080/60000 (77%)]	Loss: 0.250028 0.9375
Train Epoch: 8 [48640/60000 (81%)]	Loss: 0.500023 0.875
Train Epoch: 8 [51200/60000 (85%)]	Loss: 0.437524 0.890625
Train Epoch: 8 [53760/60000 (90%)]	Loss: 0.375024 0.90625
Train Epoch: 8 [56320/60000 (94%)]	Loss: 0.500022 0.875
Train Epoch: 8 [58880/60000 (98%)]	Loss: 0.437524 0.890625
====> Epoch: 8 Average loss: 0.3970

Test set: Average loss: 25.7085, Accuracy: (90%)

Train Epoch: 9 [0/60000 (0%)]	Loss: 0.250026 0.9375
Train Epoch: 9 [2560/60000 (4%)]	Loss: 0.375023 0.90625
Train Epoch: 9 [5120/60000 (9%)]	Loss: 0.312524 0.921875
Train Epoch: 9 [7680/60000 (13%)]	Loss: 0.437521 0.890625
Train Epoch: 9 [10240/60000 (17%)]	Loss: 0.125024 0.96875
Train Epoch: 9 [12800/60000 (21%)]	Loss: 0.562518 0.859375
Train Epoch: 9 [15360/60000 (26%)]	Loss: 0.375021 0.90625
Train Epoch: 9 [17920/60000 (30%)]	Loss: 0.625017 0.84375
Train Epoch: 9 [20480/60000 (34%)]	Loss: 0.187522 0.953125
Train Epoch: 9 [23040/60000 (38%)]	Loss: 0.250020 0.9375
Train Epoch: 9 [25600/60000 (43%)]	Loss: 0.500017 0.875
Train Epoch: 9 [28160/60000 (47%)]	Loss: 0.625016 0.84375
Train Epoch: 9 [30720/60000 (51%)]	Loss: 0.125022 0.96875
Train Epoch: 9 [33280/60000 (55%)]	Loss: 0.437517 0.890625
Train Epoch: 9 [35840/60000 (60%)]	Loss: 0.500016 0.875
Train Epoch: 9 [38400/60000 (64%)]	Loss: 0.437516 0.890625
Train Epoch: 9 [40960/60000 (68%)]	Loss: 0.187519 0.953125
Train Epoch: 9 [43520/60000 (72%)]	Loss: 0.687513 0.828125
Train Epoch: 9 [46080/60000 (77%)]	Loss: 0.375016 0.90625
Train Epoch: 9 [48640/60000 (81%)]	Loss: 0.562514 0.859375
Train Epoch: 9 [51200/60000 (85%)]	Loss: 0.500015 0.875
Train Epoch: 9 [53760/60000 (90%)]	Loss: 0.312517 0.921875
Train Epoch: 9 [56320/60000 (94%)]	Loss: 0.687511 0.828125
Train Epoch: 9 [58880/60000 (98%)]	Loss: 0.437514 0.890625
====> Epoch: 9 Average loss: 0.3972

Test set: Average loss: 25.7079, Accuracy: (90%)

Train Epoch: 10 [0/60000 (0%)]	Loss: 0.250015 0.9375
Train Epoch: 10 [2560/60000 (4%)]	Loss: 0.312515 0.921875
Train Epoch: 10 [5120/60000 (9%)]	Loss: 0.187516 0.953125
Train Epoch: 10 [7680/60000 (13%)]	Loss: 0.437512 0.890625
Train Epoch: 10 [10240/60000 (17%)]	Loss: 0.687511 0.828125
Train Epoch: 10 [12800/60000 (21%)]	Loss: 0.625011 0.84375
Train Epoch: 10 [15360/60000 (26%)]	Loss: 0.562511 0.859375
Train Epoch: 10 [17920/60000 (30%)]	Loss: 0.250013 0.9375
Train Epoch: 10 [20480/60000 (34%)]	Loss: 0.375012 0.90625
Train Epoch: 10 [23040/60000 (38%)]	Loss: 0.062514 0.984375
Train Epoch: 10 [25600/60000 (43%)]	Loss: 0.312512 0.921875
Train Epoch: 10 [28160/60000 (47%)]	Loss: 0.375012 0.90625
Train Epoch: 10 [30720/60000 (51%)]	Loss: 0.312511 0.921875
Train Epoch: 10 [33280/60000 (55%)]	Loss: 0.500010 0.875
Train Epoch: 10 [35840/60000 (60%)]	Loss: 0.437510 0.890625
Train Epoch: 10 [38400/60000 (64%)]	Loss: 0.312511 0.921875
Train Epoch: 10 [40960/60000 (68%)]	Loss: 0.437510 0.890625
Train Epoch: 10 [43520/60000 (72%)]	Loss: 0.437510 0.890625
Train Epoch: 10 [46080/60000 (77%)]	Loss: 0.375010 0.90625
Train Epoch: 10 [48640/60000 (81%)]	Loss: 0.375010 0.90625
Train Epoch: 10 [51200/60000 (85%)]	Loss: 0.500010 0.875
Train Epoch: 10 [53760/60000 (90%)]	Loss: 0.500009 0.875
Train Epoch: 10 [56320/60000 (94%)]	Loss: 0.125010 0.96875
Train Epoch: 10 [58880/60000 (98%)]	Loss: 0.750007 0.8125
====> Epoch: 10 Average loss: 0.3971

Test set: Average loss: 25.7076, Accuracy: (90%)

Train Epoch: 11 [0/60000 (0%)]	Loss: 0.687507 0.828125
Train Epoch: 11 [2560/60000 (4%)]	Loss: 0.437508 0.890625
Train Epoch: 11 [5120/60000 (9%)]	Loss: 0.312509 0.921875
Train Epoch: 11 [7680/60000 (13%)]	Loss: 0.375008 0.90625
Train Epoch: 11 [10240/60000 (17%)]	Loss: 0.375008 0.90625
Train Epoch: 11 [12800/60000 (21%)]	Loss: 0.312508 0.921875
Train Epoch: 11 [15360/60000 (26%)]	Loss: 0.375008 0.90625
Train Epoch: 11 [17920/60000 (30%)]	Loss: 0.250008 0.9375
Train Epoch: 11 [20480/60000 (34%)]	Loss: 0.062509 0.984375
Train Epoch: 11 [23040/60000 (38%)]	Loss: 0.562507 0.859375
Train Epoch: 11 [25600/60000 (43%)]	Loss: 0.437507 0.890625
Train Epoch: 11 [28160/60000 (47%)]	Loss: 0.500006 0.875
Train Epoch: 11 [30720/60000 (51%)]	Loss: 0.375007 0.90625
Train Epoch: 11 [33280/60000 (55%)]	Loss: 0.375007 0.90625
Train Epoch: 11 [35840/60000 (60%)]	Loss: 0.250007 0.9375
Train Epoch: 11 [38400/60000 (64%)]	Loss: 0.500006 0.875
Train Epoch: 11 [40960/60000 (68%)]	Loss: 0.250007 0.9375
Train Epoch: 11 [43520/60000 (72%)]	Loss: 0.375006 0.90625
Train Epoch: 11 [46080/60000 (77%)]	Loss: 0.500006 0.875
Train Epoch: 11 [48640/60000 (81%)]	Loss: 0.375006 0.90625
Train Epoch: 11 [51200/60000 (85%)]	Loss: 0.250006 0.9375
Train Epoch: 11 [53760/60000 (90%)]	Loss: 0.437506 0.890625
Train Epoch: 11 [56320/60000 (94%)]	Loss: 0.375006 0.90625
Train Epoch: 11 [58880/60000 (98%)]	Loss: 0.562505 0.859375
====> Epoch: 11 Average loss: 0.3966

Test set: Average loss: 25.7838, Accuracy: (90%)

Train Epoch: 12 [0/60000 (0%)]	Loss: 0.312506 0.921875
Train Epoch: 12 [2560/60000 (4%)]	Loss: 0.500005 0.875
Train Epoch: 12 [5120/60000 (9%)]	Loss: 0.312505 0.921875
Train Epoch: 12 [7680/60000 (13%)]	Loss: 0.375005 0.90625
Train Epoch: 12 [10240/60000 (17%)]	Loss: 0.500005 0.875
Train Epoch: 12 [12800/60000 (21%)]	Loss: 0.625004 0.84375
Train Epoch: 12 [15360/60000 (26%)]	Loss: 0.687504 0.828125
Train Epoch: 12 [17920/60000 (30%)]	Loss: 0.375005 0.90625
Train Epoch: 12 [20480/60000 (34%)]	Loss: 0.312505 0.921875
Train Epoch: 12 [23040/60000 (38%)]	Loss: 0.312505 0.921875
Train Epoch: 12 [25600/60000 (43%)]	Loss: 0.500004 0.875
Train Epoch: 12 [28160/60000 (47%)]	Loss: 0.250005 0.9375
Train Epoch: 12 [30720/60000 (51%)]	Loss: 0.375004 0.90625
Train Epoch: 12 [33280/60000 (55%)]	Loss: 0.562504 0.859375
Train Epoch: 12 [35840/60000 (60%)]	Loss: 0.250004 0.9375
Train Epoch: 12 [38400/60000 (64%)]	Loss: 0.437504 0.890625
Train Epoch: 12 [40960/60000 (68%)]	Loss: 0.312504 0.921875
Train Epoch: 12 [43520/60000 (72%)]	Loss: 0.500004 0.875
Train Epoch: 12 [46080/60000 (77%)]	Loss: 0.312504 0.921875
Train Epoch: 12 [48640/60000 (81%)]	Loss: 0.437504 0.890625
Train Epoch: 12 [51200/60000 (85%)]	Loss: 0.437503 0.890625
Train Epoch: 12 [53760/60000 (90%)]	Loss: 0.250004 0.9375
Train Epoch: 12 [56320/60000 (94%)]	Loss: 0.437503 0.890625
Train Epoch: 12 [58880/60000 (98%)]	Loss: 0.750003 0.8125
====> Epoch: 12 Average loss: 0.3970

Test set: Average loss: 25.7072, Accuracy: (90%)

Train Epoch: 13 [0/60000 (0%)]	Loss: 0.125004 0.96875
Train Epoch: 13 [2560/60000 (4%)]	Loss: 0.312504 0.921875
Train Epoch: 13 [5120/60000 (9%)]	Loss: 0.187504 0.953125
Train Epoch: 13 [7680/60000 (13%)]	Loss: 0.187503 0.953125
Train Epoch: 13 [10240/60000 (17%)]	Loss: 0.500003 0.875
Train Epoch: 13 [12800/60000 (21%)]	Loss: 0.500003 0.875
Train Epoch: 13 [15360/60000 (26%)]	Loss: 0.312503 0.921875
Train Epoch: 13 [17920/60000 (30%)]	Loss: 0.562503 0.859375
Train Epoch: 13 [20480/60000 (34%)]	Loss: 0.375003 0.90625
Train Epoch: 13 [23040/60000 (38%)]	Loss: 0.562502 0.859375
Train Epoch: 13 [25600/60000 (43%)]	Loss: 0.375003 0.90625
Train Epoch: 13 [28160/60000 (47%)]	Loss: 0.625002 0.84375
Train Epoch: 13 [30720/60000 (51%)]	Loss: 0.375003 0.90625
Train Epoch: 13 [33280/60000 (55%)]	Loss: 0.437503 0.890625
Train Epoch: 13 [35840/60000 (60%)]	Loss: 0.375003 0.90625
Train Epoch: 13 [38400/60000 (64%)]	Loss: 0.437503 0.890625
Train Epoch: 13 [40960/60000 (68%)]	Loss: 0.500002 0.875
Train Epoch: 13 [43520/60000 (72%)]	Loss: 0.187503 0.953125
Train Epoch: 13 [46080/60000 (77%)]	Loss: 0.375002 0.90625
Train Epoch: 13 [48640/60000 (81%)]	Loss: 0.250002 0.9375
Train Epoch: 13 [51200/60000 (85%)]	Loss: 0.312502 0.921875
Train Epoch: 13 [53760/60000 (90%)]	Loss: 0.125003 0.96875
Train Epoch: 13 [56320/60000 (94%)]	Loss: 0.312502 0.921875
Train Epoch: 13 [58880/60000 (98%)]	Loss: 0.562502 0.859375
====> Epoch: 13 Average loss: 0.3966

Test set: Average loss: 25.7071, Accuracy: (90%)

Train Epoch: 14 [0/60000 (0%)]	Loss: 0.375002 0.90625
Train Epoch: 14 [2560/60000 (4%)]	Loss: 0.062502 0.984375
Train Epoch: 14 [5120/60000 (9%)]	Loss: 0.375002 0.90625
Train Epoch: 14 [7680/60000 (13%)]	Loss: 0.437502 0.890625
Train Epoch: 14 [10240/60000 (17%)]	Loss: 0.375002 0.90625
Train Epoch: 14 [12800/60000 (21%)]	Loss: 0.437502 0.890625
Train Epoch: 14 [15360/60000 (26%)]	Loss: 0.187502 0.953125
Train Epoch: 14 [17920/60000 (30%)]	Loss: 0.625002 0.84375
Train Epoch: 14 [20480/60000 (34%)]	Loss: 0.500002 0.875
Train Epoch: 14 [23040/60000 (38%)]	Loss: 0.562502 0.859375
Train Epoch: 14 [25600/60000 (43%)]	Loss: 0.312502 0.921875
Train Epoch: 14 [28160/60000 (47%)]	Loss: 0.375002 0.90625
Train Epoch: 14 [30720/60000 (51%)]	Loss: 0.187502 0.953125
Train Epoch: 14 [33280/60000 (55%)]	Loss: 0.562501 0.859375
Train Epoch: 14 [35840/60000 (60%)]	Loss: 0.375002 0.90625
Train Epoch: 14 [38400/60000 (64%)]	Loss: 0.437502 0.890625
Train Epoch: 14 [40960/60000 (68%)]	Loss: 0.312502 0.921875
Train Epoch: 14 [43520/60000 (72%)]	Loss: 0.375001 0.90625
Train Epoch: 14 [46080/60000 (77%)]	Loss: 0.250002 0.9375
Train Epoch: 14 [48640/60000 (81%)]	Loss: 0.375001 0.90625
Train Epoch: 14 [51200/60000 (85%)]	Loss: 0.500001 0.875
Train Epoch: 14 [53760/60000 (90%)]	Loss: 0.187501 0.953125
Train Epoch: 14 [56320/60000 (94%)]	Loss: 0.750001 0.8125
Train Epoch: 14 [58880/60000 (98%)]	Loss: 0.250001 0.9375
====> Epoch: 14 Average loss: 0.3971

Test set: Average loss: 25.7071, Accuracy: (90%)

Train Epoch: 15 [0/60000 (0%)]	Loss: 0.437501 0.890625
Train Epoch: 15 [2560/60000 (4%)]	Loss: 0.437501 0.890625
Train Epoch: 15 [5120/60000 (9%)]	Loss: 0.437501 0.890625
Train Epoch: 15 [7680/60000 (13%)]	Loss: 0.312501 0.921875
Train Epoch: 15 [10240/60000 (17%)]	Loss: 0.750001 0.8125
Train Epoch: 15 [12800/60000 (21%)]	Loss: 0.312501 0.921875
Train Epoch: 15 [15360/60000 (26%)]	Loss: 0.437501 0.890625
Train Epoch: 15 [17920/60000 (30%)]	Loss: 0.687501 0.828125
Train Epoch: 15 [20480/60000 (34%)]	Loss: 0.375001 0.90625
Train Epoch: 15 [23040/60000 (38%)]	Loss: 0.375001 0.90625
Train Epoch: 15 [25600/60000 (43%)]	Loss: 0.250001 0.9375
Train Epoch: 15 [28160/60000 (47%)]	Loss: 0.250001 0.9375
Train Epoch: 15 [30720/60000 (51%)]	Loss: 0.562501 0.859375
Train Epoch: 15 [33280/60000 (55%)]	Loss: 0.375001 0.90625
Train Epoch: 15 [35840/60000 (60%)]	Loss: 0.312501 0.921875
Train Epoch: 15 [38400/60000 (64%)]	Loss: 0.312501 0.921875
Train Epoch: 15 [40960/60000 (68%)]	Loss: 0.312501 0.921875
Train Epoch: 15 [43520/60000 (72%)]	Loss: 0.187501 0.953125
Train Epoch: 15 [46080/60000 (77%)]	Loss: 0.250001 0.9375
Train Epoch: 15 [48640/60000 (81%)]	Loss: 0.437501 0.890625
Train Epoch: 15 [51200/60000 (85%)]	Loss: 0.187501 0.953125
Train Epoch: 15 [53760/60000 (90%)]	Loss: 0.312501 0.921875
Train Epoch: 15 [56320/60000 (94%)]	Loss: 0.312501 0.921875
Train Epoch: 15 [58880/60000 (98%)]	Loss: 0.375001 0.90625
====> Epoch: 15 Average loss: 0.3966

Test set: Average loss: 25.7325, Accuracy: (90%)

Train Epoch: 16 [0/60000 (0%)]	Loss: 0.250001 0.9375
Train Epoch: 16 [2560/60000 (4%)]	Loss: 0.375001 0.90625
Train Epoch: 16 [5120/60000 (9%)]	Loss: 0.812501 0.796875
Train Epoch: 16 [7680/60000 (13%)]	Loss: 0.812501 0.796875
Train Epoch: 16 [10240/60000 (17%)]	Loss: 0.312501 0.921875
Train Epoch: 16 [12800/60000 (21%)]	Loss: 0.375001 0.90625
Train Epoch: 16 [15360/60000 (26%)]	Loss: 0.500001 0.875
Train Epoch: 16 [17920/60000 (30%)]	Loss: 0.750001 0.8125
Train Epoch: 16 [20480/60000 (34%)]	Loss: 0.437501 0.890625
Train Epoch: 16 [23040/60000 (38%)]	Loss: 0.687501 0.828125
Train Epoch: 16 [25600/60000 (43%)]	Loss: 0.437501 0.890625
Train Epoch: 16 [28160/60000 (47%)]	Loss: 0.187501 0.953125
Train Epoch: 16 [30720/60000 (51%)]	Loss: 0.187501 0.953125
Train Epoch: 16 [33280/60000 (55%)]	Loss: 0.375001 0.90625
Train Epoch: 16 [35840/60000 (60%)]	Loss: 0.375001 0.90625
Train Epoch: 16 [38400/60000 (64%)]	Loss: 0.312501 0.921875
Train Epoch: 16 [40960/60000 (68%)]	Loss: 0.375001 0.90625
Train Epoch: 16 [43520/60000 (72%)]	Loss: 0.375001 0.90625
Train Epoch: 16 [46080/60000 (77%)]	Loss: 0.312501 0.921875
Train Epoch: 16 [48640/60000 (81%)]	Loss: 0.437501 0.890625
Train Epoch: 16 [51200/60000 (85%)]	Loss: 0.437501 0.890625
Train Epoch: 16 [53760/60000 (90%)]	Loss: 0.500000 0.875
Train Epoch: 16 [56320/60000 (94%)]	Loss: 0.437501 0.890625
Train Epoch: 16 [58880/60000 (98%)]	Loss: 0.437501 0.890625
====> Epoch: 16 Average loss: 0.3979

Test set: Average loss: 25.7070, Accuracy: (90%)

Train Epoch: 17 [0/60000 (0%)]	Loss: 0.437501 0.890625
Train Epoch: 17 [2560/60000 (4%)]	Loss: 0.375001 0.90625
Train Epoch: 17 [5120/60000 (9%)]	Loss: 0.500000 0.875
Train Epoch: 17 [7680/60000 (13%)]	Loss: 0.437500 0.890625
Train Epoch: 17 [10240/60000 (17%)]	Loss: 0.375001 0.90625
Train Epoch: 17 [12800/60000 (21%)]	Loss: 0.312500 0.921875
Train Epoch: 17 [15360/60000 (26%)]	Loss: 0.562500 0.859375
Train Epoch: 17 [17920/60000 (30%)]	Loss: 0.187500 0.953125
Train Epoch: 17 [20480/60000 (34%)]	Loss: 0.375000 0.90625
Train Epoch: 17 [23040/60000 (38%)]	Loss: 0.437500 0.890625
Train Epoch: 17 [25600/60000 (43%)]	Loss: 0.562500 0.859375
Train Epoch: 17 [28160/60000 (47%)]	Loss: 0.187500 0.953125
Train Epoch: 17 [30720/60000 (51%)]	Loss: 0.375000 0.90625
Train Epoch: 17 [33280/60000 (55%)]	Loss: 0.437500 0.890625
Train Epoch: 17 [35840/60000 (60%)]	Loss: 0.500000 0.875
Train Epoch: 17 [38400/60000 (64%)]	Loss: 0.312500 0.921875
Train Epoch: 17 [40960/60000 (68%)]	Loss: 0.375000 0.90625
Train Epoch: 17 [43520/60000 (72%)]	Loss: 0.562500 0.859375
Train Epoch: 17 [46080/60000 (77%)]	Loss: 0.625000 0.84375
Train Epoch: 17 [48640/60000 (81%)]	Loss: 0.187500 0.953125
Train Epoch: 17 [51200/60000 (85%)]	Loss: 0.562500 0.859375
Train Epoch: 17 [53760/60000 (90%)]	Loss: 0.750000 0.8125
Train Epoch: 17 [56320/60000 (94%)]	Loss: 0.375000 0.90625
Train Epoch: 17 [58880/60000 (98%)]	Loss: 0.125000 0.96875
====> Epoch: 17 Average loss: 0.3978

Test set: Average loss: 25.8599, Accuracy: (90%)

Train Epoch: 18 [0/60000 (0%)]	Loss: 0.375000 0.90625
Train Epoch: 18 [2560/60000 (4%)]	Loss: 0.250000 0.9375
Train Epoch: 18 [5120/60000 (9%)]	Loss: 0.312500 0.921875
Train Epoch: 18 [7680/60000 (13%)]	Loss: 0.437500 0.890625
Train Epoch: 18 [10240/60000 (17%)]	Loss: 0.312500 0.921875
Train Epoch: 18 [12800/60000 (21%)]	Loss: 0.437500 0.890625
Train Epoch: 18 [15360/60000 (26%)]	Loss: 0.375000 0.90625
Train Epoch: 18 [17920/60000 (30%)]	Loss: 0.250000 0.9375
Train Epoch: 18 [20480/60000 (34%)]	Loss: 0.187500 0.953125
Train Epoch: 18 [23040/60000 (38%)]	Loss: 0.312500 0.921875
Train Epoch: 18 [25600/60000 (43%)]	Loss: 0.187500 0.953125
Train Epoch: 18 [28160/60000 (47%)]	Loss: 0.312500 0.921875
Train Epoch: 18 [30720/60000 (51%)]	Loss: 0.437500 0.890625
Train Epoch: 18 [33280/60000 (55%)]	Loss: 0.437500 0.890625
Train Epoch: 18 [35840/60000 (60%)]	Loss: 0.312500 0.921875
Train Epoch: 18 [38400/60000 (64%)]	Loss: 0.625000 0.84375
Train Epoch: 18 [40960/60000 (68%)]	Loss: 0.500000 0.875
Train Epoch: 18 [43520/60000 (72%)]	Loss: 0.375000 0.90625
Train Epoch: 18 [46080/60000 (77%)]	Loss: 0.312500 0.921875
Train Epoch: 18 [48640/60000 (81%)]	Loss: 0.375000 0.90625
Train Epoch: 18 [51200/60000 (85%)]	Loss: 0.500000 0.875
Train Epoch: 18 [53760/60000 (90%)]	Loss: 0.312500 0.921875
Train Epoch: 18 [56320/60000 (94%)]	Loss: 0.312500 0.921875
Train Epoch: 18 [58880/60000 (98%)]	Loss: 0.312500 0.921875
====> Epoch: 18 Average loss: 0.3969

Test set: Average loss: 25.7070, Accuracy: (90%)

Train Epoch: 19 [0/60000 (0%)]	Loss: 0.375000 0.90625
Train Epoch: 19 [2560/60000 (4%)]	Loss: 0.250000 0.9375
Train Epoch: 19 [5120/60000 (9%)]	Loss: 0.625000 0.84375
Train Epoch: 19 [7680/60000 (13%)]	Loss: 0.375000 0.90625
Train Epoch: 19 [10240/60000 (17%)]	Loss: 0.562500 0.859375
Train Epoch: 19 [12800/60000 (21%)]	Loss: 0.250000 0.9375
Train Epoch: 19 [15360/60000 (26%)]	Loss: 0.187500 0.953125
Train Epoch: 19 [17920/60000 (30%)]	Loss: 0.437500 0.890625
Train Epoch: 19 [20480/60000 (34%)]	Loss: 0.375000 0.90625
Train Epoch: 19 [23040/60000 (38%)]	Loss: 0.437500 0.890625
Train Epoch: 19 [25600/60000 (43%)]	Loss: 0.375000 0.90625
Train Epoch: 19 [28160/60000 (47%)]	Loss: 0.500000 0.875
Train Epoch: 19 [30720/60000 (51%)]	Loss: 0.437500 0.890625
Train Epoch: 19 [33280/60000 (55%)]	Loss: 0.250000 0.9375
Train Epoch: 19 [35840/60000 (60%)]	Loss: 0.437500 0.890625
Train Epoch: 19 [38400/60000 (64%)]	Loss: 0.500000 0.875
Train Epoch: 19 [40960/60000 (68%)]	Loss: 0.562500 0.859375
Train Epoch: 19 [43520/60000 (72%)]	Loss: 0.437500 0.890625
Train Epoch: 19 [46080/60000 (77%)]	Loss: 0.125000 0.96875
Train Epoch: 19 [48640/60000 (81%)]	Loss: 0.375000 0.90625
Train Epoch: 19 [51200/60000 (85%)]	Loss: 0.375000 0.90625
Train Epoch: 19 [53760/60000 (90%)]	Loss: 0.375000 0.90625
Train Epoch: 19 [56320/60000 (94%)]	Loss: 0.562500 0.859375
Train Epoch: 19 [58880/60000 (98%)]	Loss: 0.312500 0.921875
====> Epoch: 19 Average loss: 0.3971

Test set: Average loss: 25.7580, Accuracy: (90%)

Train Epoch: 20 [0/60000 (0%)]	Loss: 0.562500 0.859375
Train Epoch: 20 [2560/60000 (4%)]	Loss: 0.312500 0.921875
Train Epoch: 20 [5120/60000 (9%)]	Loss: 0.375000 0.90625
Train Epoch: 20 [7680/60000 (13%)]	Loss: 0.375000 0.90625
Train Epoch: 20 [10240/60000 (17%)]	Loss: 0.437500 0.890625
Train Epoch: 20 [12800/60000 (21%)]	Loss: 0.375000 0.90625
Train Epoch: 20 [15360/60000 (26%)]	Loss: 0.312500 0.921875
Train Epoch: 20 [17920/60000 (30%)]	Loss: 0.375000 0.90625
Train Epoch: 20 [20480/60000 (34%)]	Loss: 0.562500 0.859375
Train Epoch: 20 [23040/60000 (38%)]	Loss: 0.125000 0.96875
Train Epoch: 20 [25600/60000 (43%)]	Loss: 0.500000 0.875
Train Epoch: 20 [28160/60000 (47%)]	Loss: 0.250000 0.9375
Train Epoch: 20 [30720/60000 (51%)]	Loss: 0.375000 0.90625
Train Epoch: 20 [33280/60000 (55%)]	Loss: 0.437500 0.890625
Train Epoch: 20 [35840/60000 (60%)]	Loss: 0.437500 0.890625
Train Epoch: 20 [38400/60000 (64%)]	Loss: 0.437500 0.890625
Train Epoch: 20 [40960/60000 (68%)]	Loss: 0.312500 0.921875
Train Epoch: 20 [43520/60000 (72%)]	Loss: 0.437500 0.890625
Train Epoch: 20 [46080/60000 (77%)]	Loss: 0.750000 0.8125
Train Epoch: 20 [48640/60000 (81%)]	Loss: 0.312500 0.921875
Train Epoch: 20 [51200/60000 (85%)]	Loss: 0.750000 0.8125
Train Epoch: 20 [53760/60000 (90%)]	Loss: 0.312500 0.921875
Train Epoch: 20 [56320/60000 (94%)]	Loss: 0.687500 0.828125
Train Epoch: 20 [58880/60000 (98%)]	Loss: 0.312500 0.921875
====> Epoch: 20 Average loss: 0.3987

Test set: Average loss: 26.0892, Accuracy: (90%)

Train Epoch: 21 [0/60000 (0%)]	Loss: 0.625000 0.84375
Train Epoch: 21 [2560/60000 (4%)]	Loss: 0.437500 0.890625
Train Epoch: 21 [5120/60000 (9%)]	Loss: 0.437500 0.890625
Train Epoch: 21 [7680/60000 (13%)]	Loss: 0.312500 0.921875
Train Epoch: 21 [10240/60000 (17%)]	Loss: 0.312500 0.921875
Train Epoch: 21 [12800/60000 (21%)]	Loss: 0.250000 0.9375
Train Epoch: 21 [15360/60000 (26%)]	Loss: 0.437500 0.890625
Train Epoch: 21 [17920/60000 (30%)]	Loss: 0.187500 0.953125
Train Epoch: 21 [20480/60000 (34%)]	Loss: 0.500000 0.875
Train Epoch: 21 [23040/60000 (38%)]	Loss: 0.187500 0.953125
Train Epoch: 21 [25600/60000 (43%)]	Loss: 0.687500 0.828125
Train Epoch: 21 [28160/60000 (47%)]	Loss: 0.312500 0.921875
Train Epoch: 21 [30720/60000 (51%)]	Loss: 0.187500 0.953125
Train Epoch: 21 [33280/60000 (55%)]	Loss: 0.562500 0.859375
Train Epoch: 21 [35840/60000 (60%)]	Loss: 0.312500 0.921875
Train Epoch: 21 [38400/60000 (64%)]	Loss: 0.625000 0.84375
Train Epoch: 21 [40960/60000 (68%)]	Loss: 0.187500 0.953125
Train Epoch: 21 [43520/60000 (72%)]	Loss: 0.187500 0.953125
Train Epoch: 21 [46080/60000 (77%)]	Loss: 0.687500 0.828125
Train Epoch: 21 [48640/60000 (81%)]	Loss: 0.437500 0.890625
Train Epoch: 21 [51200/60000 (85%)]	Loss: 0.125000 0.96875
Train Epoch: 21 [53760/60000 (90%)]	Loss: 0.562500 0.859375
Train Epoch: 21 [56320/60000 (94%)]	Loss: 0.250000 0.9375
Train Epoch: 21 [58880/60000 (98%)]	Loss: 0.687500 0.828125
====> Epoch: 21 Average loss: 0.3966

Test set: Average loss: 25.7070, Accuracy: (90%)

Train Epoch: 22 [0/60000 (0%)]	Loss: 0.562500 0.859375
Train Epoch: 22 [2560/60000 (4%)]	Loss: 0.500000 0.875
Train Epoch: 22 [5120/60000 (9%)]	Loss: 0.562500 0.859375
Train Epoch: 22 [7680/60000 (13%)]	Loss: 0.312500 0.921875
Train Epoch: 22 [10240/60000 (17%)]	Loss: 0.750000 0.8125
Train Epoch: 22 [12800/60000 (21%)]	Loss: 0.750000 0.8125
Train Epoch: 22 [15360/60000 (26%)]	Loss: 0.437500 0.890625
Train Epoch: 22 [17920/60000 (30%)]	Loss: 0.250000 0.9375
Train Epoch: 22 [20480/60000 (34%)]	Loss: 0.312500 0.921875
Train Epoch: 22 [23040/60000 (38%)]	Loss: 0.625000 0.84375
Train Epoch: 22 [25600/60000 (43%)]	Loss: 0.312500 0.921875
Train Epoch: 22 [28160/60000 (47%)]	Loss: 0.437500 0.890625
Train Epoch: 22 [30720/60000 (51%)]	Loss: 0.375000 0.90625
Train Epoch: 22 [33280/60000 (55%)]	Loss: 0.437500 0.890625
Train Epoch: 22 [35840/60000 (60%)]	Loss: 0.437500 0.890625
Train Epoch: 22 [38400/60000 (64%)]	Loss: 0.312500 0.921875
Train Epoch: 22 [40960/60000 (68%)]	Loss: 0.375000 0.90625
Train Epoch: 22 [43520/60000 (72%)]	Loss: 0.187500 0.953125
Train Epoch: 22 [46080/60000 (77%)]	Loss: 0.562500 0.859375
Train Epoch: 22 [48640/60000 (81%)]	Loss: 0.250000 0.9375
Train Epoch: 22 [51200/60000 (85%)]	Loss: 0.250000 0.9375
Train Epoch: 22 [53760/60000 (90%)]	Loss: 0.187500 0.953125
Train Epoch: 22 [56320/60000 (94%)]	Loss: 0.625000 0.84375
Train Epoch: 22 [58880/60000 (98%)]	Loss: 0.500000 0.875
====> Epoch: 22 Average loss: 0.3969

Test set: Average loss: 25.7070, Accuracy: (90%)

Train Epoch: 23 [0/60000 (0%)]	Loss: 0.437500 0.890625
Train Epoch: 23 [2560/60000 (4%)]	Loss: 0.187500 0.953125
Train Epoch: 23 [5120/60000 (9%)]	Loss: 0.312500 0.921875
Train Epoch: 23 [7680/60000 (13%)]	Loss: 0.687500 0.828125
Train Epoch: 23 [10240/60000 (17%)]	Loss: 0.750000 0.8125
Train Epoch: 23 [12800/60000 (21%)]	Loss: 0.312500 0.921875
Train Epoch: 23 [15360/60000 (26%)]	Loss: 0.187500 0.953125
Train Epoch: 23 [17920/60000 (30%)]	Loss: 0.312500 0.921875
Train Epoch: 23 [20480/60000 (34%)]	Loss: 0.250000 0.9375
Train Epoch: 23 [23040/60000 (38%)]	Loss: 0.812500 0.796875
Train Epoch: 23 [25600/60000 (43%)]	Loss: 0.375000 0.90625
Train Epoch: 23 [28160/60000 (47%)]	Loss: 0.312500 0.921875
Train Epoch: 23 [30720/60000 (51%)]	Loss: 0.375000 0.90625
Train Epoch: 23 [33280/60000 (55%)]	Loss: 0.187500 0.953125
Train Epoch: 23 [35840/60000 (60%)]	Loss: 0.437500 0.890625
Train Epoch: 23 [38400/60000 (64%)]	Loss: 0.562500 0.859375
Train Epoch: 23 [40960/60000 (68%)]	Loss: 0.437500 0.890625
Train Epoch: 23 [43520/60000 (72%)]	Loss: 0.312500 0.921875
Train Epoch: 23 [46080/60000 (77%)]	Loss: 0.187500 0.953125
Train Epoch: 23 [48640/60000 (81%)]	Loss: 0.250000 0.9375
Train Epoch: 23 [51200/60000 (85%)]	Loss: 0.437500 0.890625
Train Epoch: 23 [53760/60000 (90%)]	Loss: 0.125000 0.96875
Train Epoch: 23 [56320/60000 (94%)]	Loss: 0.250000 0.9375
Train Epoch: 23 [58880/60000 (98%)]	Loss: 0.500000 0.875
====> Epoch: 23 Average loss: 0.3966

Test set: Average loss: 25.7070, Accuracy: (90%)

Train Epoch: 24 [0/60000 (0%)]	Loss: 0.312500 0.921875
Train Epoch: 24 [2560/60000 (4%)]	Loss: 0.500000 0.875
Train Epoch: 24 [5120/60000 (9%)]	Loss: 0.312500 0.921875
Train Epoch: 24 [7680/60000 (13%)]	Loss: 0.250000 0.9375
Train Epoch: 24 [10240/60000 (17%)]	Loss: 0.187500 0.953125
Train Epoch: 24 [12800/60000 (21%)]	Loss: 0.562500 0.859375
Train Epoch: 24 [15360/60000 (26%)]	Loss: 0.375000 0.90625
Train Epoch: 24 [17920/60000 (30%)]	Loss: 0.187500 0.953125
Train Epoch: 24 [20480/60000 (34%)]	Loss: 0.562500 0.859375
Train Epoch: 24 [23040/60000 (38%)]	Loss: 0.062500 0.984375
Train Epoch: 24 [25600/60000 (43%)]	Loss: 0.500000 0.875
Train Epoch: 24 [28160/60000 (47%)]	Loss: 0.687500 0.828125
Train Epoch: 24 [30720/60000 (51%)]	Loss: 0.250000 0.9375
Train Epoch: 24 [33280/60000 (55%)]	Loss: 0.500000 0.875
Train Epoch: 24 [35840/60000 (60%)]	Loss: 0.687500 0.828125
Train Epoch: 24 [38400/60000 (64%)]	Loss: 0.500000 0.875
Train Epoch: 24 [40960/60000 (68%)]	Loss: 0.625000 0.84375
Train Epoch: 24 [43520/60000 (72%)]	Loss: 0.812500 0.796875
Train Epoch: 24 [46080/60000 (77%)]	Loss: 0.312500 0.921875
Train Epoch: 24 [48640/60000 (81%)]	Loss: 0.437500 0.890625
Train Epoch: 24 [51200/60000 (85%)]	Loss: 0.250000 0.9375
Train Epoch: 24 [53760/60000 (90%)]	Loss: 0.187500 0.953125
Train Epoch: 24 [56320/60000 (94%)]	Loss: 0.250000 0.9375
Train Epoch: 24 [58880/60000 (98%)]	Loss: 0.437500 0.890625
====> Epoch: 24 Average loss: 0.3966

Test set: Average loss: 25.8089, Accuracy: (90%)

Train Epoch: 25 [0/60000 (0%)]	Loss: 0.312500 0.921875
Train Epoch: 25 [2560/60000 (4%)]	Loss: 0.250000 0.9375
Train Epoch: 25 [5120/60000 (9%)]	Loss: 0.187500 0.953125
Train Epoch: 25 [7680/60000 (13%)]	Loss: 0.437500 0.890625
Train Epoch: 25 [10240/60000 (17%)]	Loss: 0.375000 0.90625
Train Epoch: 25 [12800/60000 (21%)]	Loss: 0.562500 0.859375
Train Epoch: 25 [15360/60000 (26%)]	Loss: 0.687500 0.828125
Train Epoch: 25 [17920/60000 (30%)]	Loss: 0.500000 0.875
Train Epoch: 25 [20480/60000 (34%)]	Loss: 0.187500 0.953125
Train Epoch: 25 [23040/60000 (38%)]	Loss: 0.125000 0.96875
Train Epoch: 25 [25600/60000 (43%)]	Loss: 0.750000 0.8125
Train Epoch: 25 [28160/60000 (47%)]	Loss: 0.375000 0.90625
Train Epoch: 25 [30720/60000 (51%)]	Loss: 0.437500 0.890625
Train Epoch: 25 [33280/60000 (55%)]	Loss: 0.375000 0.90625
Train Epoch: 25 [35840/60000 (60%)]	Loss: 0.312500 0.921875
Train Epoch: 25 [38400/60000 (64%)]	Loss: 0.375000 0.90625
Train Epoch: 25 [40960/60000 (68%)]	Loss: 0.437500 0.890625
Train Epoch: 25 [43520/60000 (72%)]	Loss: 0.437500 0.890625
Train Epoch: 25 [46080/60000 (77%)]	Loss: 0.437500 0.890625
Train Epoch: 25 [48640/60000 (81%)]	Loss: 0.437500 0.890625
Train Epoch: 25 [51200/60000 (85%)]	Loss: 0.375000 0.90625
Train Epoch: 25 [53760/60000 (90%)]	Loss: 0.562500 0.859375
Train Epoch: 25 [56320/60000 (94%)]	Loss: 0.437500 0.890625
Train Epoch: 25 [58880/60000 (98%)]	Loss: 0.562500 0.859375
====> Epoch: 25 Average loss: 0.3970

Test set: Average loss: 25.7580, Accuracy: (90%)

Train Epoch: 26 [0/60000 (0%)]	Loss: 0.250000 0.9375
Train Epoch: 26 [2560/60000 (4%)]	Loss: 0.437500 0.890625
Train Epoch: 26 [5120/60000 (9%)]	Loss: 0.312500 0.921875
Train Epoch: 26 [7680/60000 (13%)]	Loss: 0.375000 0.90625
Train Epoch: 26 [10240/60000 (17%)]	Loss: 0.500000 0.875
Train Epoch: 26 [12800/60000 (21%)]	Loss: 0.312500 0.921875
Train Epoch: 26 [15360/60000 (26%)]	Loss: 0.500000 0.875
Train Epoch: 26 [17920/60000 (30%)]	Loss: 0.375000 0.90625
Train Epoch: 26 [20480/60000 (34%)]	Loss: 0.250000 0.9375
Train Epoch: 26 [23040/60000 (38%)]	Loss: 0.187500 0.953125
Train Epoch: 26 [25600/60000 (43%)]	Loss: 0.250000 0.9375
Train Epoch: 26 [28160/60000 (47%)]	Loss: 0.375000 0.90625
Train Epoch: 26 [30720/60000 (51%)]	Loss: 0.437500 0.890625
Train Epoch: 26 [33280/60000 (55%)]	Loss: 0.562500 0.859375
Train Epoch: 26 [35840/60000 (60%)]	Loss: 0.187500 0.953125
Train Epoch: 26 [38400/60000 (64%)]	Loss: 0.562500 0.859375
Train Epoch: 26 [40960/60000 (68%)]	Loss: 0.312500 0.921875
Train Epoch: 26 [43520/60000 (72%)]	Loss: 0.312500 0.921875
Train Epoch: 26 [46080/60000 (77%)]	Loss: 0.375000 0.90625
Train Epoch: 26 [48640/60000 (81%)]	Loss: 0.437500 0.890625
Train Epoch: 26 [51200/60000 (85%)]	Loss: 0.250000 0.9375
Train Epoch: 26 [53760/60000 (90%)]	Loss: 0.625000 0.84375
Train Epoch: 26 [56320/60000 (94%)]	Loss: 0.375000 0.90625
Train Epoch: 26 [58880/60000 (98%)]	Loss: 0.500000 0.875
====> Epoch: 26 Average loss: 0.3969

Test set: Average loss: 25.7070, Accuracy: (90%)

Train Epoch: 27 [0/60000 (0%)]	Loss: 0.312500 0.921875
Train Epoch: 27 [2560/60000 (4%)]	Loss: 0.500000 0.875
Train Epoch: 27 [5120/60000 (9%)]	Loss: 0.437500 0.890625
Train Epoch: 27 [7680/60000 (13%)]	Loss: 0.437500 0.890625
Train Epoch: 27 [10240/60000 (17%)]	Loss: 0.750000 0.8125
Train Epoch: 27 [12800/60000 (21%)]	Loss: 0.187500 0.953125
Train Epoch: 27 [15360/60000 (26%)]	Loss: 0.312500 0.921875
Train Epoch: 27 [17920/60000 (30%)]	Loss: 0.375000 0.90625
Train Epoch: 27 [20480/60000 (34%)]	Loss: 0.250000 0.9375
Train Epoch: 27 [23040/60000 (38%)]	Loss: 0.375000 0.90625
Train Epoch: 27 [25600/60000 (43%)]	Loss: 0.437500 0.890625
Train Epoch: 27 [28160/60000 (47%)]	Loss: 0.562500 0.859375
Train Epoch: 27 [30720/60000 (51%)]	Loss: 0.562500 0.859375
Train Epoch: 27 [33280/60000 (55%)]	Loss: 0.500000 0.875
Train Epoch: 27 [35840/60000 (60%)]	Loss: 0.500000 0.875
Train Epoch: 27 [38400/60000 (64%)]	Loss: 0.562500 0.859375
Train Epoch: 27 [40960/60000 (68%)]	Loss: 0.187500 0.953125
Train Epoch: 27 [43520/60000 (72%)]	Loss: 0.562500 0.859375
Train Epoch: 27 [46080/60000 (77%)]	Loss: 0.375000 0.90625
Train Epoch: 27 [48640/60000 (81%)]	Loss: 0.500000 0.875
Train Epoch: 27 [51200/60000 (85%)]	Loss: 0.500000 0.875
Train Epoch: 27 [53760/60000 (90%)]	Loss: 0.375000 0.90625
Train Epoch: 27 [56320/60000 (94%)]	Loss: 0.625000 0.84375
Train Epoch: 27 [58880/60000 (98%)]	Loss: 0.375000 0.90625
====> Epoch: 27 Average loss: 0.3966

Test set: Average loss: 25.7070, Accuracy: (90%)

Train Epoch: 28 [0/60000 (0%)]	Loss: 0.312500 0.921875
Train Epoch: 28 [2560/60000 (4%)]	Loss: 0.125000 0.96875
Train Epoch: 28 [5120/60000 (9%)]	Loss: 0.187500 0.953125
Train Epoch: 28 [7680/60000 (13%)]	Loss: 0.437500 0.890625
Train Epoch: 28 [10240/60000 (17%)]	Loss: 0.375000 0.90625
Train Epoch: 28 [12800/60000 (21%)]	Loss: 0.312500 0.921875
Train Epoch: 28 [15360/60000 (26%)]	Loss: 0.562500 0.859375
Train Epoch: 28 [17920/60000 (30%)]	Loss: 0.562500 0.859375
Train Epoch: 28 [20480/60000 (34%)]	Loss: 0.375000 0.90625
Train Epoch: 28 [23040/60000 (38%)]	Loss: 0.437500 0.890625
Train Epoch: 28 [25600/60000 (43%)]	Loss: 0.437500 0.890625
Train Epoch: 28 [28160/60000 (47%)]	Loss: 0.375000 0.90625
Train Epoch: 28 [30720/60000 (51%)]	Loss: 0.375000 0.90625
Train Epoch: 28 [33280/60000 (55%)]	Loss: 0.437500 0.890625
Train Epoch: 28 [35840/60000 (60%)]	Loss: 0.500000 0.875
Train Epoch: 28 [38400/60000 (64%)]	Loss: 0.437500 0.890625
Train Epoch: 28 [40960/60000 (68%)]	Loss: 0.500000 0.875
Train Epoch: 28 [43520/60000 (72%)]	Loss: 0.312500 0.921875
Train Epoch: 28 [46080/60000 (77%)]	Loss: 0.625000 0.84375
Train Epoch: 28 [48640/60000 (81%)]	Loss: 0.562500 0.859375
Train Epoch: 28 [51200/60000 (85%)]	Loss: 0.312500 0.921875
Train Epoch: 28 [53760/60000 (90%)]	Loss: 0.500000 0.875
Train Epoch: 28 [56320/60000 (94%)]	Loss: 0.312500 0.921875
Train Epoch: 28 [58880/60000 (98%)]	Loss: 0.375000 0.90625
====> Epoch: 28 Average loss: 0.3978

Test set: Average loss: 25.7070, Accuracy: (90%)

Train Epoch: 29 [0/60000 (0%)]	Loss: 0.187500 0.953125
Train Epoch: 29 [2560/60000 (4%)]	Loss: 0.187500 0.953125
Train Epoch: 29 [5120/60000 (9%)]	Loss: 0.437500 0.890625
Train Epoch: 29 [7680/60000 (13%)]	Loss: 0.375000 0.90625
Train Epoch: 29 [10240/60000 (17%)]	Loss: 0.250000 0.9375
Train Epoch: 29 [12800/60000 (21%)]	Loss: 0.250000 0.9375
Train Epoch: 29 [15360/60000 (26%)]	Loss: 0.312500 0.921875
Train Epoch: 29 [17920/60000 (30%)]	Loss: 0.250000 0.9375
Train Epoch: 29 [20480/60000 (34%)]	Loss: 0.375000 0.90625
Train Epoch: 29 [23040/60000 (38%)]	Loss: 0.250000 0.9375
Train Epoch: 29 [25600/60000 (43%)]	Loss: 0.312500 0.921875
Train Epoch: 29 [28160/60000 (47%)]	Loss: 0.437500 0.890625
Train Epoch: 29 [30720/60000 (51%)]	Loss: 0.187500 0.953125
Train Epoch: 29 [33280/60000 (55%)]	Loss: 0.312500 0.921875
Train Epoch: 29 [35840/60000 (60%)]	Loss: 0.375000 0.90625
Train Epoch: 29 [38400/60000 (64%)]	Loss: 0.375000 0.90625
Train Epoch: 29 [40960/60000 (68%)]	Loss: 0.250000 0.9375
Train Epoch: 29 [43520/60000 (72%)]	Loss: 0.250000 0.9375
Train Epoch: 29 [46080/60000 (77%)]	Loss: 0.500000 0.875
Train Epoch: 29 [48640/60000 (81%)]	Loss: 0.437500 0.890625
Train Epoch: 29 [51200/60000 (85%)]	Loss: 0.437500 0.890625
Train Epoch: 29 [53760/60000 (90%)]	Loss: 0.500000 0.875
Train Epoch: 29 [56320/60000 (94%)]	Loss: 0.125000 0.96875
Train Epoch: 29 [58880/60000 (98%)]	Loss: 0.375000 0.90625
====> Epoch: 29 Average loss: 0.3971

Test set: Average loss: 25.8089, Accuracy: (90%)

Train Epoch: 30 [0/60000 (0%)]	Loss: 0.562500 0.859375
Train Epoch: 30 [2560/60000 (4%)]	Loss: 0.437500 0.890625
Train Epoch: 30 [5120/60000 (9%)]	Loss: 0.500000 0.875
Train Epoch: 30 [7680/60000 (13%)]	Loss: 0.375000 0.90625
Train Epoch: 30 [10240/60000 (17%)]	Loss: 0.500000 0.875
Train Epoch: 30 [12800/60000 (21%)]	Loss: 0.437500 0.890625
Train Epoch: 30 [15360/60000 (26%)]	Loss: 0.250000 0.9375
Train Epoch: 30 [17920/60000 (30%)]	Loss: 0.125000 0.96875
Train Epoch: 30 [20480/60000 (34%)]	Loss: 0.125000 0.96875
Train Epoch: 30 [23040/60000 (38%)]	Loss: 0.562500 0.859375
Train Epoch: 30 [25600/60000 (43%)]	Loss: 0.187500 0.953125
Train Epoch: 30 [28160/60000 (47%)]	Loss: 0.562500 0.859375
Train Epoch: 30 [30720/60000 (51%)]	Loss: 0.125000 0.96875
Train Epoch: 30 [33280/60000 (55%)]	Loss: 0.437500 0.890625
Train Epoch: 30 [35840/60000 (60%)]	Loss: 0.437500 0.890625
Train Epoch: 30 [38400/60000 (64%)]	Loss: 0.437500 0.890625
Train Epoch: 30 [40960/60000 (68%)]	Loss: 0.437500 0.890625
Train Epoch: 30 [43520/60000 (72%)]	Loss: 0.187500 0.953125
Train Epoch: 30 [46080/60000 (77%)]	Loss: 0.562500 0.859375
Train Epoch: 30 [48640/60000 (81%)]	Loss: 0.437500 0.890625
Train Epoch: 30 [51200/60000 (85%)]	Loss: 0.062500 0.984375
Train Epoch: 30 [53760/60000 (90%)]	Loss: 0.437500 0.890625
Train Epoch: 30 [56320/60000 (94%)]	Loss: 0.687500 0.828125
Train Epoch: 30 [58880/60000 (98%)]	Loss: 0.687500 0.828125
====> Epoch: 30 Average loss: 0.3975

Test set: Average loss: 25.7834, Accuracy: (90%)

Train Epoch: 31 [0/60000 (0%)]	Loss: 0.250000 0.9375
Train Epoch: 31 [2560/60000 (4%)]	Loss: 0.562500 0.859375
Train Epoch: 31 [5120/60000 (9%)]	Loss: 0.250000 0.9375
Train Epoch: 31 [7680/60000 (13%)]	Loss: 0.375000 0.90625
Train Epoch: 31 [10240/60000 (17%)]	Loss: 0.312500 0.921875
Train Epoch: 31 [12800/60000 (21%)]	Loss: 0.562500 0.859375
Train Epoch: 31 [15360/60000 (26%)]	Loss: 0.125000 0.96875
Train Epoch: 31 [17920/60000 (30%)]	Loss: 0.437500 0.890625
Train Epoch: 31 [20480/60000 (34%)]	Loss: 0.437500 0.890625
Train Epoch: 31 [23040/60000 (38%)]	Loss: 0.437500 0.890625
Train Epoch: 31 [25600/60000 (43%)]	Loss: 0.187500 0.953125
Train Epoch: 31 [28160/60000 (47%)]	Loss: 0.375000 0.90625
Train Epoch: 31 [30720/60000 (51%)]	Loss: 0.500000 0.875
Train Epoch: 31 [33280/60000 (55%)]	Loss: 0.375000 0.90625
Train Epoch: 31 [35840/60000 (60%)]	Loss: 0.500000 0.875
Train Epoch: 31 [38400/60000 (64%)]	Loss: 0.375000 0.90625
Train Epoch: 31 [40960/60000 (68%)]	Loss: 0.187500 0.953125
Train Epoch: 31 [43520/60000 (72%)]	Loss: 0.250000 0.9375
Train Epoch: 31 [46080/60000 (77%)]	Loss: 0.562500 0.859375
Train Epoch: 31 [48640/60000 (81%)]	Loss: 0.437500 0.890625
Train Epoch: 31 [51200/60000 (85%)]	Loss: 0.375000 0.90625
Train Epoch: 31 [53760/60000 (90%)]	Loss: 0.312500 0.921875
Train Epoch: 31 [56320/60000 (94%)]	Loss: 0.250000 0.9375
Train Epoch: 31 [58880/60000 (98%)]	Loss: 0.437500 0.890625
====> Epoch: 31 Average loss: 0.3966

Test set: Average loss: 25.7070, Accuracy: (90%)

Train Epoch: 32 [0/60000 (0%)]	Loss: 0.437500 0.890625
Train Epoch: 32 [2560/60000 (4%)]	Loss: 0.312500 0.921875
Train Epoch: 32 [5120/60000 (9%)]	Loss: 0.437500 0.890625
Train Epoch: 32 [7680/60000 (13%)]	Loss: 0.562500 0.859375
Train Epoch: 32 [10240/60000 (17%)]	Loss: 0.375000 0.90625
Train Epoch: 32 [12800/60000 (21%)]	Loss: 0.500000 0.875
Train Epoch: 32 [15360/60000 (26%)]	Loss: 0.625000 0.84375
Train Epoch: 32 [17920/60000 (30%)]	Loss: 0.500000 0.875
Train Epoch: 32 [20480/60000 (34%)]	Loss: 0.375000 0.90625
Train Epoch: 32 [23040/60000 (38%)]	Loss: 0.375000 0.90625
Train Epoch: 32 [25600/60000 (43%)]	Loss: 0.500000 0.875
Train Epoch: 32 [28160/60000 (47%)]	Loss: 0.687500 0.828125
Train Epoch: 32 [30720/60000 (51%)]	Loss: 0.312500 0.921875
Train Epoch: 32 [33280/60000 (55%)]	Loss: 0.375000 0.90625
Train Epoch: 32 [35840/60000 (60%)]	Loss: 0.437500 0.890625
Train Epoch: 32 [38400/60000 (64%)]	Loss: 0.562500 0.859375
Train Epoch: 32 [40960/60000 (68%)]	Loss: 0.750000 0.8125
Train Epoch: 32 [43520/60000 (72%)]	Loss: 0.187500 0.953125
Train Epoch: 32 [46080/60000 (77%)]	Loss: 0.625000 0.84375
Train Epoch: 32 [48640/60000 (81%)]	Loss: 0.312500 0.921875
Train Epoch: 32 [51200/60000 (85%)]	Loss: 0.625000 0.84375
Train Epoch: 32 [53760/60000 (90%)]	Loss: 0.187500 0.953125
Train Epoch: 32 [56320/60000 (94%)]	Loss: 0.312500 0.921875
Train Epoch: 32 [58880/60000 (98%)]	Loss: 0.312500 0.921875
====> Epoch: 32 Average loss: 0.3966

Test set: Average loss: 25.7070, Accuracy: (90%)

Train Epoch: 33 [0/60000 (0%)]	Loss: 0.187500 0.953125
Train Epoch: 33 [2560/60000 (4%)]	Loss: 0.500000 0.875
Train Epoch: 33 [5120/60000 (9%)]	Loss: 0.250000 0.9375
Train Epoch: 33 [7680/60000 (13%)]	Loss: 0.375000 0.90625
Train Epoch: 33 [10240/60000 (17%)]	Loss: 0.250000 0.9375
Train Epoch: 33 [12800/60000 (21%)]	Loss: 0.500000 0.875
Train Epoch: 33 [15360/60000 (26%)]	Loss: 0.750000 0.8125
Train Epoch: 33 [17920/60000 (30%)]	Loss: 0.562500 0.859375
Train Epoch: 33 [20480/60000 (34%)]	Loss: 0.687500 0.828125
Train Epoch: 33 [23040/60000 (38%)]	Loss: 0.125000 0.96875
Train Epoch: 33 [25600/60000 (43%)]	Loss: 0.375000 0.90625
Train Epoch: 33 [28160/60000 (47%)]	Loss: 0.312500 0.921875
Train Epoch: 33 [30720/60000 (51%)]	Loss: 0.625000 0.84375
Train Epoch: 33 [33280/60000 (55%)]	Loss: 0.250000 0.9375
Train Epoch: 33 [35840/60000 (60%)]	Loss: 0.250000 0.9375
Train Epoch: 33 [38400/60000 (64%)]	Loss: 0.375000 0.90625
Train Epoch: 33 [40960/60000 (68%)]	Loss: 0.250000 0.9375
Train Epoch: 33 [43520/60000 (72%)]	Loss: 0.375000 0.90625
Train Epoch: 33 [46080/60000 (77%)]	Loss: 0.187500 0.953125
Train Epoch: 33 [48640/60000 (81%)]	Loss: 0.437500 0.890625
Train Epoch: 33 [51200/60000 (85%)]	Loss: 0.437500 0.890625
Train Epoch: 33 [53760/60000 (90%)]	Loss: 0.062500 0.984375
Train Epoch: 33 [56320/60000 (94%)]	Loss: 0.312500 0.921875
Train Epoch: 33 [58880/60000 (98%)]	Loss: 0.312500 0.921875
====> Epoch: 33 Average loss: 0.3978

Test set: Average loss: 25.7070, Accuracy: (90%)

Train Epoch: 34 [0/60000 (0%)]	Loss: 0.312500 0.921875
Train Epoch: 34 [2560/60000 (4%)]	Loss: 0.312500 0.921875
Train Epoch: 34 [5120/60000 (9%)]	Loss: 0.125000 0.96875
Train Epoch: 34 [7680/60000 (13%)]	Loss: 0.562500 0.859375
Train Epoch: 34 [10240/60000 (17%)]	Loss: 0.250000 0.9375
Train Epoch: 34 [12800/60000 (21%)]	Loss: 0.375000 0.90625
Train Epoch: 34 [15360/60000 (26%)]	Loss: 0.187500 0.953125
Train Epoch: 34 [17920/60000 (30%)]	Loss: 0.625000 0.84375
Train Epoch: 34 [20480/60000 (34%)]	Loss: 0.562500 0.859375
Train Epoch: 34 [23040/60000 (38%)]	Loss: 0.437500 0.890625
Train Epoch: 34 [25600/60000 (43%)]	Loss: 0.500000 0.875
Train Epoch: 34 [28160/60000 (47%)]	Loss: 0.312500 0.921875
Train Epoch: 34 [30720/60000 (51%)]	Loss: 0.375000 0.90625
Train Epoch: 34 [33280/60000 (55%)]	Loss: 0.187500 0.953125
Train Epoch: 34 [35840/60000 (60%)]	Loss: 0.375000 0.90625
Train Epoch: 34 [38400/60000 (64%)]	Loss: 0.312500 0.921875
Train Epoch: 34 [40960/60000 (68%)]	Loss: 0.625000 0.84375
Train Epoch: 34 [43520/60000 (72%)]	Loss: 0.312500 0.921875
Train Epoch: 34 [46080/60000 (77%)]	Loss: 0.250000 0.9375
Train Epoch: 34 [48640/60000 (81%)]	Loss: 0.437500 0.890625
Train Epoch: 34 [51200/60000 (85%)]	Loss: 0.500000 0.875
Train Epoch: 34 [53760/60000 (90%)]	Loss: 0.437500 0.890625
Train Epoch: 34 [56320/60000 (94%)]	Loss: 0.437500 0.890625
Train Epoch: 34 [58880/60000 (98%)]	Loss: 0.062500 0.984375
====> Epoch: 34 Average loss: 0.3966

Test set: Average loss: 25.7580, Accuracy: (90%)

