pyenv-virtualenv: prompt changing will be removed from future release. configure `export PYENV_VIRTUALENV_DISABLE_PROMPT=1' to simulate the behavior.
cudaluca_3layers_801.py:146: UserWarning: Implicit dimension choice for log_softmax has been deprecated. Change the call to include dim=X as an argument.
  logprobs_out = F.log_softmax(hlastbar)
Train Epoch: 1 [0/60000 (0%)]	Loss: 0.035978 0.078125
Train Epoch: 1 [2560/60000 (4%)]	Loss: 0.035978 0.09375
Train Epoch: 1 [5120/60000 (9%)]	Loss: 0.036006 0.046875
Train Epoch: 1 [7680/60000 (13%)]	Loss: 0.036085 0.015625
Train Epoch: 1 [10240/60000 (17%)]	Loss: 0.035925 0.171875
Train Epoch: 1 [12800/60000 (21%)]	Loss: 0.035901 0.15625
Train Epoch: 1 [15360/60000 (26%)]	Loss: 0.036004 0.125
Train Epoch: 1 [17920/60000 (30%)]	Loss: 0.035939 0.125
Train Epoch: 1 [20480/60000 (34%)]	Loss: 0.035981 0.109375
Train Epoch: 1 [23040/60000 (38%)]	Loss: 0.036005 0.0625
Train Epoch: 1 [25600/60000 (43%)]	Loss: 0.035984 0.09375
Train Epoch: 1 [28160/60000 (47%)]	Loss: 0.035984 0.09375
Train Epoch: 1 [30720/60000 (51%)]	Loss: 0.036187 0.09375
Train Epoch: 1 [33280/60000 (55%)]	Loss: 0.035991 0.09375
Train Epoch: 1 [35840/60000 (60%)]	Loss: 0.035729 0.171875
Train Epoch: 1 [38400/60000 (64%)]	Loss: 0.035886 0.109375
Train Epoch: 1 [40960/60000 (68%)]	Loss: 0.036130 0.078125
Train Epoch: 1 [43520/60000 (72%)]	Loss: 0.035989 0.0625
Train Epoch: 1 [46080/60000 (77%)]	Loss: 0.035930 0.171875
Train Epoch: 1 [48640/60000 (81%)]	Loss: 0.036012 0.109375
Train Epoch: 1 [51200/60000 (85%)]	Loss: 0.036122 0.125
Train Epoch: 1 [53760/60000 (90%)]	Loss: 0.035845 0.171875
Train Epoch: 1 [56320/60000 (94%)]	Loss: 0.035990 0.078125
Train Epoch: 1 [58880/60000 (98%)]	Loss: 0.035990 0.109375
====> Epoch: 1 Average loss: 0.0360

Test set: Average loss: 2.3010, Accuracy: 1135/10000 (11%)

Train Epoch: 2 [0/60000 (0%)]	Loss: 0.035792 0.1875
Train Epoch: 2 [2560/60000 (4%)]	Loss: 0.035989 0.0625
Train Epoch: 2 [5120/60000 (9%)]	Loss: 0.030078 0.1875
Train Epoch: 2 [7680/60000 (13%)]	Loss: 0.027933 0.21875
Train Epoch: 2 [10240/60000 (17%)]	Loss: 0.026818 0.171875
Train Epoch: 2 [12800/60000 (21%)]	Loss: 0.026171 0.25
Train Epoch: 2 [15360/60000 (26%)]	Loss: 0.029058 0.140625
Train Epoch: 2 [17920/60000 (30%)]	Loss: 0.027170 0.265625
Train Epoch: 2 [20480/60000 (34%)]	Loss: 0.027076 0.171875
Train Epoch: 2 [23040/60000 (38%)]	Loss: 0.026450 0.21875
Train Epoch: 2 [25600/60000 (43%)]	Loss: 0.027727 0.234375
Train Epoch: 2 [28160/60000 (47%)]	Loss: 0.025915 0.328125
Train Epoch: 2 [30720/60000 (51%)]	Loss: 0.024792 0.28125
Train Epoch: 2 [33280/60000 (55%)]	Loss: 0.025219 0.359375
Train Epoch: 2 [35840/60000 (60%)]	Loss: 0.024726 0.34375
Train Epoch: 2 [38400/60000 (64%)]	Loss: 0.017253 0.453125
Train Epoch: 2 [40960/60000 (68%)]	Loss: 0.021134 0.453125
Train Epoch: 2 [43520/60000 (72%)]	Loss: 0.016948 0.625
Train Epoch: 2 [46080/60000 (77%)]	Loss: 0.021105 0.5
Train Epoch: 2 [48640/60000 (81%)]	Loss: 0.019589 0.453125
Train Epoch: 2 [51200/60000 (85%)]	Loss: 0.017786 0.515625
Train Epoch: 2 [53760/60000 (90%)]	Loss: 0.020929 0.53125
Train Epoch: 2 [56320/60000 (94%)]	Loss: 0.014636 0.65625
Train Epoch: 2 [58880/60000 (98%)]	Loss: 0.019204 0.53125
====> Epoch: 2 Average loss: 0.0244

Test set: Average loss: 1.1375, Accuracy: 5777/10000 (58%)

Train Epoch: 3 [0/60000 (0%)]	Loss: 0.017612 0.53125
Train Epoch: 3 [2560/60000 (4%)]	Loss: 0.015967 0.65625
Train Epoch: 3 [5120/60000 (9%)]	Loss: 0.022702 0.640625
Train Epoch: 3 [7680/60000 (13%)]	Loss: 0.019616 0.59375
Train Epoch: 3 [10240/60000 (17%)]	Loss: 0.014145 0.734375
Train Epoch: 3 [12800/60000 (21%)]	Loss: 0.014823 0.65625
Train Epoch: 3 [15360/60000 (26%)]	Loss: 0.017623 0.53125
Train Epoch: 3 [17920/60000 (30%)]	Loss: 0.016993 0.546875
Train Epoch: 3 [20480/60000 (34%)]	Loss: 0.018849 0.609375
Train Epoch: 3 [23040/60000 (38%)]	Loss: 0.016112 0.59375
Train Epoch: 3 [25600/60000 (43%)]	Loss: 0.016734 0.6875
Train Epoch: 3 [28160/60000 (47%)]	Loss: 0.016439 0.65625
Train Epoch: 3 [30720/60000 (51%)]	Loss: 0.019681 0.5625
Train Epoch: 3 [33280/60000 (55%)]	Loss: 0.017033 0.609375
Train Epoch: 3 [35840/60000 (60%)]	Loss: 0.014863 0.625
Train Epoch: 3 [38400/60000 (64%)]	Loss: 0.015534 0.734375
Train Epoch: 3 [40960/60000 (68%)]	Loss: 0.017401 0.65625
Train Epoch: 3 [43520/60000 (72%)]	Loss: 0.017700 0.578125
Train Epoch: 3 [46080/60000 (77%)]	Loss: 0.014141 0.734375
Train Epoch: 3 [48640/60000 (81%)]	Loss: 0.015090 0.578125
Train Epoch: 3 [51200/60000 (85%)]	Loss: 0.016736 0.53125
Train Epoch: 3 [53760/60000 (90%)]	Loss: 0.021366 0.453125
Train Epoch: 3 [56320/60000 (94%)]	Loss: 0.017795 0.65625
Train Epoch: 3 [58880/60000 (98%)]	Loss: 0.021138 0.609375
====> Epoch: 3 Average loss: 0.0171

Test set: Average loss: 1.0781, Accuracy: 6094/10000 (61%)

Train Epoch: 4 [0/60000 (0%)]	Loss: 0.014885 0.625
Train Epoch: 4 [2560/60000 (4%)]	Loss: 0.020919 0.4375
Train Epoch: 4 [5120/60000 (9%)]	Loss: 0.022178 0.546875
Train Epoch: 4 [7680/60000 (13%)]	Loss: 0.016218 0.640625
Train Epoch: 4 [10240/60000 (17%)]	Loss: 0.015726 0.640625
Train Epoch: 4 [12800/60000 (21%)]	Loss: 0.016525 0.59375
Train Epoch: 4 [15360/60000 (26%)]	Loss: 0.015029 0.734375
Train Epoch: 4 [17920/60000 (30%)]	Loss: 0.015193 0.578125
Train Epoch: 4 [20480/60000 (34%)]	Loss: 0.016508 0.578125
Train Epoch: 4 [23040/60000 (38%)]	Loss: 0.018530 0.578125
Train Epoch: 4 [25600/60000 (43%)]	Loss: 0.016351 0.640625
Train Epoch: 4 [28160/60000 (47%)]	Loss: 0.012992 0.703125
Train Epoch: 4 [30720/60000 (51%)]	Loss: 0.015357 0.578125
Train Epoch: 4 [33280/60000 (55%)]	Loss: 0.014933 0.703125
Train Epoch: 4 [35840/60000 (60%)]	Loss: 0.016506 0.640625
Train Epoch: 4 [38400/60000 (64%)]	Loss: 0.019921 0.546875
Train Epoch: 4 [40960/60000 (68%)]	Loss: 0.012878 0.765625
Train Epoch: 4 [43520/60000 (72%)]	Loss: 0.014900 0.640625
Train Epoch: 4 [46080/60000 (77%)]	Loss: 0.013624 0.703125
Train Epoch: 4 [48640/60000 (81%)]	Loss: 0.014360 0.65625
Train Epoch: 4 [51200/60000 (85%)]	Loss: 0.013433 0.625
Train Epoch: 4 [53760/60000 (90%)]	Loss: 0.013606 0.65625
Train Epoch: 4 [56320/60000 (94%)]	Loss: 0.016129 0.609375
Train Epoch: 4 [58880/60000 (98%)]	Loss: 0.015060 0.65625
====> Epoch: 4 Average loss: 0.0166

Test set: Average loss: 1.0556, Accuracy: 6224/10000 (62%)

Train Epoch: 5 [0/60000 (0%)]	Loss: 0.016500 0.609375
Train Epoch: 5 [2560/60000 (4%)]	Loss: 0.016104 0.59375
Train Epoch: 5 [5120/60000 (9%)]	Loss: 0.013790 0.65625
Train Epoch: 5 [7680/60000 (13%)]	Loss: 0.016574 0.625
Train Epoch: 5 [10240/60000 (17%)]	Loss: 0.017023 0.578125
Train Epoch: 5 [12800/60000 (21%)]	Loss: 0.020214 0.59375
Train Epoch: 5 [15360/60000 (26%)]	Loss: 0.018443 0.71875
Train Epoch: 5 [17920/60000 (30%)]	Loss: 0.016138 0.546875
Train Epoch: 5 [20480/60000 (34%)]	Loss: 0.016359 0.515625
Train Epoch: 5 [23040/60000 (38%)]	Loss: 0.015263 0.65625
Train Epoch: 5 [25600/60000 (43%)]	Loss: 0.016089 0.6875
Train Epoch: 5 [28160/60000 (47%)]	Loss: 0.012236 0.78125
Train Epoch: 5 [30720/60000 (51%)]	Loss: 0.013976 0.6875
Train Epoch: 5 [33280/60000 (55%)]	Loss: 0.015410 0.6875
Train Epoch: 5 [35840/60000 (60%)]	Loss: 0.011748 0.734375
Train Epoch: 5 [38400/60000 (64%)]	Loss: 0.018657 0.546875
Train Epoch: 5 [40960/60000 (68%)]	Loss: 0.013031 0.6875
Train Epoch: 5 [43520/60000 (72%)]	Loss: 0.016262 0.625
Train Epoch: 5 [46080/60000 (77%)]	Loss: 0.015785 0.578125
Train Epoch: 5 [48640/60000 (81%)]	Loss: 0.021021 0.515625
Train Epoch: 5 [51200/60000 (85%)]	Loss: 0.022260 0.578125
Train Epoch: 5 [53760/60000 (90%)]	Loss: 0.014810 0.6875
Train Epoch: 5 [56320/60000 (94%)]	Loss: 0.012719 0.75
Train Epoch: 5 [58880/60000 (98%)]	Loss: 0.015761 0.625
====> Epoch: 5 Average loss: 0.0163

Test set: Average loss: 1.0384, Accuracy: 6396/10000 (64%)

Train Epoch: 6 [0/60000 (0%)]	Loss: 0.015419 0.6875
Train Epoch: 6 [2560/60000 (4%)]	Loss: 0.013276 0.5625
Train Epoch: 6 [5120/60000 (9%)]	Loss: 0.017829 0.65625
Train Epoch: 6 [7680/60000 (13%)]	Loss: 0.012227 0.71875
Train Epoch: 6 [10240/60000 (17%)]	Loss: 0.018623 0.546875
Train Epoch: 6 [12800/60000 (21%)]	Loss: 0.013751 0.65625
Train Epoch: 6 [15360/60000 (26%)]	Loss: 0.016557 0.609375
Train Epoch: 6 [17920/60000 (30%)]	Loss: 0.013479 0.671875
Train Epoch: 6 [20480/60000 (34%)]	Loss: 0.018632 0.5625
Train Epoch: 6 [23040/60000 (38%)]	Loss: 0.011685 0.6875
Train Epoch: 6 [25600/60000 (43%)]	Loss: 0.014353 0.703125
Train Epoch: 6 [28160/60000 (47%)]	Loss: 0.014016 0.78125
Train Epoch: 6 [30720/60000 (51%)]	Loss: 0.014548 0.625
Train Epoch: 6 [33280/60000 (55%)]	Loss: 0.013773 0.734375
Train Epoch: 6 [35840/60000 (60%)]	Loss: 0.012568 0.71875
Train Epoch: 6 [38400/60000 (64%)]	Loss: 0.025954 0.578125
Train Epoch: 6 [40960/60000 (68%)]	Loss: 0.016893 0.625
Train Epoch: 6 [43520/60000 (72%)]	Loss: 0.015229 0.625
Train Epoch: 6 [46080/60000 (77%)]	Loss: 0.015933 0.65625
Train Epoch: 6 [48640/60000 (81%)]	Loss: 0.018139 0.578125
Train Epoch: 6 [51200/60000 (85%)]	Loss: 0.014855 0.5625
Train Epoch: 6 [53760/60000 (90%)]	Loss: 0.017016 0.640625
Train Epoch: 6 [56320/60000 (94%)]	Loss: 0.015475 0.609375
Train Epoch: 6 [58880/60000 (98%)]	Loss: 0.015058 0.703125
====> Epoch: 6 Average loss: 0.0161

Test set: Average loss: 1.0370, Accuracy: 6361/10000 (64%)

Train Epoch: 7 [0/60000 (0%)]	Loss: 0.019885 0.609375
Train Epoch: 7 [2560/60000 (4%)]	Loss: 0.012547 0.75
Train Epoch: 7 [5120/60000 (9%)]	Loss: 0.018387 0.578125
Train Epoch: 7 [7680/60000 (13%)]	Loss: 0.015166 0.609375
Train Epoch: 7 [10240/60000 (17%)]	Loss: 0.013730 0.734375
Train Epoch: 7 [12800/60000 (21%)]	Loss: 0.015178 0.765625
Train Epoch: 7 [15360/60000 (26%)]	Loss: 0.020175 0.640625
Train Epoch: 7 [17920/60000 (30%)]	Loss: 0.013409 0.65625
Train Epoch: 7 [20480/60000 (34%)]	Loss: 0.018029 0.625
Train Epoch: 7 [23040/60000 (38%)]	Loss: 0.015155 0.625
Train Epoch: 7 [25600/60000 (43%)]	Loss: 0.013477 0.6875
Train Epoch: 7 [28160/60000 (47%)]	Loss: 0.015800 0.65625
Train Epoch: 7 [30720/60000 (51%)]	Loss: 0.014870 0.671875
Train Epoch: 7 [33280/60000 (55%)]	Loss: 0.016114 0.625
Train Epoch: 7 [35840/60000 (60%)]	Loss: 0.014138 0.65625
Train Epoch: 7 [38400/60000 (64%)]	Loss: 0.016923 0.546875
Train Epoch: 7 [40960/60000 (68%)]	Loss: 0.017539 0.71875
Train Epoch: 7 [43520/60000 (72%)]	Loss: 0.010566 0.734375
Train Epoch: 7 [46080/60000 (77%)]	Loss: 0.016382 0.671875
Train Epoch: 7 [48640/60000 (81%)]	Loss: 0.019171 0.59375
Train Epoch: 7 [51200/60000 (85%)]	Loss: 0.013265 0.640625
Train Epoch: 7 [53760/60000 (90%)]	Loss: 0.012948 0.75
Train Epoch: 7 [56320/60000 (94%)]	Loss: 0.014869 0.625
Train Epoch: 7 [58880/60000 (98%)]	Loss: 0.013381 0.71875
====> Epoch: 7 Average loss: 0.0152

Test set: Average loss: 0.8503, Accuracy: 7256/10000 (73%)

Train Epoch: 8 [0/60000 (0%)]	Loss: 0.010896 0.734375
Train Epoch: 8 [2560/60000 (4%)]	Loss: 0.013873 0.75
Train Epoch: 8 [5120/60000 (9%)]	Loss: 0.010528 0.71875
Train Epoch: 8 [7680/60000 (13%)]	Loss: 0.011446 0.6875
Train Epoch: 8 [10240/60000 (17%)]	Loss: 0.013007 0.75
Train Epoch: 8 [12800/60000 (21%)]	Loss: 0.010293 0.78125
Train Epoch: 8 [15360/60000 (26%)]	Loss: 0.012121 0.75
Train Epoch: 8 [17920/60000 (30%)]	Loss: 0.016404 0.703125
Train Epoch: 8 [20480/60000 (34%)]	Loss: 0.008683 0.796875
Train Epoch: 8 [23040/60000 (38%)]	Loss: 0.016707 0.734375
Train Epoch: 8 [25600/60000 (43%)]	Loss: 0.015749 0.71875
Train Epoch: 8 [28160/60000 (47%)]	Loss: 0.011916 0.703125
Train Epoch: 8 [30720/60000 (51%)]	Loss: 0.013469 0.734375
Train Epoch: 8 [33280/60000 (55%)]	Loss: 0.015391 0.6875
Train Epoch: 8 [35840/60000 (60%)]	Loss: 0.009971 0.796875
Train Epoch: 8 [38400/60000 (64%)]	Loss: 0.017388 0.71875
Train Epoch: 8 [40960/60000 (68%)]	Loss: 0.012465 0.796875
Train Epoch: 8 [43520/60000 (72%)]	Loss: 0.009737 0.8125
Train Epoch: 8 [46080/60000 (77%)]	Loss: 0.010868 0.8125
Train Epoch: 8 [48640/60000 (81%)]	Loss: 0.009586 0.78125
Train Epoch: 8 [51200/60000 (85%)]	Loss: 0.012905 0.734375
Train Epoch: 8 [53760/60000 (90%)]	Loss: 0.012385 0.75
Train Epoch: 8 [56320/60000 (94%)]	Loss: 0.013546 0.71875
Train Epoch: 8 [58880/60000 (98%)]	Loss: 0.009814 0.828125
====> Epoch: 8 Average loss: 0.0124

Test set: Average loss: 0.7628, Accuracy: 7561/10000 (76%)

Train Epoch: 9 [0/60000 (0%)]	Loss: 0.010004 0.78125
Train Epoch: 9 [2560/60000 (4%)]	Loss: 0.010732 0.796875
Train Epoch: 9 [5120/60000 (9%)]	Loss: 0.014480 0.671875
Train Epoch: 9 [7680/60000 (13%)]	Loss: 0.009046 0.765625
Train Epoch: 9 [10240/60000 (17%)]	Loss: 0.011329 0.78125
Train Epoch: 9 [12800/60000 (21%)]	Loss: 0.009077 0.78125
Train Epoch: 9 [15360/60000 (26%)]	Loss: 0.010345 0.78125
Train Epoch: 9 [17920/60000 (30%)]	Loss: 0.009019 0.8125
Train Epoch: 9 [20480/60000 (34%)]	Loss: 0.011315 0.71875
Train Epoch: 9 [23040/60000 (38%)]	Loss: 0.012641 0.734375
Train Epoch: 9 [25600/60000 (43%)]	Loss: 0.011592 0.6875
Train Epoch: 9 [28160/60000 (47%)]	Loss: 0.017660 0.71875
Train Epoch: 9 [30720/60000 (51%)]	Loss: 0.010193 0.78125
Train Epoch: 9 [33280/60000 (55%)]	Loss: 0.010580 0.765625
Train Epoch: 9 [35840/60000 (60%)]	Loss: 0.012674 0.703125
Train Epoch: 9 [38400/60000 (64%)]	Loss: 0.010622 0.734375
Train Epoch: 9 [40960/60000 (68%)]	Loss: 0.012161 0.796875
Train Epoch: 9 [43520/60000 (72%)]	Loss: 0.010131 0.796875
Train Epoch: 9 [46080/60000 (77%)]	Loss: 0.009786 0.734375
Train Epoch: 9 [48640/60000 (81%)]	Loss: 0.015008 0.75
Train Epoch: 9 [51200/60000 (85%)]	Loss: 0.015550 0.765625
Train Epoch: 9 [53760/60000 (90%)]	Loss: 0.014748 0.828125
Train Epoch: 9 [56320/60000 (94%)]	Loss: 0.008947 0.765625
Train Epoch: 9 [58880/60000 (98%)]	Loss: 0.011131 0.71875
====> Epoch: 9 Average loss: 0.0117

Test set: Average loss: 0.7240, Accuracy: 7724/10000 (77%)

Train Epoch: 10 [0/60000 (0%)]	Loss: 0.009515 0.765625
Train Epoch: 10 [2560/60000 (4%)]	Loss: 0.013556 0.671875
Train Epoch: 10 [5120/60000 (9%)]	Loss: 0.008363 0.8125
Train Epoch: 10 [7680/60000 (13%)]	Loss: 0.010819 0.734375
Train Epoch: 10 [10240/60000 (17%)]	Loss: 0.009012 0.84375
Train Epoch: 10 [12800/60000 (21%)]	Loss: 0.007927 0.859375
Train Epoch: 10 [15360/60000 (26%)]	Loss: 0.009901 0.8125
Train Epoch: 10 [17920/60000 (30%)]	Loss: 0.009603 0.796875
Train Epoch: 10 [20480/60000 (34%)]	Loss: 0.007610 0.84375
Train Epoch: 10 [23040/60000 (38%)]	Loss: 0.012114 0.84375
Train Epoch: 10 [25600/60000 (43%)]	Loss: 0.014860 0.6875
Train Epoch: 10 [28160/60000 (47%)]	Loss: 0.010684 0.75
Train Epoch: 10 [30720/60000 (51%)]	Loss: 0.011770 0.765625
Train Epoch: 10 [33280/60000 (55%)]	Loss: 0.010842 0.796875
Train Epoch: 10 [35840/60000 (60%)]	Loss: 0.009422 0.8125
Train Epoch: 10 [38400/60000 (64%)]	Loss: 0.006279 0.859375
Train Epoch: 10 [40960/60000 (68%)]	Loss: 0.012612 0.703125
Train Epoch: 10 [43520/60000 (72%)]	Loss: 0.012915 0.78125
Train Epoch: 10 [46080/60000 (77%)]	Loss: 0.008345 0.8125
Train Epoch: 10 [48640/60000 (81%)]	Loss: 0.007122 0.875
Train Epoch: 10 [51200/60000 (85%)]	Loss: 0.013134 0.734375
Train Epoch: 10 [53760/60000 (90%)]	Loss: 0.011176 0.75
Train Epoch: 10 [56320/60000 (94%)]	Loss: 0.010552 0.765625
Train Epoch: 10 [58880/60000 (98%)]	Loss: 0.014521 0.65625
====> Epoch: 10 Average loss: 0.0111

Test set: Average loss: 0.7076, Accuracy: 7752/10000 (78%)

Train Epoch: 11 [0/60000 (0%)]	Loss: 0.008763 0.84375
Train Epoch: 11 [2560/60000 (4%)]	Loss: 0.010157 0.84375
Train Epoch: 11 [5120/60000 (9%)]	Loss: 0.010069 0.734375
Train Epoch: 11 [7680/60000 (13%)]	Loss: 0.012557 0.828125
Train Epoch: 11 [10240/60000 (17%)]	Loss: 0.010627 0.703125
Train Epoch: 11 [12800/60000 (21%)]	Loss: 0.012281 0.765625
Train Epoch: 11 [15360/60000 (26%)]	Loss: 0.013110 0.6875
Train Epoch: 11 [17920/60000 (30%)]	Loss: 0.018782 0.734375
Train Epoch: 11 [20480/60000 (34%)]	Loss: 0.012080 0.796875
Train Epoch: 11 [23040/60000 (38%)]	Loss: 0.010101 0.796875
Train Epoch: 11 [25600/60000 (43%)]	Loss: 0.010776 0.796875
Train Epoch: 11 [28160/60000 (47%)]	Loss: 0.019986 0.671875
Train Epoch: 11 [30720/60000 (51%)]	Loss: 0.008691 0.8125
Train Epoch: 11 [33280/60000 (55%)]	Loss: 0.010419 0.859375
Train Epoch: 11 [35840/60000 (60%)]	Loss: 0.009069 0.8125
Train Epoch: 11 [38400/60000 (64%)]	Loss: 0.010044 0.765625
Train Epoch: 11 [40960/60000 (68%)]	Loss: 0.008074 0.8125
Train Epoch: 11 [43520/60000 (72%)]	Loss: 0.009542 0.828125
Train Epoch: 11 [46080/60000 (77%)]	Loss: 0.011463 0.84375
Train Epoch: 11 [48640/60000 (81%)]	Loss: 0.016518 0.78125
Train Epoch: 11 [51200/60000 (85%)]	Loss: 0.009459 0.8125
Train Epoch: 11 [53760/60000 (90%)]	Loss: 0.015059 0.65625
Train Epoch: 11 [56320/60000 (94%)]	Loss: 0.009915 0.796875
Train Epoch: 11 [58880/60000 (98%)]	Loss: 0.006372 0.90625
====> Epoch: 11 Average loss: 0.0105

Test set: Average loss: 0.6357, Accuracy: 8032/10000 (80%)

Train Epoch: 12 [0/60000 (0%)]	Loss: 0.012626 0.765625
Train Epoch: 12 [2560/60000 (4%)]	Loss: 0.005667 0.875
Train Epoch: 12 [5120/60000 (9%)]	Loss: 0.008351 0.8125
Train Epoch: 12 [7680/60000 (13%)]	Loss: 0.007171 0.859375
Train Epoch: 12 [10240/60000 (17%)]	Loss: 0.011046 0.828125
Train Epoch: 12 [12800/60000 (21%)]	Loss: 0.010670 0.796875
Train Epoch: 12 [15360/60000 (26%)]	Loss: 0.008540 0.796875
Train Epoch: 12 [17920/60000 (30%)]	Loss: 0.007038 0.828125
Train Epoch: 12 [20480/60000 (34%)]	Loss: 0.007250 0.84375
Train Epoch: 12 [23040/60000 (38%)]	Loss: 0.007716 0.9375
Train Epoch: 12 [25600/60000 (43%)]	Loss: 0.009886 0.8125
Train Epoch: 12 [28160/60000 (47%)]	Loss: 0.013276 0.796875
Train Epoch: 12 [30720/60000 (51%)]	Loss: 0.012163 0.71875
Train Epoch: 12 [33280/60000 (55%)]	Loss: 0.008841 0.828125
Train Epoch: 12 [35840/60000 (60%)]	Loss: 0.007554 0.859375
Train Epoch: 12 [38400/60000 (64%)]	Loss: 0.008769 0.8125
Train Epoch: 12 [40960/60000 (68%)]	Loss: 0.007522 0.90625
Train Epoch: 12 [43520/60000 (72%)]	Loss: 0.011222 0.78125
Train Epoch: 12 [46080/60000 (77%)]	Loss: 0.008504 0.84375
Train Epoch: 12 [48640/60000 (81%)]	Loss: 0.011045 0.765625
Train Epoch: 12 [51200/60000 (85%)]	Loss: 0.007099 0.859375
Train Epoch: 12 [53760/60000 (90%)]	Loss: 0.007997 0.828125
Train Epoch: 12 [56320/60000 (94%)]	Loss: 0.005971 0.90625
Train Epoch: 12 [58880/60000 (98%)]	Loss: 0.008949 0.828125
====> Epoch: 12 Average loss: 0.0099

Test set: Average loss: 0.6261, Accuracy: 8080/10000 (81%)

Train Epoch: 13 [0/60000 (0%)]	Loss: 0.007742 0.875
Train Epoch: 13 [2560/60000 (4%)]	Loss: 0.012580 0.78125
Train Epoch: 13 [5120/60000 (9%)]	Loss: 0.010403 0.78125
Train Epoch: 13 [7680/60000 (13%)]	Loss: 0.007440 0.90625
Train Epoch: 13 [10240/60000 (17%)]	Loss: 0.008171 0.859375
Train Epoch: 13 [12800/60000 (21%)]	Loss: 0.009173 0.78125
Train Epoch: 13 [15360/60000 (26%)]	Loss: 0.009852 0.828125
Train Epoch: 13 [17920/60000 (30%)]	Loss: 0.009982 0.78125
Train Epoch: 13 [20480/60000 (34%)]	Loss: 0.010962 0.84375
Train Epoch: 13 [23040/60000 (38%)]	Loss: 0.016142 0.734375
Train Epoch: 13 [25600/60000 (43%)]	Loss: 0.010201 0.796875
Train Epoch: 13 [28160/60000 (47%)]	Loss: 0.005584 0.875
Train Epoch: 13 [30720/60000 (51%)]	Loss: 0.007794 0.828125
Train Epoch: 13 [33280/60000 (55%)]	Loss: 0.010813 0.75
Train Epoch: 13 [35840/60000 (60%)]	Loss: 0.010203 0.84375
Train Epoch: 13 [38400/60000 (64%)]	Loss: 0.011477 0.75
Train Epoch: 13 [40960/60000 (68%)]	Loss: 0.010189 0.84375
Train Epoch: 13 [43520/60000 (72%)]	Loss: 0.007290 0.8125
Train Epoch: 13 [46080/60000 (77%)]	Loss: 0.008879 0.84375
Train Epoch: 13 [48640/60000 (81%)]	Loss: 0.009536 0.84375
Train Epoch: 13 [51200/60000 (85%)]	Loss: 0.006325 0.859375
Train Epoch: 13 [53760/60000 (90%)]	Loss: 0.008965 0.8125
Train Epoch: 13 [56320/60000 (94%)]	Loss: 0.008123 0.84375
Train Epoch: 13 [58880/60000 (98%)]	Loss: 0.010670 0.75
====> Epoch: 13 Average loss: 0.0097

Test set: Average loss: 0.6216, Accuracy: 8119/10000 (81%)

Train Epoch: 14 [0/60000 (0%)]	Loss: 0.011127 0.828125
Train Epoch: 14 [2560/60000 (4%)]	Loss: 0.009443 0.8125
Train Epoch: 14 [5120/60000 (9%)]	Loss: 0.010955 0.78125
Train Epoch: 14 [7680/60000 (13%)]	Loss: 0.011906 0.8125
Train Epoch: 14 [10240/60000 (17%)]	Loss: 0.011122 0.828125
Train Epoch: 14 [12800/60000 (21%)]	Loss: 0.007207 0.859375
Train Epoch: 14 [15360/60000 (26%)]	Loss: 0.012428 0.8125
Train Epoch: 14 [17920/60000 (30%)]	Loss: 0.007794 0.84375
Train Epoch: 14 [20480/60000 (34%)]	Loss: 0.009598 0.796875
Train Epoch: 14 [23040/60000 (38%)]	Loss: 0.007356 0.84375
Train Epoch: 14 [25600/60000 (43%)]	Loss: 0.009179 0.828125
Train Epoch: 14 [28160/60000 (47%)]	Loss: 0.008087 0.90625
Train Epoch: 14 [30720/60000 (51%)]	Loss: 0.011908 0.765625
Train Epoch: 14 [33280/60000 (55%)]	Loss: 0.006532 0.828125
Train Epoch: 14 [35840/60000 (60%)]	Loss: 0.006572 0.890625
Train Epoch: 14 [38400/60000 (64%)]	Loss: 0.007992 0.828125
Train Epoch: 14 [40960/60000 (68%)]	Loss: 0.008732 0.8125
Train Epoch: 14 [43520/60000 (72%)]	Loss: 0.007858 0.859375
Train Epoch: 14 [46080/60000 (77%)]	Loss: 0.006251 0.890625
Train Epoch: 14 [48640/60000 (81%)]	Loss: 0.007738 0.828125
Train Epoch: 14 [51200/60000 (85%)]	Loss: 0.009909 0.859375
Train Epoch: 14 [53760/60000 (90%)]	Loss: 0.008137 0.8125
Train Epoch: 14 [56320/60000 (94%)]	Loss: 0.010888 0.796875
Train Epoch: 14 [58880/60000 (98%)]	Loss: 0.004728 0.90625
====> Epoch: 14 Average loss: 0.0097

Test set: Average loss: 0.6270, Accuracy: 8068/10000 (81%)

Train Epoch: 15 [0/60000 (0%)]	Loss: 0.011790 0.796875
Train Epoch: 15 [2560/60000 (4%)]	Loss: 0.009756 0.796875
Train Epoch: 15 [5120/60000 (9%)]	Loss: 0.011267 0.765625
Train Epoch: 15 [7680/60000 (13%)]	Loss: 0.007032 0.875
Train Epoch: 15 [10240/60000 (17%)]	Loss: 0.007624 0.84375
Train Epoch: 15 [12800/60000 (21%)]	Loss: 0.013399 0.765625
Train Epoch: 15 [15360/60000 (26%)]	Loss: 0.009688 0.734375
Train Epoch: 15 [17920/60000 (30%)]	Loss: 0.008779 0.875
Train Epoch: 15 [20480/60000 (34%)]	Loss: 0.018450 0.6875
Train Epoch: 15 [23040/60000 (38%)]	Loss: 0.009798 0.8125
Train Epoch: 15 [25600/60000 (43%)]	Loss: 0.013323 0.71875
Train Epoch: 15 [28160/60000 (47%)]	Loss: 0.009895 0.8125
Train Epoch: 15 [30720/60000 (51%)]	Loss: 0.010575 0.75
Train Epoch: 15 [33280/60000 (55%)]	Loss: 0.014810 0.734375
Train Epoch: 15 [35840/60000 (60%)]	Loss: 0.011222 0.8125
Train Epoch: 15 [38400/60000 (64%)]	Loss: 0.010603 0.8125
Train Epoch: 15 [40960/60000 (68%)]	Loss: 0.013010 0.78125
Train Epoch: 15 [43520/60000 (72%)]	Loss: 0.015850 0.765625
Train Epoch: 15 [46080/60000 (77%)]	Loss: 0.009717 0.78125
Train Epoch: 15 [48640/60000 (81%)]	Loss: 0.006725 0.890625
Train Epoch: 15 [51200/60000 (85%)]	Loss: 0.008548 0.84375
Train Epoch: 15 [53760/60000 (90%)]	Loss: 0.012107 0.78125
Train Epoch: 15 [56320/60000 (94%)]	Loss: 0.010601 0.796875
Train Epoch: 15 [58880/60000 (98%)]	Loss: 0.008509 0.796875
====> Epoch: 15 Average loss: 0.0096

Test set: Average loss: 0.6213, Accuracy: 8108/10000 (81%)

Train Epoch: 16 [0/60000 (0%)]	Loss: 0.008249 0.8125
Train Epoch: 16 [2560/60000 (4%)]	Loss: 0.009468 0.828125
Train Epoch: 16 [5120/60000 (9%)]	Loss: 0.013660 0.75
Train Epoch: 16 [7680/60000 (13%)]	Loss: 0.011149 0.828125
Train Epoch: 16 [10240/60000 (17%)]	Loss: 0.009509 0.8125
Train Epoch: 16 [12800/60000 (21%)]	Loss: 0.009556 0.796875
Train Epoch: 16 [15360/60000 (26%)]	Loss: 0.006838 0.90625
Train Epoch: 16 [17920/60000 (30%)]	Loss: 0.007529 0.796875
Train Epoch: 16 [20480/60000 (34%)]	Loss: 0.016140 0.8125
Train Epoch: 16 [23040/60000 (38%)]	Loss: 0.011751 0.671875
Train Epoch: 16 [25600/60000 (43%)]	Loss: 0.014012 0.8125
Train Epoch: 16 [28160/60000 (47%)]	Loss: 0.006862 0.84375
Train Epoch: 16 [30720/60000 (51%)]	Loss: 0.008161 0.921875
Train Epoch: 16 [33280/60000 (55%)]	Loss: 0.008522 0.859375
Train Epoch: 16 [35840/60000 (60%)]	Loss: 0.008379 0.796875
Train Epoch: 16 [38400/60000 (64%)]	Loss: 0.009223 0.796875
Train Epoch: 16 [40960/60000 (68%)]	Loss: 0.009603 0.828125
Train Epoch: 16 [43520/60000 (72%)]	Loss: 0.010032 0.765625
Train Epoch: 16 [46080/60000 (77%)]	Loss: 0.008025 0.8125
Train Epoch: 16 [48640/60000 (81%)]	Loss: 0.009516 0.78125
Train Epoch: 16 [51200/60000 (85%)]	Loss: 0.009150 0.84375
Train Epoch: 16 [53760/60000 (90%)]	Loss: 0.010049 0.78125
Train Epoch: 16 [56320/60000 (94%)]	Loss: 0.011168 0.859375
Train Epoch: 16 [58880/60000 (98%)]	Loss: 0.013324 0.78125
====> Epoch: 16 Average loss: 0.0095

Test set: Average loss: 0.6031, Accuracy: 8176/10000 (82%)

Train Epoch: 17 [0/60000 (0%)]	Loss: 0.013618 0.796875
Train Epoch: 17 [2560/60000 (4%)]	Loss: 0.012448 0.859375
Train Epoch: 17 [5120/60000 (9%)]	Loss: 0.006960 0.859375
Train Epoch: 17 [7680/60000 (13%)]	Loss: 0.009490 0.796875
Train Epoch: 17 [10240/60000 (17%)]	Loss: 0.010632 0.8125
Train Epoch: 17 [12800/60000 (21%)]	Loss: 0.005242 0.890625
Train Epoch: 17 [15360/60000 (26%)]	Loss: 0.008917 0.8125
Train Epoch: 17 [17920/60000 (30%)]	Loss: 0.008119 0.828125
Train Epoch: 17 [20480/60000 (34%)]	Loss: 0.008208 0.859375
Train Epoch: 17 [23040/60000 (38%)]	Loss: 0.009012 0.84375
Train Epoch: 17 [25600/60000 (43%)]	Loss: 0.007314 0.84375
Train Epoch: 17 [28160/60000 (47%)]	Loss: 0.009283 0.8125
Train Epoch: 17 [30720/60000 (51%)]	Loss: 0.010070 0.796875
Train Epoch: 17 [33280/60000 (55%)]	Loss: 0.009204 0.765625
Train Epoch: 17 [35840/60000 (60%)]	Loss: 0.013765 0.71875
Train Epoch: 17 [38400/60000 (64%)]	Loss: 0.010017 0.84375
Train Epoch: 17 [40960/60000 (68%)]	Loss: 0.008430 0.859375
Train Epoch: 17 [43520/60000 (72%)]	Loss: 0.008310 0.859375
Train Epoch: 17 [46080/60000 (77%)]	Loss: 0.004507 0.875
Train Epoch: 17 [48640/60000 (81%)]	Loss: 0.008633 0.8125
Train Epoch: 17 [51200/60000 (85%)]	Loss: 0.009883 0.796875
Train Epoch: 17 [53760/60000 (90%)]	Loss: 0.008110 0.796875
Train Epoch: 17 [56320/60000 (94%)]	Loss: 0.006847 0.859375
Train Epoch: 17 [58880/60000 (98%)]	Loss: 0.003888 0.9375
====> Epoch: 17 Average loss: 0.0083

Test set: Average loss: 0.4784, Accuracy: 8627/10000 (86%)

Train Epoch: 18 [0/60000 (0%)]	Loss: 0.008679 0.84375
Train Epoch: 18 [2560/60000 (4%)]	Loss: 0.004839 0.890625
Train Epoch: 18 [5120/60000 (9%)]	Loss: 0.004857 0.90625
Train Epoch: 18 [7680/60000 (13%)]	Loss: 0.006802 0.828125
Train Epoch: 18 [10240/60000 (17%)]	Loss: 0.005055 0.921875
Train Epoch: 18 [12800/60000 (21%)]	Loss: 0.005811 0.921875
Train Epoch: 18 [15360/60000 (26%)]	Loss: 0.005690 0.875
Train Epoch: 18 [17920/60000 (30%)]	Loss: 0.004718 0.90625
Train Epoch: 18 [20480/60000 (34%)]	Loss: 0.005231 0.921875
Train Epoch: 18 [23040/60000 (38%)]	Loss: 0.006910 0.875
Train Epoch: 18 [25600/60000 (43%)]	Loss: 0.005530 0.90625
Train Epoch: 18 [28160/60000 (47%)]	Loss: 0.006913 0.890625
Train Epoch: 18 [30720/60000 (51%)]	Loss: 0.005570 0.875
Train Epoch: 18 [33280/60000 (55%)]	Loss: 0.007044 0.890625
Train Epoch: 18 [35840/60000 (60%)]	Loss: 0.005620 0.859375
Train Epoch: 18 [38400/60000 (64%)]	Loss: 0.004031 0.921875
Train Epoch: 18 [40960/60000 (68%)]	Loss: 0.009275 0.84375
Train Epoch: 18 [43520/60000 (72%)]	Loss: 0.008465 0.84375
Train Epoch: 18 [46080/60000 (77%)]	Loss: 0.009512 0.8125
Train Epoch: 18 [48640/60000 (81%)]	Loss: 0.006102 0.828125
Train Epoch: 18 [51200/60000 (85%)]	Loss: 0.005510 0.921875
Train Epoch: 18 [53760/60000 (90%)]	Loss: 0.006732 0.875
Train Epoch: 18 [56320/60000 (94%)]	Loss: 0.010980 0.875
Train Epoch: 18 [58880/60000 (98%)]	Loss: 0.009139 0.78125
====> Epoch: 18 Average loss: 0.0071

Test set: Average loss: 0.4660, Accuracy: 8713/10000 (87%)

Train Epoch: 19 [0/60000 (0%)]	Loss: 0.005606 0.90625
Train Epoch: 19 [2560/60000 (4%)]	Loss: 0.008511 0.859375
Train Epoch: 19 [5120/60000 (9%)]	Loss: 0.005686 0.875
Train Epoch: 19 [7680/60000 (13%)]	Loss: 0.007028 0.828125
Train Epoch: 19 [10240/60000 (17%)]	Loss: 0.003187 0.921875
Train Epoch: 19 [12800/60000 (21%)]	Loss: 0.008951 0.859375
Train Epoch: 19 [15360/60000 (26%)]	Loss: 0.005911 0.859375
Train Epoch: 19 [17920/60000 (30%)]	Loss: 0.006055 0.90625
Train Epoch: 19 [20480/60000 (34%)]	Loss: 0.006072 0.90625
Train Epoch: 19 [23040/60000 (38%)]	Loss: 0.014360 0.78125
Train Epoch: 19 [25600/60000 (43%)]	Loss: 0.006848 0.84375
Train Epoch: 19 [28160/60000 (47%)]	Loss: 0.008247 0.8125
Train Epoch: 19 [30720/60000 (51%)]	Loss: 0.005086 0.90625
Train Epoch: 19 [33280/60000 (55%)]	Loss: 0.006517 0.890625
Train Epoch: 19 [35840/60000 (60%)]	Loss: 0.004519 0.90625
Train Epoch: 19 [38400/60000 (64%)]	Loss: 0.004970 0.875
Train Epoch: 19 [40960/60000 (68%)]	Loss: 0.006260 0.875
Train Epoch: 19 [43520/60000 (72%)]	Loss: 0.007920 0.90625
Train Epoch: 19 [46080/60000 (77%)]	Loss: 0.005535 0.9375
Train Epoch: 19 [48640/60000 (81%)]	Loss: 0.007161 0.84375
Train Epoch: 19 [51200/60000 (85%)]	Loss: 0.013738 0.765625
Train Epoch: 19 [53760/60000 (90%)]	Loss: 0.004128 0.953125
Train Epoch: 19 [56320/60000 (94%)]	Loss: 0.007067 0.828125
Train Epoch: 19 [58880/60000 (98%)]	Loss: 0.006824 0.8125
====> Epoch: 19 Average loss: 0.0069

Test set: Average loss: 0.4509, Accuracy: 8738/10000 (87%)

Train Epoch: 20 [0/60000 (0%)]	Loss: 0.010745 0.8125
Train Epoch: 20 [2560/60000 (4%)]	Loss: 0.005059 0.90625
Train Epoch: 20 [5120/60000 (9%)]	Loss: 0.008631 0.8125
Train Epoch: 20 [7680/60000 (13%)]	Loss: 0.005637 0.90625
Train Epoch: 20 [10240/60000 (17%)]	Loss: 0.006778 0.84375
Train Epoch: 20 [12800/60000 (21%)]	Loss: 0.005863 0.890625
Train Epoch: 20 [15360/60000 (26%)]	Loss: 0.006670 0.84375
Train Epoch: 20 [17920/60000 (30%)]	Loss: 0.006112 0.90625
Train Epoch: 20 [20480/60000 (34%)]	Loss: 0.004186 0.90625
Train Epoch: 20 [23040/60000 (38%)]	Loss: 0.004863 0.859375
Train Epoch: 20 [25600/60000 (43%)]	Loss: 0.004488 0.890625
Train Epoch: 20 [28160/60000 (47%)]	Loss: 0.005612 0.90625
Train Epoch: 20 [30720/60000 (51%)]	Loss: 0.009517 0.875
Train Epoch: 20 [33280/60000 (55%)]	Loss: 0.004974 0.90625
Train Epoch: 20 [35840/60000 (60%)]	Loss: 0.010467 0.78125
Train Epoch: 20 [38400/60000 (64%)]	Loss: 0.009289 0.8125
Train Epoch: 20 [40960/60000 (68%)]	Loss: 0.005201 0.890625
Train Epoch: 20 [43520/60000 (72%)]	Loss: 0.005551 0.921875
Train Epoch: 20 [46080/60000 (77%)]	Loss: 0.009915 0.890625
Train Epoch: 20 [48640/60000 (81%)]	Loss: 0.004601 0.90625
Train Epoch: 20 [51200/60000 (85%)]	Loss: 0.010220 0.8125
Train Epoch: 20 [53760/60000 (90%)]	Loss: 0.006165 0.890625
Train Epoch: 20 [56320/60000 (94%)]	Loss: 0.005174 0.890625
Train Epoch: 20 [58880/60000 (98%)]	Loss: 0.005439 0.890625
====> Epoch: 20 Average loss: 0.0068

Test set: Average loss: 0.4485, Accuracy: 8737/10000 (87%)

Train Epoch: 21 [0/60000 (0%)]	Loss: 0.004312 0.90625
Train Epoch: 21 [2560/60000 (4%)]	Loss: 0.007136 0.859375
Train Epoch: 21 [5120/60000 (9%)]	Loss: 0.005726 0.9375
Train Epoch: 21 [7680/60000 (13%)]	Loss: 0.005319 0.9375
Train Epoch: 21 [10240/60000 (17%)]	Loss: 0.004596 0.875
Train Epoch: 21 [12800/60000 (21%)]	Loss: 0.009183 0.875
Train Epoch: 21 [15360/60000 (26%)]	Loss: 0.006980 0.875
Train Epoch: 21 [17920/60000 (30%)]	Loss: 0.006410 0.890625
Train Epoch: 21 [20480/60000 (34%)]	Loss: 0.009595 0.84375
Train Epoch: 21 [23040/60000 (38%)]	Loss: 0.007164 0.875
Train Epoch: 21 [25600/60000 (43%)]	Loss: 0.005125 0.890625
Train Epoch: 21 [28160/60000 (47%)]	Loss: 0.008587 0.859375
Train Epoch: 21 [30720/60000 (51%)]	Loss: 0.006306 0.890625
Train Epoch: 21 [33280/60000 (55%)]	Loss: 0.005768 0.84375
Train Epoch: 21 [35840/60000 (60%)]	Loss: 0.005641 0.890625
Train Epoch: 21 [38400/60000 (64%)]	Loss: 0.008043 0.84375
Train Epoch: 21 [40960/60000 (68%)]	Loss: 0.005869 0.859375
Train Epoch: 21 [43520/60000 (72%)]	Loss: 0.005429 0.921875
Train Epoch: 21 [46080/60000 (77%)]	Loss: 0.005020 0.90625
Train Epoch: 21 [48640/60000 (81%)]	Loss: 0.007739 0.828125
Train Epoch: 21 [51200/60000 (85%)]	Loss: 0.007032 0.84375
Train Epoch: 21 [53760/60000 (90%)]	Loss: 0.004819 0.90625
Train Epoch: 21 [56320/60000 (94%)]	Loss: 0.004044 0.890625
Train Epoch: 21 [58880/60000 (98%)]	Loss: 0.005731 0.875
====> Epoch: 21 Average loss: 0.0067

Test set: Average loss: 0.4514, Accuracy: 8744/10000 (87%)

Train Epoch: 22 [0/60000 (0%)]	Loss: 0.006914 0.890625
Train Epoch: 22 [2560/60000 (4%)]	Loss: 0.004247 0.921875
Train Epoch: 22 [5120/60000 (9%)]	Loss: 0.002701 0.9375
Train Epoch: 22 [7680/60000 (13%)]	Loss: 0.005742 0.90625
Train Epoch: 22 [10240/60000 (17%)]	Loss: 0.004008 0.90625
Train Epoch: 22 [12800/60000 (21%)]	Loss: 0.009889 0.859375
Train Epoch: 22 [15360/60000 (26%)]	Loss: 0.007409 0.90625
Train Epoch: 22 [17920/60000 (30%)]	Loss: 0.007196 0.859375
Train Epoch: 22 [20480/60000 (34%)]	Loss: 0.005201 0.890625
Train Epoch: 22 [23040/60000 (38%)]	Loss: 0.004551 0.890625
Train Epoch: 22 [25600/60000 (43%)]	Loss: 0.009439 0.921875
Train Epoch: 22 [28160/60000 (47%)]	Loss: 0.006658 0.859375
Train Epoch: 22 [30720/60000 (51%)]	Loss: 0.012229 0.828125
Train Epoch: 22 [33280/60000 (55%)]	Loss: 0.006923 0.921875
Train Epoch: 22 [35840/60000 (60%)]	Loss: 0.007151 0.890625
Train Epoch: 22 [38400/60000 (64%)]	Loss: 0.007647 0.828125
Train Epoch: 22 [40960/60000 (68%)]	Loss: 0.006587 0.875
Train Epoch: 22 [43520/60000 (72%)]	Loss: 0.005934 0.890625
Train Epoch: 22 [46080/60000 (77%)]	Loss: 0.008707 0.828125
Train Epoch: 22 [48640/60000 (81%)]	Loss: 0.005468 0.875
Train Epoch: 22 [51200/60000 (85%)]	Loss: 0.006964 0.890625
Train Epoch: 22 [53760/60000 (90%)]	Loss: 0.004199 0.9375
Train Epoch: 22 [56320/60000 (94%)]	Loss: 0.006798 0.90625
Train Epoch: 22 [58880/60000 (98%)]	Loss: 0.008980 0.84375
====> Epoch: 22 Average loss: 0.0067

Test set: Average loss: 0.4421, Accuracy: 8751/10000 (88%)

Train Epoch: 23 [0/60000 (0%)]	Loss: 0.006225 0.859375
Train Epoch: 23 [2560/60000 (4%)]	Loss: 0.005851 0.90625
Train Epoch: 23 [5120/60000 (9%)]	Loss: 0.008933 0.8125
Train Epoch: 23 [7680/60000 (13%)]	Loss: 0.009410 0.765625
Train Epoch: 23 [10240/60000 (17%)]	Loss: 0.009577 0.890625
Train Epoch: 23 [12800/60000 (21%)]	Loss: 0.009185 0.828125
Train Epoch: 23 [15360/60000 (26%)]	Loss: 0.007891 0.875
Train Epoch: 23 [17920/60000 (30%)]	Loss: 0.005452 0.890625
Train Epoch: 23 [20480/60000 (34%)]	Loss: 0.006255 0.84375
Train Epoch: 23 [23040/60000 (38%)]	Loss: 0.007733 0.84375
Train Epoch: 23 [25600/60000 (43%)]	Loss: 0.005967 0.890625
Train Epoch: 23 [28160/60000 (47%)]	Loss: 0.004503 0.921875
Train Epoch: 23 [30720/60000 (51%)]	Loss: 0.011928 0.828125
Train Epoch: 23 [33280/60000 (55%)]	Loss: 0.004447 0.890625
Train Epoch: 23 [35840/60000 (60%)]	Loss: 0.004930 0.90625
Train Epoch: 23 [38400/60000 (64%)]	Loss: 0.005388 0.921875
Train Epoch: 23 [40960/60000 (68%)]	Loss: 0.004155 0.953125
Train Epoch: 23 [43520/60000 (72%)]	Loss: 0.004798 0.890625
Train Epoch: 23 [46080/60000 (77%)]	Loss: 0.005423 0.90625
Train Epoch: 23 [48640/60000 (81%)]	Loss: 0.006494 0.875
Train Epoch: 23 [51200/60000 (85%)]	Loss: 0.005153 0.890625
Train Epoch: 23 [53760/60000 (90%)]	Loss: 0.008782 0.8125
Train Epoch: 23 [56320/60000 (94%)]	Loss: 0.004454 0.890625
Train Epoch: 23 [58880/60000 (98%)]	Loss: 0.005223 0.90625
====> Epoch: 23 Average loss: 0.0067

Test set: Average loss: 0.4383, Accuracy: 8771/10000 (88%)

Train Epoch: 24 [0/60000 (0%)]	Loss: 0.006792 0.859375
Train Epoch: 24 [2560/60000 (4%)]	Loss: 0.007276 0.875
Train Epoch: 24 [5120/60000 (9%)]	Loss: 0.006718 0.90625
Train Epoch: 24 [7680/60000 (13%)]	Loss: 0.003418 0.953125
Train Epoch: 24 [10240/60000 (17%)]	Loss: 0.005781 0.890625
Train Epoch: 24 [12800/60000 (21%)]	Loss: 0.005839 0.921875
Train Epoch: 24 [15360/60000 (26%)]	Loss: 0.004097 0.921875
Train Epoch: 24 [17920/60000 (30%)]	Loss: 0.005481 0.921875
Train Epoch: 24 [20480/60000 (34%)]	Loss: 0.008942 0.859375
Train Epoch: 24 [23040/60000 (38%)]	Loss: 0.006183 0.890625
Train Epoch: 24 [25600/60000 (43%)]	Loss: 0.005586 0.921875
Train Epoch: 24 [28160/60000 (47%)]	Loss: 0.008064 0.859375
Train Epoch: 24 [30720/60000 (51%)]	Loss: 0.007777 0.828125
Train Epoch: 24 [33280/60000 (55%)]	Loss: 0.011685 0.84375
Train Epoch: 24 [35840/60000 (60%)]	Loss: 0.006699 0.859375
Train Epoch: 24 [38400/60000 (64%)]	Loss: 0.007062 0.890625
Train Epoch: 24 [40960/60000 (68%)]	Loss: 0.012680 0.90625
Train Epoch: 24 [43520/60000 (72%)]	Loss: 0.004065 0.90625
Train Epoch: 24 [46080/60000 (77%)]	Loss: 0.007697 0.84375
Train Epoch: 24 [48640/60000 (81%)]	Loss: 0.007160 0.875
Train Epoch: 24 [51200/60000 (85%)]	Loss: 0.004045 0.90625
Train Epoch: 24 [53760/60000 (90%)]	Loss: 0.009147 0.84375
Train Epoch: 24 [56320/60000 (94%)]	Loss: 0.006035 0.859375
Train Epoch: 24 [58880/60000 (98%)]	Loss: 0.006098 0.859375
====> Epoch: 24 Average loss: 0.0066

Test set: Average loss: 0.4476, Accuracy: 8767/10000 (88%)

Train Epoch: 25 [0/60000 (0%)]	Loss: 0.008329 0.84375
Train Epoch: 25 [2560/60000 (4%)]	Loss: 0.007286 0.875
Train Epoch: 25 [5120/60000 (9%)]	Loss: 0.006535 0.875
Train Epoch: 25 [7680/60000 (13%)]	Loss: 0.004161 0.90625
Train Epoch: 25 [10240/60000 (17%)]	Loss: 0.009491 0.828125
Train Epoch: 25 [12800/60000 (21%)]	Loss: 0.010274 0.875
Train Epoch: 25 [15360/60000 (26%)]	Loss: 0.005260 0.890625
Train Epoch: 25 [17920/60000 (30%)]	Loss: 0.006688 0.875
Train Epoch: 25 [20480/60000 (34%)]	Loss: 0.005689 0.875
Train Epoch: 25 [23040/60000 (38%)]	Loss: 0.003525 0.9375
Train Epoch: 25 [25600/60000 (43%)]	Loss: 0.006745 0.828125
Train Epoch: 25 [28160/60000 (47%)]	Loss: 0.005907 0.90625
Train Epoch: 25 [30720/60000 (51%)]	Loss: 0.008385 0.84375
Train Epoch: 25 [33280/60000 (55%)]	Loss: 0.003788 0.9375
Train Epoch: 25 [35840/60000 (60%)]	Loss: 0.009147 0.84375
Train Epoch: 25 [38400/60000 (64%)]	Loss: 0.009007 0.90625
Train Epoch: 25 [40960/60000 (68%)]	Loss: 0.005885 0.859375
Train Epoch: 25 [43520/60000 (72%)]	Loss: 0.006190 0.90625
Train Epoch: 25 [46080/60000 (77%)]	Loss: 0.006711 0.828125
Train Epoch: 25 [48640/60000 (81%)]	Loss: 0.009284 0.859375
Train Epoch: 25 [51200/60000 (85%)]	Loss: 0.005639 0.828125
Train Epoch: 25 [53760/60000 (90%)]	Loss: 0.005576 0.90625
Train Epoch: 25 [56320/60000 (94%)]	Loss: 0.004581 0.921875
Train Epoch: 25 [58880/60000 (98%)]	Loss: 0.005223 0.890625
====> Epoch: 25 Average loss: 0.0066

Test set: Average loss: 0.4373, Accuracy: 8781/10000 (88%)

Train Epoch: 26 [0/60000 (0%)]	Loss: 0.007948 0.828125
Train Epoch: 26 [2560/60000 (4%)]	Loss: 0.007492 0.890625
Train Epoch: 26 [5120/60000 (9%)]	Loss: 0.006761 0.875
Train Epoch: 26 [7680/60000 (13%)]	Loss: 0.006080 0.953125
Train Epoch: 26 [10240/60000 (17%)]	Loss: 0.006859 0.875
Train Epoch: 26 [12800/60000 (21%)]	Loss: 0.005682 0.921875
Train Epoch: 26 [15360/60000 (26%)]	Loss: 0.004569 0.890625
Train Epoch: 26 [17920/60000 (30%)]	Loss: 0.006039 0.84375
Train Epoch: 26 [20480/60000 (34%)]	Loss: 0.010678 0.875
Train Epoch: 26 [23040/60000 (38%)]	Loss: 0.008309 0.796875
Train Epoch: 26 [25600/60000 (43%)]	Loss: 0.005036 0.890625
Train Epoch: 26 [28160/60000 (47%)]	Loss: 0.007552 0.90625
Train Epoch: 26 [30720/60000 (51%)]	Loss: 0.006491 0.828125
Train Epoch: 26 [33280/60000 (55%)]	Loss: 0.008476 0.875
Train Epoch: 26 [35840/60000 (60%)]	Loss: 0.010314 0.890625
Train Epoch: 26 [38400/60000 (64%)]	Loss: 0.003288 0.921875
Train Epoch: 26 [40960/60000 (68%)]	Loss: 0.004020 0.90625
Train Epoch: 26 [43520/60000 (72%)]	Loss: 0.005811 0.921875
Train Epoch: 26 [46080/60000 (77%)]	Loss: 0.007650 0.8125
Train Epoch: 26 [48640/60000 (81%)]	Loss: 0.004260 0.90625
Train Epoch: 26 [51200/60000 (85%)]	Loss: 0.004636 0.921875
Train Epoch: 26 [53760/60000 (90%)]	Loss: 0.010793 0.84375
Train Epoch: 26 [56320/60000 (94%)]	Loss: 0.010840 0.859375
Train Epoch: 26 [58880/60000 (98%)]	Loss: 0.004792 0.90625
====> Epoch: 26 Average loss: 0.0066

Test set: Average loss: 0.4455, Accuracy: 8741/10000 (87%)

Train Epoch: 27 [0/60000 (0%)]	Loss: 0.007590 0.8125
Train Epoch: 27 [2560/60000 (4%)]	Loss: 0.003575 0.921875
Train Epoch: 27 [5120/60000 (9%)]	Loss: 0.006599 0.875
Train Epoch: 27 [7680/60000 (13%)]	Loss: 0.005241 0.859375
Train Epoch: 27 [10240/60000 (17%)]	Loss: 0.005920 0.875
Train Epoch: 27 [12800/60000 (21%)]	Loss: 0.006357 0.875
Train Epoch: 27 [15360/60000 (26%)]	Loss: 0.007034 0.859375
Train Epoch: 27 [17920/60000 (30%)]	Loss: 0.005094 0.921875
Train Epoch: 27 [20480/60000 (34%)]	Loss: 0.008490 0.875
Train Epoch: 27 [23040/60000 (38%)]	Loss: 0.008184 0.84375
Train Epoch: 27 [25600/60000 (43%)]	Loss: 0.004091 0.921875
Train Epoch: 27 [28160/60000 (47%)]	Loss: 0.013837 0.84375
Train Epoch: 27 [30720/60000 (51%)]	Loss: 0.005325 0.875
Train Epoch: 27 [33280/60000 (55%)]	Loss: 0.006808 0.84375
Train Epoch: 27 [35840/60000 (60%)]	Loss: 0.004970 0.875
Train Epoch: 27 [38400/60000 (64%)]	Loss: 0.008357 0.859375
Train Epoch: 27 [40960/60000 (68%)]	Loss: 0.003988 0.90625
Train Epoch: 27 [43520/60000 (72%)]	Loss: 0.008204 0.84375
Train Epoch: 27 [46080/60000 (77%)]	Loss: 0.005234 0.890625
Train Epoch: 27 [48640/60000 (81%)]	Loss: 0.008381 0.828125
Train Epoch: 27 [51200/60000 (85%)]	Loss: 0.006185 0.890625
Train Epoch: 27 [53760/60000 (90%)]	Loss: 0.004716 0.90625
Train Epoch: 27 [56320/60000 (94%)]	Loss: 0.006328 0.890625
Train Epoch: 27 [58880/60000 (98%)]	Loss: 0.007949 0.859375
====> Epoch: 27 Average loss: 0.0065

Test set: Average loss: 0.4448, Accuracy: 8754/10000 (88%)

Train Epoch: 28 [0/60000 (0%)]	Loss: 0.006607 0.921875
Train Epoch: 28 [2560/60000 (4%)]	Loss: 0.005406 0.859375
Train Epoch: 28 [5120/60000 (9%)]	Loss: 0.007062 0.90625
Train Epoch: 28 [7680/60000 (13%)]	Loss: 0.003815 0.875
Train Epoch: 28 [10240/60000 (17%)]	Loss: 0.005944 0.890625
Train Epoch: 28 [12800/60000 (21%)]	Loss: 0.003126 0.9375
Train Epoch: 28 [15360/60000 (26%)]	Loss: 0.003251 0.984375
Train Epoch: 28 [17920/60000 (30%)]	Loss: 0.007424 0.890625
Train Epoch: 28 [20480/60000 (34%)]	Loss: 0.004433 0.921875
Train Epoch: 28 [23040/60000 (38%)]	Loss: 0.006631 0.859375
Train Epoch: 28 [25600/60000 (43%)]	Loss: 0.005792 0.90625
Train Epoch: 28 [28160/60000 (47%)]	Loss: 0.004497 0.921875
Train Epoch: 28 [30720/60000 (51%)]	Loss: 0.005119 0.921875
Train Epoch: 28 [33280/60000 (55%)]	Loss: 0.005603 0.90625
Train Epoch: 28 [35840/60000 (60%)]	Loss: 0.004585 0.9375
Train Epoch: 28 [38400/60000 (64%)]	Loss: 0.006447 0.84375
Train Epoch: 28 [40960/60000 (68%)]	Loss: 0.007452 0.828125
Train Epoch: 28 [43520/60000 (72%)]	Loss: 0.006957 0.84375
Train Epoch: 28 [46080/60000 (77%)]	Loss: 0.006067 0.890625
Train Epoch: 28 [48640/60000 (81%)]	Loss: 0.006083 0.796875
Train Epoch: 28 [51200/60000 (85%)]	Loss: 0.004224 0.953125
Train Epoch: 28 [53760/60000 (90%)]	Loss: 0.004152 0.921875
Train Epoch: 28 [56320/60000 (94%)]	Loss: 0.005512 0.859375
Train Epoch: 28 [58880/60000 (98%)]	Loss: 0.004744 0.890625
====> Epoch: 28 Average loss: 0.0065

Test set: Average loss: 0.4441, Accuracy: 8790/10000 (88%)

Train Epoch: 29 [0/60000 (0%)]	Loss: 0.006604 0.859375
Train Epoch: 29 [2560/60000 (4%)]	Loss: 0.003548 0.90625
Train Epoch: 29 [5120/60000 (9%)]	Loss: 0.004540 0.875
Train Epoch: 29 [7680/60000 (13%)]	Loss: 0.007296 0.859375
Train Epoch: 29 [10240/60000 (17%)]	Loss: 0.008520 0.890625
Train Epoch: 29 [12800/60000 (21%)]	Loss: 0.006488 0.859375
Train Epoch: 29 [15360/60000 (26%)]	Loss: 0.008954 0.8125
Train Epoch: 29 [17920/60000 (30%)]	Loss: 0.003117 0.953125
Train Epoch: 29 [20480/60000 (34%)]	Loss: 0.005656 0.859375
Train Epoch: 29 [23040/60000 (38%)]	Loss: 0.003935 0.953125
Train Epoch: 29 [25600/60000 (43%)]	Loss: 0.007960 0.84375
Train Epoch: 29 [28160/60000 (47%)]	Loss: 0.006264 0.921875
Train Epoch: 29 [30720/60000 (51%)]	Loss: 0.010373 0.859375
Train Epoch: 29 [33280/60000 (55%)]	Loss: 0.004576 0.921875
Train Epoch: 29 [35840/60000 (60%)]	Loss: 0.003673 0.921875
Train Epoch: 29 [38400/60000 (64%)]	Loss: 0.009955 0.8125
Train Epoch: 29 [40960/60000 (68%)]	Loss: 0.006788 0.875
Train Epoch: 29 [43520/60000 (72%)]	Loss: 0.008537 0.875
Train Epoch: 29 [46080/60000 (77%)]	Loss: 0.008255 0.890625
Train Epoch: 29 [48640/60000 (81%)]	Loss: 0.010249 0.796875
Train Epoch: 29 [51200/60000 (85%)]	Loss: 0.006864 0.875
Train Epoch: 29 [53760/60000 (90%)]	Loss: 0.006979 0.875
Train Epoch: 29 [56320/60000 (94%)]	Loss: 0.007872 0.890625
Train Epoch: 29 [58880/60000 (98%)]	Loss: 0.007167 0.875
====> Epoch: 29 Average loss: 0.0065

Test set: Average loss: 0.4427, Accuracy: 8768/10000 (88%)

Train Epoch: 30 [0/60000 (0%)]	Loss: 0.007377 0.859375
Train Epoch: 30 [2560/60000 (4%)]	Loss: 0.007540 0.90625
Train Epoch: 30 [5120/60000 (9%)]	Loss: 0.006944 0.84375
Train Epoch: 30 [7680/60000 (13%)]	Loss: 0.006922 0.875
Train Epoch: 30 [10240/60000 (17%)]	Loss: 0.005167 0.890625
Train Epoch: 30 [12800/60000 (21%)]	Loss: 0.006231 0.875
Train Epoch: 30 [15360/60000 (26%)]	Loss: 0.006160 0.859375
Train Epoch: 30 [17920/60000 (30%)]	Loss: 0.003066 0.953125
Train Epoch: 30 [20480/60000 (34%)]	Loss: 0.005173 0.921875
Train Epoch: 30 [23040/60000 (38%)]	Loss: 0.006529 0.875
Train Epoch: 30 [25600/60000 (43%)]	Loss: 0.008935 0.890625
Train Epoch: 30 [28160/60000 (47%)]	Loss: 0.004466 0.90625
Train Epoch: 30 [30720/60000 (51%)]	Loss: 0.008378 0.8125
Train Epoch: 30 [33280/60000 (55%)]	Loss: 0.006323 0.890625
Train Epoch: 30 [35840/60000 (60%)]	Loss: 0.004549 0.90625
Train Epoch: 30 [38400/60000 (64%)]	Loss: 0.006210 0.890625
Train Epoch: 30 [40960/60000 (68%)]	Loss: 0.005812 0.875
Train Epoch: 30 [43520/60000 (72%)]	Loss: 0.010800 0.859375
Train Epoch: 30 [46080/60000 (77%)]	Loss: 0.005674 0.859375
Train Epoch: 30 [48640/60000 (81%)]	Loss: 0.005285 0.859375
Train Epoch: 30 [51200/60000 (85%)]	Loss: 0.004284 0.921875
Train Epoch: 30 [53760/60000 (90%)]	Loss: 0.004265 0.9375
Train Epoch: 30 [56320/60000 (94%)]	Loss: 0.008989 0.796875
Train Epoch: 30 [58880/60000 (98%)]	Loss: 0.004862 0.875
====> Epoch: 30 Average loss: 0.0065

Test set: Average loss: 0.4390, Accuracy: 8782/10000 (88%)

Train Epoch: 31 [0/60000 (0%)]	Loss: 0.008504 0.890625
Train Epoch: 31 [2560/60000 (4%)]	Loss: 0.004706 0.921875
Train Epoch: 31 [5120/60000 (9%)]	Loss: 0.004983 0.859375
Train Epoch: 31 [7680/60000 (13%)]	Loss: 0.005301 0.875
Train Epoch: 31 [10240/60000 (17%)]	Loss: 0.006612 0.890625
Train Epoch: 31 [12800/60000 (21%)]	Loss: 0.005202 0.875
Train Epoch: 31 [15360/60000 (26%)]	Loss: 0.003763 0.90625
Train Epoch: 31 [17920/60000 (30%)]	Loss: 0.003315 0.953125
Train Epoch: 31 [20480/60000 (34%)]	Loss: 0.006889 0.9375
Train Epoch: 31 [23040/60000 (38%)]	Loss: 0.005565 0.90625
Train Epoch: 31 [25600/60000 (43%)]	Loss: 0.008101 0.90625
Train Epoch: 31 [28160/60000 (47%)]	Loss: 0.004497 0.90625
Train Epoch: 31 [30720/60000 (51%)]	Loss: 0.004325 0.875
Train Epoch: 31 [33280/60000 (55%)]	Loss: 0.005894 0.84375
Train Epoch: 31 [35840/60000 (60%)]	Loss: 0.008033 0.828125
Train Epoch: 31 [38400/60000 (64%)]	Loss: 0.006044 0.9375
Train Epoch: 31 [40960/60000 (68%)]	Loss: 0.004590 0.90625
Train Epoch: 31 [43520/60000 (72%)]	Loss: 0.005457 0.90625
Train Epoch: 31 [46080/60000 (77%)]	Loss: 0.006268 0.890625
Train Epoch: 31 [48640/60000 (81%)]	Loss: 0.005796 0.921875
Train Epoch: 31 [51200/60000 (85%)]	Loss: 0.007856 0.84375
Train Epoch: 31 [53760/60000 (90%)]	Loss: 0.005929 0.859375
Train Epoch: 31 [56320/60000 (94%)]	Loss: 0.003467 0.953125
Train Epoch: 31 [58880/60000 (98%)]	Loss: 0.006757 0.921875
====> Epoch: 31 Average loss: 0.0064

Test set: Average loss: 0.4387, Accuracy: 8790/10000 (88%)

Train Epoch: 32 [0/60000 (0%)]	Loss: 0.003334 0.921875
Train Epoch: 32 [2560/60000 (4%)]	Loss: 0.005759 0.84375
Train Epoch: 32 [5120/60000 (9%)]	Loss: 0.004013 0.890625
Train Epoch: 32 [7680/60000 (13%)]	Loss: 0.004165 0.9375
Train Epoch: 32 [10240/60000 (17%)]	Loss: 0.003304 0.9375
Train Epoch: 32 [12800/60000 (21%)]	Loss: 0.005940 0.84375
Train Epoch: 32 [15360/60000 (26%)]	Loss: 0.005131 0.921875
Train Epoch: 32 [17920/60000 (30%)]	Loss: 0.005516 0.90625
Train Epoch: 32 [20480/60000 (34%)]	Loss: 0.003637 0.90625
Train Epoch: 32 [23040/60000 (38%)]	Loss: 0.007196 0.875
Train Epoch: 32 [25600/60000 (43%)]	Loss: 0.004467 0.890625
Train Epoch: 32 [28160/60000 (47%)]	Loss: 0.007091 0.84375
Train Epoch: 32 [30720/60000 (51%)]	Loss: 0.005575 0.875
Train Epoch: 32 [33280/60000 (55%)]	Loss: 0.009703 0.828125
Train Epoch: 32 [35840/60000 (60%)]	Loss: 0.008815 0.84375
Train Epoch: 32 [38400/60000 (64%)]	Loss: 0.004955 0.890625
Train Epoch: 32 [40960/60000 (68%)]	Loss: 0.003345 0.9375
Train Epoch: 32 [43520/60000 (72%)]	Loss: 0.002751 0.96875
Train Epoch: 32 [46080/60000 (77%)]	Loss: 0.007319 0.765625
Train Epoch: 32 [48640/60000 (81%)]	Loss: 0.008791 0.875
Train Epoch: 32 [51200/60000 (85%)]	Loss: 0.008990 0.8125
Train Epoch: 32 [53760/60000 (90%)]	Loss: 0.005778 0.875
Train Epoch: 32 [56320/60000 (94%)]	Loss: 0.003306 0.90625
Train Epoch: 32 [58880/60000 (98%)]	Loss: 0.009883 0.875
====> Epoch: 32 Average loss: 0.0064

Test set: Average loss: 0.4493, Accuracy: 8731/10000 (87%)

Train Epoch: 33 [0/60000 (0%)]	Loss: 0.009751 0.84375
Train Epoch: 33 [2560/60000 (4%)]	Loss: 0.009549 0.875
Train Epoch: 33 [5120/60000 (9%)]	Loss: 0.004857 0.90625
Train Epoch: 33 [7680/60000 (13%)]	Loss: 0.009860 0.828125
Train Epoch: 33 [10240/60000 (17%)]	Loss: 0.006104 0.890625
Train Epoch: 33 [12800/60000 (21%)]	Loss: 0.004157 0.9375
Train Epoch: 33 [15360/60000 (26%)]	Loss: 0.006162 0.875
Train Epoch: 33 [17920/60000 (30%)]	Loss: 0.004069 0.921875
Train Epoch: 33 [20480/60000 (34%)]	Loss: 0.010340 0.890625
Train Epoch: 33 [23040/60000 (38%)]	Loss: 0.005419 0.875
Train Epoch: 33 [25600/60000 (43%)]	Loss: 0.005013 0.921875
Train Epoch: 33 [28160/60000 (47%)]	Loss: 0.005313 0.890625
Train Epoch: 33 [30720/60000 (51%)]	Loss: 0.007193 0.859375
Train Epoch: 33 [33280/60000 (55%)]	Loss: 0.008983 0.890625
Train Epoch: 33 [35840/60000 (60%)]	Loss: 0.005363 0.90625
Train Epoch: 33 [38400/60000 (64%)]	Loss: 0.003248 0.9375
Train Epoch: 33 [40960/60000 (68%)]	Loss: 0.010397 0.84375
Train Epoch: 33 [43520/60000 (72%)]	Loss: 0.004235 0.890625
Train Epoch: 33 [46080/60000 (77%)]	Loss: 0.006131 0.890625
Train Epoch: 33 [48640/60000 (81%)]	Loss: 0.005181 0.90625
Train Epoch: 33 [51200/60000 (85%)]	Loss: 0.007097 0.875
Train Epoch: 33 [53760/60000 (90%)]	Loss: 0.003432 0.9375
Train Epoch: 33 [56320/60000 (94%)]	Loss: 0.004664 0.890625
Train Epoch: 33 [58880/60000 (98%)]	Loss: 0.008105 0.84375
====> Epoch: 33 Average loss: 0.0064

Test set: Average loss: 0.4403, Accuracy: 8786/10000 (88%)

Train Epoch: 34 [0/60000 (0%)]	Loss: 0.004448 0.9375
Train Epoch: 34 [2560/60000 (4%)]	Loss: 0.003786 0.9375
Train Epoch: 34 [5120/60000 (9%)]	Loss: 0.008070 0.84375
Train Epoch: 34 [7680/60000 (13%)]	Loss: 0.003555 0.90625
Train Epoch: 34 [10240/60000 (17%)]	Loss: 0.003225 0.953125
Train Epoch: 34 [12800/60000 (21%)]	Loss: 0.004034 0.921875
Train Epoch: 34 [15360/60000 (26%)]	Loss: 0.006240 0.828125
Train Epoch: 34 [17920/60000 (30%)]	Loss: 0.004772 0.90625
Train Epoch: 34 [20480/60000 (34%)]	Loss: 0.004296 0.921875
Train Epoch: 34 [23040/60000 (38%)]	Loss: 0.006453 0.859375
Train Epoch: 34 [25600/60000 (43%)]	Loss: 0.007822 0.84375
Train Epoch: 34 [28160/60000 (47%)]	Loss: 0.004206 0.921875
Train Epoch: 34 [30720/60000 (51%)]	Loss: 0.007639 0.875
Train Epoch: 34 [33280/60000 (55%)]	Loss: 0.005484 0.9375
Train Epoch: 34 [35840/60000 (60%)]	Loss: 0.004706 0.90625
Train Epoch: 34 [38400/60000 (64%)]	Loss: 0.004801 0.90625
Train Epoch: 34 [40960/60000 (68%)]	Loss: 0.007712 0.828125
Train Epoch: 34 [43520/60000 (72%)]	Loss: 0.010796 0.84375
Train Epoch: 34 [46080/60000 (77%)]	Loss: 0.007548 0.875
Train Epoch: 34 [48640/60000 (81%)]	Loss: 0.007043 0.9375
Train Epoch: 34 [51200/60000 (85%)]	Loss: 0.008169 0.875
Train Epoch: 34 [53760/60000 (90%)]	Loss: 0.005426 0.890625
Train Epoch: 34 [56320/60000 (94%)]	Loss: 0.006353 0.90625
Train Epoch: 34 [58880/60000 (98%)]	Loss: 0.006583 0.875
====> Epoch: 34 Average loss: 0.0063

Test set: Average loss: 0.4309, Accuracy: 8789/10000 (88%)

Train Epoch: 35 [0/60000 (0%)]	Loss: 0.007871 0.875
Train Epoch: 35 [2560/60000 (4%)]	Loss: 0.006976 0.84375
Train Epoch: 35 [5120/60000 (9%)]	Loss: 0.005454 0.890625
Train Epoch: 35 [7680/60000 (13%)]	Loss: 0.007936 0.90625
Train Epoch: 35 [10240/60000 (17%)]	Loss: 0.004264 0.90625
Train Epoch: 35 [12800/60000 (21%)]	Loss: 0.006824 0.828125
Train Epoch: 35 [15360/60000 (26%)]	Loss: 0.009334 0.890625
Train Epoch: 35 [17920/60000 (30%)]	Loss: 0.005624 0.859375
Train Epoch: 35 [20480/60000 (34%)]	Loss: 0.004416 0.875
Train Epoch: 35 [23040/60000 (38%)]	Loss: 0.011310 0.859375
Train Epoch: 35 [25600/60000 (43%)]	Loss: 0.007137 0.859375
Train Epoch: 35 [28160/60000 (47%)]	Loss: 0.004761 0.9375
Train Epoch: 35 [30720/60000 (51%)]	Loss: 0.004991 0.890625
Train Epoch: 35 [33280/60000 (55%)]	Loss: 0.007239 0.859375
Train Epoch: 35 [35840/60000 (60%)]	Loss: 0.007540 0.875
Train Epoch: 35 [38400/60000 (64%)]	Loss: 0.005534 0.921875
Train Epoch: 35 [40960/60000 (68%)]	Loss: 0.007524 0.96875
Train Epoch: 35 [43520/60000 (72%)]	Loss: 0.007914 0.828125
Train Epoch: 35 [46080/60000 (77%)]	Loss: 0.005581 0.875
Train Epoch: 35 [48640/60000 (81%)]	Loss: 0.004966 0.921875
Train Epoch: 35 [51200/60000 (85%)]	Loss: 0.010295 0.890625
Train Epoch: 35 [53760/60000 (90%)]	Loss: 0.006092 0.890625
Train Epoch: 35 [56320/60000 (94%)]	Loss: 0.007376 0.828125
Train Epoch: 35 [58880/60000 (98%)]	Loss: 0.006637 0.859375
====> Epoch: 35 Average loss: 0.0063

Test set: Average loss: 0.4278, Accuracy: 8800/10000 (88%)

Train Epoch: 36 [0/60000 (0%)]	Loss: 0.004270 0.921875
Train Epoch: 36 [2560/60000 (4%)]	Loss: 0.008307 0.859375
Train Epoch: 36 [5120/60000 (9%)]	Loss: 0.005529 0.875
Train Epoch: 36 [7680/60000 (13%)]	Loss: 0.005510 0.921875
Train Epoch: 36 [10240/60000 (17%)]	Loss: 0.006434 0.875
Train Epoch: 36 [12800/60000 (21%)]	Loss: 0.004104 0.9375
Train Epoch: 36 [15360/60000 (26%)]	Loss: 0.006287 0.828125
Train Epoch: 36 [17920/60000 (30%)]	Loss: 0.006650 0.796875
Train Epoch: 36 [20480/60000 (34%)]	Loss: 0.006043 0.890625
Train Epoch: 36 [23040/60000 (38%)]	Loss: 0.005239 0.890625
Train Epoch: 36 [25600/60000 (43%)]	Loss: 0.003717 0.921875
Train Epoch: 36 [28160/60000 (47%)]	Loss: 0.006518 0.828125
Train Epoch: 36 [30720/60000 (51%)]	Loss: 0.002902 0.96875
Train Epoch: 36 [33280/60000 (55%)]	Loss: 0.009044 0.8125
Train Epoch: 36 [35840/60000 (60%)]	Loss: 0.004273 0.90625
Train Epoch: 36 [38400/60000 (64%)]	Loss: 0.007848 0.90625
Train Epoch: 36 [40960/60000 (68%)]	Loss: 0.010390 0.828125
Train Epoch: 36 [43520/60000 (72%)]	Loss: 0.010629 0.890625
Train Epoch: 36 [46080/60000 (77%)]	Loss: 0.004366 0.9375
Train Epoch: 36 [48640/60000 (81%)]	Loss: 0.005740 0.890625
Train Epoch: 36 [51200/60000 (85%)]	Loss: 0.006061 0.828125
Train Epoch: 36 [53760/60000 (90%)]	Loss: 0.005935 0.90625
Train Epoch: 36 [56320/60000 (94%)]	Loss: 0.004131 0.890625
Train Epoch: 36 [58880/60000 (98%)]	Loss: 0.004428 0.890625
====> Epoch: 36 Average loss: 0.0062

Test set: Average loss: 0.4251, Accuracy: 8799/10000 (88%)

Train Epoch: 37 [0/60000 (0%)]	Loss: 0.008211 0.84375
Train Epoch: 37 [2560/60000 (4%)]	Loss: 0.006477 0.890625
Train Epoch: 37 [5120/60000 (9%)]	Loss: 0.005373 0.90625
Train Epoch: 37 [7680/60000 (13%)]	Loss: 0.006289 0.9375
Train Epoch: 37 [10240/60000 (17%)]	Loss: 0.004121 0.953125
Train Epoch: 37 [12800/60000 (21%)]	Loss: 0.006382 0.859375
Train Epoch: 37 [15360/60000 (26%)]	Loss: 0.009289 0.828125
Train Epoch: 37 [17920/60000 (30%)]	Loss: 0.003864 0.9375
Train Epoch: 37 [20480/60000 (34%)]	Loss: 0.004570 0.921875
Train Epoch: 37 [23040/60000 (38%)]	Loss: 0.005987 0.875
Train Epoch: 37 [25600/60000 (43%)]	Loss: 0.004486 0.875
Train Epoch: 37 [28160/60000 (47%)]	Loss: 0.005293 0.90625
Train Epoch: 37 [30720/60000 (51%)]	Loss: 0.007857 0.828125
Train Epoch: 37 [33280/60000 (55%)]	Loss: 0.003000 0.921875
Train Epoch: 37 [35840/60000 (60%)]	Loss: 0.006737 0.921875
Train Epoch: 37 [38400/60000 (64%)]	Loss: 0.006166 0.84375
Train Epoch: 37 [40960/60000 (68%)]	Loss: 0.006203 0.90625
Train Epoch: 37 [43520/60000 (72%)]	Loss: 0.004598 0.921875
Train Epoch: 37 [46080/60000 (77%)]	Loss: 0.004273 0.921875
Train Epoch: 37 [48640/60000 (81%)]	Loss: 0.007159 0.921875
Train Epoch: 37 [51200/60000 (85%)]	Loss: 0.004143 0.90625
Train Epoch: 37 [53760/60000 (90%)]	Loss: 0.004790 0.90625
Train Epoch: 37 [56320/60000 (94%)]	Loss: 0.008035 0.890625
Train Epoch: 37 [58880/60000 (98%)]	Loss: 0.005141 0.921875
====> Epoch: 37 Average loss: 0.0062

Test set: Average loss: 0.4238, Accuracy: 8778/10000 (88%)

Train Epoch: 38 [0/60000 (0%)]	Loss: 0.007579 0.84375
Train Epoch: 38 [2560/60000 (4%)]	Loss: 0.005776 0.921875
Train Epoch: 38 [5120/60000 (9%)]	Loss: 0.004767 0.9375
Train Epoch: 38 [7680/60000 (13%)]	Loss: 0.004895 0.953125
Train Epoch: 38 [10240/60000 (17%)]	Loss: 0.006291 0.890625
Train Epoch: 38 [12800/60000 (21%)]	Loss: 0.004906 0.921875
Train Epoch: 38 [15360/60000 (26%)]	Loss: 0.004302 0.96875
Train Epoch: 38 [17920/60000 (30%)]	Loss: 0.005530 0.9375
Train Epoch: 38 [20480/60000 (34%)]	Loss: 0.006362 0.859375
Train Epoch: 38 [23040/60000 (38%)]	Loss: 0.006115 0.875
Train Epoch: 38 [25600/60000 (43%)]	Loss: 0.008147 0.84375
Train Epoch: 38 [28160/60000 (47%)]	Loss: 0.003026 0.9375
Train Epoch: 38 [30720/60000 (51%)]	Loss: 0.005112 0.890625
Train Epoch: 38 [33280/60000 (55%)]	Loss: 0.004356 0.90625
Train Epoch: 38 [35840/60000 (60%)]	Loss: 0.009186 0.796875
Train Epoch: 38 [38400/60000 (64%)]	Loss: 0.008984 0.8125
Train Epoch: 38 [40960/60000 (68%)]	Loss: 0.004854 0.9375
Train Epoch: 38 [43520/60000 (72%)]	Loss: 0.005834 0.875
Train Epoch: 38 [46080/60000 (77%)]	Loss: 0.005243 0.921875
Train Epoch: 38 [48640/60000 (81%)]	Loss: 0.004427 0.921875
Train Epoch: 38 [51200/60000 (85%)]	Loss: 0.002620 0.953125
Train Epoch: 38 [53760/60000 (90%)]	Loss: 0.003898 0.953125
Train Epoch: 38 [56320/60000 (94%)]	Loss: 0.005680 0.890625
Train Epoch: 38 [58880/60000 (98%)]	Loss: 0.005726 0.90625
====> Epoch: 38 Average loss: 0.0061

Test set: Average loss: 0.4180, Accuracy: 8811/10000 (88%)

Train Epoch: 39 [0/60000 (0%)]	Loss: 0.007854 0.859375
Train Epoch: 39 [2560/60000 (4%)]	Loss: 0.006181 0.875
Train Epoch: 39 [5120/60000 (9%)]	Loss: 0.007691 0.84375
Train Epoch: 39 [7680/60000 (13%)]	Loss: 0.007464 0.828125
Train Epoch: 39 [10240/60000 (17%)]	Loss: 0.003478 0.953125
Train Epoch: 39 [12800/60000 (21%)]	Loss: 0.004963 0.859375
Train Epoch: 39 [15360/60000 (26%)]	Loss: 0.004646 0.90625
Train Epoch: 39 [17920/60000 (30%)]	Loss: 0.005988 0.921875
Train Epoch: 39 [20480/60000 (34%)]	Loss: 0.006271 0.875
Train Epoch: 39 [23040/60000 (38%)]	Loss: 0.007430 0.828125
Train Epoch: 39 [25600/60000 (43%)]	Loss: 0.007674 0.84375
Train Epoch: 39 [28160/60000 (47%)]	Loss: 0.005507 0.859375
Train Epoch: 39 [30720/60000 (51%)]	Loss: 0.005774 0.921875
Train Epoch: 39 [33280/60000 (55%)]	Loss: 0.004405 0.890625
Train Epoch: 39 [35840/60000 (60%)]	Loss: 0.006354 0.8125
Train Epoch: 39 [38400/60000 (64%)]	Loss: 0.005565 0.90625
Train Epoch: 39 [40960/60000 (68%)]	Loss: 0.009544 0.875
Train Epoch: 39 [43520/60000 (72%)]	Loss: 0.007703 0.84375
Train Epoch: 39 [46080/60000 (77%)]	Loss: 0.012247 0.84375
Train Epoch: 39 [48640/60000 (81%)]	Loss: 0.006776 0.859375
Train Epoch: 39 [51200/60000 (85%)]	Loss: 0.007773 0.78125
Train Epoch: 39 [53760/60000 (90%)]	Loss: 0.007650 0.859375
Train Epoch: 39 [56320/60000 (94%)]	Loss: 0.003201 0.9375
Train Epoch: 39 [58880/60000 (98%)]	Loss: 0.011441 0.78125
====> Epoch: 39 Average loss: 0.0061

Test set: Average loss: 0.4157, Accuracy: 8818/10000 (88%)

Train Epoch: 40 [0/60000 (0%)]	Loss: 0.009381 0.828125
Train Epoch: 40 [2560/60000 (4%)]	Loss: 0.007285 0.875
Train Epoch: 40 [5120/60000 (9%)]	Loss: 0.009975 0.828125
Train Epoch: 40 [7680/60000 (13%)]	Loss: 0.006558 0.859375
Train Epoch: 40 [10240/60000 (17%)]	Loss: 0.004640 0.875
Train Epoch: 40 [12800/60000 (21%)]	Loss: 0.003555 0.90625
Train Epoch: 40 [15360/60000 (26%)]	Loss: 0.006810 0.890625
Train Epoch: 40 [17920/60000 (30%)]	Loss: 0.008181 0.84375
Train Epoch: 40 [20480/60000 (34%)]	Loss: 0.006940 0.84375
Train Epoch: 40 [23040/60000 (38%)]	Loss: 0.003676 0.96875
Train Epoch: 40 [25600/60000 (43%)]	Loss: 0.008819 0.875
Train Epoch: 40 [28160/60000 (47%)]	Loss: 0.007784 0.90625
Train Epoch: 40 [30720/60000 (51%)]	Loss: 0.006769 0.90625
Train Epoch: 40 [33280/60000 (55%)]	Loss: 0.005699 0.890625
Train Epoch: 40 [35840/60000 (60%)]	Loss: 0.007752 0.8125
Train Epoch: 40 [38400/60000 (64%)]	Loss: 0.005900 0.921875
Train Epoch: 40 [40960/60000 (68%)]	Loss: 0.004923 0.890625
Train Epoch: 40 [43520/60000 (72%)]	Loss: 0.006261 0.90625
Train Epoch: 40 [46080/60000 (77%)]	Loss: 0.006991 0.84375
Train Epoch: 40 [48640/60000 (81%)]	Loss: 0.007218 0.875
Train Epoch: 40 [51200/60000 (85%)]	Loss: 0.004946 0.890625
Train Epoch: 40 [53760/60000 (90%)]	Loss: 0.009033 0.859375
Train Epoch: 40 [56320/60000 (94%)]	Loss: 0.009558 0.859375
Train Epoch: 40 [58880/60000 (98%)]	Loss: 0.008333 0.875
====> Epoch: 40 Average loss: 0.0061

Test set: Average loss: 0.4132, Accuracy: 8818/10000 (88%)

Train Epoch: 41 [0/60000 (0%)]	Loss: 0.004041 0.90625
Train Epoch: 41 [2560/60000 (4%)]	Loss: 0.006691 0.90625
Train Epoch: 41 [5120/60000 (9%)]	Loss: 0.003354 0.921875
Train Epoch: 41 [7680/60000 (13%)]	Loss: 0.008667 0.828125
Train Epoch: 41 [10240/60000 (17%)]	Loss: 0.006639 0.890625
Train Epoch: 41 [12800/60000 (21%)]	Loss: 0.004848 0.953125
Train Epoch: 41 [15360/60000 (26%)]	Loss: 0.007191 0.875
Train Epoch: 41 [17920/60000 (30%)]	Loss: 0.006203 0.859375
Train Epoch: 41 [20480/60000 (34%)]	Loss: 0.010124 0.859375
Train Epoch: 41 [23040/60000 (38%)]	Loss: 0.008354 0.875
Train Epoch: 41 [25600/60000 (43%)]	Loss: 0.002694 0.9375
Train Epoch: 41 [28160/60000 (47%)]	Loss: 0.006658 0.90625
Train Epoch: 41 [30720/60000 (51%)]	Loss: 0.004921 0.84375
Train Epoch: 41 [33280/60000 (55%)]	Loss: 0.006520 0.890625
Train Epoch: 41 [35840/60000 (60%)]	Loss: 0.003869 0.953125
Train Epoch: 41 [38400/60000 (64%)]	Loss: 0.008660 0.84375
Train Epoch: 41 [40960/60000 (68%)]	Loss: 0.007520 0.84375
Train Epoch: 41 [43520/60000 (72%)]	Loss: 0.006425 0.875
Train Epoch: 41 [46080/60000 (77%)]	Loss: 0.005120 0.890625
Train Epoch: 41 [48640/60000 (81%)]	Loss: 0.004446 0.90625
Train Epoch: 41 [51200/60000 (85%)]	Loss: 0.005597 0.875
Train Epoch: 41 [53760/60000 (90%)]	Loss: 0.004438 0.90625
Train Epoch: 41 [56320/60000 (94%)]	Loss: 0.007019 0.90625
Train Epoch: 41 [58880/60000 (98%)]	Loss: 0.004384 0.921875
====> Epoch: 41 Average loss: 0.0060

Test set: Average loss: 0.4184, Accuracy: 8816/10000 (88%)

Train Epoch: 42 [0/60000 (0%)]	Loss: 0.004745 0.890625
Train Epoch: 42 [2560/60000 (4%)]	Loss: 0.006183 0.84375
Train Epoch: 42 [5120/60000 (9%)]	Loss: 0.004966 0.921875
Train Epoch: 42 [7680/60000 (13%)]	Loss: 0.004154 0.96875
Train Epoch: 42 [10240/60000 (17%)]	Loss: 0.005555 0.953125
Train Epoch: 42 [12800/60000 (21%)]	Loss: 0.002223 0.96875
Train Epoch: 42 [15360/60000 (26%)]	Loss: 0.009438 0.84375
Train Epoch: 42 [17920/60000 (30%)]	Loss: 0.009571 0.765625
Train Epoch: 42 [20480/60000 (34%)]	Loss: 0.006838 0.859375
Train Epoch: 42 [23040/60000 (38%)]	Loss: 0.006913 0.828125
Train Epoch: 42 [25600/60000 (43%)]	Loss: 0.003453 0.9375
Train Epoch: 42 [28160/60000 (47%)]	Loss: 0.004031 0.90625
Train Epoch: 42 [30720/60000 (51%)]	Loss: 0.003753 0.921875
Train Epoch: 42 [33280/60000 (55%)]	Loss: 0.003004 0.921875
Train Epoch: 42 [35840/60000 (60%)]	Loss: 0.007059 0.859375
Train Epoch: 42 [38400/60000 (64%)]	Loss: 0.006444 0.8125
Train Epoch: 42 [40960/60000 (68%)]	Loss: 0.004200 0.890625
Train Epoch: 42 [43520/60000 (72%)]	Loss: 0.008201 0.84375
Train Epoch: 42 [46080/60000 (77%)]	Loss: 0.004305 0.875
Train Epoch: 42 [48640/60000 (81%)]	Loss: 0.008182 0.859375
Train Epoch: 42 [51200/60000 (85%)]	Loss: 0.004725 0.921875
Train Epoch: 42 [53760/60000 (90%)]	Loss: 0.004852 0.9375
Train Epoch: 42 [56320/60000 (94%)]	Loss: 0.004251 0.90625
Train Epoch: 42 [58880/60000 (98%)]	Loss: 0.009238 0.828125
====> Epoch: 42 Average loss: 0.0060

Test set: Average loss: 0.4139, Accuracy: 8820/10000 (88%)

Train Epoch: 43 [0/60000 (0%)]	Loss: 0.007032 0.859375
Train Epoch: 43 [2560/60000 (4%)]	Loss: 0.005246 0.875
Train Epoch: 43 [5120/60000 (9%)]	Loss: 0.007372 0.859375
Train Epoch: 43 [7680/60000 (13%)]	Loss: 0.006618 0.859375
Train Epoch: 43 [10240/60000 (17%)]	Loss: 0.004520 0.921875
Train Epoch: 43 [12800/60000 (21%)]	Loss: 0.004708 0.875
Train Epoch: 43 [15360/60000 (26%)]	Loss: 0.006108 0.890625
Train Epoch: 43 [17920/60000 (30%)]	Loss: 0.003341 0.9375
Train Epoch: 43 [20480/60000 (34%)]	Loss: 0.004330 0.9375
Train Epoch: 43 [23040/60000 (38%)]	Loss: 0.008868 0.84375
Train Epoch: 43 [25600/60000 (43%)]	Loss: 0.005245 0.921875
Train Epoch: 43 [28160/60000 (47%)]	Loss: 0.004622 0.875
Train Epoch: 43 [30720/60000 (51%)]	Loss: 0.007252 0.859375
Train Epoch: 43 [33280/60000 (55%)]	Loss: 0.007385 0.84375
Train Epoch: 43 [35840/60000 (60%)]	Loss: 0.005820 0.921875
Train Epoch: 43 [38400/60000 (64%)]	Loss: 0.008778 0.84375
Train Epoch: 43 [40960/60000 (68%)]	Loss: 0.004352 0.9375
Train Epoch: 43 [43520/60000 (72%)]	Loss: 0.003894 0.921875
Train Epoch: 43 [46080/60000 (77%)]	Loss: 0.003552 0.96875
Train Epoch: 43 [48640/60000 (81%)]	Loss: 0.008417 0.859375
Train Epoch: 43 [51200/60000 (85%)]	Loss: 0.008720 0.84375
Train Epoch: 43 [53760/60000 (90%)]	Loss: 0.005714 0.890625
Train Epoch: 43 [56320/60000 (94%)]	Loss: 0.004225 0.90625
Train Epoch: 43 [58880/60000 (98%)]	Loss: 0.004338 0.9375
====> Epoch: 43 Average loss: 0.0060

Test set: Average loss: 0.4184, Accuracy: 8795/10000 (88%)

Train Epoch: 44 [0/60000 (0%)]	Loss: 0.015173 0.8125
Train Epoch: 44 [2560/60000 (4%)]	Loss: 0.005655 0.921875
Train Epoch: 44 [5120/60000 (9%)]	Loss: 0.003807 0.890625
Train Epoch: 44 [7680/60000 (13%)]	Loss: 0.004801 0.84375
Train Epoch: 44 [10240/60000 (17%)]	Loss: 0.004821 0.875
Train Epoch: 44 [12800/60000 (21%)]	Loss: 0.004993 0.890625
Train Epoch: 44 [15360/60000 (26%)]	Loss: 0.004568 0.90625
Train Epoch: 44 [17920/60000 (30%)]	Loss: 0.003595 0.9375
Train Epoch: 44 [20480/60000 (34%)]	Loss: 0.004889 0.90625
Train Epoch: 44 [23040/60000 (38%)]	Loss: 0.006458 0.859375
Train Epoch: 44 [25600/60000 (43%)]	Loss: 0.007968 0.875
Train Epoch: 44 [28160/60000 (47%)]	Loss: 0.005722 0.875
Train Epoch: 44 [30720/60000 (51%)]	Loss: 0.003896 0.9375
Train Epoch: 44 [33280/60000 (55%)]	Loss: 0.001744 0.984375
Train Epoch: 44 [35840/60000 (60%)]	Loss: 0.005594 0.890625
Train Epoch: 44 [38400/60000 (64%)]	Loss: 0.004449 0.953125
Train Epoch: 44 [40960/60000 (68%)]	Loss: 0.005045 0.875
Train Epoch: 44 [43520/60000 (72%)]	Loss: 0.005960 0.921875
Train Epoch: 44 [46080/60000 (77%)]	Loss: 0.010514 0.859375
Train Epoch: 44 [48640/60000 (81%)]	Loss: 0.003366 0.9375
Train Epoch: 44 [51200/60000 (85%)]	Loss: 0.005426 0.875
Train Epoch: 44 [53760/60000 (90%)]	Loss: 0.007514 0.890625
Train Epoch: 44 [56320/60000 (94%)]	Loss: 0.006619 0.828125
Train Epoch: 44 [58880/60000 (98%)]	Loss: 0.007672 0.828125
====> Epoch: 44 Average loss: 0.0059

Test set: Average loss: 0.4049, Accuracy: 8854/10000 (89%)

Train Epoch: 45 [0/60000 (0%)]	Loss: 0.004810 0.90625
Train Epoch: 45 [2560/60000 (4%)]	Loss: 0.006918 0.84375
Train Epoch: 45 [5120/60000 (9%)]	Loss: 0.006735 0.890625
Train Epoch: 45 [7680/60000 (13%)]	Loss: 0.009821 0.828125
Train Epoch: 45 [10240/60000 (17%)]	Loss: 0.005619 0.9375
Train Epoch: 45 [12800/60000 (21%)]	Loss: 0.005305 0.890625
Train Epoch: 45 [15360/60000 (26%)]	Loss: 0.007089 0.875
Train Epoch: 45 [17920/60000 (30%)]	Loss: 0.005907 0.890625
Train Epoch: 45 [20480/60000 (34%)]	Loss: 0.006940 0.90625
Train Epoch: 45 [23040/60000 (38%)]	Loss: 0.009005 0.84375
Train Epoch: 45 [25600/60000 (43%)]	Loss: 0.011885 0.8125
Train Epoch: 45 [28160/60000 (47%)]	Loss: 0.009164 0.9375
Train Epoch: 45 [30720/60000 (51%)]	Loss: 0.007093 0.84375
Train Epoch: 45 [33280/60000 (55%)]	Loss: 0.003604 0.921875
Train Epoch: 45 [35840/60000 (60%)]	Loss: 0.003128 0.90625
Train Epoch: 45 [38400/60000 (64%)]	Loss: 0.002902 0.96875
Train Epoch: 45 [40960/60000 (68%)]	Loss: 0.003180 0.9375
Train Epoch: 45 [43520/60000 (72%)]	Loss: 0.004840 0.890625
Train Epoch: 45 [46080/60000 (77%)]	Loss: 0.005968 0.84375
Train Epoch: 45 [48640/60000 (81%)]	Loss: 0.008768 0.875
Train Epoch: 45 [51200/60000 (85%)]	Loss: 0.003253 0.9375
Train Epoch: 45 [53760/60000 (90%)]	Loss: 0.004964 0.9375
Train Epoch: 45 [56320/60000 (94%)]	Loss: 0.006075 0.859375
Train Epoch: 45 [58880/60000 (98%)]	Loss: 0.003563 0.9375
====> Epoch: 45 Average loss: 0.0059

Test set: Average loss: 0.4142, Accuracy: 8809/10000 (88%)

Train Epoch: 46 [0/60000 (0%)]	Loss: 0.005559 0.90625
Train Epoch: 46 [2560/60000 (4%)]	Loss: 0.003979 0.9375
Train Epoch: 46 [5120/60000 (9%)]	Loss: 0.009384 0.875
Train Epoch: 46 [7680/60000 (13%)]	Loss: 0.004149 0.953125
Train Epoch: 46 [10240/60000 (17%)]	Loss: 0.006443 0.90625
Train Epoch: 46 [12800/60000 (21%)]	Loss: 0.003425 0.953125
Train Epoch: 46 [15360/60000 (26%)]	Loss: 0.005957 0.90625
Train Epoch: 46 [17920/60000 (30%)]	Loss: 0.007883 0.859375
Train Epoch: 46 [20480/60000 (34%)]	Loss: 0.005883 0.90625
Train Epoch: 46 [23040/60000 (38%)]	Loss: 0.007987 0.90625
Train Epoch: 46 [25600/60000 (43%)]	Loss: 0.006120 0.875
Train Epoch: 46 [28160/60000 (47%)]	Loss: 0.004672 0.890625
Train Epoch: 46 [30720/60000 (51%)]	Loss: 0.006527 0.84375
Train Epoch: 46 [33280/60000 (55%)]	Loss: 0.004665 0.90625
Train Epoch: 46 [35840/60000 (60%)]	Loss: 0.006353 0.921875
Train Epoch: 46 [38400/60000 (64%)]	Loss: 0.003728 0.921875
Train Epoch: 46 [40960/60000 (68%)]	Loss: 0.004662 0.90625
Train Epoch: 46 [43520/60000 (72%)]	Loss: 0.003144 0.9375
Train Epoch: 46 [46080/60000 (77%)]	Loss: 0.003386 0.921875
Train Epoch: 46 [48640/60000 (81%)]	Loss: 0.003656 0.9375
Train Epoch: 46 [51200/60000 (85%)]	Loss: 0.005775 0.890625
Train Epoch: 46 [53760/60000 (90%)]	Loss: 0.006470 0.875
Train Epoch: 46 [56320/60000 (94%)]	Loss: 0.009557 0.84375
Train Epoch: 46 [58880/60000 (98%)]	Loss: 0.008196 0.875
====> Epoch: 46 Average loss: 0.0059

Test set: Average loss: 0.4006, Accuracy: 8861/10000 (89%)

Train Epoch: 47 [0/60000 (0%)]	Loss: 0.004554 0.90625
Train Epoch: 47 [2560/60000 (4%)]	Loss: 0.003011 0.96875
Train Epoch: 47 [5120/60000 (9%)]	Loss: 0.005716 0.90625
Train Epoch: 47 [7680/60000 (13%)]	Loss: 0.004361 0.90625
Train Epoch: 47 [10240/60000 (17%)]	Loss: 0.007088 0.875
Train Epoch: 47 [12800/60000 (21%)]	Loss: 0.004128 0.890625
Train Epoch: 47 [15360/60000 (26%)]	Loss: 0.006498 0.875
Train Epoch: 47 [17920/60000 (30%)]	Loss: 0.006368 0.84375
Train Epoch: 47 [20480/60000 (34%)]	Loss: 0.004480 0.921875
Train Epoch: 47 [23040/60000 (38%)]	Loss: 0.006305 0.90625
Train Epoch: 47 [25600/60000 (43%)]	Loss: 0.002917 0.9375
Train Epoch: 47 [28160/60000 (47%)]	Loss: 0.005013 0.90625
Train Epoch: 47 [30720/60000 (51%)]	Loss: 0.008757 0.84375
Train Epoch: 47 [33280/60000 (55%)]	Loss: 0.005145 0.875
Train Epoch: 47 [35840/60000 (60%)]	Loss: 0.002951 0.9375
Train Epoch: 47 [38400/60000 (64%)]	Loss: 0.002793 0.9375
Train Epoch: 47 [40960/60000 (68%)]	Loss: 0.004461 0.90625
Train Epoch: 47 [43520/60000 (72%)]	Loss: 0.005083 0.875
Train Epoch: 47 [46080/60000 (77%)]	Loss: 0.008596 0.796875
Train Epoch: 47 [48640/60000 (81%)]	Loss: 0.005574 0.890625
Train Epoch: 47 [51200/60000 (85%)]	Loss: 0.006009 0.875
Train Epoch: 47 [53760/60000 (90%)]	Loss: 0.006347 0.8125
Train Epoch: 47 [56320/60000 (94%)]	Loss: 0.006409 0.84375
Train Epoch: 47 [58880/60000 (98%)]	Loss: 0.004814 0.890625
====> Epoch: 47 Average loss: 0.0058

Test set: Average loss: 0.3989, Accuracy: 8846/10000 (88%)

Train Epoch: 48 [0/60000 (0%)]	Loss: 0.007633 0.796875
Train Epoch: 48 [2560/60000 (4%)]	Loss: 0.003459 0.921875
Train Epoch: 48 [5120/60000 (9%)]	Loss: 0.003639 0.9375
Train Epoch: 48 [7680/60000 (13%)]	Loss: 0.005504 0.828125
Train Epoch: 48 [10240/60000 (17%)]	Loss: 0.012086 0.8125
Train Epoch: 48 [12800/60000 (21%)]	Loss: 0.004208 0.921875
Train Epoch: 48 [15360/60000 (26%)]	Loss: 0.008451 0.84375
Train Epoch: 48 [17920/60000 (30%)]	Loss: 0.003834 0.875
Train Epoch: 48 [20480/60000 (34%)]	Loss: 0.005190 0.875
Train Epoch: 48 [23040/60000 (38%)]	Loss: 0.008177 0.890625
Train Epoch: 48 [25600/60000 (43%)]	Loss: 0.006318 0.875
Train Epoch: 48 [28160/60000 (47%)]	Loss: 0.008280 0.84375
Train Epoch: 48 [30720/60000 (51%)]	Loss: 0.006151 0.90625
Train Epoch: 48 [33280/60000 (55%)]	Loss: 0.005444 0.890625
Train Epoch: 48 [35840/60000 (60%)]	Loss: 0.006692 0.890625
Train Epoch: 48 [38400/60000 (64%)]	Loss: 0.005755 0.875
Train Epoch: 48 [40960/60000 (68%)]	Loss: 0.005110 0.890625
Train Epoch: 48 [43520/60000 (72%)]	Loss: 0.003698 0.9375
Train Epoch: 48 [46080/60000 (77%)]	Loss: 0.002859 0.921875
Train Epoch: 48 [48640/60000 (81%)]	Loss: 0.005513 0.890625
Train Epoch: 48 [51200/60000 (85%)]	Loss: 0.005434 0.90625
Train Epoch: 48 [53760/60000 (90%)]	Loss: 0.004653 0.921875
Train Epoch: 48 [56320/60000 (94%)]	Loss: 0.006544 0.90625
Train Epoch: 48 [58880/60000 (98%)]	Loss: 0.005231 0.90625
====> Epoch: 48 Average loss: 0.0058

Test set: Average loss: 0.4001, Accuracy: 8818/10000 (88%)

Train Epoch: 49 [0/60000 (0%)]	Loss: 0.006384 0.859375
Train Epoch: 49 [2560/60000 (4%)]	Loss: 0.007832 0.859375
Train Epoch: 49 [5120/60000 (9%)]	Loss: 0.005116 0.921875
Train Epoch: 49 [7680/60000 (13%)]	Loss: 0.003898 0.921875
Train Epoch: 49 [10240/60000 (17%)]	Loss: 0.004540 0.90625
Train Epoch: 49 [12800/60000 (21%)]	Loss: 0.004934 0.875
Train Epoch: 49 [15360/60000 (26%)]	Loss: 0.003731 0.890625
Train Epoch: 49 [17920/60000 (30%)]	Loss: 0.004875 0.90625
Train Epoch: 49 [20480/60000 (34%)]	Loss: 0.005850 0.90625
Train Epoch: 49 [23040/60000 (38%)]	Loss: 0.003837 0.9375
Train Epoch: 49 [25600/60000 (43%)]	Loss: 0.008651 0.828125
Train Epoch: 49 [28160/60000 (47%)]	Loss: 0.004272 0.890625
Train Epoch: 49 [30720/60000 (51%)]	Loss: 0.005784 0.875
Train Epoch: 49 [33280/60000 (55%)]	Loss: 0.011581 0.828125
Train Epoch: 49 [35840/60000 (60%)]	Loss: 0.006087 0.875
Train Epoch: 49 [38400/60000 (64%)]	Loss: 0.004971 0.890625
Train Epoch: 49 [40960/60000 (68%)]	Loss: 0.013694 0.8125
Train Epoch: 49 [43520/60000 (72%)]	Loss: 0.006519 0.859375
Train Epoch: 49 [46080/60000 (77%)]	Loss: 0.014470 0.734375
Train Epoch: 49 [48640/60000 (81%)]	Loss: 0.004303 0.875
Train Epoch: 49 [51200/60000 (85%)]	Loss: 0.003321 0.953125
Train Epoch: 49 [53760/60000 (90%)]	Loss: 0.003862 0.890625
Train Epoch: 49 [56320/60000 (94%)]	Loss: 0.005761 0.84375
Train Epoch: 49 [58880/60000 (98%)]	Loss: 0.006588 0.8125
====> Epoch: 49 Average loss: 0.0057

Test set: Average loss: 0.3912, Accuracy: 8860/10000 (89%)

Train Epoch: 50 [0/60000 (0%)]	Loss: 0.006095 0.921875
Train Epoch: 50 [2560/60000 (4%)]	Loss: 0.006552 0.875
Train Epoch: 50 [5120/60000 (9%)]	Loss: 0.010075 0.765625
Train Epoch: 50 [7680/60000 (13%)]	Loss: 0.005834 0.875
Train Epoch: 50 [10240/60000 (17%)]	Loss: 0.006586 0.890625
Train Epoch: 50 [12800/60000 (21%)]	Loss: 0.003712 0.96875
Train Epoch: 50 [15360/60000 (26%)]	Loss: 0.004859 0.859375
Train Epoch: 50 [17920/60000 (30%)]	Loss: 0.007169 0.859375
Train Epoch: 50 [20480/60000 (34%)]	Loss: 0.004717 0.921875
Train Epoch: 50 [23040/60000 (38%)]	Loss: 0.004625 0.890625
Train Epoch: 50 [25600/60000 (43%)]	Loss: 0.005166 0.9375
Train Epoch: 50 [28160/60000 (47%)]	Loss: 0.003716 0.953125
Train Epoch: 50 [30720/60000 (51%)]	Loss: 0.002338 0.953125
Train Epoch: 50 [33280/60000 (55%)]	Loss: 0.003469 0.953125
Train Epoch: 50 [35840/60000 (60%)]	Loss: 0.004218 0.890625
Train Epoch: 50 [38400/60000 (64%)]	Loss: 0.007368 0.859375
Train Epoch: 50 [40960/60000 (68%)]	Loss: 0.005407 0.9375
Train Epoch: 50 [43520/60000 (72%)]	Loss: 0.005025 0.90625
Train Epoch: 50 [46080/60000 (77%)]	Loss: 0.004140 0.90625
Train Epoch: 50 [48640/60000 (81%)]	Loss: 0.003017 0.9375
Train Epoch: 50 [51200/60000 (85%)]	Loss: 0.008344 0.84375
Train Epoch: 50 [53760/60000 (90%)]	Loss: 0.005471 0.890625
Train Epoch: 50 [56320/60000 (94%)]	Loss: 0.007802 0.859375
Train Epoch: 50 [58880/60000 (98%)]	Loss: 0.004989 0.90625
====> Epoch: 50 Average loss: 0.0056

Test set: Average loss: 0.3789, Accuracy: 8890/10000 (89%)

/tmp/slurmd/job6153412/slurm_script: line 21: -num_views=2: command not found
