pyenv-virtualenv: prompt changing will be removed from future release. configure `export PYENV_VIRTUALENV_DISABLE_PROMPT=1' to simulate the behavior.
Train Epoch: 1 [0/60000 (0%)]	Loss: 1.965893 0.953125
Train Epoch: 1 [2560/60000 (4%)]	Loss: 1.965617 0.90625
Train Epoch: 1 [5120/60000 (9%)]	Loss: 1.965308 0.90625
Train Epoch: 1 [7680/60000 (13%)]	Loss: 1.964978 0.890625
Train Epoch: 1 [10240/60000 (17%)]	Loss: 1.964391 0.9375
Train Epoch: 1 [12800/60000 (21%)]	Loss: 1.963898 0.921875
Train Epoch: 1 [15360/60000 (26%)]	Loss: 1.963701 0.84375
Train Epoch: 1 [17920/60000 (30%)]	Loss: 1.962068 0.921875
Train Epoch: 1 [20480/60000 (34%)]	Loss: 1.959801 0.90625
Train Epoch: 1 [23040/60000 (38%)]	Loss: 1.954571 0.890625
Train Epoch: 1 [25600/60000 (43%)]	Loss: 1.945675 0.875
Train Epoch: 1 [28160/60000 (47%)]	Loss: 1.933601 0.8125
Train Epoch: 1 [30720/60000 (51%)]	Loss: 1.888985 0.90625
Train Epoch: 1 [33280/60000 (55%)]	Loss: 1.851865 0.890625
Train Epoch: 1 [35840/60000 (60%)]	Loss: 1.752910 0.953125
Train Epoch: 1 [38400/60000 (64%)]	Loss: 1.693546 0.875
Train Epoch: 1 [40960/60000 (68%)]	Loss: 1.538995 0.9375
Train Epoch: 1 [43520/60000 (72%)]	Loss: 1.457732 0.890625
Train Epoch: 1 [46080/60000 (77%)]	Loss: 1.373077 0.84375
Train Epoch: 1 [48640/60000 (81%)]	Loss: 1.221956 0.890625
Train Epoch: 1 [51200/60000 (85%)]	Loss: 1.168976 0.84375
Train Epoch: 1 [53760/60000 (90%)]	Loss: 0.985892 0.875
Train Epoch: 1 [56320/60000 (94%)]	Loss: 0.879312 0.90625
Train Epoch: 1 [58880/60000 (98%)]	Loss: 0.665694 0.953125
====> Epoch: 1 Average loss: 1.6538

Test set: Average loss: 49.4322, Accuracy: (90%)

Train Epoch: 2 [0/60000 (0%)]	Loss: 0.950940 0.84375
Train Epoch: 2 [2560/60000 (4%)]	Loss: 0.681085 0.921875
Train Epoch: 2 [5120/60000 (9%)]	Loss: 0.867147 0.84375
Train Epoch: 2 [7680/60000 (13%)]	Loss: 0.481272 0.953125
Train Epoch: 2 [10240/60000 (17%)]	Loss: 0.710324 0.875
Train Epoch: 2 [12800/60000 (21%)]	Loss: 0.812136 0.84375
Train Epoch: 2 [15360/60000 (26%)]	Loss: 0.729720 0.859375
Train Epoch: 2 [17920/60000 (30%)]	Loss: 0.671142 0.875
Train Epoch: 2 [20480/60000 (34%)]	Loss: 0.584824 0.890625
Train Epoch: 2 [23040/60000 (38%)]	Loss: 0.547317 0.90625
Train Epoch: 2 [25600/60000 (43%)]	Loss: 0.515944 0.90625
Train Epoch: 2 [28160/60000 (47%)]	Loss: 0.562986 0.890625
Train Epoch: 2 [30720/60000 (51%)]	Loss: 0.750695 0.84375
Train Epoch: 2 [33280/60000 (55%)]	Loss: 0.724222 0.84375
Train Epoch: 2 [35840/60000 (60%)]	Loss: 0.603442 0.875
Train Epoch: 2 [38400/60000 (64%)]	Loss: 0.545156 0.890625
Train Epoch: 2 [40960/60000 (68%)]	Loss: 0.240173 0.96875
Train Epoch: 2 [43520/60000 (72%)]	Loss: 0.527584 0.890625
Train Epoch: 2 [46080/60000 (77%)]	Loss: 0.463686 0.90625
Train Epoch: 2 [48640/60000 (81%)]	Loss: 0.576993 0.875
Train Epoch: 2 [51200/60000 (85%)]	Loss: 0.455740 0.90625
Train Epoch: 2 [53760/60000 (90%)]	Loss: 0.161476 0.984375
Train Epoch: 2 [56320/60000 (94%)]	Loss: 0.387519 0.921875
Train Epoch: 2 [58880/60000 (98%)]	Loss: 0.387045 0.921875
====> Epoch: 2 Average loss: 0.5515

Test set: Average loss: 30.0501, Accuracy: (90%)

Train Epoch: 3 [0/60000 (0%)]	Loss: 0.626361 0.859375
Train Epoch: 3 [2560/60000 (4%)]	Loss: 0.388135 0.921875
Train Epoch: 3 [5120/60000 (9%)]	Loss: 0.615287 0.859375
Train Epoch: 3 [7680/60000 (13%)]	Loss: 0.256633 0.953125
Train Epoch: 3 [10240/60000 (17%)]	Loss: 0.368795 0.921875
Train Epoch: 3 [12800/60000 (21%)]	Loss: 0.128487 0.984375
Train Epoch: 3 [15360/60000 (26%)]	Loss: 0.305591 0.9375
Train Epoch: 3 [17920/60000 (30%)]	Loss: 0.245117 0.953125
Train Epoch: 3 [20480/60000 (34%)]	Loss: 0.486140 0.890625
Train Epoch: 3 [23040/60000 (38%)]	Loss: 0.303296 0.9375
Train Epoch: 3 [25600/60000 (43%)]	Loss: 0.543391 0.875
Train Epoch: 3 [28160/60000 (47%)]	Loss: 0.539335 0.875
Train Epoch: 3 [30720/60000 (51%)]	Loss: 0.356918 0.921875
Train Epoch: 3 [33280/60000 (55%)]	Loss: 0.416244 0.90625
Train Epoch: 3 [35840/60000 (60%)]	Loss: 0.479719 0.890625
Train Epoch: 3 [38400/60000 (64%)]	Loss: 0.538381 0.875
Train Epoch: 3 [40960/60000 (68%)]	Loss: 0.473659 0.890625
Train Epoch: 3 [43520/60000 (72%)]	Loss: 0.534548 0.875
Train Epoch: 3 [46080/60000 (77%)]	Loss: 0.104143 0.984375
Train Epoch: 3 [48640/60000 (81%)]	Loss: 0.471971 0.890625
Train Epoch: 3 [51200/60000 (85%)]	Loss: 0.286003 0.9375
Train Epoch: 3 [53760/60000 (90%)]	Loss: 0.224936 0.953125
Train Epoch: 3 [56320/60000 (94%)]	Loss: 0.470260 0.890625
Train Epoch: 3 [58880/60000 (98%)]	Loss: 0.590293 0.859375
====> Epoch: 3 Average loss: 0.4445

Test set: Average loss: 27.6427, Accuracy: (90%)

Train Epoch: 4 [0/60000 (0%)]	Loss: 0.288797 0.9375
Train Epoch: 4 [2560/60000 (4%)]	Loss: 0.528916 0.875
Train Epoch: 4 [5120/60000 (9%)]	Loss: 0.158326 0.96875
Train Epoch: 4 [7680/60000 (13%)]	Loss: 0.219664 0.953125
Train Epoch: 4 [10240/60000 (17%)]	Loss: 0.279950 0.9375
Train Epoch: 4 [12800/60000 (21%)]	Loss: 0.218038 0.953125
Train Epoch: 4 [15360/60000 (26%)]	Loss: 0.338504 0.921875
Train Epoch: 4 [17920/60000 (30%)]	Loss: 0.460911 0.890625
Train Epoch: 4 [20480/60000 (34%)]	Loss: 0.339775 0.921875
Train Epoch: 4 [23040/60000 (38%)]	Loss: 0.399234 0.90625
Train Epoch: 4 [25600/60000 (43%)]	Loss: 0.706723 0.828125
Train Epoch: 4 [28160/60000 (47%)]	Loss: 0.398689 0.90625
Train Epoch: 4 [30720/60000 (51%)]	Loss: 0.459008 0.890625
Train Epoch: 4 [33280/60000 (55%)]	Loss: 0.706500 0.828125
Train Epoch: 4 [35840/60000 (60%)]	Loss: 0.337500 0.921875
Train Epoch: 4 [38400/60000 (64%)]	Loss: 0.519795 0.875
Train Epoch: 4 [40960/60000 (68%)]	Loss: 0.394285 0.90625
Train Epoch: 4 [43520/60000 (72%)]	Loss: 0.394774 0.90625
Train Epoch: 4 [46080/60000 (77%)]	Loss: 0.455980 0.890625
Train Epoch: 4 [48640/60000 (81%)]	Loss: 0.517016 0.875
Train Epoch: 4 [51200/60000 (85%)]	Loss: 0.332189 0.921875
Train Epoch: 4 [53760/60000 (90%)]	Loss: 0.331670 0.921875
Train Epoch: 4 [56320/60000 (94%)]	Loss: 0.331000 0.921875
Train Epoch: 4 [58880/60000 (98%)]	Loss: 0.331339 0.921875
====> Epoch: 4 Average loss: 0.4205

Test set: Average loss: 26.7621, Accuracy: (90%)

Train Epoch: 5 [0/60000 (0%)]	Loss: 0.205648 0.953125
Train Epoch: 5 [2560/60000 (4%)]	Loss: 0.268774 0.9375
Train Epoch: 5 [5120/60000 (9%)]	Loss: 0.143729 0.96875
Train Epoch: 5 [7680/60000 (13%)]	Loss: 0.267163 0.9375
Train Epoch: 5 [10240/60000 (17%)]	Loss: 0.266936 0.9375
Train Epoch: 5 [12800/60000 (21%)]	Loss: 0.576477 0.859375
Train Epoch: 5 [15360/60000 (26%)]	Loss: 0.451498 0.890625
Train Epoch: 5 [17920/60000 (30%)]	Loss: 0.699515 0.828125
Train Epoch: 5 [20480/60000 (34%)]	Loss: 0.389215 0.90625
Train Epoch: 5 [23040/60000 (38%)]	Loss: 0.698079 0.828125
Train Epoch: 5 [25600/60000 (43%)]	Loss: 0.574196 0.859375
Train Epoch: 5 [28160/60000 (47%)]	Loss: 0.574055 0.859375
Train Epoch: 5 [30720/60000 (51%)]	Loss: 0.635594 0.84375
Train Epoch: 5 [33280/60000 (55%)]	Loss: 0.263228 0.9375
Train Epoch: 5 [35840/60000 (60%)]	Loss: 0.201056 0.953125
Train Epoch: 5 [38400/60000 (64%)]	Loss: 0.573427 0.859375
Train Epoch: 5 [40960/60000 (68%)]	Loss: 0.263328 0.9375
Train Epoch: 5 [43520/60000 (72%)]	Loss: 0.448640 0.890625
Train Epoch: 5 [46080/60000 (77%)]	Loss: 0.448398 0.890625
Train Epoch: 5 [48640/60000 (81%)]	Loss: 0.758404 0.8125
Train Epoch: 5 [51200/60000 (85%)]	Loss: 0.572084 0.859375
Train Epoch: 5 [53760/60000 (90%)]	Loss: 0.696880 0.828125
Train Epoch: 5 [56320/60000 (94%)]	Loss: 0.447187 0.890625
Train Epoch: 5 [58880/60000 (98%)]	Loss: 0.385280 0.90625
====> Epoch: 5 Average loss: 0.4101

Test set: Average loss: 26.3305, Accuracy: (90%)

Train Epoch: 6 [0/60000 (0%)]	Loss: 0.385298 0.90625
Train Epoch: 6 [2560/60000 (4%)]	Loss: 0.322798 0.921875
Train Epoch: 6 [5120/60000 (9%)]	Loss: 0.259928 0.9375
Train Epoch: 6 [7680/60000 (13%)]	Loss: 0.695334 0.828125
Train Epoch: 6 [10240/60000 (17%)]	Loss: 0.321709 0.921875
Train Epoch: 6 [12800/60000 (21%)]	Loss: 0.445684 0.890625
Train Epoch: 6 [15360/60000 (26%)]	Loss: 0.259175 0.9375
Train Epoch: 6 [17920/60000 (30%)]	Loss: 0.383506 0.90625
Train Epoch: 6 [20480/60000 (34%)]	Loss: 0.383630 0.90625
Train Epoch: 6 [23040/60000 (38%)]	Loss: 0.383436 0.90625
Train Epoch: 6 [25600/60000 (43%)]	Loss: 0.507875 0.875
Train Epoch: 6 [28160/60000 (47%)]	Loss: 0.631772 0.84375
Train Epoch: 6 [30720/60000 (51%)]	Loss: 0.444949 0.890625
Train Epoch: 6 [33280/60000 (55%)]	Loss: 0.382509 0.90625
Train Epoch: 6 [35840/60000 (60%)]	Loss: 0.258375 0.9375
Train Epoch: 6 [38400/60000 (64%)]	Loss: 0.133139 0.96875
Train Epoch: 6 [40960/60000 (68%)]	Loss: 0.506525 0.875
Train Epoch: 6 [43520/60000 (72%)]	Loss: 0.630714 0.84375
Train Epoch: 6 [46080/60000 (77%)]	Loss: 0.257473 0.9375
Train Epoch: 6 [48640/60000 (81%)]	Loss: 0.443606 0.890625
Train Epoch: 6 [51200/60000 (85%)]	Loss: 0.257276 0.9375
Train Epoch: 6 [53760/60000 (90%)]	Loss: 0.381318 0.90625
Train Epoch: 6 [56320/60000 (94%)]	Loss: 0.381261 0.90625
Train Epoch: 6 [58880/60000 (98%)]	Loss: 0.319082 0.921875
====> Epoch: 6 Average loss: 0.4051

Test set: Average loss: 26.0904, Accuracy: (90%)

Train Epoch: 7 [0/60000 (0%)]	Loss: 0.381256 0.90625
Train Epoch: 7 [2560/60000 (4%)]	Loss: 0.380917 0.90625
Train Epoch: 7 [5120/60000 (9%)]	Loss: 0.380548 0.90625
Train Epoch: 7 [7680/60000 (13%)]	Loss: 0.505234 0.875
Train Epoch: 7 [10240/60000 (17%)]	Loss: 0.318275 0.921875
Train Epoch: 7 [12800/60000 (21%)]	Loss: 0.567183 0.859375
Train Epoch: 7 [15360/60000 (26%)]	Loss: 0.318248 0.921875
Train Epoch: 7 [17920/60000 (30%)]	Loss: 0.504834 0.875
Train Epoch: 7 [20480/60000 (34%)]	Loss: 0.131014 0.96875
Train Epoch: 7 [23040/60000 (38%)]	Loss: 0.255353 0.9375
Train Epoch: 7 [25600/60000 (43%)]	Loss: 0.629403 0.84375
Train Epoch: 7 [28160/60000 (47%)]	Loss: 0.255157 0.9375
Train Epoch: 7 [30720/60000 (51%)]	Loss: 0.379920 0.90625
Train Epoch: 7 [33280/60000 (55%)]	Loss: 0.193218 0.953125
Train Epoch: 7 [35840/60000 (60%)]	Loss: 0.317276 0.921875
Train Epoch: 7 [38400/60000 (64%)]	Loss: 0.317232 0.921875
Train Epoch: 7 [40960/60000 (68%)]	Loss: 0.566481 0.859375
Train Epoch: 7 [43520/60000 (72%)]	Loss: 0.254682 0.9375
Train Epoch: 7 [46080/60000 (77%)]	Loss: 0.441456 0.890625
Train Epoch: 7 [48640/60000 (81%)]	Loss: 0.316973 0.921875
Train Epoch: 7 [51200/60000 (85%)]	Loss: 0.254542 0.9375
Train Epoch: 7 [53760/60000 (90%)]	Loss: 0.628425 0.84375
Train Epoch: 7 [56320/60000 (94%)]	Loss: 0.628374 0.84375
Train Epoch: 7 [58880/60000 (98%)]	Loss: 0.503546 0.875
====> Epoch: 7 Average loss: 0.4014

Test set: Average loss: 26.1003, Accuracy: (90%)

Train Epoch: 8 [0/60000 (0%)]	Loss: 0.316535 0.921875
Train Epoch: 8 [2560/60000 (4%)]	Loss: 0.441203 0.890625
Train Epoch: 8 [5120/60000 (9%)]	Loss: 0.441175 0.890625
Train Epoch: 8 [7680/60000 (13%)]	Loss: 0.378494 0.90625
Train Epoch: 8 [10240/60000 (17%)]	Loss: 0.191411 0.953125
Train Epoch: 8 [12800/60000 (21%)]	Loss: 0.440792 0.890625
Train Epoch: 8 [15360/60000 (26%)]	Loss: 0.316066 0.921875
Train Epoch: 8 [17920/60000 (30%)]	Loss: 0.503112 0.875
Train Epoch: 8 [20480/60000 (34%)]	Loss: 0.315921 0.921875
Train Epoch: 8 [23040/60000 (38%)]	Loss: 0.440576 0.890625
Train Epoch: 8 [25600/60000 (43%)]	Loss: 0.440584 0.890625
Train Epoch: 8 [28160/60000 (47%)]	Loss: 0.502848 0.875
Train Epoch: 8 [30720/60000 (51%)]	Loss: 0.565190 0.859375
Train Epoch: 8 [33280/60000 (55%)]	Loss: 0.190763 0.953125
Train Epoch: 8 [35840/60000 (60%)]	Loss: 0.502700 0.875
Train Epoch: 8 [38400/60000 (64%)]	Loss: 0.377919 0.90625
Train Epoch: 8 [40960/60000 (68%)]	Loss: 0.253001 0.9375
Train Epoch: 8 [43520/60000 (72%)]	Loss: 0.502700 0.875
Train Epoch: 8 [46080/60000 (77%)]	Loss: 0.627296 0.84375
Train Epoch: 8 [48640/60000 (81%)]	Loss: 0.502452 0.875
Train Epoch: 8 [51200/60000 (85%)]	Loss: 0.502425 0.875
Train Epoch: 8 [53760/60000 (90%)]	Loss: 0.502393 0.875
Train Epoch: 8 [56320/60000 (94%)]	Loss: 0.252688 0.9375
Train Epoch: 8 [58880/60000 (98%)]	Loss: 0.190270 0.953125
====> Epoch: 8 Average loss: 0.4004

Test set: Average loss: 25.8600, Accuracy: (90%)

Train Epoch: 9 [0/60000 (0%)]	Loss: 0.564758 0.859375
Train Epoch: 9 [2560/60000 (4%)]	Loss: 0.377346 0.90625
Train Epoch: 9 [5120/60000 (9%)]	Loss: 0.439757 0.890625
Train Epoch: 9 [7680/60000 (13%)]	Loss: 0.502091 0.875
Train Epoch: 9 [10240/60000 (17%)]	Loss: 0.377270 0.90625
Train Epoch: 9 [12800/60000 (21%)]	Loss: 0.439620 0.890625
Train Epoch: 9 [15360/60000 (26%)]	Loss: 0.314807 0.921875
Train Epoch: 9 [17920/60000 (30%)]	Loss: 0.501904 0.875
Train Epoch: 9 [20480/60000 (34%)]	Loss: 0.377102 0.90625
Train Epoch: 9 [23040/60000 (38%)]	Loss: 0.377040 0.90625
Train Epoch: 9 [25600/60000 (43%)]	Loss: 0.439422 0.890625
Train Epoch: 9 [28160/60000 (47%)]	Loss: 0.564279 0.859375
Train Epoch: 9 [30720/60000 (51%)]	Loss: 0.127244 0.96875
Train Epoch: 9 [33280/60000 (55%)]	Loss: 0.376857 0.90625
Train Epoch: 9 [35840/60000 (60%)]	Loss: 0.252026 0.9375
Train Epoch: 9 [38400/60000 (64%)]	Loss: 0.501660 0.875
Train Epoch: 9 [40960/60000 (68%)]	Loss: 0.501636 0.875
Train Epoch: 9 [43520/60000 (72%)]	Loss: 0.688948 0.828125
Train Epoch: 9 [46080/60000 (77%)]	Loss: 0.251866 0.9375
Train Epoch: 9 [48640/60000 (81%)]	Loss: 0.314316 0.921875
Train Epoch: 9 [51200/60000 (85%)]	Loss: 0.251791 0.9375
Train Epoch: 9 [53760/60000 (90%)]	Loss: 0.126924 0.96875
Train Epoch: 9 [56320/60000 (94%)]	Loss: 0.251706 0.9375
Train Epoch: 9 [58880/60000 (98%)]	Loss: 0.376575 0.90625
====> Epoch: 9 Average loss: 0.3985

Test set: Average loss: 25.8048, Accuracy: (90%)

Train Epoch: 10 [0/60000 (0%)]	Loss: 0.251688 0.9375
Train Epoch: 10 [2560/60000 (4%)]	Loss: 0.501449 0.875
Train Epoch: 10 [5120/60000 (9%)]	Loss: 0.314066 0.921875
Train Epoch: 10 [7680/60000 (13%)]	Loss: 0.251631 0.9375
Train Epoch: 10 [10240/60000 (17%)]	Loss: 0.438879 0.890625
Train Epoch: 10 [12800/60000 (21%)]	Loss: 0.438856 0.890625
Train Epoch: 10 [15360/60000 (26%)]	Loss: 0.313934 0.921875
Train Epoch: 10 [17920/60000 (30%)]	Loss: 0.563737 0.859375
Train Epoch: 10 [20480/60000 (34%)]	Loss: 0.563713 0.859375
Train Epoch: 10 [23040/60000 (38%)]	Loss: 0.438844 0.890625
Train Epoch: 10 [25600/60000 (43%)]	Loss: 0.313818 0.921875
Train Epoch: 10 [28160/60000 (47%)]	Loss: 0.688540 0.828125
Train Epoch: 10 [30720/60000 (51%)]	Loss: 0.251346 0.9375
Train Epoch: 10 [33280/60000 (55%)]	Loss: 0.376266 0.90625
Train Epoch: 10 [35840/60000 (60%)]	Loss: 0.376286 0.90625
Train Epoch: 10 [38400/60000 (64%)]	Loss: 0.438678 0.890625
Train Epoch: 10 [40960/60000 (68%)]	Loss: 0.438612 0.890625
Train Epoch: 10 [43520/60000 (72%)]	Loss: 0.563499 0.859375
Train Epoch: 10 [46080/60000 (77%)]	Loss: 0.313643 0.921875
Train Epoch: 10 [48640/60000 (81%)]	Loss: 0.188698 0.953125
Train Epoch: 10 [51200/60000 (85%)]	Loss: 0.438517 0.890625
Train Epoch: 10 [53760/60000 (90%)]	Loss: 0.500979 0.875
Train Epoch: 10 [56320/60000 (94%)]	Loss: 0.500958 0.875
Train Epoch: 10 [58880/60000 (98%)]	Loss: 0.625841 0.84375
====> Epoch: 10 Average loss: 0.3980

Test set: Average loss: 25.7697, Accuracy: (90%)

Train Epoch: 11 [0/60000 (0%)]	Loss: 0.251104 0.9375
Train Epoch: 11 [2560/60000 (4%)]	Loss: 0.375955 0.90625
Train Epoch: 11 [5120/60000 (9%)]	Loss: 0.563336 0.859375
Train Epoch: 11 [7680/60000 (13%)]	Loss: 0.500881 0.875
Train Epoch: 11 [10240/60000 (17%)]	Loss: 0.500885 0.875
Train Epoch: 11 [12800/60000 (21%)]	Loss: 0.438384 0.890625
Train Epoch: 11 [15360/60000 (26%)]	Loss: 0.250967 0.9375
Train Epoch: 11 [17920/60000 (30%)]	Loss: 0.375885 0.90625
Train Epoch: 11 [20480/60000 (34%)]	Loss: 0.188459 0.953125
Train Epoch: 11 [23040/60000 (38%)]	Loss: 0.250900 0.9375
Train Epoch: 11 [25600/60000 (43%)]	Loss: 0.375832 0.90625
Train Epoch: 11 [28160/60000 (47%)]	Loss: 0.188395 0.953125
Train Epoch: 11 [30720/60000 (51%)]	Loss: 0.500745 0.875
Train Epoch: 11 [33280/60000 (55%)]	Loss: 0.375785 0.90625
Train Epoch: 11 [35840/60000 (60%)]	Loss: 0.313274 0.921875
Train Epoch: 11 [38400/60000 (64%)]	Loss: 0.250811 0.9375
Train Epoch: 11 [40960/60000 (68%)]	Loss: 0.625636 0.84375
Train Epoch: 11 [43520/60000 (72%)]	Loss: 0.188310 0.953125
Train Epoch: 11 [46080/60000 (77%)]	Loss: 0.688075 0.828125
Train Epoch: 11 [48640/60000 (81%)]	Loss: 0.563113 0.859375
Train Epoch: 11 [51200/60000 (85%)]	Loss: 0.688050 0.828125
Train Epoch: 11 [53760/60000 (90%)]	Loss: 0.250730 0.9375
Train Epoch: 11 [56320/60000 (94%)]	Loss: 0.250713 0.9375
Train Epoch: 11 [58880/60000 (98%)]	Loss: 0.313178 0.921875
====> Epoch: 11 Average loss: 0.3974

Test set: Average loss: 25.7473, Accuracy: (90%)

Train Epoch: 12 [0/60000 (0%)]	Loss: 0.563090 0.859375
Train Epoch: 12 [2560/60000 (4%)]	Loss: 0.188205 0.953125
Train Epoch: 12 [5120/60000 (9%)]	Loss: 0.625518 0.84375
Train Epoch: 12 [7680/60000 (13%)]	Loss: 0.313135 0.921875
Train Epoch: 12 [10240/60000 (17%)]	Loss: 0.625514 0.84375
Train Epoch: 12 [12800/60000 (21%)]	Loss: 0.375584 0.90625
Train Epoch: 12 [15360/60000 (26%)]	Loss: 0.625485 0.84375
Train Epoch: 12 [17920/60000 (30%)]	Loss: 0.562992 0.859375
Train Epoch: 12 [20480/60000 (34%)]	Loss: 0.500507 0.875
Train Epoch: 12 [23040/60000 (38%)]	Loss: 0.188114 0.953125
Train Epoch: 12 [25600/60000 (43%)]	Loss: 0.500498 0.875
Train Epoch: 12 [28160/60000 (47%)]	Loss: 0.313037 0.921875
Train Epoch: 12 [30720/60000 (51%)]	Loss: 0.437984 0.890625
Train Epoch: 12 [33280/60000 (55%)]	Loss: 0.313030 0.921875
Train Epoch: 12 [35840/60000 (60%)]	Loss: 0.375489 0.90625
Train Epoch: 12 [38400/60000 (64%)]	Loss: 0.437973 0.890625
Train Epoch: 12 [40960/60000 (68%)]	Loss: 0.562919 0.859375
Train Epoch: 12 [43520/60000 (72%)]	Loss: 0.437960 0.890625
Train Epoch: 12 [46080/60000 (77%)]	Loss: 0.188008 0.953125
Train Epoch: 12 [48640/60000 (81%)]	Loss: 0.312968 0.921875
Train Epoch: 12 [51200/60000 (85%)]	Loss: 0.375444 0.90625
Train Epoch: 12 [53760/60000 (90%)]	Loss: 0.375435 0.90625
Train Epoch: 12 [56320/60000 (94%)]	Loss: 0.312950 0.921875
Train Epoch: 12 [58880/60000 (98%)]	Loss: 0.375421 0.90625
====> Epoch: 12 Average loss: 0.3971

Test set: Average loss: 25.7330, Accuracy: (90%)

Train Epoch: 13 [0/60000 (0%)]	Loss: 0.562858 0.859375
Train Epoch: 13 [2560/60000 (4%)]	Loss: 0.187948 0.953125
Train Epoch: 13 [5120/60000 (9%)]	Loss: 0.250426 0.9375
Train Epoch: 13 [7680/60000 (13%)]	Loss: 0.375392 0.90625
Train Epoch: 13 [10240/60000 (17%)]	Loss: 0.500354 0.875
Train Epoch: 13 [12800/60000 (21%)]	Loss: 0.562839 0.859375
Train Epoch: 13 [15360/60000 (26%)]	Loss: 0.562823 0.859375
Train Epoch: 13 [17920/60000 (30%)]	Loss: 0.375363 0.90625
Train Epoch: 13 [20480/60000 (34%)]	Loss: 0.250386 0.9375
Train Epoch: 13 [23040/60000 (38%)]	Loss: 0.437839 0.890625
Train Epoch: 13 [25600/60000 (43%)]	Loss: 0.500314 0.875
Train Epoch: 13 [28160/60000 (47%)]	Loss: 0.562809 0.859375
Train Epoch: 13 [30720/60000 (51%)]	Loss: 0.250350 0.9375
Train Epoch: 13 [33280/60000 (55%)]	Loss: 0.437810 0.890625
Train Epoch: 13 [35840/60000 (60%)]	Loss: 0.312831 0.921875
Train Epoch: 13 [38400/60000 (64%)]	Loss: 0.437798 0.890625
Train Epoch: 13 [40960/60000 (68%)]	Loss: 0.250332 0.9375
Train Epoch: 13 [43520/60000 (72%)]	Loss: 0.500284 0.875
Train Epoch: 13 [46080/60000 (77%)]	Loss: 0.437778 0.890625
Train Epoch: 13 [48640/60000 (81%)]	Loss: 0.312804 0.921875
Train Epoch: 13 [51200/60000 (85%)]	Loss: 0.375287 0.90625
Train Epoch: 13 [53760/60000 (90%)]	Loss: 0.500257 0.875
Train Epoch: 13 [56320/60000 (94%)]	Loss: 0.187812 0.953125
Train Epoch: 13 [58880/60000 (98%)]	Loss: 0.187803 0.953125
====> Epoch: 13 Average loss: 0.3980

Test set: Average loss: 25.7492, Accuracy: (90%)

Train Epoch: 14 [0/60000 (0%)]	Loss: 0.375264 0.90625
Train Epoch: 14 [2560/60000 (4%)]	Loss: 0.437749 0.890625
Train Epoch: 14 [5120/60000 (9%)]	Loss: 0.562731 0.859375
Train Epoch: 14 [7680/60000 (13%)]	Loss: 0.312762 0.921875
Train Epoch: 14 [10240/60000 (17%)]	Loss: 0.250272 0.9375
Train Epoch: 14 [12800/60000 (21%)]	Loss: 0.187780 0.953125
Train Epoch: 14 [15360/60000 (26%)]	Loss: 0.562707 0.859375
Train Epoch: 14 [17920/60000 (30%)]	Loss: 0.375236 0.90625
Train Epoch: 14 [20480/60000 (34%)]	Loss: 0.500213 0.875
Train Epoch: 14 [23040/60000 (38%)]	Loss: 0.375222 0.90625
Train Epoch: 14 [25600/60000 (43%)]	Loss: 0.625188 0.84375
Train Epoch: 14 [28160/60000 (47%)]	Loss: 0.500200 0.875
Train Epoch: 14 [30720/60000 (51%)]	Loss: 0.062753 0.984375
Train Epoch: 14 [33280/60000 (55%)]	Loss: 0.250227 0.9375
Train Epoch: 14 [35840/60000 (60%)]	Loss: 0.437700 0.890625
Train Epoch: 14 [38400/60000 (64%)]	Loss: 0.312709 0.921875
Train Epoch: 14 [40960/60000 (68%)]	Loss: 0.500181 0.875
Train Epoch: 14 [43520/60000 (72%)]	Loss: 0.375201 0.90625
Train Epoch: 14 [46080/60000 (77%)]	Loss: 0.250203 0.9375
Train Epoch: 14 [48640/60000 (81%)]	Loss: 0.187712 0.953125
Train Epoch: 14 [51200/60000 (85%)]	Loss: 0.187706 0.953125
Train Epoch: 14 [53760/60000 (90%)]	Loss: 0.500165 0.875
Train Epoch: 14 [56320/60000 (94%)]	Loss: 0.312679 0.921875
Train Epoch: 14 [58880/60000 (98%)]	Loss: 0.250191 0.9375
====> Epoch: 14 Average loss: 0.3972

Test set: Average loss: 25.7178, Accuracy: (90%)

Train Epoch: 15 [0/60000 (0%)]	Loss: 0.375172 0.90625
Train Epoch: 15 [2560/60000 (4%)]	Loss: 0.062701 0.984375
Train Epoch: 15 [5120/60000 (9%)]	Loss: 0.312673 0.921875
Train Epoch: 15 [7680/60000 (13%)]	Loss: 0.250176 0.9375
Train Epoch: 15 [10240/60000 (17%)]	Loss: 0.312666 0.921875
Train Epoch: 15 [12800/60000 (21%)]	Loss: 0.625132 0.84375
Train Epoch: 15 [15360/60000 (26%)]	Loss: 0.375151 0.90625
Train Epoch: 15 [17920/60000 (30%)]	Loss: 0.687620 0.828125
Train Epoch: 15 [20480/60000 (34%)]	Loss: 0.437643 0.890625
Train Epoch: 15 [23040/60000 (38%)]	Loss: 0.312649 0.921875
Train Epoch: 15 [25600/60000 (43%)]	Loss: 0.375144 0.90625
Train Epoch: 15 [28160/60000 (47%)]	Loss: 0.375141 0.90625
Train Epoch: 15 [30720/60000 (51%)]	Loss: 0.375137 0.90625
Train Epoch: 15 [33280/60000 (55%)]	Loss: 0.312640 0.921875
Train Epoch: 15 [35840/60000 (60%)]	Loss: 0.312638 0.921875
Train Epoch: 15 [38400/60000 (64%)]	Loss: 0.437626 0.890625
Train Epoch: 15 [40960/60000 (68%)]	Loss: 0.375129 0.90625
Train Epoch: 15 [43520/60000 (72%)]	Loss: 0.312630 0.921875
Train Epoch: 15 [46080/60000 (77%)]	Loss: 0.250133 0.9375
Train Epoch: 15 [48640/60000 (81%)]	Loss: 0.562606 0.859375
Train Epoch: 15 [51200/60000 (85%)]	Loss: 0.562603 0.859375
Train Epoch: 15 [53760/60000 (90%)]	Loss: 0.562605 0.859375
Train Epoch: 15 [56320/60000 (94%)]	Loss: 0.312620 0.921875
Train Epoch: 15 [58880/60000 (98%)]	Loss: 0.312617 0.921875
====> Epoch: 15 Average loss: 0.3992

Test set: Average loss: 25.7139, Accuracy: (90%)

Train Epoch: 16 [0/60000 (0%)]	Loss: 0.312616 0.921875
Train Epoch: 16 [2560/60000 (4%)]	Loss: 0.500105 0.875
Train Epoch: 16 [5120/60000 (9%)]	Loss: 0.312611 0.921875
Train Epoch: 16 [7680/60000 (13%)]	Loss: 0.250112 0.9375
Train Epoch: 16 [10240/60000 (17%)]	Loss: 0.375102 0.90625
Train Epoch: 16 [12800/60000 (21%)]	Loss: 0.125116 0.96875
Train Epoch: 16 [15360/60000 (26%)]	Loss: 0.562587 0.859375
Train Epoch: 16 [17920/60000 (30%)]	Loss: 0.312600 0.921875
Train Epoch: 16 [20480/60000 (34%)]	Loss: 0.500087 0.875
Train Epoch: 16 [23040/60000 (38%)]	Loss: 0.437590 0.890625
Train Epoch: 16 [25600/60000 (43%)]	Loss: 0.750073 0.8125
Train Epoch: 16 [28160/60000 (47%)]	Loss: 0.375091 0.90625
Train Epoch: 16 [30720/60000 (51%)]	Loss: 0.625075 0.84375
Train Epoch: 16 [33280/60000 (55%)]	Loss: 0.375088 0.90625
Train Epoch: 16 [35840/60000 (60%)]	Loss: 0.312589 0.921875
Train Epoch: 16 [38400/60000 (64%)]	Loss: 0.375084 0.90625
Train Epoch: 16 [40960/60000 (68%)]	Loss: 0.875057 0.78125
Train Epoch: 16 [43520/60000 (72%)]	Loss: 0.625068 0.84375
Train Epoch: 16 [46080/60000 (77%)]	Loss: 0.187587 0.953125
Train Epoch: 16 [48640/60000 (81%)]	Loss: 0.500072 0.875
Train Epoch: 16 [51200/60000 (85%)]	Loss: 0.375076 0.90625
Train Epoch: 16 [53760/60000 (90%)]	Loss: 0.312578 0.921875
Train Epoch: 16 [56320/60000 (94%)]	Loss: 0.500067 0.875
Train Epoch: 16 [58880/60000 (98%)]	Loss: 0.375071 0.90625
====> Epoch: 16 Average loss: 0.3975

Test set: Average loss: 25.7115, Accuracy: (90%)

Train Epoch: 17 [0/60000 (0%)]	Loss: 0.562563 0.859375
Train Epoch: 17 [2560/60000 (4%)]	Loss: 0.312572 0.921875
Train Epoch: 17 [5120/60000 (9%)]	Loss: 0.500063 0.875
Train Epoch: 17 [7680/60000 (13%)]	Loss: 0.562559 0.859375
Train Epoch: 17 [10240/60000 (17%)]	Loss: 0.437565 0.890625
Train Epoch: 17 [12800/60000 (21%)]	Loss: 0.375067 0.90625
Train Epoch: 17 [15360/60000 (26%)]	Loss: 0.250070 0.9375
Train Epoch: 17 [17920/60000 (30%)]	Loss: 0.312565 0.921875
Train Epoch: 17 [20480/60000 (34%)]	Loss: 0.312563 0.921875
Train Epoch: 17 [23040/60000 (38%)]	Loss: 0.375060 0.90625
Train Epoch: 17 [25600/60000 (43%)]	Loss: 0.437557 0.890625
Train Epoch: 17 [28160/60000 (47%)]	Loss: 0.437555 0.890625
Train Epoch: 17 [30720/60000 (51%)]	Loss: 0.375056 0.90625
Train Epoch: 17 [33280/60000 (55%)]	Loss: 0.375055 0.90625
Train Epoch: 17 [35840/60000 (60%)]	Loss: 0.187561 0.953125
Train Epoch: 17 [38400/60000 (64%)]	Loss: 0.375055 0.90625
Train Epoch: 17 [40960/60000 (68%)]	Loss: 0.750040 0.8125
Train Epoch: 17 [43520/60000 (72%)]	Loss: 0.562545 0.859375
Train Epoch: 17 [46080/60000 (77%)]	Loss: 0.437551 0.890625
Train Epoch: 17 [48640/60000 (81%)]	Loss: 0.312551 0.921875
Train Epoch: 17 [51200/60000 (85%)]	Loss: 0.062558 0.984375
Train Epoch: 17 [53760/60000 (90%)]	Loss: 0.437546 0.890625
Train Epoch: 17 [56320/60000 (94%)]	Loss: 0.437545 0.890625
Train Epoch: 17 [58880/60000 (98%)]	Loss: 0.562541 0.859375
====> Epoch: 17 Average loss: 0.3967

Test set: Average loss: 25.7099, Accuracy: (90%)

Train Epoch: 18 [0/60000 (0%)]	Loss: 0.500042 0.875
Train Epoch: 18 [2560/60000 (4%)]	Loss: 0.062553 0.984375
Train Epoch: 18 [5120/60000 (9%)]	Loss: 0.562539 0.859375
Train Epoch: 18 [7680/60000 (13%)]	Loss: 0.562538 0.859375
Train Epoch: 18 [10240/60000 (17%)]	Loss: 0.375042 0.90625
Train Epoch: 18 [12800/60000 (21%)]	Loss: 0.562537 0.859375
Train Epoch: 18 [15360/60000 (26%)]	Loss: 0.562536 0.859375
Train Epoch: 18 [17920/60000 (30%)]	Loss: 0.250043 0.9375
Train Epoch: 18 [20480/60000 (34%)]	Loss: 0.187544 0.953125
Train Epoch: 18 [23040/60000 (38%)]	Loss: 0.187543 0.953125
Train Epoch: 18 [25600/60000 (43%)]	Loss: 0.500034 0.875
Train Epoch: 18 [28160/60000 (47%)]	Loss: 0.500034 0.875
Train Epoch: 18 [30720/60000 (51%)]	Loss: 0.375037 0.90625
Train Epoch: 18 [33280/60000 (55%)]	Loss: 0.250039 0.9375
Train Epoch: 18 [35840/60000 (60%)]	Loss: 0.250039 0.9375
Train Epoch: 18 [38400/60000 (64%)]	Loss: 0.500032 0.875
Train Epoch: 18 [40960/60000 (68%)]	Loss: 0.500031 0.875
Train Epoch: 18 [43520/60000 (72%)]	Loss: 0.437532 0.890625
Train Epoch: 18 [46080/60000 (77%)]	Loss: 0.437531 0.890625
Train Epoch: 18 [48640/60000 (81%)]	Loss: 0.312533 0.921875
Train Epoch: 18 [51200/60000 (85%)]	Loss: 0.250033 0.9375
Train Epoch: 18 [53760/60000 (90%)]	Loss: 0.250033 0.9375
Train Epoch: 18 [56320/60000 (94%)]	Loss: 0.437529 0.890625
Train Epoch: 18 [58880/60000 (98%)]	Loss: 0.750023 0.8125
====> Epoch: 18 Average loss: 0.3966

Test set: Average loss: 25.8617, Accuracy: (90%)

Train Epoch: 19 [0/60000 (0%)]	Loss: 0.312530 0.921875
Train Epoch: 19 [2560/60000 (4%)]	Loss: 0.250031 0.9375
Train Epoch: 19 [5120/60000 (9%)]	Loss: 0.187532 0.953125
Train Epoch: 19 [7680/60000 (13%)]	Loss: 0.625024 0.84375
Train Epoch: 19 [10240/60000 (17%)]	Loss: 0.500025 0.875
Train Epoch: 19 [12800/60000 (21%)]	Loss: 0.437526 0.890625
Train Epoch: 19 [15360/60000 (26%)]	Loss: 0.187529 0.953125
Train Epoch: 19 [17920/60000 (30%)]	Loss: 0.250028 0.9375
Train Epoch: 19 [20480/60000 (34%)]	Loss: 0.562523 0.859375
Train Epoch: 19 [23040/60000 (38%)]	Loss: 0.125029 0.96875
Train Epoch: 19 [25600/60000 (43%)]	Loss: 0.437524 0.890625
Train Epoch: 19 [28160/60000 (47%)]	Loss: 0.187527 0.953125
Train Epoch: 19 [30720/60000 (51%)]	Loss: 0.437522 0.890625
Train Epoch: 19 [33280/60000 (55%)]	Loss: 0.437522 0.890625
Train Epoch: 19 [35840/60000 (60%)]	Loss: 0.375023 0.90625
Train Epoch: 19 [38400/60000 (64%)]	Loss: 0.687518 0.828125
Train Epoch: 19 [40960/60000 (68%)]	Loss: 0.250023 0.9375
Train Epoch: 19 [43520/60000 (72%)]	Loss: 0.375021 0.90625
Train Epoch: 19 [46080/60000 (77%)]	Loss: 0.125024 0.96875
Train Epoch: 19 [48640/60000 (81%)]	Loss: 0.437520 0.890625
Train Epoch: 19 [51200/60000 (85%)]	Loss: 0.437520 0.890625
Train Epoch: 19 [53760/60000 (90%)]	Loss: 0.312521 0.921875
Train Epoch: 19 [56320/60000 (94%)]	Loss: 0.437519 0.890625
Train Epoch: 19 [58880/60000 (98%)]	Loss: 0.500017 0.875
====> Epoch: 19 Average loss: 0.3974

Test set: Average loss: 25.7591, Accuracy: (90%)

Train Epoch: 20 [0/60000 (0%)]	Loss: 0.375019 0.90625
Train Epoch: 20 [2560/60000 (4%)]	Loss: 0.562516 0.859375
Train Epoch: 20 [5120/60000 (9%)]	Loss: 0.187520 0.953125
Train Epoch: 20 [7680/60000 (13%)]	Loss: 0.437517 0.890625
Train Epoch: 20 [10240/60000 (17%)]	Loss: 0.312518 0.921875
Train Epoch: 20 [12800/60000 (21%)]	Loss: 0.437517 0.890625
Train Epoch: 20 [15360/60000 (26%)]	Loss: 0.500016 0.875
Train Epoch: 20 [17920/60000 (30%)]	Loss: 0.437516 0.890625
Train Epoch: 20 [20480/60000 (34%)]	Loss: 0.625014 0.84375
Train Epoch: 20 [23040/60000 (38%)]	Loss: 0.312517 0.921875
Train Epoch: 20 [25600/60000 (43%)]	Loss: 0.250017 0.9375
Train Epoch: 20 [28160/60000 (47%)]	Loss: 0.187517 0.953125
Train Epoch: 20 [30720/60000 (51%)]	Loss: 0.437515 0.890625
Train Epoch: 20 [33280/60000 (55%)]	Loss: 0.312516 0.921875
Train Epoch: 20 [35840/60000 (60%)]	Loss: 0.312515 0.921875
Train Epoch: 20 [38400/60000 (64%)]	Loss: 0.125017 0.96875
Train Epoch: 20 [40960/60000 (68%)]	Loss: 0.312515 0.921875
Train Epoch: 20 [43520/60000 (72%)]	Loss: 0.437513 0.890625
Train Epoch: 20 [46080/60000 (77%)]	Loss: 0.312514 0.921875
Train Epoch: 20 [48640/60000 (81%)]	Loss: 0.250014 0.9375
Train Epoch: 20 [51200/60000 (85%)]	Loss: 0.375013 0.90625
Train Epoch: 20 [53760/60000 (90%)]	Loss: 0.250014 0.9375
Train Epoch: 20 [56320/60000 (94%)]	Loss: 0.312513 0.921875
Train Epoch: 20 [58880/60000 (98%)]	Loss: 0.125014 0.96875
====> Epoch: 20 Average loss: 0.3969

Test set: Average loss: 25.7078, Accuracy: (90%)

Train Epoch: 21 [0/60000 (0%)]	Loss: 0.312513 0.921875
Train Epoch: 21 [2560/60000 (4%)]	Loss: 0.375012 0.90625
Train Epoch: 21 [5120/60000 (9%)]	Loss: 0.500011 0.875
Train Epoch: 21 [7680/60000 (13%)]	Loss: 0.250012 0.9375
Train Epoch: 21 [10240/60000 (17%)]	Loss: 0.312512 0.921875
Train Epoch: 21 [12800/60000 (21%)]	Loss: 0.312511 0.921875
Train Epoch: 21 [15360/60000 (26%)]	Loss: 0.562510 0.859375
Train Epoch: 21 [17920/60000 (30%)]	Loss: 0.375011 0.90625
Train Epoch: 21 [20480/60000 (34%)]	Loss: 0.437510 0.890625
Train Epoch: 21 [23040/60000 (38%)]	Loss: 0.375010 0.90625
Train Epoch: 21 [25600/60000 (43%)]	Loss: 0.250011 0.9375
Train Epoch: 21 [28160/60000 (47%)]	Loss: 0.437510 0.890625
Train Epoch: 21 [30720/60000 (51%)]	Loss: 0.500009 0.875
Train Epoch: 21 [33280/60000 (55%)]	Loss: 0.562508 0.859375
Train Epoch: 21 [35840/60000 (60%)]	Loss: 0.625008 0.84375
Train Epoch: 21 [38400/60000 (64%)]	Loss: 0.562508 0.859375
Train Epoch: 21 [40960/60000 (68%)]	Loss: 0.437509 0.890625
Train Epoch: 21 [43520/60000 (72%)]	Loss: 0.437509 0.890625
Train Epoch: 21 [46080/60000 (77%)]	Loss: 0.250009 0.9375
Train Epoch: 21 [48640/60000 (81%)]	Loss: 0.375009 0.90625
Train Epoch: 21 [51200/60000 (85%)]	Loss: 0.375008 0.90625
Train Epoch: 21 [53760/60000 (90%)]	Loss: 0.375008 0.90625
Train Epoch: 21 [56320/60000 (94%)]	Loss: 0.375008 0.90625
Train Epoch: 21 [58880/60000 (98%)]	Loss: 0.375008 0.90625
====> Epoch: 21 Average loss: 0.3971

Test set: Average loss: 25.7075, Accuracy: (90%)

Train Epoch: 22 [0/60000 (0%)]	Loss: 0.250008 0.9375
Train Epoch: 22 [2560/60000 (4%)]	Loss: 0.312508 0.921875
Train Epoch: 22 [5120/60000 (9%)]	Loss: 0.312508 0.921875
Train Epoch: 22 [7680/60000 (13%)]	Loss: 0.375008 0.90625
Train Epoch: 22 [10240/60000 (17%)]	Loss: 0.250008 0.9375
Train Epoch: 22 [12800/60000 (21%)]	Loss: 0.375007 0.90625
Train Epoch: 22 [15360/60000 (26%)]	Loss: 0.312507 0.921875
Train Epoch: 22 [17920/60000 (30%)]	Loss: 0.187508 0.953125
Train Epoch: 22 [20480/60000 (34%)]	Loss: 0.437506 0.890625
Train Epoch: 22 [23040/60000 (38%)]	Loss: 0.312507 0.921875
Train Epoch: 22 [25600/60000 (43%)]	Loss: 0.187507 0.953125
Train Epoch: 22 [28160/60000 (47%)]	Loss: 0.187507 0.953125
Train Epoch: 22 [30720/60000 (51%)]	Loss: 0.562505 0.859375
Train Epoch: 22 [33280/60000 (55%)]	Loss: 0.312507 0.921875
Train Epoch: 22 [35840/60000 (60%)]	Loss: 0.812504 0.796875
Train Epoch: 22 [38400/60000 (64%)]	Loss: 0.562505 0.859375
Train Epoch: 22 [40960/60000 (68%)]	Loss: 0.437506 0.890625
Train Epoch: 22 [43520/60000 (72%)]	Loss: 0.437505 0.890625
Train Epoch: 22 [46080/60000 (77%)]	Loss: 0.312506 0.921875
Train Epoch: 22 [48640/60000 (81%)]	Loss: 0.375005 0.90625
Train Epoch: 22 [51200/60000 (85%)]	Loss: 0.250006 0.9375
Train Epoch: 22 [53760/60000 (90%)]	Loss: 0.437505 0.890625
Train Epoch: 22 [56320/60000 (94%)]	Loss: 0.625004 0.84375
Train Epoch: 22 [58880/60000 (98%)]	Loss: 0.562504 0.859375
====> Epoch: 22 Average loss: 0.3977

Test set: Average loss: 25.7073, Accuracy: (90%)

Train Epoch: 23 [0/60000 (0%)]	Loss: 0.500005 0.875
Train Epoch: 23 [2560/60000 (4%)]	Loss: 0.375005 0.90625
Train Epoch: 23 [5120/60000 (9%)]	Loss: 0.312505 0.921875
Train Epoch: 23 [7680/60000 (13%)]	Loss: 0.250005 0.9375
Train Epoch: 23 [10240/60000 (17%)]	Loss: 0.562504 0.859375
Train Epoch: 23 [12800/60000 (21%)]	Loss: 0.187505 0.953125
Train Epoch: 23 [15360/60000 (26%)]	Loss: 0.437504 0.890625
Train Epoch: 23 [17920/60000 (30%)]	Loss: 0.375004 0.90625
Train Epoch: 23 [20480/60000 (34%)]	Loss: 0.437504 0.890625
Train Epoch: 23 [23040/60000 (38%)]	Loss: 0.437504 0.890625
Train Epoch: 23 [25600/60000 (43%)]	Loss: 0.500004 0.875
Train Epoch: 23 [28160/60000 (47%)]	Loss: 0.187505 0.953125
Train Epoch: 23 [30720/60000 (51%)]	Loss: 0.687503 0.828125
Train Epoch: 23 [33280/60000 (55%)]	Loss: 0.437504 0.890625
Train Epoch: 23 [35840/60000 (60%)]	Loss: 0.500004 0.875
Train Epoch: 23 [38400/60000 (64%)]	Loss: 0.562503 0.859375
Train Epoch: 23 [40960/60000 (68%)]	Loss: 0.500003 0.875
Train Epoch: 23 [43520/60000 (72%)]	Loss: 0.437504 0.890625
Train Epoch: 23 [46080/60000 (77%)]	Loss: 0.312504 0.921875
Train Epoch: 23 [48640/60000 (81%)]	Loss: 0.250004 0.9375
Train Epoch: 23 [51200/60000 (85%)]	Loss: 0.250004 0.9375
Train Epoch: 23 [53760/60000 (90%)]	Loss: 0.437503 0.890625
Train Epoch: 23 [56320/60000 (94%)]	Loss: 0.250004 0.9375
Train Epoch: 23 [58880/60000 (98%)]	Loss: 0.250003 0.9375
====> Epoch: 23 Average loss: 0.3984

Test set: Average loss: 25.7072, Accuracy: (90%)

Train Epoch: 24 [0/60000 (0%)]	Loss: 0.687503 0.828125
Train Epoch: 24 [2560/60000 (4%)]	Loss: 0.500003 0.875
Train Epoch: 24 [5120/60000 (9%)]	Loss: 0.187503 0.953125
Train Epoch: 24 [7680/60000 (13%)]	Loss: 0.625003 0.84375
Train Epoch: 24 [10240/60000 (17%)]	Loss: 0.375003 0.90625
Train Epoch: 24 [12800/60000 (21%)]	Loss: 0.437503 0.890625
Train Epoch: 24 [15360/60000 (26%)]	Loss: 0.375003 0.90625
Train Epoch: 24 [17920/60000 (30%)]	Loss: 0.250003 0.9375
Train Epoch: 24 [20480/60000 (34%)]	Loss: 0.375003 0.90625
Train Epoch: 24 [23040/60000 (38%)]	Loss: 0.312503 0.921875
Train Epoch: 24 [25600/60000 (43%)]	Loss: 0.625002 0.84375
Train Epoch: 24 [28160/60000 (47%)]	Loss: 0.562502 0.859375
Train Epoch: 24 [30720/60000 (51%)]	Loss: 0.750002 0.8125
Train Epoch: 24 [33280/60000 (55%)]	Loss: 0.500002 0.875
Train Epoch: 24 [35840/60000 (60%)]	Loss: 0.562502 0.859375
Train Epoch: 24 [38400/60000 (64%)]	Loss: 0.250003 0.9375
Train Epoch: 24 [40960/60000 (68%)]	Loss: 0.250003 0.9375
Train Epoch: 24 [43520/60000 (72%)]	Loss: 0.250003 0.9375
Train Epoch: 24 [46080/60000 (77%)]	Loss: 0.250003 0.9375
Train Epoch: 24 [48640/60000 (81%)]	Loss: 0.437502 0.890625
Train Epoch: 24 [51200/60000 (85%)]	Loss: 0.375002 0.90625
Train Epoch: 24 [53760/60000 (90%)]	Loss: 0.500002 0.875
Train Epoch: 24 [56320/60000 (94%)]	Loss: 0.375002 0.90625
Train Epoch: 24 [58880/60000 (98%)]	Loss: 0.687501 0.828125
====> Epoch: 24 Average loss: 0.3966

Test set: Average loss: 25.7071, Accuracy: (90%)

Train Epoch: 25 [0/60000 (0%)]	Loss: 0.437502 0.890625
Train Epoch: 25 [2560/60000 (4%)]	Loss: 0.375002 0.90625
Train Epoch: 25 [5120/60000 (9%)]	Loss: 0.437502 0.890625
Train Epoch: 25 [7680/60000 (13%)]	Loss: 0.375002 0.90625
Train Epoch: 25 [10240/60000 (17%)]	Loss: 0.437502 0.890625
Train Epoch: 25 [12800/60000 (21%)]	Loss: 0.375002 0.90625
Train Epoch: 25 [15360/60000 (26%)]	Loss: 0.312502 0.921875
Train Epoch: 25 [17920/60000 (30%)]	Loss: 0.500002 0.875
Train Epoch: 25 [20480/60000 (34%)]	Loss: 0.437502 0.890625
Train Epoch: 25 [23040/60000 (38%)]	Loss: 0.312502 0.921875
Train Epoch: 25 [25600/60000 (43%)]	Loss: 0.312502 0.921875
Train Epoch: 25 [28160/60000 (47%)]	Loss: 0.437501 0.890625
Train Epoch: 25 [30720/60000 (51%)]	Loss: 0.687501 0.828125
Train Epoch: 25 [33280/60000 (55%)]	Loss: 0.312502 0.921875
Train Epoch: 25 [35840/60000 (60%)]	Loss: 0.500001 0.875
Train Epoch: 25 [38400/60000 (64%)]	Loss: 0.250002 0.9375
Train Epoch: 25 [40960/60000 (68%)]	Loss: 0.375002 0.90625
Train Epoch: 25 [43520/60000 (72%)]	Loss: 0.250002 0.9375
Train Epoch: 25 [46080/60000 (77%)]	Loss: 0.562501 0.859375
Train Epoch: 25 [48640/60000 (81%)]	Loss: 0.250002 0.9375
Train Epoch: 25 [51200/60000 (85%)]	Loss: 0.375002 0.90625
Train Epoch: 25 [53760/60000 (90%)]	Loss: 0.500001 0.875
Train Epoch: 25 [56320/60000 (94%)]	Loss: 0.375002 0.90625
Train Epoch: 25 [58880/60000 (98%)]	Loss: 0.875001 0.78125
====> Epoch: 25 Average loss: 0.3974

Test set: Average loss: 25.7580, Accuracy: (90%)

Train Epoch: 26 [0/60000 (0%)]	Loss: 0.312501 0.921875
Train Epoch: 26 [2560/60000 (4%)]	Loss: 0.750001 0.8125
Train Epoch: 26 [5120/60000 (9%)]	Loss: 0.312501 0.921875
Train Epoch: 26 [7680/60000 (13%)]	Loss: 0.625001 0.84375
Train Epoch: 26 [10240/60000 (17%)]	Loss: 0.500001 0.875
Train Epoch: 26 [12800/60000 (21%)]	Loss: 0.437501 0.890625
Train Epoch: 26 [15360/60000 (26%)]	Loss: 0.437501 0.890625
Train Epoch: 26 [17920/60000 (30%)]	Loss: 0.125001 0.96875
Train Epoch: 26 [20480/60000 (34%)]	Loss: 0.437501 0.890625
Train Epoch: 26 [23040/60000 (38%)]	Loss: 0.437501 0.890625
Train Epoch: 26 [25600/60000 (43%)]	Loss: 0.625001 0.84375
Train Epoch: 26 [28160/60000 (47%)]	Loss: 0.250001 0.9375
Train Epoch: 26 [30720/60000 (51%)]	Loss: 0.187501 0.953125
Train Epoch: 26 [33280/60000 (55%)]	Loss: 0.375001 0.90625
Train Epoch: 26 [35840/60000 (60%)]	Loss: 0.312501 0.921875
Train Epoch: 26 [38400/60000 (64%)]	Loss: 0.625001 0.84375
Train Epoch: 26 [40960/60000 (68%)]	Loss: 0.687501 0.828125
Train Epoch: 26 [43520/60000 (72%)]	Loss: 0.375001 0.90625
Train Epoch: 26 [46080/60000 (77%)]	Loss: 0.750001 0.8125
Train Epoch: 26 [48640/60000 (81%)]	Loss: 0.312501 0.921875
Train Epoch: 26 [51200/60000 (85%)]	Loss: 0.437501 0.890625
Train Epoch: 26 [53760/60000 (90%)]	Loss: 0.312501 0.921875
Train Epoch: 26 [56320/60000 (94%)]	Loss: 0.312501 0.921875
Train Epoch: 26 [58880/60000 (98%)]	Loss: 0.250001 0.9375
====> Epoch: 26 Average loss: 0.3973

Test set: Average loss: 25.7580, Accuracy: (90%)

Train Epoch: 27 [0/60000 (0%)]	Loss: 0.625001 0.84375
Train Epoch: 27 [2560/60000 (4%)]	Loss: 0.187501 0.953125
Train Epoch: 27 [5120/60000 (9%)]	Loss: 0.437501 0.890625
Train Epoch: 27 [7680/60000 (13%)]	Loss: 0.500001 0.875
Train Epoch: 27 [10240/60000 (17%)]	Loss: 0.437501 0.890625
Train Epoch: 27 [12800/60000 (21%)]	Loss: 0.562501 0.859375
Train Epoch: 27 [15360/60000 (26%)]	Loss: 0.500001 0.875
Train Epoch: 27 [17920/60000 (30%)]	Loss: 0.500001 0.875
Train Epoch: 27 [20480/60000 (34%)]	Loss: 0.437501 0.890625
Train Epoch: 27 [23040/60000 (38%)]	Loss: 0.437501 0.890625
Train Epoch: 27 [25600/60000 (43%)]	Loss: 0.250001 0.9375
Train Epoch: 27 [28160/60000 (47%)]	Loss: 0.312501 0.921875
Train Epoch: 27 [30720/60000 (51%)]	Loss: 0.250001 0.9375
Train Epoch: 27 [33280/60000 (55%)]	Loss: 0.187501 0.953125
Train Epoch: 27 [35840/60000 (60%)]	Loss: 0.375001 0.90625
Train Epoch: 27 [38400/60000 (64%)]	Loss: 0.187501 0.953125
Train Epoch: 27 [40960/60000 (68%)]	Loss: 0.125001 0.96875
Train Epoch: 27 [43520/60000 (72%)]	Loss: 0.375001 0.90625
Train Epoch: 27 [46080/60000 (77%)]	Loss: 0.187501 0.953125
Train Epoch: 27 [48640/60000 (81%)]	Loss: 0.437501 0.890625
Train Epoch: 27 [51200/60000 (85%)]	Loss: 0.062501 0.984375
Train Epoch: 27 [53760/60000 (90%)]	Loss: 0.312501 0.921875
Train Epoch: 27 [56320/60000 (94%)]	Loss: 0.562500 0.859375
Train Epoch: 27 [58880/60000 (98%)]	Loss: 0.375001 0.90625
====> Epoch: 27 Average loss: 0.3968

Test set: Average loss: 25.7070, Accuracy: (90%)

Train Epoch: 28 [0/60000 (0%)]	Loss: 0.312501 0.921875
Train Epoch: 28 [2560/60000 (4%)]	Loss: 0.437501 0.890625
Train Epoch: 28 [5120/60000 (9%)]	Loss: 0.437501 0.890625
Train Epoch: 28 [7680/60000 (13%)]	Loss: 0.437501 0.890625
Train Epoch: 28 [10240/60000 (17%)]	Loss: 0.125000 0.96875
Train Epoch: 28 [12800/60000 (21%)]	Loss: 0.312501 0.921875
Train Epoch: 28 [15360/60000 (26%)]	Loss: 0.312501 0.921875
Train Epoch: 28 [17920/60000 (30%)]	Loss: 0.375001 0.90625
Train Epoch: 28 [20480/60000 (34%)]	Loss: 0.312500 0.921875
Train Epoch: 28 [23040/60000 (38%)]	Loss: 0.375001 0.90625
Train Epoch: 28 [25600/60000 (43%)]	Loss: 0.562501 0.859375
Train Epoch: 28 [28160/60000 (47%)]	Loss: 0.500000 0.875
Train Epoch: 28 [30720/60000 (51%)]	Loss: 0.250000 0.9375
Train Epoch: 28 [33280/60000 (55%)]	Loss: 0.687500 0.828125
Train Epoch: 28 [35840/60000 (60%)]	Loss: 0.187500 0.953125
Train Epoch: 28 [38400/60000 (64%)]	Loss: 0.625000 0.84375
Train Epoch: 28 [40960/60000 (68%)]	Loss: 0.437500 0.890625
Train Epoch: 28 [43520/60000 (72%)]	Loss: 0.250000 0.9375
Train Epoch: 28 [46080/60000 (77%)]	Loss: 0.250000 0.9375
Train Epoch: 28 [48640/60000 (81%)]	Loss: 0.500000 0.875
Train Epoch: 28 [51200/60000 (85%)]	Loss: 0.500000 0.875
Train Epoch: 28 [53760/60000 (90%)]	Loss: 0.500000 0.875
Train Epoch: 28 [56320/60000 (94%)]	Loss: 0.250000 0.9375
Train Epoch: 28 [58880/60000 (98%)]	Loss: 0.500000 0.875
====> Epoch: 28 Average loss: 0.3971

Test set: Average loss: 25.8854, Accuracy: (90%)

Train Epoch: 29 [0/60000 (0%)]	Loss: 0.437500 0.890625
Train Epoch: 29 [2560/60000 (4%)]	Loss: 0.375000 0.90625
Train Epoch: 29 [5120/60000 (9%)]	Loss: 0.375000 0.90625
Train Epoch: 29 [7680/60000 (13%)]	Loss: 0.750000 0.8125
Train Epoch: 29 [10240/60000 (17%)]	Loss: 0.562500 0.859375
Train Epoch: 29 [12800/60000 (21%)]	Loss: 0.562500 0.859375
Train Epoch: 29 [15360/60000 (26%)]	Loss: 0.250000 0.9375
Train Epoch: 29 [17920/60000 (30%)]	Loss: 0.437500 0.890625
Train Epoch: 29 [20480/60000 (34%)]	Loss: 0.687500 0.828125
Train Epoch: 29 [23040/60000 (38%)]	Loss: 0.437500 0.890625
Train Epoch: 29 [25600/60000 (43%)]	Loss: 0.312500 0.921875
Train Epoch: 29 [28160/60000 (47%)]	Loss: 0.500000 0.875
Train Epoch: 29 [30720/60000 (51%)]	Loss: 0.187500 0.953125
Train Epoch: 29 [33280/60000 (55%)]	Loss: 0.250000 0.9375
Train Epoch: 29 [35840/60000 (60%)]	Loss: 0.375000 0.90625
Train Epoch: 29 [38400/60000 (64%)]	Loss: 0.375000 0.90625
Train Epoch: 29 [40960/60000 (68%)]	Loss: 0.375000 0.90625
Train Epoch: 29 [43520/60000 (72%)]	Loss: 0.312500 0.921875
Train Epoch: 29 [46080/60000 (77%)]	Loss: 0.625000 0.84375
Train Epoch: 29 [48640/60000 (81%)]	Loss: 0.437500 0.890625
Train Epoch: 29 [51200/60000 (85%)]	Loss: 0.250000 0.9375
Train Epoch: 29 [53760/60000 (90%)]	Loss: 0.562500 0.859375
Train Epoch: 29 [56320/60000 (94%)]	Loss: 0.250000 0.9375
Train Epoch: 29 [58880/60000 (98%)]	Loss: 0.750000 0.8125
====> Epoch: 29 Average loss: 0.3978

Test set: Average loss: 25.7070, Accuracy: (90%)

Train Epoch: 30 [0/60000 (0%)]	Loss: 0.500000 0.875
Train Epoch: 30 [2560/60000 (4%)]	Loss: 0.500000 0.875
Train Epoch: 30 [5120/60000 (9%)]	Loss: 0.500000 0.875
Train Epoch: 30 [7680/60000 (13%)]	Loss: 1.000000 0.75
Train Epoch: 30 [10240/60000 (17%)]	Loss: 0.562500 0.859375
Train Epoch: 30 [12800/60000 (21%)]	Loss: 0.687500 0.828125
Train Epoch: 30 [15360/60000 (26%)]	Loss: 0.625000 0.84375
Train Epoch: 30 [17920/60000 (30%)]	Loss: 0.375000 0.90625
Train Epoch: 30 [20480/60000 (34%)]	Loss: 0.437500 0.890625
Train Epoch: 30 [23040/60000 (38%)]	Loss: 0.625000 0.84375
Train Epoch: 30 [25600/60000 (43%)]	Loss: 0.312500 0.921875
Train Epoch: 30 [28160/60000 (47%)]	Loss: 0.375000 0.90625
Train Epoch: 30 [30720/60000 (51%)]	Loss: 0.375000 0.90625
Train Epoch: 30 [33280/60000 (55%)]	Loss: 0.125000 0.96875
Train Epoch: 30 [35840/60000 (60%)]	Loss: 0.625000 0.84375
Train Epoch: 30 [38400/60000 (64%)]	Loss: 0.562500 0.859375
Train Epoch: 30 [40960/60000 (68%)]	Loss: 0.375000 0.90625
Train Epoch: 30 [43520/60000 (72%)]	Loss: 0.375000 0.90625
Train Epoch: 30 [46080/60000 (77%)]	Loss: 0.687500 0.828125
Train Epoch: 30 [48640/60000 (81%)]	Loss: 0.500000 0.875
Train Epoch: 30 [51200/60000 (85%)]	Loss: 0.312500 0.921875
Train Epoch: 30 [53760/60000 (90%)]	Loss: 0.250000 0.9375
Train Epoch: 30 [56320/60000 (94%)]	Loss: 0.250000 0.9375
Train Epoch: 30 [58880/60000 (98%)]	Loss: 0.437500 0.890625
====> Epoch: 30 Average loss: 0.3970

Test set: Average loss: 25.7580, Accuracy: (90%)

Train Epoch: 31 [0/60000 (0%)]	Loss: 0.375000 0.90625
Train Epoch: 31 [2560/60000 (4%)]	Loss: 0.562500 0.859375
Train Epoch: 31 [5120/60000 (9%)]	Loss: 0.312500 0.921875
Train Epoch: 31 [7680/60000 (13%)]	Loss: 0.375000 0.90625
Train Epoch: 31 [10240/60000 (17%)]	Loss: 0.625000 0.84375
Train Epoch: 31 [12800/60000 (21%)]	Loss: 0.312500 0.921875
Train Epoch: 31 [15360/60000 (26%)]	Loss: 0.437500 0.890625
Train Epoch: 31 [17920/60000 (30%)]	Loss: 0.312500 0.921875
Train Epoch: 31 [20480/60000 (34%)]	Loss: 0.437500 0.890625
Train Epoch: 31 [23040/60000 (38%)]	Loss: 0.375000 0.90625
Train Epoch: 31 [25600/60000 (43%)]	Loss: 0.250000 0.9375
Train Epoch: 31 [28160/60000 (47%)]	Loss: 0.437500 0.890625
Train Epoch: 31 [30720/60000 (51%)]	Loss: 0.250000 0.9375
Train Epoch: 31 [33280/60000 (55%)]	Loss: 0.437500 0.890625
Train Epoch: 31 [35840/60000 (60%)]	Loss: 0.500000 0.875
Train Epoch: 31 [38400/60000 (64%)]	Loss: 0.187500 0.953125
Train Epoch: 31 [40960/60000 (68%)]	Loss: 0.500000 0.875
Train Epoch: 31 [43520/60000 (72%)]	Loss: 0.312500 0.921875
Train Epoch: 31 [46080/60000 (77%)]	Loss: 0.312500 0.921875
Train Epoch: 31 [48640/60000 (81%)]	Loss: 0.625000 0.84375
Train Epoch: 31 [51200/60000 (85%)]	Loss: 0.500000 0.875
Train Epoch: 31 [53760/60000 (90%)]	Loss: 0.437500 0.890625
Train Epoch: 31 [56320/60000 (94%)]	Loss: 0.437500 0.890625
Train Epoch: 31 [58880/60000 (98%)]	Loss: 0.375000 0.90625
====> Epoch: 31 Average loss: 0.3966

Test set: Average loss: 25.7070, Accuracy: (90%)

Train Epoch: 32 [0/60000 (0%)]	Loss: 0.562500 0.859375
Train Epoch: 32 [2560/60000 (4%)]	Loss: 0.375000 0.90625
Train Epoch: 32 [5120/60000 (9%)]	Loss: 0.312500 0.921875
Train Epoch: 32 [7680/60000 (13%)]	Loss: 0.250000 0.9375
Train Epoch: 32 [10240/60000 (17%)]	Loss: 0.437500 0.890625
Train Epoch: 32 [12800/60000 (21%)]	Loss: 0.187500 0.953125
Train Epoch: 32 [15360/60000 (26%)]	Loss: 0.562500 0.859375
Train Epoch: 32 [17920/60000 (30%)]	Loss: 0.125000 0.96875
Train Epoch: 32 [20480/60000 (34%)]	Loss: 0.562500 0.859375
Train Epoch: 32 [23040/60000 (38%)]	Loss: 0.250000 0.9375
Train Epoch: 32 [25600/60000 (43%)]	Loss: 0.437500 0.890625
Train Epoch: 32 [28160/60000 (47%)]	Loss: 0.437500 0.890625
Train Epoch: 32 [30720/60000 (51%)]	Loss: 0.375000 0.90625
Train Epoch: 32 [33280/60000 (55%)]	Loss: 0.375000 0.90625
Train Epoch: 32 [35840/60000 (60%)]	Loss: 0.437500 0.890625
Train Epoch: 32 [38400/60000 (64%)]	Loss: 0.312500 0.921875
Train Epoch: 32 [40960/60000 (68%)]	Loss: 0.250000 0.9375
Train Epoch: 32 [43520/60000 (72%)]	Loss: 0.187500 0.953125
Train Epoch: 32 [46080/60000 (77%)]	Loss: 0.375000 0.90625
Train Epoch: 32 [48640/60000 (81%)]	Loss: 0.562500 0.859375
Train Epoch: 32 [51200/60000 (85%)]	Loss: 0.687500 0.828125
Train Epoch: 32 [53760/60000 (90%)]	Loss: 0.375000 0.90625
Train Epoch: 32 [56320/60000 (94%)]	Loss: 0.437500 0.890625
Train Epoch: 32 [58880/60000 (98%)]	Loss: 0.437500 0.890625
====> Epoch: 32 Average loss: 0.3969

Test set: Average loss: 25.7070, Accuracy: (90%)

Train Epoch: 33 [0/60000 (0%)]	Loss: 0.375000 0.90625
Train Epoch: 33 [2560/60000 (4%)]	Loss: 0.312500 0.921875
Train Epoch: 33 [5120/60000 (9%)]	Loss: 0.375000 0.90625
Train Epoch: 33 [7680/60000 (13%)]	Loss: 0.375000 0.90625
Train Epoch: 33 [10240/60000 (17%)]	Loss: 0.437500 0.890625
Train Epoch: 33 [12800/60000 (21%)]	Loss: 0.437500 0.890625
Train Epoch: 33 [15360/60000 (26%)]	Loss: 0.312500 0.921875
Train Epoch: 33 [17920/60000 (30%)]	Loss: 0.687500 0.828125
Train Epoch: 33 [20480/60000 (34%)]	Loss: 0.375000 0.90625
Train Epoch: 33 [23040/60000 (38%)]	Loss: 0.812500 0.796875
Train Epoch: 33 [25600/60000 (43%)]	Loss: 0.187500 0.953125
Train Epoch: 33 [28160/60000 (47%)]	Loss: 0.312500 0.921875
Train Epoch: 33 [30720/60000 (51%)]	Loss: 0.437500 0.890625
Train Epoch: 33 [33280/60000 (55%)]	Loss: 0.312500 0.921875
Train Epoch: 33 [35840/60000 (60%)]	Loss: 0.437500 0.890625
Train Epoch: 33 [38400/60000 (64%)]	Loss: 0.375000 0.90625
Train Epoch: 33 [40960/60000 (68%)]	Loss: 0.187500 0.953125
Train Epoch: 33 [43520/60000 (72%)]	Loss: 0.437500 0.890625
Train Epoch: 33 [46080/60000 (77%)]	Loss: 0.500000 0.875
Train Epoch: 33 [48640/60000 (81%)]	Loss: 0.562500 0.859375
Train Epoch: 33 [51200/60000 (85%)]	Loss: 0.500000 0.875
Train Epoch: 33 [53760/60000 (90%)]	Loss: 0.500000 0.875
Train Epoch: 33 [56320/60000 (94%)]	Loss: 0.375000 0.90625
Train Epoch: 33 [58880/60000 (98%)]	Loss: 0.500000 0.875
====> Epoch: 33 Average loss: 0.3971

Test set: Average loss: 25.7070, Accuracy: (90%)

Train Epoch: 34 [0/60000 (0%)]	Loss: 0.500000 0.875
Train Epoch: 34 [2560/60000 (4%)]	Loss: 0.312500 0.921875
Train Epoch: 34 [5120/60000 (9%)]	Loss: 0.312500 0.921875
Train Epoch: 34 [7680/60000 (13%)]	Loss: 0.625000 0.84375
Train Epoch: 34 [10240/60000 (17%)]	Loss: 0.312500 0.921875
Train Epoch: 34 [12800/60000 (21%)]	Loss: 0.500000 0.875
Train Epoch: 34 [15360/60000 (26%)]	Loss: 0.250000 0.9375
Train Epoch: 34 [17920/60000 (30%)]	Loss: 0.687500 0.828125
Train Epoch: 34 [20480/60000 (34%)]	Loss: 0.437500 0.890625
Train Epoch: 34 [23040/60000 (38%)]	Loss: 0.437500 0.890625
Train Epoch: 34 [25600/60000 (43%)]	Loss: 0.312500 0.921875
Train Epoch: 34 [28160/60000 (47%)]	Loss: 0.187500 0.953125
Train Epoch: 34 [30720/60000 (51%)]	Loss: 0.375000 0.90625
Train Epoch: 34 [33280/60000 (55%)]	Loss: 0.437500 0.890625
Train Epoch: 34 [35840/60000 (60%)]	Loss: 0.312500 0.921875
Train Epoch: 34 [38400/60000 (64%)]	Loss: 0.500000 0.875
Train Epoch: 34 [40960/60000 (68%)]	Loss: 0.687500 0.828125
Train Epoch: 34 [43520/60000 (72%)]	Loss: 0.437500 0.890625
Train Epoch: 34 [46080/60000 (77%)]	Loss: 0.437500 0.890625
Train Epoch: 34 [48640/60000 (81%)]	Loss: 0.562500 0.859375
Train Epoch: 34 [51200/60000 (85%)]	Loss: 0.437500 0.890625
Train Epoch: 34 [53760/60000 (90%)]	Loss: 0.250000 0.9375
Train Epoch: 34 [56320/60000 (94%)]	Loss: 0.062500 0.984375
Train Epoch: 34 [58880/60000 (98%)]	Loss: 0.562500 0.859375
====> Epoch: 34 Average loss: 0.3973

Test set: Average loss: 25.7070, Accuracy: (90%)

Train Epoch: 35 [0/60000 (0%)]	Loss: 0.312500 0.921875
Train Epoch: 35 [2560/60000 (4%)]	Loss: 0.375000 0.90625
Train Epoch: 35 [5120/60000 (9%)]	Loss: 0.187500 0.953125
Train Epoch: 35 [7680/60000 (13%)]	Loss: 0.500000 0.875
Train Epoch: 35 [10240/60000 (17%)]	Loss: 0.250000 0.9375
Train Epoch: 35 [12800/60000 (21%)]	Loss: 0.312500 0.921875
Train Epoch: 35 [15360/60000 (26%)]	Loss: 0.312500 0.921875
Train Epoch: 35 [17920/60000 (30%)]	Loss: 0.437500 0.890625
Train Epoch: 35 [20480/60000 (34%)]	Loss: 0.312500 0.921875
Train Epoch: 35 [23040/60000 (38%)]	Loss: 0.625000 0.84375
Train Epoch: 35 [25600/60000 (43%)]	Loss: 0.187500 0.953125
Train Epoch: 35 [28160/60000 (47%)]	Loss: 0.437500 0.890625
Train Epoch: 35 [30720/60000 (51%)]	Loss: 0.625000 0.84375
Train Epoch: 35 [33280/60000 (55%)]	Loss: 0.312500 0.921875
Train Epoch: 35 [35840/60000 (60%)]	Loss: 0.500000 0.875
Train Epoch: 35 [38400/60000 (64%)]	Loss: 0.562500 0.859375
Train Epoch: 35 [40960/60000 (68%)]	Loss: 0.125000 0.96875
Train Epoch: 35 [43520/60000 (72%)]	Loss: 0.187500 0.953125
Train Epoch: 35 [46080/60000 (77%)]	Loss: 0.312500 0.921875
Train Epoch: 35 [48640/60000 (81%)]	Loss: 0.375000 0.90625
Train Epoch: 35 [51200/60000 (85%)]	Loss: 0.562500 0.859375
Train Epoch: 35 [53760/60000 (90%)]	Loss: 0.312500 0.921875
Train Epoch: 35 [56320/60000 (94%)]	Loss: 0.250000 0.9375
Train Epoch: 35 [58880/60000 (98%)]	Loss: 0.187500 0.953125
====> Epoch: 35 Average loss: 0.3966

Test set: Average loss: 25.7070, Accuracy: (90%)

Train Epoch: 36 [0/60000 (0%)]	Loss: 0.500000 0.875
Train Epoch: 36 [2560/60000 (4%)]	Loss: 0.562500 0.859375
Train Epoch: 36 [5120/60000 (9%)]	Loss: 0.375000 0.90625
Train Epoch: 36 [7680/60000 (13%)]	Loss: 0.500000 0.875
Train Epoch: 36 [10240/60000 (17%)]	Loss: 0.250000 0.9375
Train Epoch: 36 [12800/60000 (21%)]	Loss: 0.312500 0.921875
Train Epoch: 36 [15360/60000 (26%)]	Loss: 0.187500 0.953125
Train Epoch: 36 [17920/60000 (30%)]	Loss: 0.375000 0.90625
Train Epoch: 36 [20480/60000 (34%)]	Loss: 0.250000 0.9375
Train Epoch: 36 [23040/60000 (38%)]	Loss: 0.500000 0.875
Train Epoch: 36 [25600/60000 (43%)]	Loss: 0.312500 0.921875
Train Epoch: 36 [28160/60000 (47%)]	Loss: 0.437500 0.890625
Train Epoch: 36 [30720/60000 (51%)]	Loss: 0.562500 0.859375
Train Epoch: 36 [33280/60000 (55%)]	Loss: 0.187500 0.953125
Train Epoch: 36 [35840/60000 (60%)]	Loss: 0.500000 0.875
Train Epoch: 36 [38400/60000 (64%)]	Loss: 0.312500 0.921875
Train Epoch: 36 [40960/60000 (68%)]	Loss: 0.375000 0.90625
Train Epoch: 36 [43520/60000 (72%)]	Loss: 0.250000 0.9375
Train Epoch: 36 [46080/60000 (77%)]	Loss: 0.562500 0.859375
Train Epoch: 36 [48640/60000 (81%)]	Loss: 0.250000 0.9375
Train Epoch: 36 [51200/60000 (85%)]	Loss: 0.312500 0.921875
Train Epoch: 36 [53760/60000 (90%)]	Loss: 0.312500 0.921875
Train Epoch: 36 [56320/60000 (94%)]	Loss: 0.562500 0.859375
Train Epoch: 36 [58880/60000 (98%)]	Loss: 0.562500 0.859375
====> Epoch: 36 Average loss: 0.3969

Test set: Average loss: 25.8089, Accuracy: (90%)

Train Epoch: 37 [0/60000 (0%)]	Loss: 0.500000 0.875
Train Epoch: 37 [2560/60000 (4%)]	Loss: 0.937500 0.765625
Train Epoch: 37 [5120/60000 (9%)]	Loss: 0.375000 0.90625
Train Epoch: 37 [7680/60000 (13%)]	Loss: 0.312500 0.921875
Train Epoch: 37 [10240/60000 (17%)]	Loss: 0.437500 0.890625
Train Epoch: 37 [12800/60000 (21%)]	Loss: 0.562500 0.859375
Train Epoch: 37 [15360/60000 (26%)]	Loss: 0.250000 0.9375
Train Epoch: 37 [17920/60000 (30%)]	Loss: 0.250000 0.9375
Train Epoch: 37 [20480/60000 (34%)]	Loss: 0.500000 0.875
Train Epoch: 37 [23040/60000 (38%)]	Loss: 0.375000 0.90625
Train Epoch: 37 [25600/60000 (43%)]	Loss: 0.437500 0.890625
Train Epoch: 37 [28160/60000 (47%)]	Loss: 0.375000 0.90625
Train Epoch: 37 [30720/60000 (51%)]	Loss: 0.250000 0.9375
Train Epoch: 37 [33280/60000 (55%)]	Loss: 0.312500 0.921875
Train Epoch: 37 [35840/60000 (60%)]	Loss: 0.250000 0.9375
Train Epoch: 37 [38400/60000 (64%)]	Loss: 0.625000 0.84375
Train Epoch: 37 [40960/60000 (68%)]	Loss: 0.437500 0.890625
Train Epoch: 37 [43520/60000 (72%)]	Loss: 0.562500 0.859375
Train Epoch: 37 [46080/60000 (77%)]	Loss: 0.187500 0.953125
Train Epoch: 37 [48640/60000 (81%)]	Loss: 0.312500 0.921875
Train Epoch: 37 [51200/60000 (85%)]	Loss: 0.375000 0.90625
Train Epoch: 37 [53760/60000 (90%)]	Loss: 0.187500 0.953125
Train Epoch: 37 [56320/60000 (94%)]	Loss: 0.437500 0.890625
Train Epoch: 37 [58880/60000 (98%)]	Loss: 0.250000 0.9375
====> Epoch: 37 Average loss: 0.3972

Test set: Average loss: 25.7070, Accuracy: (90%)

Train Epoch: 38 [0/60000 (0%)]	Loss: 0.375000 0.90625
Train Epoch: 38 [2560/60000 (4%)]	Loss: 0.500000 0.875
Train Epoch: 38 [5120/60000 (9%)]	Loss: 0.562500 0.859375
Train Epoch: 38 [7680/60000 (13%)]	Loss: 0.625000 0.84375
Train Epoch: 38 [10240/60000 (17%)]	Loss: 0.500000 0.875
Train Epoch: 38 [12800/60000 (21%)]	Loss: 0.375000 0.90625
Train Epoch: 38 [15360/60000 (26%)]	Loss: 0.500000 0.875
Train Epoch: 38 [17920/60000 (30%)]	Loss: 0.562500 0.859375
Train Epoch: 38 [20480/60000 (34%)]	Loss: 0.250000 0.9375
Train Epoch: 38 [23040/60000 (38%)]	Loss: 0.437500 0.890625
Train Epoch: 38 [25600/60000 (43%)]	Loss: 0.250000 0.9375
Train Epoch: 38 [28160/60000 (47%)]	Loss: 0.625000 0.84375
Train Epoch: 38 [30720/60000 (51%)]	Loss: 0.375000 0.90625
Train Epoch: 38 [33280/60000 (55%)]	Loss: 0.500000 0.875
Train Epoch: 38 [35840/60000 (60%)]	Loss: 0.312500 0.921875
Train Epoch: 38 [38400/60000 (64%)]	Loss: 0.375000 0.90625
Train Epoch: 38 [40960/60000 (68%)]	Loss: 0.625000 0.84375
Train Epoch: 38 [43520/60000 (72%)]	Loss: 0.500000 0.875
Train Epoch: 38 [46080/60000 (77%)]	Loss: 0.312500 0.921875
Train Epoch: 38 [48640/60000 (81%)]	Loss: 0.437500 0.890625
Train Epoch: 38 [51200/60000 (85%)]	Loss: 0.562500 0.859375
Train Epoch: 38 [53760/60000 (90%)]	Loss: 0.437500 0.890625
Train Epoch: 38 [56320/60000 (94%)]	Loss: 0.437500 0.890625
Train Epoch: 38 [58880/60000 (98%)]	Loss: 0.437500 0.890625
====> Epoch: 38 Average loss: 0.3969

Test set: Average loss: 25.9618, Accuracy: (90%)

Train Epoch: 39 [0/60000 (0%)]	Loss: 0.375000 0.90625
Train Epoch: 39 [2560/60000 (4%)]	Loss: 0.250000 0.9375
Train Epoch: 39 [5120/60000 (9%)]	Loss: 0.500000 0.875
Train Epoch: 39 [7680/60000 (13%)]	Loss: 0.437500 0.890625
Train Epoch: 39 [10240/60000 (17%)]	Loss: 0.250000 0.9375
Train Epoch: 39 [12800/60000 (21%)]	Loss: 0.125000 0.96875
Train Epoch: 39 [15360/60000 (26%)]	Loss: 0.187500 0.953125
Train Epoch: 39 [17920/60000 (30%)]	Loss: 0.312500 0.921875
Train Epoch: 39 [20480/60000 (34%)]	Loss: 0.437500 0.890625
Train Epoch: 39 [23040/60000 (38%)]	Loss: 0.312500 0.921875
Train Epoch: 39 [25600/60000 (43%)]	Loss: 0.250000 0.9375
Train Epoch: 39 [28160/60000 (47%)]	Loss: 0.312500 0.921875
Train Epoch: 39 [30720/60000 (51%)]	Loss: 0.250000 0.9375
Train Epoch: 39 [33280/60000 (55%)]	Loss: 0.687500 0.828125
Train Epoch: 39 [35840/60000 (60%)]	Loss: 0.437500 0.890625
Train Epoch: 39 [38400/60000 (64%)]	Loss: 0.375000 0.90625
Train Epoch: 39 [40960/60000 (68%)]	Loss: 0.250000 0.9375
Train Epoch: 39 [43520/60000 (72%)]	Loss: 0.687500 0.828125
Train Epoch: 39 [46080/60000 (77%)]	Loss: 0.250000 0.9375
Train Epoch: 39 [48640/60000 (81%)]	Loss: 0.375000 0.90625
Train Epoch: 39 [51200/60000 (85%)]	Loss: 0.437500 0.890625
Train Epoch: 39 [53760/60000 (90%)]	Loss: 0.437500 0.890625
Train Epoch: 39 [56320/60000 (94%)]	Loss: 0.187500 0.953125
Train Epoch: 39 [58880/60000 (98%)]	Loss: 0.437500 0.890625
====> Epoch: 39 Average loss: 0.3966

Test set: Average loss: 25.7070, Accuracy: (90%)

Train Epoch: 40 [0/60000 (0%)]	Loss: 0.250000 0.9375
Train Epoch: 40 [2560/60000 (4%)]	Loss: 0.375000 0.90625
Train Epoch: 40 [5120/60000 (9%)]	Loss: 0.500000 0.875
Train Epoch: 40 [7680/60000 (13%)]	Loss: 0.375000 0.90625
Train Epoch: 40 [10240/60000 (17%)]	Loss: 0.375000 0.90625
Train Epoch: 40 [12800/60000 (21%)]	Loss: 0.375000 0.90625
Train Epoch: 40 [15360/60000 (26%)]	Loss: 0.312500 0.921875
Train Epoch: 40 [17920/60000 (30%)]	Loss: 0.187500 0.953125
Train Epoch: 40 [20480/60000 (34%)]	Loss: 0.187500 0.953125
Train Epoch: 40 [23040/60000 (38%)]	Loss: 0.437500 0.890625
Train Epoch: 40 [25600/60000 (43%)]	Loss: 0.437500 0.890625
Train Epoch: 40 [28160/60000 (47%)]	Loss: 0.625000 0.84375
Train Epoch: 40 [30720/60000 (51%)]	Loss: 0.437500 0.890625
Train Epoch: 40 [33280/60000 (55%)]	Loss: 0.187500 0.953125
Train Epoch: 40 [35840/60000 (60%)]	Loss: 0.437500 0.890625
Train Epoch: 40 [38400/60000 (64%)]	Loss: 0.437500 0.890625
Train Epoch: 40 [40960/60000 (68%)]	Loss: 0.500000 0.875
Train Epoch: 40 [43520/60000 (72%)]	Loss: 0.250000 0.9375
Train Epoch: 40 [46080/60000 (77%)]	Loss: 0.500000 0.875
Train Epoch: 40 [48640/60000 (81%)]	Loss: 0.562500 0.859375
Train Epoch: 40 [51200/60000 (85%)]	Loss: 0.250000 0.9375
Train Epoch: 40 [53760/60000 (90%)]	Loss: 0.312500 0.921875
Train Epoch: 40 [56320/60000 (94%)]	Loss: 0.187500 0.953125
Train Epoch: 40 [58880/60000 (98%)]	Loss: 0.562500 0.859375
====> Epoch: 40 Average loss: 0.3971

Test set: Average loss: 25.7070, Accuracy: (90%)

Train Epoch: 41 [0/60000 (0%)]	Loss: 0.500000 0.875
Train Epoch: 41 [2560/60000 (4%)]	Loss: 0.437500 0.890625
Train Epoch: 41 [5120/60000 (9%)]	Loss: 0.437500 0.890625
Train Epoch: 41 [7680/60000 (13%)]	Loss: 0.437500 0.890625
Train Epoch: 41 [10240/60000 (17%)]	Loss: 0.375000 0.90625
Train Epoch: 41 [12800/60000 (21%)]	Loss: 0.437500 0.890625
Train Epoch: 41 [15360/60000 (26%)]	Loss: 0.437500 0.890625
Train Epoch: 41 [17920/60000 (30%)]	Loss: 0.250000 0.9375
Train Epoch: 41 [20480/60000 (34%)]	Loss: 0.625000 0.84375
Train Epoch: 41 [23040/60000 (38%)]	Loss: 0.562500 0.859375
Train Epoch: 41 [25600/60000 (43%)]	Loss: 0.437500 0.890625
Train Epoch: 41 [28160/60000 (47%)]	Loss: 0.500000 0.875
Train Epoch: 41 [30720/60000 (51%)]	Loss: 0.500000 0.875
Train Epoch: 41 [33280/60000 (55%)]	Loss: 0.500000 0.875
Train Epoch: 41 [35840/60000 (60%)]	Loss: 0.375000 0.90625
Train Epoch: 41 [38400/60000 (64%)]	Loss: 0.375000 0.90625
Train Epoch: 41 [40960/60000 (68%)]	Loss: 0.437500 0.890625
Train Epoch: 41 [43520/60000 (72%)]	Loss: 0.875000 0.78125
Train Epoch: 41 [46080/60000 (77%)]	Loss: 0.062500 0.984375
Train Epoch: 41 [48640/60000 (81%)]	Loss: 0.500000 0.875
Train Epoch: 41 [51200/60000 (85%)]	Loss: 0.562500 0.859375
Train Epoch: 41 [53760/60000 (90%)]	Loss: 0.562500 0.859375
Train Epoch: 41 [56320/60000 (94%)]	Loss: 0.437500 0.890625
Train Epoch: 41 [58880/60000 (98%)]	Loss: 0.312500 0.921875
====> Epoch: 41 Average loss: 0.3971

Test set: Average loss: 25.7070, Accuracy: (90%)

Train Epoch: 42 [0/60000 (0%)]	Loss: 0.625000 0.84375
Train Epoch: 42 [2560/60000 (4%)]	Loss: 0.562500 0.859375
Train Epoch: 42 [5120/60000 (9%)]	Loss: 0.437500 0.890625
Train Epoch: 42 [7680/60000 (13%)]	Loss: 0.375000 0.90625
Train Epoch: 42 [10240/60000 (17%)]	Loss: 0.187500 0.953125
Train Epoch: 42 [12800/60000 (21%)]	Loss: 0.375000 0.90625
Train Epoch: 42 [15360/60000 (26%)]	Loss: 0.437500 0.890625
Train Epoch: 42 [17920/60000 (30%)]	Loss: 0.375000 0.90625
Train Epoch: 42 [20480/60000 (34%)]	Loss: 0.687500 0.828125
Train Epoch: 42 [23040/60000 (38%)]	Loss: 0.437500 0.890625
Train Epoch: 42 [25600/60000 (43%)]	Loss: 0.125000 0.96875
Train Epoch: 42 [28160/60000 (47%)]	Loss: 0.250000 0.9375
Train Epoch: 42 [30720/60000 (51%)]	Loss: 0.375000 0.90625
Train Epoch: 42 [33280/60000 (55%)]	Loss: 0.437500 0.890625
Train Epoch: 42 [35840/60000 (60%)]	Loss: 0.625000 0.84375
Train Epoch: 42 [38400/60000 (64%)]	Loss: 0.312500 0.921875
Train Epoch: 42 [40960/60000 (68%)]	Loss: 0.500000 0.875
Train Epoch: 42 [43520/60000 (72%)]	Loss: 0.250000 0.9375
Train Epoch: 42 [46080/60000 (77%)]	Loss: 0.187500 0.953125
Train Epoch: 42 [48640/60000 (81%)]	Loss: 0.437500 0.890625
Train Epoch: 42 [51200/60000 (85%)]	Loss: 0.500000 0.875
Train Epoch: 42 [53760/60000 (90%)]	Loss: 0.312500 0.921875
Train Epoch: 42 [56320/60000 (94%)]	Loss: 0.500000 0.875
Train Epoch: 42 [58880/60000 (98%)]	Loss: 0.500000 0.875
====> Epoch: 42 Average loss: 0.3969

Test set: Average loss: 25.7070, Accuracy: (90%)

Train Epoch: 43 [0/60000 (0%)]	Loss: 0.312500 0.921875
Train Epoch: 43 [2560/60000 (4%)]	Loss: 0.375000 0.90625
Train Epoch: 43 [5120/60000 (9%)]	Loss: 0.250000 0.9375
Train Epoch: 43 [7680/60000 (13%)]	Loss: 0.437500 0.890625
Train Epoch: 43 [10240/60000 (17%)]	Loss: 0.500000 0.875
Train Epoch: 43 [12800/60000 (21%)]	Loss: 0.375000 0.90625
Train Epoch: 43 [15360/60000 (26%)]	Loss: 0.375000 0.90625
Train Epoch: 43 [17920/60000 (30%)]	Loss: 0.562500 0.859375
Train Epoch: 43 [20480/60000 (34%)]	Loss: 0.375000 0.90625
Train Epoch: 43 [23040/60000 (38%)]	Loss: 0.312500 0.921875
Train Epoch: 43 [25600/60000 (43%)]	Loss: 0.437500 0.890625
Train Epoch: 43 [28160/60000 (47%)]	Loss: 0.500000 0.875
Train Epoch: 43 [30720/60000 (51%)]	Loss: 0.187500 0.953125
Train Epoch: 43 [33280/60000 (55%)]	Loss: 0.187500 0.953125
Train Epoch: 43 [35840/60000 (60%)]	Loss: 0.562500 0.859375
Train Epoch: 43 [38400/60000 (64%)]	Loss: 0.375000 0.90625
Train Epoch: 43 [40960/60000 (68%)]	Loss: 0.187500 0.953125
Train Epoch: 43 [43520/60000 (72%)]	Loss: 0.500000 0.875
Train Epoch: 43 [46080/60000 (77%)]	Loss: 0.187500 0.953125
Train Epoch: 43 [48640/60000 (81%)]	Loss: 0.250000 0.9375
Train Epoch: 43 [51200/60000 (85%)]	Loss: 0.562500 0.859375
Train Epoch: 43 [53760/60000 (90%)]	Loss: 0.312500 0.921875
Train Epoch: 43 [56320/60000 (94%)]	Loss: 0.312500 0.921875
Train Epoch: 43 [58880/60000 (98%)]	Loss: 0.437500 0.890625
====> Epoch: 43 Average loss: 0.3966

Test set: Average loss: 25.7070, Accuracy: (90%)

Train Epoch: 44 [0/60000 (0%)]	Loss: 0.687500 0.828125
Train Epoch: 44 [2560/60000 (4%)]	Loss: 0.250000 0.9375
Train Epoch: 44 [5120/60000 (9%)]	Loss: 0.375000 0.90625
Train Epoch: 44 [7680/60000 (13%)]	Loss: 0.562500 0.859375
Train Epoch: 44 [10240/60000 (17%)]	Loss: 0.562500 0.859375
Train Epoch: 44 [12800/60000 (21%)]	Loss: 0.312500 0.921875
Train Epoch: 44 [15360/60000 (26%)]	Loss: 0.187500 0.953125
Train Epoch: 44 [17920/60000 (30%)]	Loss: 0.125000 0.96875
Train Epoch: 44 [20480/60000 (34%)]	Loss: 0.375000 0.90625
Train Epoch: 44 [23040/60000 (38%)]	Loss: 0.312500 0.921875
Train Epoch: 44 [25600/60000 (43%)]	Loss: 0.500000 0.875
Train Epoch: 44 [28160/60000 (47%)]	Loss: 0.375000 0.90625
Train Epoch: 44 [30720/60000 (51%)]	Loss: 0.375000 0.90625
Train Epoch: 44 [33280/60000 (55%)]	Loss: 0.187500 0.953125
Train Epoch: 44 [35840/60000 (60%)]	Loss: 0.687500 0.828125
Train Epoch: 44 [38400/60000 (64%)]	Loss: 0.500000 0.875
Train Epoch: 44 [40960/60000 (68%)]	Loss: 0.125000 0.96875
Train Epoch: 44 [43520/60000 (72%)]	Loss: 0.187500 0.953125
Train Epoch: 44 [46080/60000 (77%)]	Loss: 0.437500 0.890625
Train Epoch: 44 [48640/60000 (81%)]	Loss: 0.312500 0.921875
Train Epoch: 44 [51200/60000 (85%)]	Loss: 0.687500 0.828125
Train Epoch: 44 [53760/60000 (90%)]	Loss: 0.250000 0.9375
Train Epoch: 44 [56320/60000 (94%)]	Loss: 0.312500 0.921875
Train Epoch: 44 [58880/60000 (98%)]	Loss: 0.187500 0.953125
====> Epoch: 44 Average loss: 0.3973

Test set: Average loss: 25.7580, Accuracy: (90%)

Train Epoch: 45 [0/60000 (0%)]	Loss: 0.437500 0.890625
Train Epoch: 45 [2560/60000 (4%)]	Loss: 0.187500 0.953125
Train Epoch: 45 [5120/60000 (9%)]	Loss: 0.250000 0.9375
Train Epoch: 45 [7680/60000 (13%)]	Loss: 0.500000 0.875
Train Epoch: 45 [10240/60000 (17%)]	Loss: 0.562500 0.859375
Train Epoch: 45 [12800/60000 (21%)]	Loss: 0.437500 0.890625
Train Epoch: 45 [15360/60000 (26%)]	Loss: 0.625000 0.84375
Train Epoch: 45 [17920/60000 (30%)]	Loss: 0.500000 0.875
Train Epoch: 45 [20480/60000 (34%)]	Loss: 0.500000 0.875
Train Epoch: 45 [23040/60000 (38%)]	Loss: 0.562500 0.859375
Train Epoch: 45 [25600/60000 (43%)]	Loss: 0.437500 0.890625
Train Epoch: 45 [28160/60000 (47%)]	Loss: 0.312500 0.921875
Train Epoch: 45 [30720/60000 (51%)]	Loss: 0.437500 0.890625
Train Epoch: 45 [33280/60000 (55%)]	Loss: 0.437500 0.890625
Train Epoch: 45 [35840/60000 (60%)]	Loss: 0.187500 0.953125
Train Epoch: 45 [38400/60000 (64%)]	Loss: 0.250000 0.9375
Train Epoch: 45 [40960/60000 (68%)]	Loss: 0.375000 0.90625
Train Epoch: 45 [43520/60000 (72%)]	Loss: 0.500000 0.875
Train Epoch: 45 [46080/60000 (77%)]	Loss: 0.375000 0.90625
Train Epoch: 45 [48640/60000 (81%)]	Loss: 0.437500 0.890625
Train Epoch: 45 [51200/60000 (85%)]	Loss: 0.250000 0.9375
Train Epoch: 45 [53760/60000 (90%)]	Loss: 0.187500 0.953125
Train Epoch: 45 [56320/60000 (94%)]	Loss: 0.500000 0.875
Train Epoch: 45 [58880/60000 (98%)]	Loss: 0.437500 0.890625
====> Epoch: 45 Average loss: 0.3969

Test set: Average loss: 25.7070, Accuracy: (90%)

Train Epoch: 46 [0/60000 (0%)]	Loss: 0.437500 0.890625
Train Epoch: 46 [2560/60000 (4%)]	Loss: 0.750000 0.8125
Train Epoch: 46 [5120/60000 (9%)]	Loss: 0.625000 0.84375
Train Epoch: 46 [7680/60000 (13%)]	Loss: 0.187500 0.953125
Train Epoch: 46 [10240/60000 (17%)]	Loss: 0.250000 0.9375
Train Epoch: 46 [12800/60000 (21%)]	Loss: 0.687500 0.828125
Train Epoch: 46 [15360/60000 (26%)]	Loss: 0.625000 0.84375
Train Epoch: 46 [17920/60000 (30%)]	Loss: 0.125000 0.96875
Train Epoch: 46 [20480/60000 (34%)]	Loss: 0.437500 0.890625
Train Epoch: 46 [23040/60000 (38%)]	Loss: 0.562500 0.859375
Train Epoch: 46 [25600/60000 (43%)]	Loss: 0.250000 0.9375
Train Epoch: 46 [28160/60000 (47%)]	Loss: 0.437500 0.890625
Train Epoch: 46 [30720/60000 (51%)]	Loss: 0.375000 0.90625
Train Epoch: 46 [33280/60000 (55%)]	Loss: 0.187500 0.953125
Train Epoch: 46 [35840/60000 (60%)]	Loss: 0.562500 0.859375
Train Epoch: 46 [38400/60000 (64%)]	Loss: 0.562500 0.859375
Train Epoch: 46 [40960/60000 (68%)]	Loss: 0.312500 0.921875
Train Epoch: 46 [43520/60000 (72%)]	Loss: 0.187500 0.953125
Train Epoch: 46 [46080/60000 (77%)]	Loss: 0.312500 0.921875
Train Epoch: 46 [48640/60000 (81%)]	Loss: 0.250000 0.9375
Train Epoch: 46 [51200/60000 (85%)]	Loss: 0.375000 0.90625
Train Epoch: 46 [53760/60000 (90%)]	Loss: 0.250000 0.9375
Train Epoch: 46 [56320/60000 (94%)]	Loss: 0.312500 0.921875
Train Epoch: 46 [58880/60000 (98%)]	Loss: 0.437500 0.890625
====> Epoch: 46 Average loss: 0.3966

Test set: Average loss: 25.7070, Accuracy: (90%)

Train Epoch: 47 [0/60000 (0%)]	Loss: 0.250000 0.9375
Train Epoch: 47 [2560/60000 (4%)]	Loss: 0.562500 0.859375
Train Epoch: 47 [5120/60000 (9%)]	Loss: 0.500000 0.875
Train Epoch: 47 [7680/60000 (13%)]	Loss: 0.687500 0.828125
Train Epoch: 47 [10240/60000 (17%)]	Loss: 0.250000 0.9375
Train Epoch: 47 [12800/60000 (21%)]	Loss: 0.375000 0.90625
Train Epoch: 47 [15360/60000 (26%)]	Loss: 0.625000 0.84375
Train Epoch: 47 [17920/60000 (30%)]	Loss: 0.312500 0.921875
Train Epoch: 47 [20480/60000 (34%)]	Loss: 0.625000 0.84375
Train Epoch: 47 [23040/60000 (38%)]	Loss: 0.312500 0.921875
Train Epoch: 47 [25600/60000 (43%)]	Loss: 0.187500 0.953125
Train Epoch: 47 [28160/60000 (47%)]	Loss: 0.562500 0.859375
Train Epoch: 47 [30720/60000 (51%)]	Loss: 0.375000 0.90625
Train Epoch: 47 [33280/60000 (55%)]	Loss: 0.375000 0.90625
Train Epoch: 47 [35840/60000 (60%)]	Loss: 0.125000 0.96875
Train Epoch: 47 [38400/60000 (64%)]	Loss: 0.375000 0.90625
Train Epoch: 47 [40960/60000 (68%)]	Loss: 0.437500 0.890625
Train Epoch: 47 [43520/60000 (72%)]	Loss: 0.312500 0.921875
Train Epoch: 47 [46080/60000 (77%)]	Loss: 0.312500 0.921875
Train Epoch: 47 [48640/60000 (81%)]	Loss: 0.375000 0.90625
Train Epoch: 47 [51200/60000 (85%)]	Loss: 0.250000 0.9375
Train Epoch: 47 [53760/60000 (90%)]	Loss: 0.375000 0.90625
Train Epoch: 47 [56320/60000 (94%)]	Loss: 0.312500 0.921875
Train Epoch: 47 [58880/60000 (98%)]	Loss: 0.375000 0.90625
====> Epoch: 47 Average loss: 0.3971

Test set: Average loss: 25.8089, Accuracy: (90%)

Train Epoch: 48 [0/60000 (0%)]	Loss: 0.375000 0.90625
Train Epoch: 48 [2560/60000 (4%)]	Loss: 0.437500 0.890625
Train Epoch: 48 [5120/60000 (9%)]	Loss: 0.250000 0.9375
Train Epoch: 48 [7680/60000 (13%)]	Loss: 0.375000 0.90625
Train Epoch: 48 [10240/60000 (17%)]	Loss: 0.250000 0.9375
Train Epoch: 48 [12800/60000 (21%)]	Loss: 0.250000 0.9375
Train Epoch: 48 [15360/60000 (26%)]	Loss: 0.250000 0.9375
Train Epoch: 48 [17920/60000 (30%)]	Loss: 0.437500 0.890625
Train Epoch: 48 [20480/60000 (34%)]	Loss: 0.375000 0.90625
Train Epoch: 48 [23040/60000 (38%)]	Loss: 0.437500 0.890625
Train Epoch: 48 [25600/60000 (43%)]	Loss: 0.250000 0.9375
Train Epoch: 48 [28160/60000 (47%)]	Loss: 0.375000 0.90625
Train Epoch: 48 [30720/60000 (51%)]	Loss: 0.437500 0.890625
Train Epoch: 48 [33280/60000 (55%)]	Loss: 0.375000 0.90625
Train Epoch: 48 [35840/60000 (60%)]	Loss: 0.500000 0.875
Train Epoch: 48 [38400/60000 (64%)]	Loss: 0.500000 0.875
Train Epoch: 48 [40960/60000 (68%)]	Loss: 0.437500 0.890625
Train Epoch: 48 [43520/60000 (72%)]	Loss: 0.625000 0.84375
Train Epoch: 48 [46080/60000 (77%)]	Loss: 0.500000 0.875
Train Epoch: 48 [48640/60000 (81%)]	Loss: 0.562500 0.859375
Train Epoch: 48 [51200/60000 (85%)]	Loss: 0.562500 0.859375
Train Epoch: 48 [53760/60000 (90%)]	Loss: 0.500000 0.875
Train Epoch: 48 [56320/60000 (94%)]	Loss: 0.437500 0.890625
Train Epoch: 48 [58880/60000 (98%)]	Loss: 0.312500 0.921875
====> Epoch: 48 Average loss: 0.3972

Test set: Average loss: 25.7580, Accuracy: (90%)

Train Epoch: 49 [0/60000 (0%)]	Loss: 0.500000 0.875
Train Epoch: 49 [2560/60000 (4%)]	Loss: 0.250000 0.9375
Train Epoch: 49 [5120/60000 (9%)]	Loss: 0.437500 0.890625
Train Epoch: 49 [7680/60000 (13%)]	Loss: 0.437500 0.890625
Train Epoch: 49 [10240/60000 (17%)]	Loss: 0.437500 0.890625
Train Epoch: 49 [12800/60000 (21%)]	Loss: 0.437500 0.890625
Train Epoch: 49 [15360/60000 (26%)]	Loss: 0.562500 0.859375
Train Epoch: 49 [17920/60000 (30%)]	Loss: 0.375000 0.90625
Train Epoch: 49 [20480/60000 (34%)]	Loss: 0.500000 0.875
Train Epoch: 49 [23040/60000 (38%)]	Loss: 0.312500 0.921875
Train Epoch: 49 [25600/60000 (43%)]	Loss: 0.375000 0.90625
Train Epoch: 49 [28160/60000 (47%)]	Loss: 0.625000 0.84375
Train Epoch: 49 [30720/60000 (51%)]	Loss: 0.312500 0.921875
Train Epoch: 49 [33280/60000 (55%)]	Loss: 0.375000 0.90625
Train Epoch: 49 [35840/60000 (60%)]	Loss: 0.562500 0.859375
Train Epoch: 49 [38400/60000 (64%)]	Loss: 0.562500 0.859375
Train Epoch: 49 [40960/60000 (68%)]	Loss: 0.437500 0.890625
Train Epoch: 49 [43520/60000 (72%)]	Loss: 0.562500 0.859375
Train Epoch: 49 [46080/60000 (77%)]	Loss: 0.500000 0.875
Train Epoch: 49 [48640/60000 (81%)]	Loss: 0.562500 0.859375
Train Epoch: 49 [51200/60000 (85%)]	Loss: 0.562500 0.859375
Train Epoch: 49 [53760/60000 (90%)]	Loss: 0.562500 0.859375
Train Epoch: 49 [56320/60000 (94%)]	Loss: 0.687500 0.828125
Train Epoch: 49 [58880/60000 (98%)]	Loss: 0.187500 0.953125
====> Epoch: 49 Average loss: 0.3971

Test set: Average loss: 25.7070, Accuracy: (90%)

